2024-7-13 16:01:49-log: Cannot access game frame or container.
2024-7-13 16:01:54-debug: asset-db:require-engine-code (5439ms)
2024-7-13 16:01:57-log: meshopt wasm decoder initialized
2024-7-13 16:01:57-log: [box2d]:box2d wasm lib loaded.
2024-7-13 16:01:57-log: [bullet]:bullet wasm lib loaded.
2024-7-13 16:01:58-log: Cocos Creator v3.8.3
2024-7-13 16:01:58-debug: [Assets Memory track]: asset-db:worker-init: initEngine start:25.88MB, end 77.47MB, increase: 51.59MB
2024-7-13 16:01:58-debug: [Assets Memory track]: asset-db-plugin-register: programming start:78.42MB, end 81.65MB, increase: 3.23MB
2024-7-13 16:01:59-debug: [Assets Memory track]: asset-db-plugin-register: builder start:81.67MB, end 172.87MB, increase: 91.20MB
2024-7-13 16:01:59-debug: [Assets Memory track]: asset-db-plugin-register: project start:78.25MB, end 168.93MB, increase: 90.68MB
2024-7-13 16:01:59-debug: [Assets Memory track]: asset-db:worker-init: initPlugin start:77.48MB, end 168.95MB, increase: 91.47MB
2024-7-13 16:01:59-debug: asset-db:worker-init: initPlugin (1350ms)
2024-7-13 16:01:59-debug: [Assets Memory track]: asset-db:worker-init start:25.88MB, end 169.01MB, increase: 143.13MB
2024-7-13 16:01:59-debug: Run asset db hook engine-extends:beforePreStart ...
2024-7-13 16:01:59-debug: Run asset db hook programming:beforePreStart ...
2024-7-13 16:01:59-debug: Run asset db hook programming:beforePreStart success!
2024-7-13 16:01:59-debug: Run asset db hook engine-extends:beforePreStart success!
2024-7-13 16:02:00-debug: asset-db:worker-init (11241ms)
2024-7-13 16:02:00-debug: asset-db-hook-programming-beforePreStart (864ms)
2024-7-13 16:02:00-debug: asset-db-hook-engine-extends-beforePreStart (864ms)
2024-7-13 16:02:00-debug: Preimport db internal success
2024-7-13 16:02:00-debug: Preimport db assets success
2024-7-13 16:02:00-debug: Run asset db hook programming:afterPreStart ...
2024-7-13 16:02:00-debug: starting packer-driver...
2024-7-13 16:02:01-debug: initialize scripting environment...
2024-7-13 16:02:01-debug: Set detail map pack:///resolution-detail-map.json: {}
2024-7-13 16:02:01-debug: Run asset db hook programming:afterPreStart success!
2024-7-13 16:02:01-debug: Run asset db hook engine-extends:afterPreStart success!
2024-7-13 16:02:01-debug: Run asset db hook engine-extends:afterPreStart ...
2024-7-13 16:02:01-debug: [Assets Memory track]: asset-db:worker-init: preStart start:169.02MB, end 173.10MB, increase: 4.08MB
2024-7-13 16:02:01-debug: Start up the 'internal' database...
2024-7-13 16:02:02-debug: asset-db-hook-programming-afterPreStart (1421ms)
2024-7-13 16:02:02-debug: asset-db:worker-effect-data-processing (687ms)
2024-7-13 16:02:02-debug: asset-db-hook-engine-extends-afterPreStart (687ms)
2024-7-13 16:02:02-debug: [Assets Memory track]: asset-db:worker-startup-database[internal] start:169.07MB, end 184.11MB, increase: 15.04MB
2024-7-13 16:02:02-debug: Start up the 'assets' database...
2024-7-13 16:02:02-debug: asset-db:worker-startup-database[internal] (3019ms)
2024-7-13 16:02:02-debug: [Assets Memory track]: asset-db:worker-startup-database[assets] start:173.99MB, end 183.47MB, increase: 9.48MB
2024-7-13 16:02:02-debug: lazy register asset handler *
2024-7-13 16:02:02-debug: [Assets Memory track]: asset-db:worker-init: startup start:173.11MB, end 183.48MB, increase: 10.37MB
2024-7-13 16:02:02-debug: lazy register asset handler text
2024-7-13 16:02:02-debug: lazy register asset handler directory
2024-7-13 16:02:02-debug: lazy register asset handler json
2024-7-13 16:02:02-debug: lazy register asset handler dragonbones
2024-7-13 16:02:02-debug: lazy register asset handler dragonbones-atlas
2024-7-13 16:02:02-debug: lazy register asset handler spine-data
2024-7-13 16:02:02-debug: lazy register asset handler terrain
2024-7-13 16:02:02-debug: lazy register asset handler javascript
2024-7-13 16:02:02-debug: lazy register asset handler typescript
2024-7-13 16:02:02-debug: lazy register asset handler sprite-frame
2024-7-13 16:02:02-debug: lazy register asset handler tiled-map
2024-7-13 16:02:02-debug: lazy register asset handler scene
2024-7-13 16:02:02-debug: lazy register asset handler buffer
2024-7-13 16:02:02-debug: lazy register asset handler prefab
2024-7-13 16:02:02-debug: lazy register asset handler image
2024-7-13 16:02:02-debug: lazy register asset handler sign-image
2024-7-13 16:02:02-debug: lazy register asset handler alpha-image
2024-7-13 16:02:02-debug: lazy register asset handler texture-cube
2024-7-13 16:02:02-debug: lazy register asset handler texture
2024-7-13 16:02:02-debug: lazy register asset handler erp-texture-cube
2024-7-13 16:02:02-debug: lazy register asset handler render-texture
2024-7-13 16:02:02-debug: lazy register asset handler texture-cube-face
2024-7-13 16:02:02-debug: lazy register asset handler gltf
2024-7-13 16:02:02-debug: lazy register asset handler rt-sprite-frame
2024-7-13 16:02:02-debug: lazy register asset handler gltf-skeleton
2024-7-13 16:02:02-debug: lazy register asset handler gltf-mesh
2024-7-13 16:02:02-debug: lazy register asset handler gltf-animation
2024-7-13 16:02:02-debug: lazy register asset handler gltf-material
2024-7-13 16:02:02-debug: lazy register asset handler gltf-scene
2024-7-13 16:02:02-debug: lazy register asset handler gltf-embeded-image
2024-7-13 16:02:02-debug: lazy register asset handler material
2024-7-13 16:02:02-debug: lazy register asset handler fbx
2024-7-13 16:02:02-debug: lazy register asset handler physics-material
2024-7-13 16:02:02-debug: lazy register asset handler effect
2024-7-13 16:02:02-debug: lazy register asset handler effect-header
2024-7-13 16:02:02-debug: lazy register asset handler animation-clip
2024-7-13 16:02:02-debug: lazy register asset handler audio-clip
2024-7-13 16:02:02-debug: lazy register asset handler animation-graph-variant
2024-7-13 16:02:02-debug: lazy register asset handler animation-graph
2024-7-13 16:02:02-debug: lazy register asset handler animation-mask
2024-7-13 16:02:02-debug: lazy register asset handler bitmap-font
2024-7-13 16:02:02-debug: lazy register asset handler ttf-font
2024-7-13 16:02:02-debug: lazy register asset handler sprite-atlas
2024-7-13 16:02:02-debug: lazy register asset handler auto-atlas
2024-7-13 16:02:02-debug: lazy register asset handler particle
2024-7-13 16:02:02-debug: lazy register asset handler label-atlas
2024-7-13 16:02:02-debug: lazy register asset handler render-pipeline
2024-7-13 16:02:02-debug: lazy register asset handler render-stage
2024-7-13 16:02:02-debug: lazy register asset handler render-flow
2024-7-13 16:02:02-debug: lazy register asset handler instantiation-mesh
2024-7-13 16:02:02-debug: lazy register asset handler instantiation-skeleton
2024-7-13 16:02:02-debug: lazy register asset handler instantiation-material
2024-7-13 16:02:02-debug: lazy register asset handler instantiation-animation
2024-7-13 16:02:02-debug: lazy register asset handler video-clip
2024-7-13 16:02:02-debug: asset-db:worker-startup-database[assets] (1847ms)
2024-7-13 16:02:02-debug: asset-db:start-database (3148ms)
2024-7-13 16:02:02-debug: asset-db:ready (16088ms)
2024-7-13 16:02:02-debug: init worker message success
2024-7-13 16:02:03-debug: [Build Memory track]: builder:worker-init start:187.48MB, end 195.89MB, increase: 8.41MB
2024-7-13 16:02:03-debug: programming:execute-script (5ms)
2024-7-13 16:02:03-debug: builder:worker-init (1139ms)
2024-7-13 16:17:57-debug: refresh db internal success
2024-7-13 16:17:57-debug: refresh db assets success
2024-7-13 16:17:57-debug: Run asset db hook engine-extends:afterRefresh ...
2024-7-13 16:17:57-debug: Run asset db hook engine-extends:afterRefresh success!
2024-7-13 16:17:57-debug: asset-db:refresh-all-database (325ms)
