2024-7-15 08:29:54-log: Cannot access game frame or container.
2024-7-15 08:30:00-debug: asset-db:require-engine-code (6429ms)
2024-7-15 08:30:04-log: meshopt wasm decoder initialized
2024-7-15 08:30:04-log: [bullet]:bullet wasm lib loaded.
2024-7-15 08:30:04-log: [box2d]:box2d wasm lib loaded.
2024-7-15 08:30:04-debug: [Assets Memory track]: asset-db:worker-init: initEngine start:26.03MB, end 77.79MB, increase: 51.76MB
2024-7-15 08:30:04-log: Cocos Creator v3.8.3
2024-7-15 08:30:05-debug: [Assets Memory track]: asset-db-plugin-register: programming start:76.93MB, end 82.06MB, increase: 5.14MB
2024-7-15 08:30:06-debug: [Assets Memory track]: asset-db-plugin-register: builder start:82.08MB, end 173.41MB, increase: 91.32MB
2024-7-15 08:30:06-debug: [Assets Memory track]: asset-db-plugin-register: project start:78.41MB, end 169.30MB, increase: 90.88MB
2024-7-15 08:30:06-debug: [Assets Memory track]: asset-db:worker-init: initPlugin start:77.80MB, end 169.32MB, increase: 91.52MB
2024-7-15 08:30:06-debug: asset-db:worker-init: initPlugin (1610ms)
2024-7-15 08:30:06-debug: [Assets Memory track]: asset-db:worker-init start:26.02MB, end 169.38MB, increase: 143.35MB
2024-7-15 08:30:06-debug: Run asset db hook programming:beforePreStart ...
2024-7-15 08:30:06-debug: Run asset db hook programming:beforePreStart success!
2024-7-15 08:30:06-debug: Run asset db hook engine-extends:beforePreStart success!
2024-7-15 08:30:06-debug: Run asset db hook engine-extends:beforePreStart ...
2024-7-15 08:30:07-debug: asset-db:worker-init (13715ms)
2024-7-15 08:30:07-debug: asset-db-hook-programming-beforePreStart (1265ms)
2024-7-15 08:30:07-debug: asset-db-hook-engine-extends-beforePreStart (1265ms)
2024-7-15 08:30:08-debug: Preimport db internal success
2024-7-15 08:30:08-debug: Preimport db assets success
2024-7-15 08:30:08-debug: Run asset db hook programming:afterPreStart ...
2024-7-15 08:30:08-debug: starting packer-driver...
2024-7-15 08:30:09-debug: initialize scripting environment...
2024-7-15 08:30:09-debug: Set detail map pack:///resolution-detail-map.json: {}
2024-7-15 08:30:09-debug: Run asset db hook engine-extends:afterPreStart ...
2024-7-15 08:30:09-debug: Run asset db hook programming:afterPreStart success!
2024-7-15 08:30:09-debug: Run asset db hook engine-extends:afterPreStart success!
2024-7-15 08:30:09-debug: [Assets Memory track]: asset-db:worker-init: preStart start:169.38MB, end 172.98MB, increase: 3.60MB
2024-7-15 08:30:09-debug: Start up the 'internal' database...
2024-7-15 08:30:10-debug: asset-db-hook-programming-afterPreStart (1858ms)
2024-7-15 08:30:10-debug: asset-db:worker-effect-data-processing (886ms)
2024-7-15 08:30:10-debug: asset-db-hook-engine-extends-afterPreStart (886ms)
2024-7-15 08:30:10-debug: [Assets Memory track]: asset-db:worker-startup-database[internal] start:169.44MB, end 184.43MB, increase: 14.99MB
2024-7-15 08:30:10-debug: Start up the 'assets' database...
2024-7-15 08:30:11-debug: asset-db:worker-startup-database[internal] (5038ms)
2024-7-15 08:30:11-debug: [Assets Memory track]: asset-db:worker-startup-database[assets] start:175.05MB, end 183.65MB, increase: 8.59MB
2024-7-15 08:30:11-debug: lazy register asset handler *
2024-7-15 08:30:11-debug: [Assets Memory track]: asset-db:worker-init: startup start:172.99MB, end 183.65MB, increase: 10.66MB
2024-7-15 08:30:11-debug: lazy register asset handler directory
2024-7-15 08:30:11-debug: lazy register asset handler text
2024-7-15 08:30:11-debug: lazy register asset handler json
2024-7-15 08:30:11-debug: lazy register asset handler dragonbones
2024-7-15 08:30:11-debug: lazy register asset handler spine-data
2024-7-15 08:30:11-debug: lazy register asset handler dragonbones-atlas
2024-7-15 08:30:11-debug: lazy register asset handler javascript
2024-7-15 08:30:11-debug: lazy register asset handler terrain
2024-7-15 08:30:11-debug: lazy register asset handler scene
2024-7-15 08:30:11-debug: lazy register asset handler prefab
2024-7-15 08:30:11-debug: lazy register asset handler tiled-map
2024-7-15 08:30:11-debug: lazy register asset handler typescript
2024-7-15 08:30:11-debug: lazy register asset handler sprite-frame
2024-7-15 08:30:11-debug: lazy register asset handler image
2024-7-15 08:30:11-debug: lazy register asset handler buffer
2024-7-15 08:30:11-debug: lazy register asset handler alpha-image
2024-7-15 08:30:11-debug: lazy register asset handler texture-cube
2024-7-15 08:30:11-debug: lazy register asset handler erp-texture-cube
2024-7-15 08:30:11-debug: lazy register asset handler sign-image
2024-7-15 08:30:11-debug: lazy register asset handler render-texture
2024-7-15 08:30:11-debug: lazy register asset handler texture-cube-face
2024-7-15 08:30:11-debug: lazy register asset handler texture
2024-7-15 08:30:11-debug: lazy register asset handler rt-sprite-frame
2024-7-15 08:30:11-debug: lazy register asset handler gltf
2024-7-15 08:30:11-debug: lazy register asset handler gltf-mesh
2024-7-15 08:30:11-debug: lazy register asset handler gltf-skeleton
2024-7-15 08:30:11-debug: lazy register asset handler gltf-material
2024-7-15 08:30:11-debug: lazy register asset handler gltf-embeded-image
2024-7-15 08:30:11-debug: lazy register asset handler gltf-scene
2024-7-15 08:30:11-debug: lazy register asset handler gltf-animation
2024-7-15 08:30:11-debug: lazy register asset handler fbx
2024-7-15 08:30:11-debug: lazy register asset handler material
2024-7-15 08:30:11-debug: lazy register asset handler physics-material
2024-7-15 08:30:11-debug: lazy register asset handler effect-header
2024-7-15 08:30:11-debug: lazy register asset handler audio-clip
2024-7-15 08:30:11-debug: lazy register asset handler effect
2024-7-15 08:30:11-debug: lazy register asset handler animation-clip
2024-7-15 08:30:11-debug: lazy register asset handler animation-graph
2024-7-15 08:30:11-debug: lazy register asset handler animation-graph-variant
2024-7-15 08:30:11-debug: lazy register asset handler bitmap-font
2024-7-15 08:30:11-debug: lazy register asset handler particle
2024-7-15 08:30:11-debug: lazy register asset handler ttf-font
2024-7-15 08:30:11-debug: lazy register asset handler animation-mask
2024-7-15 08:30:11-debug: lazy register asset handler auto-atlas
2024-7-15 08:30:11-debug: lazy register asset handler sprite-atlas
2024-7-15 08:30:11-debug: lazy register asset handler label-atlas
2024-7-15 08:30:11-debug: lazy register asset handler render-stage
2024-7-15 08:30:11-debug: lazy register asset handler render-flow
2024-7-15 08:30:11-debug: lazy register asset handler render-pipeline
2024-7-15 08:30:11-debug: lazy register asset handler instantiation-material
2024-7-15 08:30:11-debug: lazy register asset handler instantiation-mesh
2024-7-15 08:30:11-debug: lazy register asset handler instantiation-skeleton
2024-7-15 08:30:11-debug: lazy register asset handler video-clip
2024-7-15 08:30:11-debug: lazy register asset handler instantiation-animation
2024-7-15 08:30:11-debug: asset-db:worker-startup-database[assets] (3344ms)
2024-7-15 08:30:11-debug: asset-db:ready (20560ms)
2024-7-15 08:30:11-debug: asset-db:start-database (5264ms)
2024-7-15 08:30:11-debug: init worker message success
2024-7-15 08:30:11-debug: programming:execute-script (5ms)
2024-7-15 08:30:13-debug: [Build Memory track]: builder:worker-init start:187.77MB, end 196.21MB, increase: 8.45MB
2024-7-15 08:30:13-debug: builder:worker-init (1303ms)
2024-7-15 08:31:20-debug: start refresh asset from C:\Users\53190\Desktop\tankfightbackup\TK2\assets\map\alonemap1.scene...
2024-7-15 08:31:20-debug: %cImport%c: C:\Users\53190\Desktop\tankfightbackup\TK2\assets\map\alonemap1.scenebackground: #aaff85; color: #000;color: #000;
2024-7-15 08:31:20-debug: refresh asset C:\Users\53190\Desktop\tankfightbackup\TK2\assets\map success
2024-7-15 08:31:20-debug: refresh db internal success
2024-7-15 08:31:21-debug: refresh db assets success
2024-7-15 08:31:21-debug: Run asset db hook engine-extends:afterRefresh ...
2024-7-15 08:31:21-debug: Run asset db hook engine-extends:afterRefresh success!
2024-7-15 08:31:21-debug: asset-db:refresh-all-database (349ms)
2024-7-15 08:31:21-debug: asset-db:worker-effect-data-processing (1ms)
2024-7-15 08:31:21-debug: asset-db-hook-engine-extends-afterRefresh (1ms)
2024-7-15 08:31:37-debug: start refresh asset from C:\Users\53190\Desktop\tankfightbackup\TK2\assets\map\alonemap1.scene...
2024-7-15 08:31:37-debug: %cImport%c: C:\Users\53190\Desktop\tankfightbackup\TK2\assets\map\alonemap1.scenebackground: #aaff85; color: #000;color: #000;
2024-7-15 08:31:37-debug: refresh asset C:\Users\53190\Desktop\tankfightbackup\TK2\assets\map success
2024-7-15 08:32:19-debug: start refresh asset from C:\Users\53190\Desktop\tankfightbackup\TK2\assets\Scripts\time02.ts...
2024-7-15 08:32:19-debug: %cImport%c: C:\Users\53190\Desktop\tankfightbackup\TK2\assets\Scripts\time02.tsbackground: #aaff85; color: #000;color: #000;
2024-7-15 08:32:19-debug: refresh asset C:\Users\53190\Desktop\tankfightbackup\TK2\assets\Scripts success
2024-7-15 08:32:19-debug: %cImport%c: C:\Users\53190\Desktop\tankfightbackup\TK2\assets\Scriptsbackground: #aaff85; color: #000;color: #000;
2024-7-15 08:32:22-debug: start refresh asset from C:\Users\53190\Desktop\tankfightbackup\TK2\assets\Prefabs\_pause.prefab...
2024-7-15 08:32:22-debug: %cImport%c: C:\Users\53190\Desktop\tankfightbackup\TK2\assets\Prefabs\_pause.prefabbackground: #aaff85; color: #000;color: #000;
2024-7-15 08:32:22-debug: refresh asset C:\Users\53190\Desktop\tankfightbackup\TK2\assets\Prefabs success
