2024-7-10 10:06:31-log: Cannot access game frame or container.
2024-7-10 10:06:31-debug: asset-db:require-engine-code (650ms)
2024-7-10 10:06:31-log: meshopt wasm decoder initialized
2024-7-10 10:06:31-log: [bullet]:bullet wasm lib loaded.
2024-7-10 10:06:31-log: [box2d]:box2d wasm lib loaded.
2024-7-10 10:06:31-log: Cocos Creator v3.8.3
2024-7-10 10:06:32-debug: [Assets Memory track]: asset-db:worker-init: initEngine start:24.27MB, end 77.96MB, increase: 53.69MB
2024-7-10 10:06:33-debug: [Assets Memory track]: asset-db-plugin-register: builder start:82.32MB, end 203.77MB, increase: 121.44MB
2024-7-10 10:06:33-debug: [Assets Memory track]: asset-db-plugin-register: engine-extends start:203.99MB, end 207.19MB, increase: 3.20MB
2024-7-10 10:06:32-debug: [Assets Memory track]: asset-db-plugin-register: programming start:78.65MB, end 82.31MB, increase: 3.66MB
2024-7-10 10:06:33-debug: [Assets Memory track]: asset-db-plugin-register: project start:78.52MB, end 207.25MB, increase: 128.73MB
2024-7-10 10:06:33-debug: [Assets Memory track]: asset-db:worker-init: initPlugin start:77.96MB, end 207.27MB, increase: 129.31MB
2024-7-10 10:06:33-debug: run package(cocos-service) handler(enable) success!
2024-7-10 10:06:33-debug: run package(cocos-service) handler(enable) start
2024-7-10 10:06:33-debug: run package(im-plugin) handler(enable) start
2024-7-10 10:06:33-debug: run package(im-plugin) handler(enable) success!
2024-7-10 10:06:33-debug: run package(blank-template) handler(enable) success!
2024-7-10 10:06:33-debug: run package(placeholder) handler(enable) success!
2024-7-10 10:06:33-debug: asset-db:worker-init: initPlugin (1492ms)
2024-7-10 10:06:33-debug: run package(blank-template) handler(enable) start
2024-7-10 10:06:33-debug: run package(placeholder) handler(enable) start
2024-7-10 10:06:33-debug: Run asset db hook programming:beforePreStart ...
2024-7-10 10:06:33-debug: Run asset db hook programming:beforePreStart success!
2024-7-10 10:06:33-debug: [Assets Memory track]: asset-db:worker-init start:24.26MB, end 203.09MB, increase: 178.83MB
2024-7-10 10:06:33-debug: Run asset db hook engine-extends:beforePreStart ...
2024-7-10 10:06:33-debug: Run asset db hook engine-extends:beforePreStart success!
2024-7-10 10:06:33-debug: asset-db:worker-init (3084ms)
2024-7-10 10:06:33-debug: asset-db-hook-programming-beforePreStart (175ms)
2024-7-10 10:06:33-debug: asset-db-hook-engine-extends-beforePreStart (175ms)
2024-7-10 10:06:34-debug: Preimport db internal success
2024-7-10 10:06:34-debug: Preimport db assets success
2024-7-10 10:06:34-debug: Run asset db hook programming:afterPreStart ...
2024-7-10 10:06:34-debug: starting packer-driver...
2024-7-10 10:06:34-debug: initialize scripting environment...
2024-7-10 10:06:34-debug: Set detail map pack:///resolution-detail-map.json: {}
2024-7-10 10:06:34-debug: Run asset db hook programming:afterPreStart success!
2024-7-10 10:06:34-debug: Run asset db hook engine-extends:afterPreStart ...
2024-7-10 10:06:34-debug: Run asset db hook engine-extends:afterPreStart success!
2024-7-10 10:06:34-debug: [Assets Memory track]: asset-db:worker-init: preStart start:203.10MB, end 206.26MB, increase: 3.16MB
2024-7-10 10:06:34-debug: Start up the 'internal' database...
2024-7-10 10:06:34-debug: asset-db-hook-programming-afterPreStart (709ms)
2024-7-10 10:06:34-debug: asset-db:worker-effect-data-processing (276ms)
2024-7-10 10:06:34-debug: asset-db-hook-engine-extends-afterPreStart (277ms)
2024-7-10 10:06:34-debug: Start up the 'assets' database...
2024-7-10 10:06:34-debug: asset-db:worker-startup-database[internal] (1086ms)
2024-7-10 10:06:34-debug: lazy register asset handler *
2024-7-10 10:06:34-debug: lazy register asset handler directory
2024-7-10 10:06:34-debug: lazy register asset handler json
2024-7-10 10:06:34-debug: lazy register asset handler spine-data
2024-7-10 10:06:34-debug: lazy register asset handler dragonbones
2024-7-10 10:06:34-debug: lazy register asset handler text
2024-7-10 10:06:34-debug: lazy register asset handler terrain
2024-7-10 10:06:34-debug: lazy register asset handler javascript
2024-7-10 10:06:34-debug: lazy register asset handler dragonbones-atlas
2024-7-10 10:06:34-debug: lazy register asset handler typescript
2024-7-10 10:06:34-debug: lazy register asset handler prefab
2024-7-10 10:06:34-debug: lazy register asset handler sprite-frame
2024-7-10 10:06:34-debug: lazy register asset handler scene
2024-7-10 10:06:34-debug: lazy register asset handler tiled-map
2024-7-10 10:06:34-debug: lazy register asset handler buffer
2024-7-10 10:06:34-debug: lazy register asset handler image
2024-7-10 10:06:34-debug: lazy register asset handler alpha-image
2024-7-10 10:06:34-debug: lazy register asset handler texture
2024-7-10 10:06:34-debug: lazy register asset handler sign-image
2024-7-10 10:06:34-debug: lazy register asset handler erp-texture-cube
2024-7-10 10:06:34-debug: lazy register asset handler texture-cube
2024-7-10 10:06:34-debug: lazy register asset handler render-texture
2024-7-10 10:06:34-debug: lazy register asset handler rt-sprite-frame
2024-7-10 10:06:34-debug: lazy register asset handler texture-cube-face
2024-7-10 10:06:34-debug: lazy register asset handler gltf
2024-7-10 10:06:34-debug: lazy register asset handler gltf-skeleton
2024-7-10 10:06:34-debug: lazy register asset handler gltf-animation
2024-7-10 10:06:34-debug: lazy register asset handler gltf-material
2024-7-10 10:06:34-debug: lazy register asset handler gltf-mesh
2024-7-10 10:06:34-debug: lazy register asset handler gltf-scene
2024-7-10 10:06:34-debug: lazy register asset handler fbx
2024-7-10 10:06:34-debug: lazy register asset handler gltf-embeded-image
2024-7-10 10:06:34-debug: lazy register asset handler material
2024-7-10 10:06:34-debug: lazy register asset handler physics-material
2024-7-10 10:06:34-debug: lazy register asset handler effect
2024-7-10 10:06:34-debug: lazy register asset handler audio-clip
2024-7-10 10:06:34-debug: lazy register asset handler effect-header
2024-7-10 10:06:34-debug: lazy register asset handler animation-graph
2024-7-10 10:06:34-debug: lazy register asset handler animation-graph-variant
2024-7-10 10:06:34-debug: lazy register asset handler animation-clip
2024-7-10 10:06:34-debug: lazy register asset handler ttf-font
2024-7-10 10:06:34-debug: lazy register asset handler animation-mask
2024-7-10 10:06:34-debug: lazy register asset handler particle
2024-7-10 10:06:34-debug: lazy register asset handler bitmap-font
2024-7-10 10:06:34-debug: lazy register asset handler sprite-atlas
2024-7-10 10:06:34-debug: lazy register asset handler label-atlas
2024-7-10 10:06:34-debug: lazy register asset handler render-pipeline
2024-7-10 10:06:34-debug: lazy register asset handler auto-atlas
2024-7-10 10:06:34-debug: lazy register asset handler render-stage
2024-7-10 10:06:34-debug: lazy register asset handler render-flow
2024-7-10 10:06:34-debug: lazy register asset handler instantiation-material
2024-7-10 10:06:34-debug: lazy register asset handler instantiation-mesh
2024-7-10 10:06:34-debug: lazy register asset handler instantiation-skeleton
2024-7-10 10:06:34-debug: lazy register asset handler instantiation-animation
2024-7-10 10:06:34-debug: lazy register asset handler video-clip
2024-7-10 10:06:34-debug: asset-db:worker-startup-database[assets] (916ms)
2024-7-10 10:06:34-debug: asset-db:start-database (1156ms)
2024-7-10 10:06:34-debug: init worker message success
2024-7-10 10:06:34-debug: asset-db:ready (5943ms)
2024-7-10 10:06:35-debug: [Build Memory track]: builder:worker-init start:159.08MB, end 173.69MB, increase: 14.60MB
2024-7-10 10:06:35-debug: programming:execute-script (4ms)
2024-7-10 10:06:35-debug: builder:worker-init (520ms)
2024-7-10 10:11:13-debug: refresh db internal success
2024-7-10 10:11:13-debug: refresh db assets success
2024-7-10 10:11:13-debug: Run asset db hook engine-extends:afterRefresh ...
2024-7-10 10:11:13-debug: Run asset db hook engine-extends:afterRefresh success!
2024-7-10 10:11:13-debug: asset-db:refresh-all-database (192ms)
2024-7-10 10:11:13-debug: asset-db:worker-effect-data-processing (1ms)
2024-7-10 10:11:13-debug: asset-db-hook-engine-extends-afterRefresh (1ms)
2024-7-10 10:11:17-debug: Cannot find the asset handler of operate open for importer audio-clip
2024-7-10 10:11:21-debug: refresh db internal success
2024-7-10 10:11:21-debug: refresh db assets success
2024-7-10 10:11:21-debug: Run asset db hook engine-extends:afterRefresh ...
2024-7-10 10:11:21-debug: Run asset db hook engine-extends:afterRefresh success!
2024-7-10 10:11:21-debug: asset-db:refresh-all-database (192ms)
2024-7-10 10:11:21-debug: asset-db:worker-effect-data-processing (1ms)
2024-7-10 10:11:21-debug: asset-db-hook-engine-extends-afterRefresh (1ms)
2024-7-10 10:11:22-debug: Cannot find the asset handler of operate open for importer audio-clip
2024-7-10 10:11:25-debug: refresh db internal success
2024-7-10 10:11:25-debug: refresh db assets success
2024-7-10 10:11:25-debug: Run asset db hook engine-extends:afterRefresh ...
2024-7-10 10:11:25-debug: Run asset db hook engine-extends:afterRefresh success!
2024-7-10 10:11:25-debug: asset-db:refresh-all-database (183ms)
2024-7-10 10:11:25-debug: asset-db:worker-effect-data-processing (1ms)
2024-7-10 10:11:25-debug: asset-db-hook-engine-extends-afterRefresh (1ms)
2024-7-10 10:13:09-debug: refresh db internal success
2024-7-10 10:13:09-debug: %cImport%c: D:\TankFight\TK2\assets\text\firedirection0.tsbackground: #aaff85; color: #000;color: #000;
2024-7-10 10:13:09-debug: refresh db assets success
2024-7-10 10:13:09-debug: Run asset db hook engine-extends:afterRefresh ...
2024-7-10 10:13:09-debug: Run asset db hook engine-extends:afterRefresh success!
2024-7-10 10:13:09-debug: asset-db:refresh-all-database (189ms)
2024-7-10 10:13:19-debug: Cannot find the asset handler of operate open for importer audio-clip
2024-7-10 10:13:24-debug: refresh db internal success
2024-7-10 10:13:24-debug: refresh db assets success
2024-7-10 10:13:24-debug: Run asset db hook engine-extends:afterRefresh ...
2024-7-10 10:13:24-debug: Run asset db hook engine-extends:afterRefresh success!
2024-7-10 10:13:24-debug: asset-db:refresh-all-database (185ms)
2024-7-10 10:13:24-debug: asset-db:worker-effect-data-processing (1ms)
2024-7-10 10:13:24-debug: asset-db-hook-engine-extends-afterRefresh (1ms)
2024-7-10 10:13:24-debug: Cannot find the asset handler of operate open for importer audio-clip
2024-7-10 10:13:27-debug: refresh db internal success
2024-7-10 10:13:27-debug: refresh db assets success
2024-7-10 10:13:27-debug: Run asset db hook engine-extends:afterRefresh ...
2024-7-10 10:13:27-debug: Run asset db hook engine-extends:afterRefresh success!
2024-7-10 10:13:27-debug: asset-db:refresh-all-database (175ms)
2024-7-10 10:13:37-debug: Query all assets info in project
2024-7-10 10:13:37-debug: init custom config: keepNodeUuid: false, useCache: true
2024-7-10 10:13:37-debug: 查询 Asset Bundle start, progress: 0%
2024-7-10 10:13:37-debug: // ---- build task 查询 Asset Bundle ----
2024-7-10 10:13:37-debug: Query preload assets from cc.config.json: 60f7195c-ec2a-45eb-ba94-8955f60e81d0,1c02ae6f-4492-4915-b8f8-7492a3b1e4cd,810e96e4-e456-4468-9b59-f4e8f39732c0,efe8e2a3-eace-427b-b4f1-cb8a937ec77d,e9aa9a3e-5b2b-4ac7-a2c7-073de2b2b24f,8bbdbcdd-5cd4-4100-b6d5-b7c9625b6107,50f4348b-c883-4e2f-8f11-ce233b859fa1,fda095cb-831d-4601-ad94-846013963de8,f92806d7-1768-443f-afe8-12bcde84d0f0,dd3a144d-ab7f-41f0-82b8-2e43a090d496,f0416e68-0200-4b77-a926-4f9d16e494da,970b0598-bcb0-4714-91fb-2e81440dccd8,bcd64cc6-2dd9-43f6-abbe-66318d332032,d930590d-bb92-4cc8-8bd1-23cd027f9edf,a3cd009f-0ab0-420d-9278-b9fdab939bbc,c27215d8-6835-4b68-bfbb-bdeac6100c04,b5d6115f-0370-4d7c-aad3-c194cc71cf98,871c3b6c-7379-419d-bda3-794b239ab90d
2024-7-10 10:13:37-debug:   Number of all scripts: 38
2024-7-10 10:13:37-debug:   Number of all scenes: 9
2024-7-10 10:13:37-debug:   Number of other assets: 567
2024-7-10 10:13:37-debug: // ---- build task 查询 Asset Bundle ---- (4ms)
2024-7-10 10:13:37-debug: run build task 查询 Asset Bundle success in 4 ms√, progress: 5%
2024-7-10 10:13:37-debug: 查询 Asset Bundle start, progress: 5%
2024-7-10 10:13:37-debug: [Build Memory track]: 查询 Asset Bundle start:170.00MB, end 169.91MB, increase: -100.20KB
2024-7-10 10:13:37-debug: // ---- build task 查询 Asset Bundle ----
2024-7-10 10:13:37-debug: // ---- build task 查询 Asset Bundle ---- (1ms)
2024-7-10 10:13:37-debug: [Build Memory track]: 查询 Asset Bundle start:169.92MB, end 170.03MB, increase: 117.14KB
2024-7-10 10:13:37-debug: 整理部分构建选项内数据到 settings.json start, progress: 10%
2024-7-10 10:13:37-debug: run build task 查询 Asset Bundle success in 1 ms√, progress: 10%
2024-7-10 10:13:37-debug: // ---- build task 整理部分构建选项内数据到 settings.json ----
2024-7-10 10:13:37-debug: [Build Memory track]: 整理部分构建选项内数据到 settings.json start:170.05MB, end 170.06MB, increase: 14.10KB
2024-7-10 10:13:37-debug: 填充脚本数据到 settings.json start, progress: 12%
2024-7-10 10:13:37-debug: run build task 整理部分构建选项内数据到 settings.json success in √, progress: 12%
2024-7-10 10:13:37-debug: // ---- build task 填充脚本数据到 settings.json ----
2024-7-10 10:13:37-debug: run build task 填充脚本数据到 settings.json success in √, progress: 13%
2024-7-10 10:13:37-debug: 整理部分构建选项内数据到 settings.json start, progress: 13%
2024-7-10 10:13:37-debug: [Build Memory track]: 填充脚本数据到 settings.json start:170.07MB, end 170.09MB, increase: 11.41KB
2024-7-10 10:13:37-debug: // ---- build task 整理部分构建选项内数据到 settings.json ----
2024-7-10 10:13:37-debug: // ---- build task 整理部分构建选项内数据到 settings.json ---- (2ms)
2024-7-10 10:13:37-debug: run build task 整理部分构建选项内数据到 settings.json success in 2 ms√, progress: 15%
2024-7-10 10:13:37-debug: [Build Memory track]: 整理部分构建选项内数据到 settings.json start:170.10MB, end 170.24MB, increase: 143.14KB
2024-7-10 10:13:37-debug: Query all assets info in project
2024-7-10 10:13:37-debug: init custom config: keepNodeUuid: false, useCache: true
2024-7-10 10:13:37-debug: 查询 Asset Bundle start, progress: 0%
2024-7-10 10:13:37-debug: // ---- build task 查询 Asset Bundle ----
2024-7-10 10:13:37-debug: Query preload assets from cc.config.json: 60f7195c-ec2a-45eb-ba94-8955f60e81d0,1c02ae6f-4492-4915-b8f8-7492a3b1e4cd,810e96e4-e456-4468-9b59-f4e8f39732c0,efe8e2a3-eace-427b-b4f1-cb8a937ec77d,e9aa9a3e-5b2b-4ac7-a2c7-073de2b2b24f,8bbdbcdd-5cd4-4100-b6d5-b7c9625b6107,50f4348b-c883-4e2f-8f11-ce233b859fa1,fda095cb-831d-4601-ad94-846013963de8,f92806d7-1768-443f-afe8-12bcde84d0f0,dd3a144d-ab7f-41f0-82b8-2e43a090d496,f0416e68-0200-4b77-a926-4f9d16e494da,970b0598-bcb0-4714-91fb-2e81440dccd8,bcd64cc6-2dd9-43f6-abbe-66318d332032,d930590d-bb92-4cc8-8bd1-23cd027f9edf,a3cd009f-0ab0-420d-9278-b9fdab939bbc,c27215d8-6835-4b68-bfbb-bdeac6100c04,b5d6115f-0370-4d7c-aad3-c194cc71cf98,871c3b6c-7379-419d-bda3-794b239ab90d
2024-7-10 10:13:37-debug:   Number of all scenes: 9
2024-7-10 10:13:37-debug:   Number of all scripts: 38
2024-7-10 10:13:37-debug:   Number of other assets: 567
2024-7-10 10:13:37-debug: // ---- build task 查询 Asset Bundle ---- (4ms)
2024-7-10 10:13:37-debug: run build task 查询 Asset Bundle success in 4 ms√, progress: 5%
2024-7-10 10:13:37-debug: [Build Memory track]: 查询 Asset Bundle start:169.78MB, end 169.69MB, increase: -86.14KB
2024-7-10 10:13:37-debug: 查询 Asset Bundle start, progress: 5%
2024-7-10 10:13:37-debug: // ---- build task 查询 Asset Bundle ----
2024-7-10 10:13:37-debug: // ---- build task 查询 Asset Bundle ---- (1ms)
2024-7-10 10:13:37-debug: run build task 查询 Asset Bundle success in 1 ms√, progress: 10%
2024-7-10 10:13:37-debug: [Build Memory track]: 查询 Asset Bundle start:169.71MB, end 169.82MB, increase: 116.79KB
2024-7-10 10:13:37-debug: 整理部分构建选项内数据到 settings.json start, progress: 10%
2024-7-10 10:13:37-debug: // ---- build task 整理部分构建选项内数据到 settings.json ----
2024-7-10 10:13:37-debug: // ---- build task 整理部分构建选项内数据到 settings.json ---- (1ms)
2024-7-10 10:13:37-debug: run build task 整理部分构建选项内数据到 settings.json success in 1 ms√, progress: 12%
2024-7-10 10:13:37-debug: [Build Memory track]: 整理部分构建选项内数据到 settings.json start:169.83MB, end 169.85MB, increase: 14.72KB
2024-7-10 10:13:37-debug: 填充脚本数据到 settings.json start, progress: 12%
2024-7-10 10:13:37-debug: // ---- build task 填充脚本数据到 settings.json ----
2024-7-10 10:13:37-debug: // ---- build task 填充脚本数据到 settings.json ---- (1ms)
2024-7-10 10:13:37-debug: [Build Memory track]: 填充脚本数据到 settings.json start:169.86MB, end 169.88MB, increase: 16.35KB
2024-7-10 10:13:37-debug: run build task 填充脚本数据到 settings.json success in 1 ms√, progress: 13%
2024-7-10 10:13:37-debug: 整理部分构建选项内数据到 settings.json start, progress: 13%
2024-7-10 10:13:37-debug: // ---- build task 整理部分构建选项内数据到 settings.json ----
2024-7-10 10:13:37-debug: // ---- build task 整理部分构建选项内数据到 settings.json ---- (1ms)
2024-7-10 10:13:37-debug: run build task 整理部分构建选项内数据到 settings.json success in 1 ms√, progress: 15%
2024-7-10 10:13:37-debug: [Build Memory track]: 整理部分构建选项内数据到 settings.json start:169.89MB, end 170.01MB, increase: 121.66KB
2024-7-10 10:14:26-debug: refresh db internal success
2024-7-10 10:14:26-debug: refresh db assets success
2024-7-10 10:14:26-debug: Run asset db hook engine-extends:afterRefresh ...
2024-7-10 10:14:26-debug: Run asset db hook engine-extends:afterRefresh success!
2024-7-10 10:14:26-debug: asset-db:refresh-all-database (175ms)
2024-7-10 10:14:26-debug: asset-db:worker-effect-data-processing (1ms)
2024-7-10 10:14:26-debug: asset-db-hook-engine-extends-afterRefresh (1ms)
2024-7-10 10:17:40-debug: refresh db internal success
2024-7-10 10:17:40-debug: %cImport%c: D:\TankFight\TK2\assets\text\bullet0.tsbackground: #aaff85; color: #000;color: #000;
2024-7-10 10:17:41-debug: refresh db assets success
2024-7-10 10:17:41-debug: Run asset db hook engine-extends:afterRefresh ...
2024-7-10 10:17:41-debug: Run asset db hook engine-extends:afterRefresh success!
2024-7-10 10:17:41-debug: asset-db:refresh-all-database (199ms)
2024-7-10 10:17:41-debug: asset-db:worker-effect-data-processing (1ms)
2024-7-10 10:17:41-debug: asset-db-hook-engine-extends-afterRefresh (1ms)
2024-7-10 10:17:42-debug: start refresh asset from D:\TankFight\TK2\assets\Prefabs\bulletnode0.prefab...
2024-7-10 10:17:42-debug: %cImport%c: D:\TankFight\TK2\assets\Prefabs\bulletnode0.prefabbackground: #aaff85; color: #000;color: #000;
2024-7-10 10:17:42-debug: refresh asset D:\TankFight\TK2\assets\Prefabs success
2024-7-10 10:17:44-debug: Query all assets info in project
2024-7-10 10:17:44-debug: init custom config: keepNodeUuid: false, useCache: true
2024-7-10 10:17:44-debug: 查询 Asset Bundle start, progress: 0%
2024-7-10 10:17:44-debug: // ---- build task 查询 Asset Bundle ----
2024-7-10 10:17:44-debug: Query preload assets from cc.config.json: 60f7195c-ec2a-45eb-ba94-8955f60e81d0,1c02ae6f-4492-4915-b8f8-7492a3b1e4cd,810e96e4-e456-4468-9b59-f4e8f39732c0,efe8e2a3-eace-427b-b4f1-cb8a937ec77d,e9aa9a3e-5b2b-4ac7-a2c7-073de2b2b24f,8bbdbcdd-5cd4-4100-b6d5-b7c9625b6107,50f4348b-c883-4e2f-8f11-ce233b859fa1,fda095cb-831d-4601-ad94-846013963de8,f92806d7-1768-443f-afe8-12bcde84d0f0,dd3a144d-ab7f-41f0-82b8-2e43a090d496,f0416e68-0200-4b77-a926-4f9d16e494da,970b0598-bcb0-4714-91fb-2e81440dccd8,bcd64cc6-2dd9-43f6-abbe-66318d332032,d930590d-bb92-4cc8-8bd1-23cd027f9edf,a3cd009f-0ab0-420d-9278-b9fdab939bbc,c27215d8-6835-4b68-bfbb-bdeac6100c04,b5d6115f-0370-4d7c-aad3-c194cc71cf98,871c3b6c-7379-419d-bda3-794b239ab90d
2024-7-10 10:17:44-debug:   Number of all scenes: 9
2024-7-10 10:17:44-debug:   Number of other assets: 567
2024-7-10 10:17:44-debug:   Number of all scripts: 38
2024-7-10 10:17:44-debug: // ---- build task 查询 Asset Bundle ---- (3ms)
2024-7-10 10:17:44-debug: run build task 查询 Asset Bundle success in 3 ms√, progress: 5%
2024-7-10 10:17:44-debug: 查询 Asset Bundle start, progress: 5%
2024-7-10 10:17:44-debug: // ---- build task 查询 Asset Bundle ----
2024-7-10 10:17:44-debug: [Build Memory track]: 查询 Asset Bundle start:172.87MB, end 172.73MB, increase: -139.93KB
2024-7-10 10:17:44-debug: // ---- build task 查询 Asset Bundle ---- (1ms)
2024-7-10 10:17:44-debug: run build task 查询 Asset Bundle success in 1 ms√, progress: 10%
2024-7-10 10:17:44-debug: [Build Memory track]: 查询 Asset Bundle start:172.75MB, end 172.86MB, increase: 115.64KB
2024-7-10 10:17:44-debug: 整理部分构建选项内数据到 settings.json start, progress: 10%
2024-7-10 10:17:44-debug: // ---- build task 整理部分构建选项内数据到 settings.json ----
2024-7-10 10:17:44-debug: run build task 整理部分构建选项内数据到 settings.json success in √, progress: 12%
2024-7-10 10:17:44-debug: [Build Memory track]: 整理部分构建选项内数据到 settings.json start:172.87MB, end 172.89MB, increase: 14.68KB
2024-7-10 10:17:44-debug: 填充脚本数据到 settings.json start, progress: 12%
2024-7-10 10:17:44-debug: // ---- build task 填充脚本数据到 settings.json ----
2024-7-10 10:17:44-debug: [Build Memory track]: 填充脚本数据到 settings.json start:172.90MB, end 172.91MB, increase: 10.15KB
2024-7-10 10:17:44-debug: run build task 填充脚本数据到 settings.json success in √, progress: 13%
2024-7-10 10:17:44-debug: 整理部分构建选项内数据到 settings.json start, progress: 13%
2024-7-10 10:17:44-debug: // ---- build task 整理部分构建选项内数据到 settings.json ----
2024-7-10 10:17:44-debug: // ---- build task 整理部分构建选项内数据到 settings.json ---- (2ms)
2024-7-10 10:17:44-debug: run build task 整理部分构建选项内数据到 settings.json success in 2 ms√, progress: 15%
2024-7-10 10:17:44-debug: [Build Memory track]: 整理部分构建选项内数据到 settings.json start:172.93MB, end 173.05MB, increase: 128.93KB
2024-7-10 10:17:44-debug: Query all assets info in project
2024-7-10 10:17:44-debug: init custom config: keepNodeUuid: false, useCache: true
2024-7-10 10:17:44-debug: 查询 Asset Bundle start, progress: 0%
2024-7-10 10:17:44-debug: // ---- build task 查询 Asset Bundle ----
2024-7-10 10:17:44-debug: Query preload assets from cc.config.json: 60f7195c-ec2a-45eb-ba94-8955f60e81d0,1c02ae6f-4492-4915-b8f8-7492a3b1e4cd,810e96e4-e456-4468-9b59-f4e8f39732c0,efe8e2a3-eace-427b-b4f1-cb8a937ec77d,e9aa9a3e-5b2b-4ac7-a2c7-073de2b2b24f,8bbdbcdd-5cd4-4100-b6d5-b7c9625b6107,50f4348b-c883-4e2f-8f11-ce233b859fa1,fda095cb-831d-4601-ad94-846013963de8,f92806d7-1768-443f-afe8-12bcde84d0f0,dd3a144d-ab7f-41f0-82b8-2e43a090d496,f0416e68-0200-4b77-a926-4f9d16e494da,970b0598-bcb0-4714-91fb-2e81440dccd8,bcd64cc6-2dd9-43f6-abbe-66318d332032,d930590d-bb92-4cc8-8bd1-23cd027f9edf,a3cd009f-0ab0-420d-9278-b9fdab939bbc,c27215d8-6835-4b68-bfbb-bdeac6100c04,b5d6115f-0370-4d7c-aad3-c194cc71cf98,871c3b6c-7379-419d-bda3-794b239ab90d
2024-7-10 10:17:44-debug:   Number of all scripts: 38
2024-7-10 10:17:44-debug:   Number of other assets: 567
2024-7-10 10:17:44-debug:   Number of all scenes: 9
2024-7-10 10:17:44-debug: // ---- build task 查询 Asset Bundle ---- (6ms)
2024-7-10 10:17:44-debug: run build task 查询 Asset Bundle success in 6 ms√, progress: 5%
2024-7-10 10:17:44-debug: [Build Memory track]: 查询 Asset Bundle start:173.41MB, end 174.15MB, increase: 755.97KB
2024-7-10 10:17:44-debug: 查询 Asset Bundle start, progress: 5%
2024-7-10 10:17:44-debug: // ---- build task 查询 Asset Bundle ----
2024-7-10 10:17:44-debug: // ---- build task 查询 Asset Bundle ---- (2ms)
2024-7-10 10:17:44-debug: run build task 查询 Asset Bundle success in 2 ms√, progress: 10%
2024-7-10 10:17:44-debug: 整理部分构建选项内数据到 settings.json start, progress: 10%
2024-7-10 10:17:44-debug: [Build Memory track]: 查询 Asset Bundle start:174.16MB, end 172.46MB, increase: -1740.18KB
2024-7-10 10:17:44-debug: // ---- build task 整理部分构建选项内数据到 settings.json ----
2024-7-10 10:17:44-debug: run build task 整理部分构建选项内数据到 settings.json success in √, progress: 12%
2024-7-10 10:17:44-debug: [Build Memory track]: 整理部分构建选项内数据到 settings.json start:172.48MB, end 172.49MB, increase: 10.86KB
2024-7-10 10:17:44-debug: 填充脚本数据到 settings.json start, progress: 12%
2024-7-10 10:17:44-debug: // ---- build task 填充脚本数据到 settings.json ----
2024-7-10 10:17:44-debug: run build task 填充脚本数据到 settings.json success in √, progress: 13%
2024-7-10 10:17:44-debug: [Build Memory track]: 填充脚本数据到 settings.json start:172.50MB, end 172.51MB, increase: 11.79KB
2024-7-10 10:17:44-debug: 整理部分构建选项内数据到 settings.json start, progress: 13%
2024-7-10 10:17:44-debug: // ---- build task 整理部分构建选项内数据到 settings.json ----
2024-7-10 10:17:44-debug: // ---- build task 整理部分构建选项内数据到 settings.json ---- (2ms)
2024-7-10 10:17:44-debug: [Build Memory track]: 整理部分构建选项内数据到 settings.json start:172.53MB, end 172.65MB, increase: 123.18KB
2024-7-10 10:17:44-debug: run build task 整理部分构建选项内数据到 settings.json success in 2 ms√, progress: 15%
2024-7-10 10:18:16-debug: refresh db internal success
2024-7-10 10:18:16-debug: Run asset db hook engine-extends:afterRefresh ...
2024-7-10 10:18:16-debug: Run asset db hook engine-extends:afterRefresh success!
2024-7-10 10:18:16-debug: refresh db assets success
2024-7-10 10:18:16-debug: asset-db:refresh-all-database (178ms)
2024-7-10 10:18:48-debug: refresh db internal success
2024-7-10 10:18:48-debug: %cImport%c: D:\TankFight\TK2\assets\text\bullet0.tsbackground: #aaff85; color: #000;color: #000;
2024-7-10 10:18:48-debug: refresh db assets success
2024-7-10 10:18:48-debug: Run asset db hook engine-extends:afterRefresh ...
2024-7-10 10:18:48-debug: Run asset db hook engine-extends:afterRefresh success!
2024-7-10 10:18:48-debug: asset-db:refresh-all-database (170ms)
2024-7-10 10:18:48-debug: asset-db-hook-engine-extends-afterRefresh (1ms)
2024-7-10 10:20:07-debug: refresh db internal success
2024-7-10 10:20:07-debug: Run asset db hook engine-extends:afterRefresh ...
2024-7-10 10:20:07-debug: Run asset db hook engine-extends:afterRefresh success!
2024-7-10 10:20:07-debug: refresh db assets success
2024-7-10 10:20:07-debug: asset-db:refresh-all-database (192ms)
2024-7-10 10:20:07-debug: asset-db:worker-effect-data-processing (1ms)
2024-7-10 10:20:07-debug: asset-db-hook-engine-extends-afterRefresh (1ms)
2024-7-10 10:21:14-debug: start refresh asset from D:\TankFight\TK2\assets\text\AudioManeger.ts...
2024-7-10 10:21:14-debug: %cImport%c: D:\TankFight\TK2\assets\text\AudioManeger.tsbackground: #aaff85; color: #000;color: #000;
2024-7-10 10:21:14-debug: refresh asset D:\TankFight\TK2\assets\text success
2024-7-10 10:21:14-debug: %cImport%c: D:\TankFight\TK2\assets\textbackground: #aaff85; color: #000;color: #000;
2024-7-10 10:23:19-debug: refresh db internal success
2024-7-10 10:23:19-debug: Run asset db hook engine-extends:afterRefresh ...
2024-7-10 10:23:19-debug: Run asset db hook engine-extends:afterRefresh success!
2024-7-10 10:23:19-debug: refresh db assets success
2024-7-10 10:23:19-debug: asset-db:refresh-all-database (186ms)
2024-7-10 10:23:19-debug: asset-db:worker-effect-data-processing (1ms)
2024-7-10 10:23:19-debug: asset-db-hook-engine-extends-afterRefresh (1ms)
2024-7-10 10:23:20-debug: start refresh asset from D:\TankFight\TK2\assets\map\alonemap2.scene...
2024-7-10 10:23:20-debug: %cImport%c: D:\TankFight\TK2\assets\map\alonemap2.scenebackground: #aaff85; color: #000;color: #000;
2024-7-10 10:23:21-debug: refresh asset D:\TankFight\TK2\assets\map success
2024-7-10 10:28:03-debug: Query all assets info in project
2024-7-10 10:28:03-debug: init custom config: keepNodeUuid: false, useCache: true
2024-7-10 10:28:03-debug: 查询 Asset Bundle start, progress: 0%
2024-7-10 10:28:03-debug: // ---- build task 查询 Asset Bundle ----
2024-7-10 10:28:03-debug: Query preload assets from cc.config.json: 60f7195c-ec2a-45eb-ba94-8955f60e81d0,1c02ae6f-4492-4915-b8f8-7492a3b1e4cd,810e96e4-e456-4468-9b59-f4e8f39732c0,efe8e2a3-eace-427b-b4f1-cb8a937ec77d,e9aa9a3e-5b2b-4ac7-a2c7-073de2b2b24f,8bbdbcdd-5cd4-4100-b6d5-b7c9625b6107,50f4348b-c883-4e2f-8f11-ce233b859fa1,fda095cb-831d-4601-ad94-846013963de8,f92806d7-1768-443f-afe8-12bcde84d0f0,dd3a144d-ab7f-41f0-82b8-2e43a090d496,f0416e68-0200-4b77-a926-4f9d16e494da,970b0598-bcb0-4714-91fb-2e81440dccd8,bcd64cc6-2dd9-43f6-abbe-66318d332032,d930590d-bb92-4cc8-8bd1-23cd027f9edf,a3cd009f-0ab0-420d-9278-b9fdab939bbc,c27215d8-6835-4b68-bfbb-bdeac6100c04,b5d6115f-0370-4d7c-aad3-c194cc71cf98,871c3b6c-7379-419d-bda3-794b239ab90d
2024-7-10 10:28:03-debug:   Number of all scenes: 9
2024-7-10 10:28:03-debug:   Number of all scripts: 39
2024-7-10 10:28:03-debug:   Number of other assets: 567
2024-7-10 10:28:03-debug: run build task 查询 Asset Bundle success in 7 ms√, progress: 5%
2024-7-10 10:28:03-debug: // ---- build task 查询 Asset Bundle ---- (7ms)
2024-7-10 10:28:03-debug: [Build Memory track]: 查询 Asset Bundle start:166.92MB, end 167.68MB, increase: 786.23KB
2024-7-10 10:28:03-debug: 查询 Asset Bundle start, progress: 5%
2024-7-10 10:28:03-debug: // ---- build task 查询 Asset Bundle ----
2024-7-10 10:28:03-debug: // ---- build task 查询 Asset Bundle ---- (3ms)
2024-7-10 10:28:03-debug: run build task 查询 Asset Bundle success in 3 ms√, progress: 10%
2024-7-10 10:28:03-debug: [Build Memory track]: 查询 Asset Bundle start:167.70MB, end 167.81MB, increase: 116.43KB
2024-7-10 10:28:03-debug: 整理部分构建选项内数据到 settings.json start, progress: 10%
2024-7-10 10:28:03-debug: // ---- build task 整理部分构建选项内数据到 settings.json ----
2024-7-10 10:28:03-debug: // ---- build task 整理部分构建选项内数据到 settings.json ---- (1ms)
2024-7-10 10:28:03-debug: run build task 整理部分构建选项内数据到 settings.json success in 1 ms√, progress: 12%
2024-7-10 10:28:03-debug: [Build Memory track]: 整理部分构建选项内数据到 settings.json start:167.83MB, end 167.84MB, increase: 15.53KB
2024-7-10 10:28:03-debug: 填充脚本数据到 settings.json start, progress: 12%
2024-7-10 10:28:03-debug: // ---- build task 填充脚本数据到 settings.json ----
2024-7-10 10:28:03-debug: run build task 填充脚本数据到 settings.json success in 1 ms√, progress: 13%
2024-7-10 10:28:03-debug: [Build Memory track]: 填充脚本数据到 settings.json start:167.85MB, end 167.87MB, increase: 15.71KB
2024-7-10 10:28:03-debug: // ---- build task 填充脚本数据到 settings.json ---- (1ms)
2024-7-10 10:28:03-debug: 整理部分构建选项内数据到 settings.json start, progress: 13%
2024-7-10 10:28:03-debug: // ---- build task 整理部分构建选项内数据到 settings.json ----
2024-7-10 10:28:03-debug: // ---- build task 整理部分构建选项内数据到 settings.json ---- (4ms)
2024-7-10 10:28:03-debug: run build task 整理部分构建选项内数据到 settings.json success in 4 ms√, progress: 15%
2024-7-10 10:28:03-debug: [Build Memory track]: 整理部分构建选项内数据到 settings.json start:167.88MB, end 168.01MB, increase: 126.22KB
2024-7-10 10:28:25-debug: refresh db internal success
2024-7-10 10:28:25-debug: refresh db assets success
2024-7-10 10:28:25-debug: Run asset db hook engine-extends:afterRefresh ...
2024-7-10 10:28:25-debug: Run asset db hook engine-extends:afterRefresh success!
2024-7-10 10:28:25-debug: asset-db:refresh-all-database (189ms)
2024-7-10 10:28:25-debug: asset-db:worker-effect-data-processing (2ms)
2024-7-10 10:28:25-debug: asset-db-hook-engine-extends-afterRefresh (2ms)
2024-7-10 10:28:33-debug: Query all assets info in project
2024-7-10 10:28:33-debug: init custom config: keepNodeUuid: false, useCache: true
2024-7-10 10:28:33-debug: 查询 Asset Bundle start, progress: 0%
2024-7-10 10:28:33-debug: // ---- build task 查询 Asset Bundle ----
2024-7-10 10:28:33-debug: Query preload assets from cc.config.json: 60f7195c-ec2a-45eb-ba94-8955f60e81d0,1c02ae6f-4492-4915-b8f8-7492a3b1e4cd,810e96e4-e456-4468-9b59-f4e8f39732c0,efe8e2a3-eace-427b-b4f1-cb8a937ec77d,e9aa9a3e-5b2b-4ac7-a2c7-073de2b2b24f,8bbdbcdd-5cd4-4100-b6d5-b7c9625b6107,50f4348b-c883-4e2f-8f11-ce233b859fa1,fda095cb-831d-4601-ad94-846013963de8,f92806d7-1768-443f-afe8-12bcde84d0f0,dd3a144d-ab7f-41f0-82b8-2e43a090d496,f0416e68-0200-4b77-a926-4f9d16e494da,970b0598-bcb0-4714-91fb-2e81440dccd8,bcd64cc6-2dd9-43f6-abbe-66318d332032,d930590d-bb92-4cc8-8bd1-23cd027f9edf,a3cd009f-0ab0-420d-9278-b9fdab939bbc,c27215d8-6835-4b68-bfbb-bdeac6100c04,b5d6115f-0370-4d7c-aad3-c194cc71cf98,871c3b6c-7379-419d-bda3-794b239ab90d
2024-7-10 10:28:33-debug:   Number of other assets: 567
2024-7-10 10:28:33-debug:   Number of all scripts: 39
2024-7-10 10:28:33-debug:   Number of all scenes: 9
2024-7-10 10:28:33-debug: // ---- build task 查询 Asset Bundle ---- (6ms)
2024-7-10 10:28:33-debug: run build task 查询 Asset Bundle success in 6 ms√, progress: 5%
2024-7-10 10:28:33-debug: [Build Memory track]: 查询 Asset Bundle start:166.89MB, end 167.64MB, increase: 767.64KB
2024-7-10 10:28:33-debug: 查询 Asset Bundle start, progress: 5%
2024-7-10 10:28:33-debug: // ---- build task 查询 Asset Bundle ----
2024-7-10 10:28:33-debug: // ---- build task 查询 Asset Bundle ---- (3ms)
2024-7-10 10:28:33-debug: run build task 查询 Asset Bundle success in 3 ms√, progress: 10%
2024-7-10 10:28:33-debug: [Build Memory track]: 查询 Asset Bundle start:167.65MB, end 166.90MB, increase: -771.56KB
2024-7-10 10:28:33-debug: 整理部分构建选项内数据到 settings.json start, progress: 10%
2024-7-10 10:28:33-debug: // ---- build task 整理部分构建选项内数据到 settings.json ----
2024-7-10 10:28:33-debug: // ---- build task 整理部分构建选项内数据到 settings.json ---- (2ms)
2024-7-10 10:28:33-debug: [Build Memory track]: 整理部分构建选项内数据到 settings.json start:166.91MB, end 166.93MB, increase: 14.21KB
2024-7-10 10:28:33-debug: run build task 整理部分构建选项内数据到 settings.json success in 2 ms√, progress: 12%
2024-7-10 10:28:33-debug: 填充脚本数据到 settings.json start, progress: 12%
2024-7-10 10:28:33-debug: // ---- build task 填充脚本数据到 settings.json ----
2024-7-10 10:28:33-debug: // ---- build task 填充脚本数据到 settings.json ---- (2ms)
2024-7-10 10:28:33-debug: run build task 填充脚本数据到 settings.json success in 2 ms√, progress: 13%
2024-7-10 10:28:33-debug: [Build Memory track]: 填充脚本数据到 settings.json start:166.94MB, end 166.96MB, increase: 17.14KB
2024-7-10 10:28:33-debug: 整理部分构建选项内数据到 settings.json start, progress: 13%
2024-7-10 10:28:33-debug: // ---- build task 整理部分构建选项内数据到 settings.json ----
2024-7-10 10:28:33-debug: // ---- build task 整理部分构建选项内数据到 settings.json ---- (4ms)
2024-7-10 10:28:33-debug: run build task 整理部分构建选项内数据到 settings.json success in 4 ms√, progress: 15%
2024-7-10 10:28:33-debug: [Build Memory track]: 整理部分构建选项内数据到 settings.json start:166.97MB, end 167.09MB, increase: 121.14KB
2024-7-10 10:31:24-debug: refresh db internal success
2024-7-10 10:31:24-debug: refresh db assets success
2024-7-10 10:31:24-debug: Run asset db hook engine-extends:afterRefresh ...
2024-7-10 10:31:24-debug: Run asset db hook engine-extends:afterRefresh success!
2024-7-10 10:31:24-debug: asset-db:refresh-all-database (243ms)
2024-7-10 10:31:24-debug: asset-db:worker-effect-data-processing (5ms)
2024-7-10 10:31:24-debug: asset-db-hook-engine-extends-afterRefresh (6ms)
2024-7-10 10:31:44-debug: Query all assets info in project
2024-7-10 10:31:44-debug: init custom config: keepNodeUuid: false, useCache: true
2024-7-10 10:31:44-debug: 查询 Asset Bundle start, progress: 0%
2024-7-10 10:31:44-debug: // ---- build task 查询 Asset Bundle ----
2024-7-10 10:31:44-debug: Query preload assets from cc.config.json: 60f7195c-ec2a-45eb-ba94-8955f60e81d0,1c02ae6f-4492-4915-b8f8-7492a3b1e4cd,810e96e4-e456-4468-9b59-f4e8f39732c0,efe8e2a3-eace-427b-b4f1-cb8a937ec77d,e9aa9a3e-5b2b-4ac7-a2c7-073de2b2b24f,8bbdbcdd-5cd4-4100-b6d5-b7c9625b6107,50f4348b-c883-4e2f-8f11-ce233b859fa1,fda095cb-831d-4601-ad94-846013963de8,f92806d7-1768-443f-afe8-12bcde84d0f0,dd3a144d-ab7f-41f0-82b8-2e43a090d496,f0416e68-0200-4b77-a926-4f9d16e494da,970b0598-bcb0-4714-91fb-2e81440dccd8,bcd64cc6-2dd9-43f6-abbe-66318d332032,d930590d-bb92-4cc8-8bd1-23cd027f9edf,a3cd009f-0ab0-420d-9278-b9fdab939bbc,c27215d8-6835-4b68-bfbb-bdeac6100c04,b5d6115f-0370-4d7c-aad3-c194cc71cf98,871c3b6c-7379-419d-bda3-794b239ab90d
2024-7-10 10:31:44-debug:   Number of other assets: 567
2024-7-10 10:31:44-debug:   Number of all scenes: 9
2024-7-10 10:31:44-debug:   Number of all scripts: 39
2024-7-10 10:31:44-debug: // ---- build task 查询 Asset Bundle ---- (7ms)
2024-7-10 10:31:44-debug: run build task 查询 Asset Bundle success in 7 ms√, progress: 5%
2024-7-10 10:31:44-debug: 查询 Asset Bundle start, progress: 5%
2024-7-10 10:31:44-debug: [Build Memory track]: 查询 Asset Bundle start:168.51MB, end 169.25MB, increase: 757.97KB
2024-7-10 10:31:44-debug: // ---- build task 查询 Asset Bundle ----
2024-7-10 10:31:44-debug: // ---- build task 查询 Asset Bundle ---- (3ms)
2024-7-10 10:31:44-debug: [Build Memory track]: 查询 Asset Bundle start:169.26MB, end 168.52MB, increase: -765.87KB
2024-7-10 10:31:44-debug: // ---- build task 整理部分构建选项内数据到 settings.json ----
2024-7-10 10:31:44-debug: run build task 查询 Asset Bundle success in 3 ms√, progress: 10%
2024-7-10 10:31:44-debug: 整理部分构建选项内数据到 settings.json start, progress: 10%
2024-7-10 10:31:44-debug: // ---- build task 整理部分构建选项内数据到 settings.json ---- (2ms)
2024-7-10 10:31:44-debug: run build task 整理部分构建选项内数据到 settings.json success in 2 ms√, progress: 12%
2024-7-10 10:31:44-debug: [Build Memory track]: 整理部分构建选项内数据到 settings.json start:168.53MB, end 168.55MB, increase: 15.47KB
2024-7-10 10:31:44-debug: // ---- build task 填充脚本数据到 settings.json ----
2024-7-10 10:31:44-debug: 填充脚本数据到 settings.json start, progress: 12%
2024-7-10 10:31:44-debug: run build task 填充脚本数据到 settings.json success in 1 ms√, progress: 13%
2024-7-10 10:31:44-debug: // ---- build task 填充脚本数据到 settings.json ---- (1ms)
2024-7-10 10:31:44-debug: 整理部分构建选项内数据到 settings.json start, progress: 13%
2024-7-10 10:31:44-debug: [Build Memory track]: 填充脚本数据到 settings.json start:168.56MB, end 168.58MB, increase: 17.24KB
2024-7-10 10:31:44-debug: // ---- build task 整理部分构建选项内数据到 settings.json ----
2024-7-10 10:31:44-debug: // ---- build task 整理部分构建选项内数据到 settings.json ---- (4ms)
2024-7-10 10:31:44-debug: run build task 整理部分构建选项内数据到 settings.json success in 4 ms√, progress: 15%
2024-7-10 10:31:44-debug: [Build Memory track]: 整理部分构建选项内数据到 settings.json start:168.59MB, end 168.72MB, increase: 135.29KB
2024-7-10 10:32:58-debug: Query all assets info in project
2024-7-10 10:32:58-debug: init custom config: keepNodeUuid: false, useCache: true
2024-7-10 10:32:58-debug: 查询 Asset Bundle start, progress: 0%
2024-7-10 10:32:58-debug: // ---- build task 查询 Asset Bundle ----
2024-7-10 10:32:58-debug: Query preload assets from cc.config.json: 60f7195c-ec2a-45eb-ba94-8955f60e81d0,1c02ae6f-4492-4915-b8f8-7492a3b1e4cd,810e96e4-e456-4468-9b59-f4e8f39732c0,efe8e2a3-eace-427b-b4f1-cb8a937ec77d,e9aa9a3e-5b2b-4ac7-a2c7-073de2b2b24f,8bbdbcdd-5cd4-4100-b6d5-b7c9625b6107,50f4348b-c883-4e2f-8f11-ce233b859fa1,fda095cb-831d-4601-ad94-846013963de8,f92806d7-1768-443f-afe8-12bcde84d0f0,dd3a144d-ab7f-41f0-82b8-2e43a090d496,f0416e68-0200-4b77-a926-4f9d16e494da,970b0598-bcb0-4714-91fb-2e81440dccd8,bcd64cc6-2dd9-43f6-abbe-66318d332032,d930590d-bb92-4cc8-8bd1-23cd027f9edf,a3cd009f-0ab0-420d-9278-b9fdab939bbc,c27215d8-6835-4b68-bfbb-bdeac6100c04,b5d6115f-0370-4d7c-aad3-c194cc71cf98,871c3b6c-7379-419d-bda3-794b239ab90d
2024-7-10 10:32:58-debug:   Number of all scripts: 39
2024-7-10 10:32:58-debug:   Number of other assets: 567
2024-7-10 10:32:58-debug:   Number of all scenes: 9
2024-7-10 10:32:58-debug: // ---- build task 查询 Asset Bundle ---- (6ms)
2024-7-10 10:32:58-debug: run build task 查询 Asset Bundle success in 6 ms√, progress: 5%
2024-7-10 10:32:58-debug: 查询 Asset Bundle start, progress: 5%
2024-7-10 10:32:58-debug: [Build Memory track]: 查询 Asset Bundle start:169.23MB, end 169.10MB, increase: -142.84KB
2024-7-10 10:32:58-debug: // ---- build task 查询 Asset Bundle ----
2024-7-10 10:32:58-debug: // ---- build task 查询 Asset Bundle ---- (2ms)
2024-7-10 10:32:58-debug: run build task 查询 Asset Bundle success in 2 ms√, progress: 10%
2024-7-10 10:32:58-debug: 整理部分构建选项内数据到 settings.json start, progress: 10%
2024-7-10 10:32:58-debug: [Build Memory track]: 查询 Asset Bundle start:169.11MB, end 169.22MB, increase: 115.79KB
2024-7-10 10:32:58-debug: // ---- build task 整理部分构建选项内数据到 settings.json ----
2024-7-10 10:32:58-debug: // ---- build task 整理部分构建选项内数据到 settings.json ---- (1ms)
2024-7-10 10:32:58-debug: run build task 整理部分构建选项内数据到 settings.json success in 1 ms√, progress: 12%
2024-7-10 10:32:58-debug: [Build Memory track]: 整理部分构建选项内数据到 settings.json start:169.24MB, end 169.25MB, increase: 15.49KB
2024-7-10 10:32:58-debug: 填充脚本数据到 settings.json start, progress: 12%
2024-7-10 10:32:58-debug: // ---- build task 填充脚本数据到 settings.json ----
2024-7-10 10:32:59-debug: run build task 填充脚本数据到 settings.json success in 1 ms√, progress: 13%
2024-7-10 10:32:59-debug: // ---- build task 填充脚本数据到 settings.json ---- (1ms)
2024-7-10 10:32:59-debug: [Build Memory track]: 填充脚本数据到 settings.json start:169.26MB, end 169.28MB, increase: 16.34KB
2024-7-10 10:32:59-debug: 整理部分构建选项内数据到 settings.json start, progress: 13%
2024-7-10 10:32:59-debug: // ---- build task 整理部分构建选项内数据到 settings.json ----
2024-7-10 10:32:59-debug: // ---- build task 整理部分构建选项内数据到 settings.json ---- (4ms)
2024-7-10 10:32:59-debug: run build task 整理部分构建选项内数据到 settings.json success in 4 ms√, progress: 15%
2024-7-10 10:32:59-debug: [Build Memory track]: 整理部分构建选项内数据到 settings.json start:169.29MB, end 169.45MB, increase: 161.07KB
2024-7-10 10:36:19-debug: Query all assets info in project
2024-7-10 10:36:19-debug: init custom config: keepNodeUuid: false, useCache: true
2024-7-10 10:36:19-debug: 查询 Asset Bundle start, progress: 0%
2024-7-10 10:36:19-debug: // ---- build task 查询 Asset Bundle ----
2024-7-10 10:36:19-debug: Query preload assets from cc.config.json: 60f7195c-ec2a-45eb-ba94-8955f60e81d0,1c02ae6f-4492-4915-b8f8-7492a3b1e4cd,810e96e4-e456-4468-9b59-f4e8f39732c0,efe8e2a3-eace-427b-b4f1-cb8a937ec77d,e9aa9a3e-5b2b-4ac7-a2c7-073de2b2b24f,8bbdbcdd-5cd4-4100-b6d5-b7c9625b6107,50f4348b-c883-4e2f-8f11-ce233b859fa1,fda095cb-831d-4601-ad94-846013963de8,f92806d7-1768-443f-afe8-12bcde84d0f0,dd3a144d-ab7f-41f0-82b8-2e43a090d496,f0416e68-0200-4b77-a926-4f9d16e494da,970b0598-bcb0-4714-91fb-2e81440dccd8,bcd64cc6-2dd9-43f6-abbe-66318d332032,d930590d-bb92-4cc8-8bd1-23cd027f9edf,a3cd009f-0ab0-420d-9278-b9fdab939bbc,c27215d8-6835-4b68-bfbb-bdeac6100c04,b5d6115f-0370-4d7c-aad3-c194cc71cf98,871c3b6c-7379-419d-bda3-794b239ab90d
2024-7-10 10:36:19-debug:   Number of all scripts: 39
2024-7-10 10:36:19-debug:   Number of other assets: 567
2024-7-10 10:36:19-debug:   Number of all scenes: 9
2024-7-10 10:36:19-debug: // ---- build task 查询 Asset Bundle ---- (5ms)
2024-7-10 10:36:19-debug: run build task 查询 Asset Bundle success in 5 ms√, progress: 5%
2024-7-10 10:36:19-debug: 查询 Asset Bundle start, progress: 5%
2024-7-10 10:36:19-debug: [Build Memory track]: 查询 Asset Bundle start:168.90MB, end 168.89MB, increase: -1.90KB
2024-7-10 10:36:19-debug: // ---- build task 查询 Asset Bundle ----
2024-7-10 10:36:19-debug: // ---- build task 查询 Asset Bundle ---- (2ms)
2024-7-10 10:36:19-debug: run build task 查询 Asset Bundle success in 2 ms√, progress: 10%
2024-7-10 10:36:19-debug: [Build Memory track]: 查询 Asset Bundle start:168.92MB, end 169.03MB, increase: 116.60KB
2024-7-10 10:36:19-debug: 整理部分构建选项内数据到 settings.json start, progress: 10%
2024-7-10 10:36:19-debug: // ---- build task 整理部分构建选项内数据到 settings.json ----
2024-7-10 10:36:19-debug: // ---- build task 整理部分构建选项内数据到 settings.json ---- (1ms)
2024-7-10 10:36:19-debug: run build task 整理部分构建选项内数据到 settings.json success in 1 ms√, progress: 12%
2024-7-10 10:36:19-debug: [Build Memory track]: 整理部分构建选项内数据到 settings.json start:169.04MB, end 169.06MB, increase: 17.09KB
2024-7-10 10:36:19-debug: 填充脚本数据到 settings.json start, progress: 12%
2024-7-10 10:36:19-debug: // ---- build task 填充脚本数据到 settings.json ----
2024-7-10 10:36:19-debug: run build task 填充脚本数据到 settings.json success in 1 ms√, progress: 13%
2024-7-10 10:36:19-debug: // ---- build task 填充脚本数据到 settings.json ---- (1ms)
2024-7-10 10:36:19-debug: 整理部分构建选项内数据到 settings.json start, progress: 13%
2024-7-10 10:36:19-debug: [Build Memory track]: 填充脚本数据到 settings.json start:169.07MB, end 169.09MB, increase: 14.13KB
2024-7-10 10:36:19-debug: // ---- build task 整理部分构建选项内数据到 settings.json ----
2024-7-10 10:36:19-debug: // ---- build task 整理部分构建选项内数据到 settings.json ---- (3ms)
2024-7-10 10:36:19-debug: run build task 整理部分构建选项内数据到 settings.json success in 3 ms√, progress: 15%
2024-7-10 10:36:19-debug: [Build Memory track]: 整理部分构建选项内数据到 settings.json start:169.10MB, end 169.22MB, increase: 121.35KB
2024-7-10 10:41:36-debug: refresh db internal success
2024-7-10 10:41:36-debug: refresh db assets success
2024-7-10 10:41:36-debug: Run asset db hook engine-extends:afterRefresh ...
2024-7-10 10:41:36-debug: Run asset db hook engine-extends:afterRefresh success!
2024-7-10 10:41:36-debug: asset-db:refresh-all-database (184ms)
2024-7-10 10:41:36-debug: asset-db:worker-effect-data-processing (1ms)
2024-7-10 10:41:36-debug: asset-db-hook-engine-extends-afterRefresh (1ms)
2024-7-10 10:41:44-debug: refresh db internal success
2024-7-10 10:41:44-debug: refresh db assets success
2024-7-10 10:41:44-debug: Run asset db hook engine-extends:afterRefresh ...
2024-7-10 10:41:44-debug: Run asset db hook engine-extends:afterRefresh success!
2024-7-10 10:41:44-debug: asset-db:refresh-all-database (182ms)
2024-7-10 10:41:44-debug: asset-db:worker-effect-data-processing (1ms)
2024-7-10 10:41:44-debug: asset-db-hook-engine-extends-afterRefresh (1ms)
2024-7-10 10:41:45-debug: start refresh asset from D:\TankFight\TK2\assets\Prefabs\landmine0.prefab...
2024-7-10 10:41:45-debug: %cImport%c: D:\TankFight\TK2\assets\Prefabs\landmine0.prefabbackground: #aaff85; color: #000;color: #000;
2024-7-10 10:41:45-debug: refresh asset D:\TankFight\TK2\assets\Prefabs success
2024-7-10 10:42:10-debug: start refresh asset from D:\TankFight\TK2\assets\Prefabs\landmine0.prefab...
2024-7-10 10:42:10-debug: %cImport%c: D:\TankFight\TK2\assets\Prefabs\landmine0.prefabbackground: #aaff85; color: #000;color: #000;
2024-7-10 10:42:10-debug: refresh asset D:\TankFight\TK2\assets\Prefabs success
2024-7-10 10:42:27-debug: refresh db internal success
2024-7-10 10:42:27-debug: Run asset db hook engine-extends:afterRefresh ...
2024-7-10 10:42:27-debug: refresh db assets success
2024-7-10 10:42:27-debug: Run asset db hook engine-extends:afterRefresh success!
2024-7-10 10:42:27-debug: asset-db:refresh-all-database (188ms)
2024-7-10 10:42:27-debug: asset-db-hook-engine-extends-afterRefresh (1ms)
2024-7-10 10:42:31-debug: start refresh asset from D:\TankFight\TK2\assets\Prefabs\landmine0.prefab...
2024-7-10 10:42:31-debug: %cImport%c: D:\TankFight\TK2\assets\Prefabs\landmine0.prefabbackground: #aaff85; color: #000;color: #000;
2024-7-10 10:42:31-debug: refresh asset D:\TankFight\TK2\assets\Prefabs success
2024-7-10 10:42:31-debug: refresh db internal success
2024-7-10 10:42:31-debug: refresh db assets success
2024-7-10 10:42:31-debug: Run asset db hook engine-extends:afterRefresh ...
2024-7-10 10:42:31-debug: Run asset db hook engine-extends:afterRefresh success!
2024-7-10 10:42:31-debug: asset-db:refresh-all-database (189ms)
2024-7-10 10:42:31-debug: asset-db-hook-engine-extends-afterRefresh (1ms)
2024-7-10 10:42:46-debug: refresh db internal success
2024-7-10 10:42:46-debug: refresh db assets success
2024-7-10 10:42:46-debug: Run asset db hook engine-extends:afterRefresh ...
2024-7-10 10:42:46-debug: Run asset db hook engine-extends:afterRefresh success!
2024-7-10 10:42:46-debug: asset-db:refresh-all-database (184ms)
2024-7-10 10:42:46-debug: asset-db:worker-effect-data-processing (1ms)
2024-7-10 10:42:46-debug: asset-db-hook-engine-extends-afterRefresh (1ms)
2024-7-10 10:42:47-debug: start refresh asset from D:\TankFight\TK2\assets\Prefabs\landmine1.prefab...
2024-7-10 10:42:47-debug: %cImport%c: D:\TankFight\TK2\assets\Prefabs\landmine1.prefabbackground: #aaff85; color: #000;color: #000;
2024-7-10 10:42:47-debug: refresh asset D:\TankFight\TK2\assets\Prefabs success
2024-7-10 10:42:48-debug: start refresh asset from D:\TankFight\TK2\assets\Prefabs\landmine1.prefab...
2024-7-10 10:42:48-debug: %cImport%c: D:\TankFight\TK2\assets\Prefabs\landmine1.prefabbackground: #aaff85; color: #000;color: #000;
2024-7-10 10:42:48-debug: refresh asset D:\TankFight\TK2\assets\Prefabs success
2024-7-10 10:42:52-debug: Query all assets info in project
2024-7-10 10:42:52-debug: init custom config: keepNodeUuid: false, useCache: true
2024-7-10 10:42:52-debug: 查询 Asset Bundle start, progress: 0%
2024-7-10 10:42:52-debug: // ---- build task 查询 Asset Bundle ----
2024-7-10 10:42:52-debug: Query preload assets from cc.config.json: 60f7195c-ec2a-45eb-ba94-8955f60e81d0,1c02ae6f-4492-4915-b8f8-7492a3b1e4cd,810e96e4-e456-4468-9b59-f4e8f39732c0,efe8e2a3-eace-427b-b4f1-cb8a937ec77d,e9aa9a3e-5b2b-4ac7-a2c7-073de2b2b24f,8bbdbcdd-5cd4-4100-b6d5-b7c9625b6107,50f4348b-c883-4e2f-8f11-ce233b859fa1,fda095cb-831d-4601-ad94-846013963de8,f92806d7-1768-443f-afe8-12bcde84d0f0,dd3a144d-ab7f-41f0-82b8-2e43a090d496,f0416e68-0200-4b77-a926-4f9d16e494da,970b0598-bcb0-4714-91fb-2e81440dccd8,bcd64cc6-2dd9-43f6-abbe-66318d332032,d930590d-bb92-4cc8-8bd1-23cd027f9edf,a3cd009f-0ab0-420d-9278-b9fdab939bbc,c27215d8-6835-4b68-bfbb-bdeac6100c04,b5d6115f-0370-4d7c-aad3-c194cc71cf98,871c3b6c-7379-419d-bda3-794b239ab90d
2024-7-10 10:42:52-debug:   Number of other assets: 567
2024-7-10 10:42:52-debug:   Number of all scenes: 9
2024-7-10 10:42:52-debug:   Number of all scripts: 39
2024-7-10 10:42:52-debug: // ---- build task 查询 Asset Bundle ---- (5ms)
2024-7-10 10:42:52-debug: 查询 Asset Bundle start, progress: 5%
2024-7-10 10:42:52-debug: [Build Memory track]: 查询 Asset Bundle start:174.73MB, end 174.67MB, increase: -57.42KB
2024-7-10 10:42:52-debug: // ---- build task 查询 Asset Bundle ----
2024-7-10 10:42:52-debug: run build task 查询 Asset Bundle success in 5 ms√, progress: 5%
2024-7-10 10:42:52-debug: // ---- build task 查询 Asset Bundle ---- (2ms)
2024-7-10 10:42:52-debug: [Build Memory track]: 查询 Asset Bundle start:174.68MB, end 174.80MB, increase: 116.61KB
2024-7-10 10:42:52-debug: run build task 查询 Asset Bundle success in 2 ms√, progress: 10%
2024-7-10 10:42:52-debug: 整理部分构建选项内数据到 settings.json start, progress: 10%
2024-7-10 10:42:52-debug: // ---- build task 整理部分构建选项内数据到 settings.json ----
2024-7-10 10:42:52-debug: run build task 整理部分构建选项内数据到 settings.json success in 1 ms√, progress: 12%
2024-7-10 10:42:52-debug: [Build Memory track]: 整理部分构建选项内数据到 settings.json start:174.81MB, end 174.83MB, increase: 15.50KB
2024-7-10 10:42:52-debug: // ---- build task 整理部分构建选项内数据到 settings.json ---- (1ms)
2024-7-10 10:42:52-debug: 填充脚本数据到 settings.json start, progress: 12%
2024-7-10 10:42:52-debug: run build task 填充脚本数据到 settings.json success in √, progress: 13%
2024-7-10 10:42:52-debug: // ---- build task 填充脚本数据到 settings.json ----
2024-7-10 10:42:52-debug: [Build Memory track]: 填充脚本数据到 settings.json start:174.84MB, end 174.85MB, increase: 10.54KB
2024-7-10 10:42:52-debug: 整理部分构建选项内数据到 settings.json start, progress: 13%
2024-7-10 10:42:52-debug: // ---- build task 整理部分构建选项内数据到 settings.json ----
2024-7-10 10:42:52-debug: // ---- build task 整理部分构建选项内数据到 settings.json ---- (3ms)
2024-7-10 10:42:52-debug: run build task 整理部分构建选项内数据到 settings.json success in 3 ms√, progress: 15%
2024-7-10 10:42:52-debug: [Build Memory track]: 整理部分构建选项内数据到 settings.json start:174.86MB, end 174.98MB, increase: 121.55KB
2024-7-10 10:51:42-debug: refresh db internal success
2024-7-10 10:51:42-debug: refresh db assets success
2024-7-10 10:51:42-debug: Run asset db hook engine-extends:afterRefresh ...
2024-7-10 10:51:42-debug: Run asset db hook engine-extends:afterRefresh success!
2024-7-10 10:51:42-debug: asset-db:refresh-all-database (233ms)
2024-7-10 10:51:42-debug: asset-db:worker-effect-data-processing (2ms)
2024-7-10 10:51:42-debug: asset-db-hook-engine-extends-afterRefresh (3ms)
2024-7-10 11:01:04-debug: refresh db internal success
2024-7-10 11:01:04-debug: %cImport%c: D:\TankFight\TK2\assets\Scripts\log.tsbackground: #aaff85; color: #000;color: #000;
2024-7-10 11:01:04-debug: %cImport%c: D:\TankFight\TK2\assets\Scripts\select.tsbackground: #aaff85; color: #000;color: #000;
2024-7-10 11:01:04-debug: refresh db assets success
2024-7-10 11:01:04-debug: Run asset db hook engine-extends:afterRefresh ...
2024-7-10 11:01:04-debug: Run asset db hook engine-extends:afterRefresh success!
2024-7-10 11:01:04-debug: asset-db:refresh-all-database (231ms)
2024-7-10 11:01:04-debug: asset-db:worker-effect-data-processing (2ms)
2024-7-10 11:01:04-debug: asset-db-hook-engine-extends-afterRefresh (3ms)
2024-7-10 11:03:59-debug: refresh db internal success
2024-7-10 11:03:59-debug: %cImport%c: D:\TankFight\TK2\assets\Scripts\log.tsbackground: #aaff85; color: #000;color: #000;
2024-7-10 11:03:59-debug: %cImport%c: D:\TankFight\TK2\assets\Scripts\select.tsbackground: #aaff85; color: #000;color: #000;
2024-7-10 11:03:59-debug: refresh db assets success
2024-7-10 11:03:59-debug: Run asset db hook engine-extends:afterRefresh ...
2024-7-10 11:03:59-debug: Run asset db hook engine-extends:afterRefresh success!
2024-7-10 11:03:59-debug: asset-db:refresh-all-database (168ms)
2024-7-10 11:03:59-debug: asset-db:worker-effect-data-processing (1ms)
2024-7-10 11:03:59-debug: asset-db-hook-engine-extends-afterRefresh (1ms)
2024-7-10 11:04:08-debug: Query all assets info in project
2024-7-10 11:04:08-debug: init custom config: keepNodeUuid: false, useCache: true
2024-7-10 11:04:08-debug: 查询 Asset Bundle start, progress: 0%
2024-7-10 11:04:08-debug: // ---- build task 查询 Asset Bundle ----
2024-7-10 11:04:08-debug: Query preload assets from cc.config.json: 60f7195c-ec2a-45eb-ba94-8955f60e81d0,1c02ae6f-4492-4915-b8f8-7492a3b1e4cd,810e96e4-e456-4468-9b59-f4e8f39732c0,efe8e2a3-eace-427b-b4f1-cb8a937ec77d,e9aa9a3e-5b2b-4ac7-a2c7-073de2b2b24f,8bbdbcdd-5cd4-4100-b6d5-b7c9625b6107,50f4348b-c883-4e2f-8f11-ce233b859fa1,fda095cb-831d-4601-ad94-846013963de8,f92806d7-1768-443f-afe8-12bcde84d0f0,dd3a144d-ab7f-41f0-82b8-2e43a090d496,f0416e68-0200-4b77-a926-4f9d16e494da,970b0598-bcb0-4714-91fb-2e81440dccd8,bcd64cc6-2dd9-43f6-abbe-66318d332032,d930590d-bb92-4cc8-8bd1-23cd027f9edf,a3cd009f-0ab0-420d-9278-b9fdab939bbc,c27215d8-6835-4b68-bfbb-bdeac6100c04,b5d6115f-0370-4d7c-aad3-c194cc71cf98,871c3b6c-7379-419d-bda3-794b239ab90d
2024-7-10 11:04:08-debug:   Number of all scenes: 9
2024-7-10 11:04:08-debug:   Number of all scripts: 39
2024-7-10 11:04:08-debug:   Number of other assets: 567
2024-7-10 11:04:08-debug: // ---- build task 查询 Asset Bundle ---- (7ms)
2024-7-10 11:04:08-debug: run build task 查询 Asset Bundle success in 7 ms√, progress: 5%
2024-7-10 11:04:08-debug: [Build Memory track]: 查询 Asset Bundle start:179.10MB, end 178.96MB, increase: -144.75KB
2024-7-10 11:04:08-debug: // ---- build task 查询 Asset Bundle ----
2024-7-10 11:04:08-debug: 查询 Asset Bundle start, progress: 5%
2024-7-10 11:04:08-debug: // ---- build task 查询 Asset Bundle ---- (2ms)
2024-7-10 11:04:08-debug: run build task 查询 Asset Bundle success in 2 ms√, progress: 10%
2024-7-10 11:04:08-debug: 整理部分构建选项内数据到 settings.json start, progress: 10%
2024-7-10 11:04:08-debug: [Build Memory track]: 查询 Asset Bundle start:178.97MB, end 179.08MB, increase: 105.27KB
2024-7-10 11:04:08-debug: // ---- build task 整理部分构建选项内数据到 settings.json ----
2024-7-10 11:04:08-debug: run build task 整理部分构建选项内数据到 settings.json success in 1 ms√, progress: 12%
2024-7-10 11:04:08-debug: // ---- build task 整理部分构建选项内数据到 settings.json ---- (1ms)
2024-7-10 11:04:08-debug: 填充脚本数据到 settings.json start, progress: 12%
2024-7-10 11:04:08-debug: [Build Memory track]: 整理部分构建选项内数据到 settings.json start:179.09MB, end 179.11MB, increase: 15.20KB
2024-7-10 11:04:08-debug: // ---- build task 填充脚本数据到 settings.json ----
2024-7-10 11:04:08-debug: // ---- build task 填充脚本数据到 settings.json ---- (1ms)
2024-7-10 11:04:08-debug: [Build Memory track]: 填充脚本数据到 settings.json start:179.12MB, end 179.13MB, increase: 15.96KB
2024-7-10 11:04:08-debug: run build task 填充脚本数据到 settings.json success in 1 ms√, progress: 13%
2024-7-10 11:04:08-debug: 整理部分构建选项内数据到 settings.json start, progress: 13%
2024-7-10 11:04:08-debug: // ---- build task 整理部分构建选项内数据到 settings.json ----
2024-7-10 11:04:08-debug: run build task 整理部分构建选项内数据到 settings.json success in 3 ms√, progress: 15%
2024-7-10 11:04:08-debug: [Build Memory track]: 整理部分构建选项内数据到 settings.json start:179.15MB, end 178.44MB, increase: -729.13KB
2024-7-10 11:04:08-debug: // ---- build task 整理部分构建选项内数据到 settings.json ---- (3ms)
2024-7-10 11:06:02-debug: refresh db internal success
2024-7-10 11:06:02-debug: refresh db assets success
2024-7-10 11:06:02-debug: Run asset db hook engine-extends:afterRefresh ...
2024-7-10 11:06:02-debug: Run asset db hook engine-extends:afterRefresh success!
2024-7-10 11:06:02-debug: asset-db:refresh-all-database (172ms)
2024-7-10 11:06:02-debug: asset-db:worker-effect-data-processing (1ms)
2024-7-10 11:06:02-debug: asset-db-hook-engine-extends-afterRefresh (1ms)
2024-7-10 11:06:29-debug: refresh db internal success
2024-7-10 11:06:29-debug: refresh db assets success
2024-7-10 11:06:29-debug: Run asset db hook engine-extends:afterRefresh ...
2024-7-10 11:06:29-debug: Run asset db hook engine-extends:afterRefresh success!
2024-7-10 11:06:29-debug: asset-db:refresh-all-database (174ms)
2024-7-10 11:06:29-debug: asset-db-hook-engine-extends-afterRefresh (1ms)
2024-7-10 11:09:49-debug: refresh db internal success
2024-7-10 11:09:49-debug: refresh db assets success
2024-7-10 11:09:49-debug: Run asset db hook engine-extends:afterRefresh ...
2024-7-10 11:09:49-debug: Run asset db hook engine-extends:afterRefresh success!
2024-7-10 11:09:49-debug: asset-db:refresh-all-database (176ms)
2024-7-10 11:09:49-debug: asset-db-hook-engine-extends-afterRefresh (1ms)
2024-7-10 11:09:55-debug: refresh db internal success
2024-7-10 11:09:55-debug: refresh db assets success
2024-7-10 11:09:55-debug: Run asset db hook engine-extends:afterRefresh ...
2024-7-10 11:09:55-debug: Run asset db hook engine-extends:afterRefresh success!
2024-7-10 11:09:55-debug: asset-db:refresh-all-database (224ms)
2024-7-10 11:09:55-debug: asset-db-hook-engine-extends-afterRefresh (1ms)
2024-7-10 11:11:07-debug: refresh db internal success
2024-7-10 11:11:08-debug: %cImport%c: D:\TankFight\TK2\assets\Scripts\log.tsbackground: #aaff85; color: #000;color: #000;
2024-7-10 11:11:08-debug: refresh db assets success
2024-7-10 11:11:08-debug: Run asset db hook engine-extends:afterRefresh success!
2024-7-10 11:11:08-debug: Run asset db hook engine-extends:afterRefresh ...
2024-7-10 11:11:08-debug: asset-db:refresh-all-database (174ms)
2024-7-10 11:11:08-debug: asset-db:worker-effect-data-processing (1ms)
2024-7-10 11:11:08-debug: asset-db-hook-engine-extends-afterRefresh (1ms)
2024-7-10 11:20:01-debug: refresh db internal success
2024-7-10 11:20:01-debug: refresh db assets success
2024-7-10 11:20:01-debug: Run asset db hook engine-extends:afterRefresh ...
2024-7-10 11:20:01-debug: Run asset db hook engine-extends:afterRefresh success!
2024-7-10 11:20:01-debug: asset-db:refresh-all-database (212ms)
2024-7-10 11:20:01-debug: asset-db:worker-effect-data-processing (2ms)
2024-7-10 11:20:01-debug: asset-db-hook-engine-extends-afterRefresh (4ms)
2024-7-10 11:20:18-debug: refresh db internal success
2024-7-10 11:20:18-debug: refresh db assets success
2024-7-10 11:20:18-debug: Run asset db hook engine-extends:afterRefresh ...
2024-7-10 11:20:18-debug: Run asset db hook engine-extends:afterRefresh success!
2024-7-10 11:20:18-debug: asset-db:refresh-all-database (161ms)
2024-7-10 11:20:18-debug: asset-db:worker-effect-data-processing (1ms)
2024-7-10 11:20:18-debug: asset-db-hook-engine-extends-afterRefresh (1ms)
2024-7-10 11:20:21-debug: refresh db internal success
2024-7-10 11:20:21-debug: refresh db assets success
2024-7-10 11:20:21-debug: Run asset db hook engine-extends:afterRefresh ...
2024-7-10 11:20:21-debug: Run asset db hook engine-extends:afterRefresh success!
2024-7-10 11:20:21-debug: asset-db:refresh-all-database (162ms)
2024-7-10 11:20:21-debug: asset-db:worker-effect-data-processing (1ms)
2024-7-10 11:20:21-debug: asset-db-hook-engine-extends-afterRefresh (1ms)
2024-7-10 11:20:36-debug: refresh db internal success
2024-7-10 11:20:36-debug: %cImport%c: D:\TankFight\TK2\assets\Audio\bulletAudio\shoot.mp3background: #aaff85; color: #000;color: #000;
2024-7-10 11:20:36-debug: %cImport%c: D:\TankFight\TK2\assets\Audio\bulletAudiobackground: #aaff85; color: #000;color: #000;
2024-7-10 11:20:36-debug: refresh db assets success
2024-7-10 11:20:36-debug: Run asset db hook engine-extends:afterRefresh ...
2024-7-10 11:20:36-debug: Run asset db hook engine-extends:afterRefresh success!
2024-7-10 11:20:36-debug: asset-db:refresh-all-database (209ms)
2024-7-10 11:20:36-debug: asset-db:worker-effect-data-processing (1ms)
2024-7-10 11:20:36-debug: asset-db-hook-engine-extends-afterRefresh (2ms)
2024-7-10 11:20:41-debug: start refresh asset from D:\TankFight\TK2\assets\Scenes\select.scene...
2024-7-10 11:20:41-debug: %cImport%c: D:\TankFight\TK2\assets\Scenes\select.scenebackground: #aaff85; color: #000;color: #000;
2024-7-10 11:20:41-debug: refresh asset D:\TankFight\TK2\assets\Scenes success
2024-7-10 11:21:12-debug: refresh db internal success
2024-7-10 11:21:12-debug: refresh db assets success
2024-7-10 11:21:12-debug: Run asset db hook engine-extends:afterRefresh ...
2024-7-10 11:21:12-debug: Run asset db hook engine-extends:afterRefresh success!
2024-7-10 11:21:12-debug: asset-db:refresh-all-database (201ms)
2024-7-10 11:21:12-debug: asset-db:worker-effect-data-processing (3ms)
2024-7-10 11:21:12-debug: asset-db-hook-engine-extends-afterRefresh (3ms)
2024-7-10 11:21:13-debug: start refresh asset from D:\TankFight\TK2\assets\map\alonemap2.scene...
2024-7-10 11:21:13-debug: %cImport%c: D:\TankFight\TK2\assets\map\alonemap2.scenebackground: #aaff85; color: #000;color: #000;
2024-7-10 11:21:13-debug: refresh asset D:\TankFight\TK2\assets\map success
2024-7-10 11:21:26-debug: refresh db internal success
2024-7-10 11:21:26-debug: refresh db assets success
2024-7-10 11:21:26-debug: Run asset db hook engine-extends:afterRefresh ...
2024-7-10 11:21:26-debug: Run asset db hook engine-extends:afterRefresh success!
2024-7-10 11:21:26-debug: asset-db:worker-effect-data-processing (1ms)
2024-7-10 11:21:26-debug: asset-db:refresh-all-database (188ms)
2024-7-10 11:21:26-debug: asset-db-hook-engine-extends-afterRefresh (1ms)
2024-7-10 11:21:32-debug: Query all assets info in project
2024-7-10 11:21:32-debug: init custom config: keepNodeUuid: false, useCache: true
2024-7-10 11:21:32-debug: 查询 Asset Bundle start, progress: 0%
2024-7-10 11:21:32-debug: // ---- build task 查询 Asset Bundle ----
2024-7-10 11:21:32-debug: Query preload assets from cc.config.json: 60f7195c-ec2a-45eb-ba94-8955f60e81d0,1c02ae6f-4492-4915-b8f8-7492a3b1e4cd,810e96e4-e456-4468-9b59-f4e8f39732c0,efe8e2a3-eace-427b-b4f1-cb8a937ec77d,e9aa9a3e-5b2b-4ac7-a2c7-073de2b2b24f,8bbdbcdd-5cd4-4100-b6d5-b7c9625b6107,50f4348b-c883-4e2f-8f11-ce233b859fa1,fda095cb-831d-4601-ad94-846013963de8,f92806d7-1768-443f-afe8-12bcde84d0f0,dd3a144d-ab7f-41f0-82b8-2e43a090d496,f0416e68-0200-4b77-a926-4f9d16e494da,970b0598-bcb0-4714-91fb-2e81440dccd8,bcd64cc6-2dd9-43f6-abbe-66318d332032,d930590d-bb92-4cc8-8bd1-23cd027f9edf,a3cd009f-0ab0-420d-9278-b9fdab939bbc,c27215d8-6835-4b68-bfbb-bdeac6100c04,b5d6115f-0370-4d7c-aad3-c194cc71cf98,871c3b6c-7379-419d-bda3-794b239ab90d
2024-7-10 11:21:32-debug:   Number of other assets: 568
2024-7-10 11:21:32-debug:   Number of all scripts: 39
2024-7-10 11:21:32-debug:   Number of all scenes: 9
2024-7-10 11:21:32-debug: // ---- build task 查询 Asset Bundle ---- (9ms)
2024-7-10 11:21:32-debug: run build task 查询 Asset Bundle success in 9 ms√, progress: 5%
2024-7-10 11:21:32-debug: [Build Memory track]: 查询 Asset Bundle start:172.85MB, end 172.75MB, increase: -101.17KB
2024-7-10 11:21:32-debug: 查询 Asset Bundle start, progress: 5%
2024-7-10 11:21:32-debug: // ---- build task 查询 Asset Bundle ----
2024-7-10 11:21:32-debug: // ---- build task 查询 Asset Bundle ---- (2ms)
2024-7-10 11:21:32-debug: run build task 查询 Asset Bundle success in 2 ms√, progress: 10%
2024-7-10 11:21:32-debug: 整理部分构建选项内数据到 settings.json start, progress: 10%
2024-7-10 11:21:32-debug: // ---- build task 整理部分构建选项内数据到 settings.json ----
2024-7-10 11:21:32-debug: [Build Memory track]: 查询 Asset Bundle start:172.76MB, end 172.86MB, increase: 105.37KB
2024-7-10 11:21:32-debug: run build task 整理部分构建选项内数据到 settings.json success in √, progress: 12%
2024-7-10 11:21:32-debug: [Build Memory track]: 整理部分构建选项内数据到 settings.json start:172.88MB, end 172.89MB, increase: 10.63KB
2024-7-10 11:21:32-debug: 填充脚本数据到 settings.json start, progress: 12%
2024-7-10 11:21:32-debug: // ---- build task 填充脚本数据到 settings.json ----
2024-7-10 11:21:32-debug: // ---- build task 填充脚本数据到 settings.json ---- (1ms)
2024-7-10 11:21:32-debug: [Build Memory track]: 填充脚本数据到 settings.json start:172.90MB, end 172.92MB, increase: 15.82KB
2024-7-10 11:21:32-debug: run build task 填充脚本数据到 settings.json success in 1 ms√, progress: 13%
2024-7-10 11:21:32-debug: 整理部分构建选项内数据到 settings.json start, progress: 13%
2024-7-10 11:21:32-debug: // ---- build task 整理部分构建选项内数据到 settings.json ----
2024-7-10 11:21:32-debug: // ---- build task 整理部分构建选项内数据到 settings.json ---- (4ms)
2024-7-10 11:21:32-debug: run build task 整理部分构建选项内数据到 settings.json success in 4 ms√, progress: 15%
2024-7-10 11:21:32-debug: [Build Memory track]: 整理部分构建选项内数据到 settings.json start:172.93MB, end 173.05MB, increase: 123.17KB
2024-7-10 11:22:12-debug: refresh db internal success
2024-7-10 11:22:12-debug: refresh db assets success
2024-7-10 11:22:12-debug: Run asset db hook engine-extends:afterRefresh ...
2024-7-10 11:22:12-debug: Run asset db hook engine-extends:afterRefresh success!
2024-7-10 11:22:12-debug: asset-db:refresh-all-database (189ms)
2024-7-10 11:22:12-debug: asset-db:worker-effect-data-processing (1ms)
2024-7-10 11:22:12-debug: asset-db-hook-engine-extends-afterRefresh (2ms)
2024-7-10 11:22:13-debug: start refresh asset from D:\TankFight\TK2\assets\Prefabs\bulletnode0.prefab...
2024-7-10 11:22:13-debug: %cImport%c: D:\TankFight\TK2\assets\Prefabs\bulletnode0.prefabbackground: #aaff85; color: #000;color: #000;
2024-7-10 11:22:13-debug: refresh asset D:\TankFight\TK2\assets\Prefabs success
2024-7-10 11:22:19-debug: start refresh asset from D:\TankFight\TK2\assets\Prefabs\bulletnode1.prefab...
2024-7-10 11:22:19-debug: %cImport%c: D:\TankFight\TK2\assets\Prefabs\bulletnode1.prefabbackground: #aaff85; color: #000;color: #000;
2024-7-10 11:22:19-debug: refresh asset D:\TankFight\TK2\assets\Prefabs success
2024-7-10 11:22:22-debug: refresh db internal success
2024-7-10 11:22:22-debug: Run asset db hook engine-extends:afterRefresh ...
2024-7-10 11:22:22-debug: refresh db assets success
2024-7-10 11:22:22-debug: Run asset db hook engine-extends:afterRefresh success!
2024-7-10 11:22:22-debug: asset-db:refresh-all-database (266ms)
2024-7-10 11:22:22-debug: asset-db:worker-effect-data-processing (1ms)
2024-7-10 11:22:22-debug: asset-db-hook-engine-extends-afterRefresh (2ms)
2024-7-10 11:22:24-debug: Query all assets info in project
2024-7-10 11:22:24-debug: init custom config: keepNodeUuid: false, useCache: true
2024-7-10 11:22:24-debug: 查询 Asset Bundle start, progress: 0%
2024-7-10 11:22:24-debug: // ---- build task 查询 Asset Bundle ----
2024-7-10 11:22:24-debug: Query preload assets from cc.config.json: 60f7195c-ec2a-45eb-ba94-8955f60e81d0,1c02ae6f-4492-4915-b8f8-7492a3b1e4cd,810e96e4-e456-4468-9b59-f4e8f39732c0,efe8e2a3-eace-427b-b4f1-cb8a937ec77d,e9aa9a3e-5b2b-4ac7-a2c7-073de2b2b24f,8bbdbcdd-5cd4-4100-b6d5-b7c9625b6107,50f4348b-c883-4e2f-8f11-ce233b859fa1,fda095cb-831d-4601-ad94-846013963de8,f92806d7-1768-443f-afe8-12bcde84d0f0,dd3a144d-ab7f-41f0-82b8-2e43a090d496,f0416e68-0200-4b77-a926-4f9d16e494da,970b0598-bcb0-4714-91fb-2e81440dccd8,bcd64cc6-2dd9-43f6-abbe-66318d332032,d930590d-bb92-4cc8-8bd1-23cd027f9edf,a3cd009f-0ab0-420d-9278-b9fdab939bbc,c27215d8-6835-4b68-bfbb-bdeac6100c04,b5d6115f-0370-4d7c-aad3-c194cc71cf98,871c3b6c-7379-419d-bda3-794b239ab90d
2024-7-10 11:22:24-debug:   Number of all scenes: 9
2024-7-10 11:22:24-debug:   Number of all scripts: 39
2024-7-10 11:22:24-debug:   Number of other assets: 568
2024-7-10 11:22:24-debug: // ---- build task 查询 Asset Bundle ---- (5ms)
2024-7-10 11:22:24-debug: run build task 查询 Asset Bundle success in 5 ms√, progress: 5%
2024-7-10 11:22:24-debug: [Build Memory track]: 查询 Asset Bundle start:175.64MB, end 175.49MB, increase: -150.06KB
2024-7-10 11:22:24-debug: 查询 Asset Bundle start, progress: 5%
2024-7-10 11:22:24-debug: // ---- build task 查询 Asset Bundle ----
2024-7-10 11:22:24-debug: // ---- build task 查询 Asset Bundle ---- (2ms)
2024-7-10 11:22:24-debug: run build task 查询 Asset Bundle success in 2 ms√, progress: 10%
2024-7-10 11:22:24-debug: 整理部分构建选项内数据到 settings.json start, progress: 10%
2024-7-10 11:22:24-debug: [Build Memory track]: 查询 Asset Bundle start:175.51MB, end 175.61MB, increase: 105.71KB
2024-7-10 11:22:24-debug: // ---- build task 整理部分构建选项内数据到 settings.json ----
2024-7-10 11:22:24-debug: run build task 整理部分构建选项内数据到 settings.json success in √, progress: 12%
2024-7-10 11:22:24-debug: [Build Memory track]: 整理部分构建选项内数据到 settings.json start:175.62MB, end 175.63MB, increase: 10.64KB
2024-7-10 11:22:24-debug: 填充脚本数据到 settings.json start, progress: 12%
2024-7-10 11:22:24-debug: // ---- build task 填充脚本数据到 settings.json ----
2024-7-10 11:22:24-debug: // ---- build task 填充脚本数据到 settings.json ---- (1ms)
2024-7-10 11:22:24-debug: [Build Memory track]: 填充脚本数据到 settings.json start:175.65MB, end 175.66MB, increase: 15.50KB
2024-7-10 11:22:24-debug: 整理部分构建选项内数据到 settings.json start, progress: 13%
2024-7-10 11:22:24-debug: run build task 填充脚本数据到 settings.json success in 1 ms√, progress: 13%
2024-7-10 11:22:24-debug: // ---- build task 整理部分构建选项内数据到 settings.json ----
2024-7-10 11:22:24-debug: // ---- build task 整理部分构建选项内数据到 settings.json ---- (3ms)
2024-7-10 11:22:24-debug: run build task 整理部分构建选项内数据到 settings.json success in 3 ms√, progress: 15%
2024-7-10 11:22:24-debug: [Build Memory track]: 整理部分构建选项内数据到 settings.json start:175.68MB, end 175.81MB, increase: 133.11KB
2024-7-10 11:29:51-debug: refresh db internal success
2024-7-10 11:29:51-debug: refresh db assets success
2024-7-10 11:29:51-debug: Run asset db hook engine-extends:afterRefresh ...
2024-7-10 11:29:51-debug: Run asset db hook engine-extends:afterRefresh success!
2024-7-10 11:29:51-debug: asset-db:refresh-all-database (249ms)
2024-7-10 11:29:51-debug: asset-db:worker-effect-data-processing (3ms)
2024-7-10 11:29:51-debug: asset-db-hook-engine-extends-afterRefresh (3ms)
2024-7-10 11:29:56-debug: start refresh asset from D:\TankFight\TK2\assets\Prefabs\bulletnode1.prefab...
2024-7-10 11:29:56-debug: %cImport%c: D:\TankFight\TK2\assets\Prefabs\bulletnode1.prefabbackground: #aaff85; color: #000;color: #000;
2024-7-10 11:29:56-debug: refresh asset D:\TankFight\TK2\assets\Prefabs success
2024-7-10 11:29:56-debug: refresh db internal success
2024-7-10 11:29:56-debug: refresh db assets success
2024-7-10 11:29:56-debug: Run asset db hook engine-extends:afterRefresh ...
2024-7-10 11:29:56-debug: Run asset db hook engine-extends:afterRefresh success!
2024-7-10 11:29:56-debug: asset-db:refresh-all-database (226ms)
2024-7-10 11:29:56-debug: asset-db:worker-effect-data-processing (1ms)
2024-7-10 11:29:56-debug: asset-db-hook-engine-extends-afterRefresh (1ms)
2024-7-10 11:30:00-debug: start refresh asset from D:\TankFight\TK2\assets\map\alonemap2.scene...
2024-7-10 11:30:00-debug: %cImport%c: D:\TankFight\TK2\assets\map\alonemap2.scenebackground: #aaff85; color: #000;color: #000;
2024-7-10 11:30:00-debug: refresh asset D:\TankFight\TK2\assets\map success
2024-7-10 11:30:00-debug: refresh db internal success
2024-7-10 11:30:00-debug: refresh db assets success
2024-7-10 11:30:00-debug: Run asset db hook engine-extends:afterRefresh ...
2024-7-10 11:30:00-debug: Run asset db hook engine-extends:afterRefresh success!
2024-7-10 11:30:00-debug: asset-db:refresh-all-database (169ms)
2024-7-10 11:30:00-debug: asset-db:worker-effect-data-processing (1ms)
2024-7-10 11:30:00-debug: asset-db-hook-engine-extends-afterRefresh (2ms)
2024-7-10 11:31:21-debug: refresh db internal success
2024-7-10 11:31:21-debug: refresh db assets success
2024-7-10 11:31:21-debug: Run asset db hook engine-extends:afterRefresh ...
2024-7-10 11:31:21-debug: Run asset db hook engine-extends:afterRefresh success!
2024-7-10 11:31:21-debug: asset-db:worker-effect-data-processing (2ms)
2024-7-10 11:31:21-debug: asset-db:refresh-all-database (191ms)
2024-7-10 11:31:21-debug: asset-db-hook-engine-extends-afterRefresh (2ms)
2024-7-10 11:36:31-debug: refresh db internal success
2024-7-10 11:36:31-debug: %cImport%c: D:\TankFight\TK2\assets\Scripts\select.tsbackground: #aaff85; color: #000;color: #000;
2024-7-10 11:36:31-debug: refresh db assets success
2024-7-10 11:36:31-debug: Run asset db hook engine-extends:afterRefresh ...
2024-7-10 11:36:31-debug: Run asset db hook engine-extends:afterRefresh success!
2024-7-10 11:36:31-debug: asset-db:refresh-all-database (232ms)
2024-7-10 11:36:31-debug: asset-db:worker-effect-data-processing (1ms)
2024-7-10 11:36:31-debug: asset-db-hook-engine-extends-afterRefresh (2ms)
2024-7-10 11:41:49-debug: refresh db internal success
2024-7-10 11:41:49-debug: refresh db assets success
2024-7-10 11:41:49-debug: Run asset db hook engine-extends:afterRefresh ...
2024-7-10 11:41:49-debug: Run asset db hook engine-extends:afterRefresh success!
2024-7-10 11:41:49-debug: asset-db:refresh-all-database (168ms)
2024-7-10 11:41:49-debug: asset-db:worker-effect-data-processing (1ms)
2024-7-10 11:41:49-debug: asset-db-hook-engine-extends-afterRefresh (1ms)
2024-7-10 11:42:20-debug: refresh db internal success
2024-7-10 11:42:20-debug: %cImport%c: D:\TankFight\TK2\assets\Scripts\log.tsbackground: #aaff85; color: #000;color: #000;
2024-7-10 11:42:20-debug: refresh db assets success
2024-7-10 11:42:20-debug: Run asset db hook engine-extends:afterRefresh ...
2024-7-10 11:42:20-debug: Run asset db hook engine-extends:afterRefresh success!
2024-7-10 11:42:20-debug: asset-db:refresh-all-database (181ms)
2024-7-10 11:42:23-debug: refresh db internal success
2024-7-10 11:42:23-debug: refresh db assets success
2024-7-10 11:42:23-debug: Run asset db hook engine-extends:afterRefresh ...
2024-7-10 11:42:23-debug: Run asset db hook engine-extends:afterRefresh success!
2024-7-10 11:42:23-debug: asset-db:refresh-all-database (179ms)
2024-7-10 11:42:23-debug: asset-db:worker-effect-data-processing (1ms)
2024-7-10 11:42:23-debug: asset-db-hook-engine-extends-afterRefresh (1ms)
2024-7-10 11:42:27-debug: Query all assets info in project
2024-7-10 11:42:27-debug: init custom config: keepNodeUuid: false, useCache: true
2024-7-10 11:42:27-debug: 查询 Asset Bundle start, progress: 0%
2024-7-10 11:42:27-debug: // ---- build task 查询 Asset Bundle ----
2024-7-10 11:42:27-debug: Query preload assets from cc.config.json: 60f7195c-ec2a-45eb-ba94-8955f60e81d0,1c02ae6f-4492-4915-b8f8-7492a3b1e4cd,810e96e4-e456-4468-9b59-f4e8f39732c0,efe8e2a3-eace-427b-b4f1-cb8a937ec77d,e9aa9a3e-5b2b-4ac7-a2c7-073de2b2b24f,8bbdbcdd-5cd4-4100-b6d5-b7c9625b6107,50f4348b-c883-4e2f-8f11-ce233b859fa1,fda095cb-831d-4601-ad94-846013963de8,f92806d7-1768-443f-afe8-12bcde84d0f0,dd3a144d-ab7f-41f0-82b8-2e43a090d496,f0416e68-0200-4b77-a926-4f9d16e494da,970b0598-bcb0-4714-91fb-2e81440dccd8,bcd64cc6-2dd9-43f6-abbe-66318d332032,d930590d-bb92-4cc8-8bd1-23cd027f9edf,a3cd009f-0ab0-420d-9278-b9fdab939bbc,c27215d8-6835-4b68-bfbb-bdeac6100c04,b5d6115f-0370-4d7c-aad3-c194cc71cf98,871c3b6c-7379-419d-bda3-794b239ab90d
2024-7-10 11:42:27-debug:   Number of all scenes: 9
2024-7-10 11:42:27-debug:   Number of other assets: 568
2024-7-10 11:42:27-debug:   Number of all scripts: 39
2024-7-10 11:42:27-debug: // ---- build task 查询 Asset Bundle ---- (8ms)
2024-7-10 11:42:27-debug: [Build Memory track]: 查询 Asset Bundle start:171.08MB, end 171.85MB, increase: 795.63KB
2024-7-10 11:42:27-debug: run build task 查询 Asset Bundle success in 8 ms√, progress: 5%
2024-7-10 11:42:27-debug: 查询 Asset Bundle start, progress: 5%
2024-7-10 11:42:27-debug: // ---- build task 查询 Asset Bundle ----
2024-7-10 11:42:27-debug: // ---- build task 查询 Asset Bundle ---- (1ms)
2024-7-10 11:42:27-debug: run build task 查询 Asset Bundle success in 1 ms√, progress: 10%
2024-7-10 11:42:27-debug: 整理部分构建选项内数据到 settings.json start, progress: 10%
2024-7-10 11:42:27-debug: // ---- build task 整理部分构建选项内数据到 settings.json ----
2024-7-10 11:42:27-debug: [Build Memory track]: 查询 Asset Bundle start:171.87MB, end 171.97MB, increase: 105.36KB
2024-7-10 11:42:27-debug: run build task 整理部分构建选项内数据到 settings.json success in √, progress: 12%
2024-7-10 11:42:27-debug: [Build Memory track]: 整理部分构建选项内数据到 settings.json start:171.98MB, end 171.99MB, increase: 11.28KB
2024-7-10 11:42:27-debug: 填充脚本数据到 settings.json start, progress: 12%
2024-7-10 11:42:27-debug: // ---- build task 填充脚本数据到 settings.json ----
2024-7-10 11:42:27-debug: run build task 填充脚本数据到 settings.json success in √, progress: 13%
2024-7-10 11:42:27-debug: [Build Memory track]: 填充脚本数据到 settings.json start:172.01MB, end 172.02MB, increase: 11.28KB
2024-7-10 11:42:27-debug: // ---- build task 整理部分构建选项内数据到 settings.json ----
2024-7-10 11:42:27-debug: 整理部分构建选项内数据到 settings.json start, progress: 13%
2024-7-10 11:42:27-debug: // ---- build task 整理部分构建选项内数据到 settings.json ---- (3ms)
2024-7-10 11:42:27-debug: run build task 整理部分构建选项内数据到 settings.json success in 3 ms√, progress: 15%
2024-7-10 11:42:27-debug: [Build Memory track]: 整理部分构建选项内数据到 settings.json start:172.03MB, end 172.16MB, increase: 126.72KB
2024-7-10 11:42:37-debug: Query all assets info in project
2024-7-10 11:42:37-debug: init custom config: keepNodeUuid: false, useCache: true
2024-7-10 11:42:37-debug: 查询 Asset Bundle start, progress: 0%
2024-7-10 11:42:37-debug: // ---- build task 查询 Asset Bundle ----
2024-7-10 11:42:37-debug: Query preload assets from cc.config.json: 60f7195c-ec2a-45eb-ba94-8955f60e81d0,1c02ae6f-4492-4915-b8f8-7492a3b1e4cd,810e96e4-e456-4468-9b59-f4e8f39732c0,efe8e2a3-eace-427b-b4f1-cb8a937ec77d,e9aa9a3e-5b2b-4ac7-a2c7-073de2b2b24f,8bbdbcdd-5cd4-4100-b6d5-b7c9625b6107,50f4348b-c883-4e2f-8f11-ce233b859fa1,fda095cb-831d-4601-ad94-846013963de8,f92806d7-1768-443f-afe8-12bcde84d0f0,dd3a144d-ab7f-41f0-82b8-2e43a090d496,f0416e68-0200-4b77-a926-4f9d16e494da,970b0598-bcb0-4714-91fb-2e81440dccd8,bcd64cc6-2dd9-43f6-abbe-66318d332032,d930590d-bb92-4cc8-8bd1-23cd027f9edf,a3cd009f-0ab0-420d-9278-b9fdab939bbc,c27215d8-6835-4b68-bfbb-bdeac6100c04,b5d6115f-0370-4d7c-aad3-c194cc71cf98,871c3b6c-7379-419d-bda3-794b239ab90d
2024-7-10 11:42:37-debug:   Number of all scenes: 9
2024-7-10 11:42:37-debug:   Number of all scripts: 39
2024-7-10 11:42:37-debug:   Number of other assets: 568
2024-7-10 11:42:37-debug: // ---- build task 查询 Asset Bundle ---- (6ms)
2024-7-10 11:42:37-debug: [Build Memory track]: 查询 Asset Bundle start:171.44MB, end 171.32MB, increase: -124.54KB
2024-7-10 11:42:37-debug: run build task 查询 Asset Bundle success in 6 ms√, progress: 5%
2024-7-10 11:42:37-debug: 查询 Asset Bundle start, progress: 5%
2024-7-10 11:42:37-debug: // ---- build task 查询 Asset Bundle ----
2024-7-10 11:42:37-debug: // ---- build task 查询 Asset Bundle ---- (2ms)
2024-7-10 11:42:37-debug: run build task 查询 Asset Bundle success in 2 ms√, progress: 10%
2024-7-10 11:42:37-debug: [Build Memory track]: 查询 Asset Bundle start:171.33MB, end 171.44MB, increase: 106.14KB
2024-7-10 11:42:37-debug: 整理部分构建选项内数据到 settings.json start, progress: 10%
2024-7-10 11:42:37-debug: // ---- build task 整理部分构建选项内数据到 settings.json ----
2024-7-10 11:42:37-debug: // ---- build task 整理部分构建选项内数据到 settings.json ---- (1ms)
2024-7-10 11:42:37-debug: run build task 整理部分构建选项内数据到 settings.json success in 1 ms√, progress: 12%
2024-7-10 11:42:37-debug: [Build Memory track]: 整理部分构建选项内数据到 settings.json start:171.45MB, end 171.46MB, increase: 14.15KB
2024-7-10 11:42:37-debug: 填充脚本数据到 settings.json start, progress: 12%
2024-7-10 11:42:37-debug: // ---- build task 填充脚本数据到 settings.json ----
2024-7-10 11:42:37-debug: run build task 填充脚本数据到 settings.json success in 1 ms√, progress: 13%
2024-7-10 11:42:37-debug: 整理部分构建选项内数据到 settings.json start, progress: 13%
2024-7-10 11:42:37-debug: // ---- build task 填充脚本数据到 settings.json ---- (1ms)
2024-7-10 11:42:37-debug: [Build Memory track]: 填充脚本数据到 settings.json start:171.48MB, end 171.49MB, increase: 16.60KB
2024-7-10 11:42:37-debug: // ---- build task 整理部分构建选项内数据到 settings.json ----
2024-7-10 11:42:37-debug: // ---- build task 整理部分构建选项内数据到 settings.json ---- (3ms)
2024-7-10 11:42:37-debug: run build task 整理部分构建选项内数据到 settings.json success in 3 ms√, progress: 15%
2024-7-10 11:42:37-debug: [Build Memory track]: 整理部分构建选项内数据到 settings.json start:171.51MB, end 171.62MB, increase: 121.63KB
