2024-7-9 18:45:34-log: Cannot access game frame or container.
2024-7-9 18:45:35-debug: asset-db:require-engine-code (864ms)
2024-7-9 18:45:35-log: meshopt wasm decoder initialized
2024-7-9 18:45:35-log: [box2d]:box2d wasm lib loaded.
2024-7-9 18:45:35-log: [bullet]:bullet wasm lib loaded.
2024-7-9 18:45:35-log: Cocos Creator v3.8.3
2024-7-9 18:45:35-debug: [Assets Memory track]: asset-db:worker-init: initEngine start:19.75MB, end 79.21MB, increase: 59.47MB
2024-7-9 18:45:37-debug: [Assets Memory track]: asset-db-plugin-register: builder start:83.46MB, end 173.02MB, increase: 89.56MB
2024-7-9 18:45:36-debug: [Assets Memory track]: asset-db-plugin-register: programming start:79.98MB, end 83.45MB, increase: 3.47MB
2024-7-9 18:45:37-debug: [Assets Memory track]: asset-db-plugin-register: project start:79.83MB, end 168.89MB, increase: 89.06MB
2024-7-9 18:45:37-debug: [Assets Memory track]: asset-db:worker-init: initPlugin start:79.22MB, end 168.91MB, increase: 89.69MB
2024-7-9 18:45:37-debug: run package(cocos-service) handler(enable) success!
2024-7-9 18:45:37-debug: run package(cocos-service) handler(enable) start
2024-7-9 18:45:37-debug: run package(im-plugin) handler(enable) start
2024-7-9 18:45:37-debug: run package(im-plugin) handler(enable) success!
2024-7-9 18:45:37-debug: run package(placeholder) handler(enable) start
2024-7-9 18:45:37-debug: run package(blank-template) handler(enable) start
2024-7-9 18:45:37-debug: run package(blank-template) handler(enable) success!
2024-7-9 18:45:37-debug: run package(placeholder) handler(enable) success!
2024-7-9 18:45:37-debug: asset-db:worker-init: initPlugin (1187ms)
2024-7-9 18:45:37-debug: [Assets Memory track]: asset-db:worker-init start:19.74MB, end 169.25MB, increase: 149.51MB
2024-7-9 18:45:37-debug: Run asset db hook programming:beforePreStart success!
2024-7-9 18:45:37-debug: Run asset db hook engine-extends:beforePreStart ...
2024-7-9 18:45:37-debug: Run asset db hook engine-extends:beforePreStart success!
2024-7-9 18:45:37-debug: Run asset db hook programming:beforePreStart ...
2024-7-9 18:45:37-debug: asset-db:worker-init (3146ms)
2024-7-9 18:45:37-debug: asset-db-hook-programming-beforePreStart (167ms)
2024-7-9 18:45:37-debug: asset-db-hook-engine-extends-beforePreStart (167ms)
2024-7-9 18:45:37-debug: Preimport db internal success
2024-7-9 18:45:37-debug: Preimport db assets success
2024-7-9 18:45:37-debug: Run asset db hook programming:afterPreStart ...
2024-7-9 18:45:37-debug: starting packer-driver...
2024-7-9 18:45:37-debug: initialize scripting environment...
2024-7-9 18:45:37-debug: Set detail map pack:///resolution-detail-map.json: {}
2024-7-9 18:45:37-debug: Run asset db hook programming:afterPreStart success!
2024-7-9 18:45:37-debug: Run asset db hook engine-extends:afterPreStart ...
2024-7-9 18:45:37-debug: Run asset db hook engine-extends:afterPreStart success!
2024-7-9 18:45:37-debug: [Assets Memory track]: asset-db:worker-init: preStart start:169.26MB, end 170.89MB, increase: 1.63MB
2024-7-9 18:45:37-debug: Start up the 'internal' database...
2024-7-9 18:45:38-debug: asset-db:worker-effect-data-processing (271ms)
2024-7-9 18:45:38-debug: asset-db-hook-programming-afterPreStart (694ms)
2024-7-9 18:45:38-debug: asset-db-hook-engine-extends-afterPreStart (271ms)
2024-7-9 18:45:38-debug: Start up the 'assets' database...
2024-7-9 18:45:38-debug: asset-db:worker-startup-database[internal] (1050ms)
2024-7-9 18:45:38-debug: lazy register asset handler directory
2024-7-9 18:45:38-debug: lazy register asset handler text
2024-7-9 18:45:38-debug: lazy register asset handler spine-data
2024-7-9 18:45:38-debug: lazy register asset handler json
2024-7-9 18:45:38-debug: lazy register asset handler dragonbones-atlas
2024-7-9 18:45:38-debug: lazy register asset handler *
2024-7-9 18:45:38-debug: lazy register asset handler dragonbones
2024-7-9 18:45:38-debug: lazy register asset handler terrain
2024-7-9 18:45:38-debug: lazy register asset handler typescript
2024-7-9 18:45:38-debug: lazy register asset handler javascript
2024-7-9 18:45:38-debug: lazy register asset handler sprite-frame
2024-7-9 18:45:38-debug: lazy register asset handler scene
2024-7-9 18:45:38-debug: lazy register asset handler prefab
2024-7-9 18:45:38-debug: lazy register asset handler image
2024-7-9 18:45:38-debug: lazy register asset handler tiled-map
2024-7-9 18:45:38-debug: lazy register asset handler buffer
2024-7-9 18:45:38-debug: lazy register asset handler alpha-image
2024-7-9 18:45:38-debug: lazy register asset handler texture
2024-7-9 18:45:38-debug: lazy register asset handler sign-image
2024-7-9 18:45:38-debug: lazy register asset handler erp-texture-cube
2024-7-9 18:45:38-debug: lazy register asset handler texture-cube
2024-7-9 18:45:38-debug: lazy register asset handler render-texture
2024-7-9 18:45:38-debug: lazy register asset handler texture-cube-face
2024-7-9 18:45:38-debug: lazy register asset handler rt-sprite-frame
2024-7-9 18:45:38-debug: lazy register asset handler gltf
2024-7-9 18:45:38-debug: lazy register asset handler gltf-mesh
2024-7-9 18:45:38-debug: lazy register asset handler gltf-animation
2024-7-9 18:45:38-debug: lazy register asset handler gltf-material
2024-7-9 18:45:38-debug: lazy register asset handler gltf-scene
2024-7-9 18:45:38-debug: lazy register asset handler gltf-embeded-image
2024-7-9 18:45:38-debug: lazy register asset handler gltf-skeleton
2024-7-9 18:45:38-debug: lazy register asset handler physics-material
2024-7-9 18:45:38-debug: lazy register asset handler fbx
2024-7-9 18:45:38-debug: lazy register asset handler material
2024-7-9 18:45:38-debug: lazy register asset handler effect
2024-7-9 18:45:38-debug: lazy register asset handler audio-clip
2024-7-9 18:45:38-debug: lazy register asset handler animation-clip
2024-7-9 18:45:38-debug: lazy register asset handler animation-graph
2024-7-9 18:45:38-debug: lazy register asset handler effect-header
2024-7-9 18:45:38-debug: lazy register asset handler animation-graph-variant
2024-7-9 18:45:38-debug: lazy register asset handler animation-mask
2024-7-9 18:45:38-debug: lazy register asset handler ttf-font
2024-7-9 18:45:38-debug: lazy register asset handler bitmap-font
2024-7-9 18:45:38-debug: lazy register asset handler sprite-atlas
2024-7-9 18:45:38-debug: lazy register asset handler particle
2024-7-9 18:45:38-debug: lazy register asset handler auto-atlas
2024-7-9 18:45:38-debug: lazy register asset handler label-atlas
2024-7-9 18:45:38-debug: lazy register asset handler render-pipeline
2024-7-9 18:45:38-debug: lazy register asset handler instantiation-material
2024-7-9 18:45:38-debug: lazy register asset handler render-flow
2024-7-9 18:45:38-debug: lazy register asset handler render-stage
2024-7-9 18:45:38-debug: lazy register asset handler video-clip
2024-7-9 18:45:38-debug: lazy register asset handler instantiation-mesh
2024-7-9 18:45:38-debug: lazy register asset handler instantiation-skeleton
2024-7-9 18:45:38-debug: lazy register asset handler instantiation-animation
2024-7-9 18:45:38-debug: asset-db:worker-startup-database[assets] (889ms)
2024-7-9 18:45:38-debug: asset-db:start-database (1116ms)
2024-7-9 18:45:38-debug: init worker message success
2024-7-9 18:45:38-debug: asset-db:ready (5985ms)
2024-7-9 18:45:38-debug: [Build Memory track]: builder:worker-init start:163.20MB, end 172.20MB, increase: 9.00MB
2024-7-9 18:45:38-debug: programming:execute-script (5ms)
2024-7-9 18:45:39-debug: builder:worker-init (805ms)
2024-7-9 18:45:39-debug: Query all assets info in project
2024-7-9 18:45:39-debug: init custom config: keepNodeUuid: false, useCache: true
2024-7-9 18:45:39-debug: 查询 Asset Bundle start, progress: 0%
2024-7-9 18:45:39-debug: // ---- build task 查询 Asset Bundle ----
2024-7-9 18:45:39-debug: Query preload assets from cc.config.json: 60f7195c-ec2a-45eb-ba94-8955f60e81d0,1c02ae6f-4492-4915-b8f8-7492a3b1e4cd,810e96e4-e456-4468-9b59-f4e8f39732c0,efe8e2a3-eace-427b-b4f1-cb8a937ec77d,e9aa9a3e-5b2b-4ac7-a2c7-073de2b2b24f,8bbdbcdd-5cd4-4100-b6d5-b7c9625b6107,50f4348b-c883-4e2f-8f11-ce233b859fa1,fda095cb-831d-4601-ad94-846013963de8,f92806d7-1768-443f-afe8-12bcde84d0f0,dd3a144d-ab7f-41f0-82b8-2e43a090d496,f0416e68-0200-4b77-a926-4f9d16e494da,970b0598-bcb0-4714-91fb-2e81440dccd8,bcd64cc6-2dd9-43f6-abbe-66318d332032,d930590d-bb92-4cc8-8bd1-23cd027f9edf,a3cd009f-0ab0-420d-9278-b9fdab939bbc,c27215d8-6835-4b68-bfbb-bdeac6100c04,b5d6115f-0370-4d7c-aad3-c194cc71cf98,871c3b6c-7379-419d-bda3-794b239ab90d
2024-7-9 18:45:39-debug:   Number of all scenes: 9
2024-7-9 18:45:39-debug:   Number of other assets: 567
2024-7-9 18:45:39-debug:   Number of all scripts: 38
2024-7-9 18:45:39-debug: // ---- build task 查询 Asset Bundle ---- (8ms)
2024-7-9 18:45:39-debug: run build task 查询 Asset Bundle success in 8 ms√, progress: 5%
2024-7-9 18:45:39-debug: [Build Memory track]: 查询 Asset Bundle start:170.84MB, end 171.61MB, increase: 784.83KB
2024-7-9 18:45:39-debug: 查询 Asset Bundle start, progress: 5%
2024-7-9 18:45:39-debug: // ---- build task 查询 Asset Bundle ----
2024-7-9 18:45:39-debug: // ---- build task 查询 Asset Bundle ---- (4ms)
2024-7-9 18:45:39-debug: run build task 查询 Asset Bundle success in 4 ms√, progress: 10%
2024-7-9 18:45:39-debug: [Build Memory track]: 查询 Asset Bundle start:171.62MB, end 171.74MB, increase: 119.62KB
2024-7-9 18:45:39-debug: 整理部分构建选项内数据到 settings.json start, progress: 10%
2024-7-9 18:45:39-debug: // ---- build task 整理部分构建选项内数据到 settings.json ----
2024-7-9 18:45:39-debug: // ---- build task 整理部分构建选项内数据到 settings.json ---- (2ms)
2024-7-9 18:45:39-debug: run build task 整理部分构建选项内数据到 settings.json success in 2 ms√, progress: 12%
2024-7-9 18:45:39-debug: [Build Memory track]: 整理部分构建选项内数据到 settings.json start:171.75MB, end 171.77MB, increase: 15.79KB
2024-7-9 18:45:39-debug: 填充脚本数据到 settings.json start, progress: 12%
2024-7-9 18:45:39-debug: // ---- build task 填充脚本数据到 settings.json ----
2024-7-9 18:45:39-debug: // ---- build task 填充脚本数据到 settings.json ---- (2ms)
2024-7-9 18:45:39-debug: run build task 填充脚本数据到 settings.json success in 2 ms√, progress: 13%
2024-7-9 18:45:39-debug: [Build Memory track]: 填充脚本数据到 settings.json start:171.78MB, end 171.80MB, increase: 17.57KB
2024-7-9 18:45:39-debug: 整理部分构建选项内数据到 settings.json start, progress: 13%
2024-7-9 18:45:39-debug: // ---- build task 整理部分构建选项内数据到 settings.json ----
2024-7-9 18:45:39-debug: // ---- build task 整理部分构建选项内数据到 settings.json ---- (6ms)
2024-7-9 18:45:39-debug: run build task 整理部分构建选项内数据到 settings.json success in 6 ms√, progress: 15%
2024-7-9 18:45:39-debug: [Build Memory track]: 整理部分构建选项内数据到 settings.json start:171.81MB, end 171.94MB, increase: 130.32KB
2024-7-9 18:45:40-debug: Query all assets info in project
2024-7-9 18:45:40-debug: init custom config: keepNodeUuid: false, useCache: true
2024-7-9 18:45:40-debug: 查询 Asset Bundle start, progress: 0%
2024-7-9 18:45:40-debug: // ---- build task 查询 Asset Bundle ----
2024-7-9 18:45:40-debug: Query preload assets from cc.config.json: 60f7195c-ec2a-45eb-ba94-8955f60e81d0,1c02ae6f-4492-4915-b8f8-7492a3b1e4cd,810e96e4-e456-4468-9b59-f4e8f39732c0,efe8e2a3-eace-427b-b4f1-cb8a937ec77d,e9aa9a3e-5b2b-4ac7-a2c7-073de2b2b24f,8bbdbcdd-5cd4-4100-b6d5-b7c9625b6107,50f4348b-c883-4e2f-8f11-ce233b859fa1,fda095cb-831d-4601-ad94-846013963de8,f92806d7-1768-443f-afe8-12bcde84d0f0,dd3a144d-ab7f-41f0-82b8-2e43a090d496,f0416e68-0200-4b77-a926-4f9d16e494da,970b0598-bcb0-4714-91fb-2e81440dccd8,bcd64cc6-2dd9-43f6-abbe-66318d332032,d930590d-bb92-4cc8-8bd1-23cd027f9edf,a3cd009f-0ab0-420d-9278-b9fdab939bbc,c27215d8-6835-4b68-bfbb-bdeac6100c04,b5d6115f-0370-4d7c-aad3-c194cc71cf98,871c3b6c-7379-419d-bda3-794b239ab90d
2024-7-9 18:45:40-debug:   Number of all scripts: 38
2024-7-9 18:45:40-debug:   Number of other assets: 567
2024-7-9 18:45:40-debug:   Number of all scenes: 9
2024-7-9 18:45:40-debug: // ---- build task 查询 Asset Bundle ---- (5ms)
2024-7-9 18:45:40-debug: run build task 查询 Asset Bundle success in 5 ms√, progress: 5%
2024-7-9 18:45:40-debug: [Build Memory track]: 查询 Asset Bundle start:172.80MB, end 173.54MB, increase: 756.50KB
2024-7-9 18:45:40-debug: 查询 Asset Bundle start, progress: 5%
2024-7-9 18:45:40-debug: // ---- build task 查询 Asset Bundle ----
2024-7-9 18:45:40-debug: // ---- build task 查询 Asset Bundle ---- (3ms)
2024-7-9 18:45:40-debug: [Build Memory track]: 查询 Asset Bundle start:173.55MB, end 173.67MB, increase: 120.55KB
2024-7-9 18:45:40-debug: run build task 查询 Asset Bundle success in 3 ms√, progress: 10%
2024-7-9 18:45:40-debug: 整理部分构建选项内数据到 settings.json start, progress: 10%
2024-7-9 18:45:40-debug: // ---- build task 整理部分构建选项内数据到 settings.json ----
2024-7-9 18:45:40-debug: // ---- build task 整理部分构建选项内数据到 settings.json ---- (1ms)
2024-7-9 18:45:40-debug: run build task 整理部分构建选项内数据到 settings.json success in 1 ms√, progress: 12%
2024-7-9 18:45:40-debug: [Build Memory track]: 整理部分构建选项内数据到 settings.json start:173.68MB, end 173.70MB, increase: 15.47KB
2024-7-9 18:45:40-debug: 填充脚本数据到 settings.json start, progress: 12%
2024-7-9 18:45:40-debug: // ---- build task 填充脚本数据到 settings.json ----
2024-7-9 18:45:40-debug: run build task 填充脚本数据到 settings.json success in 1 ms√, progress: 13%
2024-7-9 18:45:40-debug: // ---- build task 填充脚本数据到 settings.json ---- (1ms)
2024-7-9 18:45:40-debug: 整理部分构建选项内数据到 settings.json start, progress: 13%
2024-7-9 18:45:40-debug: [Build Memory track]: 填充脚本数据到 settings.json start:173.76MB, end 173.77MB, increase: 18.95KB
2024-7-9 18:45:40-debug: // ---- build task 整理部分构建选项内数据到 settings.json ----
2024-7-9 18:45:40-debug: // ---- build task 整理部分构建选项内数据到 settings.json ---- (3ms)
2024-7-9 18:45:40-debug: run build task 整理部分构建选项内数据到 settings.json success in 3 ms√, progress: 15%
2024-7-9 18:45:40-debug: [Build Memory track]: 整理部分构建选项内数据到 settings.json start:173.79MB, end 173.91MB, increase: 122.28KB
2024-7-9 18:46:18-debug: start refresh asset from D:\TankFight\TK2\assets\map\alonemap2.scene...
2024-7-9 18:46:18-debug: %cImport%c: D:\TankFight\TK2\assets\map\alonemap2.scenebackground: #aaff85; color: #000;color: #000;
2024-7-9 18:46:18-debug: refresh asset D:\TankFight\TK2\assets\map success
2024-7-9 18:46:19-debug: Query all assets info in project
2024-7-9 18:46:19-debug: init custom config: keepNodeUuid: false, useCache: true
2024-7-9 18:46:19-debug: 查询 Asset Bundle start, progress: 0%
2024-7-9 18:46:19-debug: // ---- build task 查询 Asset Bundle ----
2024-7-9 18:46:19-debug: Query preload assets from cc.config.json: 60f7195c-ec2a-45eb-ba94-8955f60e81d0,1c02ae6f-4492-4915-b8f8-7492a3b1e4cd,810e96e4-e456-4468-9b59-f4e8f39732c0,efe8e2a3-eace-427b-b4f1-cb8a937ec77d,e9aa9a3e-5b2b-4ac7-a2c7-073de2b2b24f,8bbdbcdd-5cd4-4100-b6d5-b7c9625b6107,50f4348b-c883-4e2f-8f11-ce233b859fa1,fda095cb-831d-4601-ad94-846013963de8,f92806d7-1768-443f-afe8-12bcde84d0f0,dd3a144d-ab7f-41f0-82b8-2e43a090d496,f0416e68-0200-4b77-a926-4f9d16e494da,970b0598-bcb0-4714-91fb-2e81440dccd8,bcd64cc6-2dd9-43f6-abbe-66318d332032,d930590d-bb92-4cc8-8bd1-23cd027f9edf,a3cd009f-0ab0-420d-9278-b9fdab939bbc,c27215d8-6835-4b68-bfbb-bdeac6100c04,b5d6115f-0370-4d7c-aad3-c194cc71cf98,871c3b6c-7379-419d-bda3-794b239ab90d
2024-7-9 18:46:19-debug:   Number of all scenes: 9
2024-7-9 18:46:19-debug:   Number of other assets: 567
2024-7-9 18:46:19-debug:   Number of all scripts: 38
2024-7-9 18:46:19-debug: // ---- build task 查询 Asset Bundle ---- (6ms)
2024-7-9 18:46:19-debug: run build task 查询 Asset Bundle success in 6 ms√, progress: 5%
2024-7-9 18:46:19-debug: 查询 Asset Bundle start, progress: 5%
2024-7-9 18:46:19-debug: [Build Memory track]: 查询 Asset Bundle start:168.67MB, end 168.48MB, increase: -196.46KB
2024-7-9 18:46:19-debug: // ---- build task 查询 Asset Bundle ----
2024-7-9 18:46:19-debug: run build task 查询 Asset Bundle success in 3 ms√, progress: 10%
2024-7-9 18:46:19-debug: [Build Memory track]: 查询 Asset Bundle start:168.49MB, end 168.60MB, increase: 117.61KB
2024-7-9 18:46:19-debug: 整理部分构建选项内数据到 settings.json start, progress: 10%
2024-7-9 18:46:19-debug: // ---- build task 查询 Asset Bundle ---- (3ms)
2024-7-9 18:46:19-debug: // ---- build task 整理部分构建选项内数据到 settings.json ----
2024-7-9 18:46:19-debug: // ---- build task 整理部分构建选项内数据到 settings.json ---- (1ms)
2024-7-9 18:46:19-debug: [Build Memory track]: 整理部分构建选项内数据到 settings.json start:168.62MB, end 168.64MB, increase: 17.39KB
2024-7-9 18:46:19-debug: run build task 整理部分构建选项内数据到 settings.json success in 1 ms√, progress: 12%
2024-7-9 18:46:19-debug: 填充脚本数据到 settings.json start, progress: 12%
2024-7-9 18:46:19-debug: // ---- build task 填充脚本数据到 settings.json ----
2024-7-9 18:46:19-debug: // ---- build task 填充脚本数据到 settings.json ---- (1ms)
2024-7-9 18:46:19-debug: run build task 填充脚本数据到 settings.json success in 1 ms√, progress: 13%
2024-7-9 18:46:19-debug: [Build Memory track]: 填充脚本数据到 settings.json start:168.65MB, end 168.67MB, increase: 18.57KB
2024-7-9 18:46:19-debug: 整理部分构建选项内数据到 settings.json start, progress: 13%
2024-7-9 18:46:19-debug: // ---- build task 整理部分构建选项内数据到 settings.json ----
2024-7-9 18:46:19-debug: // ---- build task 整理部分构建选项内数据到 settings.json ---- (4ms)
2024-7-9 18:46:19-debug: run build task 整理部分构建选项内数据到 settings.json success in 4 ms√, progress: 15%
2024-7-9 18:46:19-debug: [Build Memory track]: 整理部分构建选项内数据到 settings.json start:168.68MB, end 168.81MB, increase: 124.00KB
