2024-7-10 16:29:19-log: Cannot access game frame or container.
2024-7-10 16:29:19-debug: asset-db:require-engine-code (754ms)
2024-7-10 16:29:19-log: meshopt wasm decoder initialized
2024-7-10 16:29:19-log: [box2d]:box2d wasm lib loaded.
2024-7-10 16:29:19-log: [bullet]:bullet wasm lib loaded.
2024-7-10 16:29:19-log: Cocos Creator v3.8.3
2024-7-10 16:29:20-debug: [Assets Memory track]: asset-db:worker-init: initEngine start:25.66MB, end 77.78MB, increase: 52.12MB
2024-7-10 16:29:20-debug: [Assets Memory track]: asset-db-plugin-register: programming start:78.53MB, end 82.03MB, increase: 3.50MB
2024-7-10 16:29:21-debug: [Assets Memory track]: asset-db-plugin-register: engine-extends start:204.26MB, end 207.45MB, increase: 3.19MB
2024-7-10 16:29:21-debug: [Assets Memory track]: asset-db-plugin-register: builder start:82.05MB, end 204.04MB, increase: 121.99MB
2024-7-10 16:29:21-debug: [Assets Memory track]: asset-db-plugin-register: project start:78.40MB, end 207.51MB, increase: 129.11MB
2024-7-10 16:29:21-debug: [Assets Memory track]: asset-db:worker-init: initPlugin start:77.79MB, end 207.53MB, increase: 129.75MB
2024-7-10 16:29:21-debug: run package(cocos-service) handler(enable) success!
2024-7-10 16:29:21-debug: run package(cocos-service) handler(enable) start
2024-7-10 16:29:21-debug: run package(im-plugin) handler(enable) start
2024-7-10 16:29:21-debug: run package(im-plugin) handler(enable) success!
2024-7-10 16:29:21-debug: run package(blank-template) handler(enable) start
2024-7-10 16:29:21-debug: run package(blank-template) handler(enable) success!
2024-7-10 16:29:21-debug: run package(placeholder) handler(enable) start
2024-7-10 16:29:21-debug: run package(placeholder) handler(enable) success!
2024-7-10 16:29:21-debug: asset-db:worker-init: initPlugin (1533ms)
2024-7-10 16:29:21-debug: Run asset db hook engine-extends:beforePreStart ...
2024-7-10 16:29:21-debug: Run asset db hook programming:beforePreStart success!
2024-7-10 16:29:21-debug: Run asset db hook programming:beforePreStart ...
2024-7-10 16:29:21-debug: Run asset db hook engine-extends:beforePreStart success!
2024-7-10 16:29:21-debug: [Assets Memory track]: asset-db:worker-init start:25.65MB, end 203.33MB, increase: 177.68MB
2024-7-10 16:29:21-debug: asset-db:worker-init (3268ms)
2024-7-10 16:29:21-debug: asset-db-hook-programming-beforePreStart (172ms)
2024-7-10 16:29:21-debug: asset-db-hook-engine-extends-beforePreStart (172ms)
2024-7-10 16:29:21-debug: Preimport db internal success
2024-7-10 16:29:21-debug: Preimport db assets success
2024-7-10 16:29:21-debug: Run asset db hook programming:afterPreStart ...
2024-7-10 16:29:21-debug: starting packer-driver...
2024-7-10 16:29:22-debug: initialize scripting environment...
2024-7-10 16:29:22-debug: Set detail map pack:///resolution-detail-map.json: {}
2024-7-10 16:29:22-debug: Run asset db hook programming:afterPreStart success!
2024-7-10 16:29:22-debug: Run asset db hook engine-extends:afterPreStart success!
2024-7-10 16:29:22-debug: Run asset db hook engine-extends:afterPreStart ...
2024-7-10 16:29:22-debug: [Assets Memory track]: asset-db:worker-init: preStart start:203.33MB, end 206.13MB, increase: 2.80MB
2024-7-10 16:29:22-debug: Start up the 'internal' database...
2024-7-10 16:29:22-debug: asset-db-hook-programming-afterPreStart (731ms)
2024-7-10 16:29:22-debug: asset-db-hook-engine-extends-afterPreStart (266ms)
2024-7-10 16:29:22-debug: asset-db:worker-effect-data-processing (266ms)
2024-7-10 16:29:22-debug: [Assets Memory track]: asset-db:worker-startup-database[internal] start:203.38MB, end 222.28MB, increase: 18.90MB
2024-7-10 16:29:22-debug: Start up the 'assets' database...
2024-7-10 16:29:22-debug: asset-db:worker-startup-database[internal] (1106ms)
2024-7-10 16:29:22-debug: [Assets Memory track]: asset-db:worker-startup-database[assets] start:208.88MB, end 219.92MB, increase: 11.03MB
2024-7-10 16:29:22-debug: lazy register asset handler *
2024-7-10 16:29:22-debug: [Assets Memory track]: asset-db:worker-init: startup start:206.14MB, end 219.92MB, increase: 13.79MB
2024-7-10 16:29:22-debug: lazy register asset handler directory
2024-7-10 16:29:22-debug: lazy register asset handler text
2024-7-10 16:29:22-debug: lazy register asset handler spine-data
2024-7-10 16:29:22-debug: lazy register asset handler json
2024-7-10 16:29:22-debug: lazy register asset handler dragonbones
2024-7-10 16:29:22-debug: lazy register asset handler dragonbones-atlas
2024-7-10 16:29:22-debug: lazy register asset handler javascript
2024-7-10 16:29:22-debug: lazy register asset handler typescript
2024-7-10 16:29:22-debug: lazy register asset handler scene
2024-7-10 16:29:22-debug: lazy register asset handler terrain
2024-7-10 16:29:22-debug: lazy register asset handler sprite-frame
2024-7-10 16:29:22-debug: lazy register asset handler buffer
2024-7-10 16:29:22-debug: lazy register asset handler tiled-map
2024-7-10 16:29:22-debug: lazy register asset handler prefab
2024-7-10 16:29:22-debug: lazy register asset handler sign-image
2024-7-10 16:29:22-debug: lazy register asset handler alpha-image
2024-7-10 16:29:22-debug: lazy register asset handler image
2024-7-10 16:29:22-debug: lazy register asset handler texture
2024-7-10 16:29:22-debug: lazy register asset handler texture-cube
2024-7-10 16:29:22-debug: lazy register asset handler erp-texture-cube
2024-7-10 16:29:22-debug: lazy register asset handler render-texture
2024-7-10 16:29:22-debug: lazy register asset handler rt-sprite-frame
2024-7-10 16:29:22-debug: lazy register asset handler texture-cube-face
2024-7-10 16:29:22-debug: lazy register asset handler gltf
2024-7-10 16:29:22-debug: lazy register asset handler gltf-animation
2024-7-10 16:29:22-debug: lazy register asset handler gltf-skeleton
2024-7-10 16:29:22-debug: lazy register asset handler gltf-mesh
2024-7-10 16:29:22-debug: lazy register asset handler gltf-material
2024-7-10 16:29:22-debug: lazy register asset handler gltf-scene
2024-7-10 16:29:22-debug: lazy register asset handler gltf-embeded-image
2024-7-10 16:29:22-debug: lazy register asset handler material
2024-7-10 16:29:22-debug: lazy register asset handler physics-material
2024-7-10 16:29:22-debug: lazy register asset handler fbx
2024-7-10 16:29:22-debug: lazy register asset handler effect
2024-7-10 16:29:22-debug: lazy register asset handler effect-header
2024-7-10 16:29:22-debug: lazy register asset handler animation-clip
2024-7-10 16:29:22-debug: lazy register asset handler audio-clip
2024-7-10 16:29:22-debug: lazy register asset handler animation-graph
2024-7-10 16:29:22-debug: lazy register asset handler animation-graph-variant
2024-7-10 16:29:22-debug: lazy register asset handler animation-mask
2024-7-10 16:29:22-debug: lazy register asset handler bitmap-font
2024-7-10 16:29:22-debug: lazy register asset handler particle
2024-7-10 16:29:22-debug: lazy register asset handler ttf-font
2024-7-10 16:29:22-debug: lazy register asset handler auto-atlas
2024-7-10 16:29:22-debug: lazy register asset handler label-atlas
2024-7-10 16:29:22-debug: lazy register asset handler render-pipeline
2024-7-10 16:29:22-debug: lazy register asset handler sprite-atlas
2024-7-10 16:29:22-debug: lazy register asset handler render-stage
2024-7-10 16:29:22-debug: lazy register asset handler instantiation-material
2024-7-10 16:29:22-debug: lazy register asset handler instantiation-skeleton
2024-7-10 16:29:22-debug: lazy register asset handler render-flow
2024-7-10 16:29:22-debug: lazy register asset handler instantiation-mesh
2024-7-10 16:29:22-debug: lazy register asset handler video-clip
2024-7-10 16:29:22-debug: lazy register asset handler instantiation-animation
2024-7-10 16:29:22-debug: asset-db:worker-startup-database[assets] (931ms)
2024-7-10 16:29:22-debug: init worker message success
2024-7-10 16:29:22-debug: asset-db:start-database (1170ms)
2024-7-10 16:29:22-debug: asset-db:ready (6393ms)
2024-7-10 16:29:22-debug: programming:execute-script (3ms)
2024-7-10 16:29:23-debug: [Build Memory track]: builder:worker-init start:220.09MB, end 230.80MB, increase: 10.71MB
2024-7-10 16:29:23-debug: builder:worker-init (484ms)
2024-7-10 16:33:46-debug: refresh db internal success
2024-7-10 16:33:46-debug: refresh db assets success
2024-7-10 16:33:46-debug: Run asset db hook engine-extends:afterRefresh ...
2024-7-10 16:33:46-debug: Run asset db hook engine-extends:afterRefresh success!
2024-7-10 16:33:46-debug: asset-db:refresh-all-database (177ms)
2024-7-10 16:33:46-debug: asset-db:worker-effect-data-processing (1ms)
2024-7-10 16:33:46-debug: asset-db-hook-engine-extends-afterRefresh (1ms)
2024-7-10 16:33:48-debug: refresh db internal success
2024-7-10 16:33:48-debug: refresh db assets success
2024-7-10 16:33:48-debug: Run asset db hook engine-extends:afterRefresh ...
2024-7-10 16:33:48-debug: Run asset db hook engine-extends:afterRefresh success!
2024-7-10 16:33:48-debug: asset-db:refresh-all-database (181ms)
2024-7-10 16:33:48-debug: asset-db:worker-effect-data-processing (1ms)
2024-7-10 16:33:48-debug: asset-db-hook-engine-extends-afterRefresh (1ms)
2024-7-10 16:42:12-debug: refresh db internal success
2024-7-10 16:42:12-debug: %cImport%c: D:\TankFight\TK2\assets\Scripts\log.tsbackground: #aaff85; color: #000;color: #000;
2024-7-10 16:42:12-debug: refresh db assets success
2024-7-10 16:42:12-debug: Run asset db hook engine-extends:afterRefresh ...
2024-7-10 16:42:12-debug: Run asset db hook engine-extends:afterRefresh success!
2024-7-10 16:42:12-debug: asset-db:worker-effect-data-processing (1ms)
2024-7-10 16:42:12-debug: asset-db:refresh-all-database (207ms)
2024-7-10 16:42:12-debug: asset-db-hook-engine-extends-afterRefresh (2ms)
2024-7-10 16:42:49-debug: refresh db internal success
2024-7-10 16:42:49-debug: refresh db assets success
2024-7-10 16:42:49-debug: Run asset db hook engine-extends:afterRefresh success!
2024-7-10 16:42:49-debug: Run asset db hook engine-extends:afterRefresh ...
2024-7-10 16:42:49-debug: asset-db:refresh-all-database (186ms)
2024-7-10 16:42:49-debug: asset-db:worker-effect-data-processing (2ms)
2024-7-10 16:42:49-debug: asset-db-hook-engine-extends-afterRefresh (2ms)
2024-7-10 16:57:03-debug: refresh db internal success
2024-7-10 16:57:03-debug: refresh db assets success
2024-7-10 16:57:03-debug: Run asset db hook engine-extends:afterRefresh ...
2024-7-10 16:57:03-debug: Run asset db hook engine-extends:afterRefresh success!
2024-7-10 16:57:03-debug: asset-db:refresh-all-database (244ms)
2024-7-10 16:57:03-debug: asset-db:worker-effect-data-processing (2ms)
2024-7-10 16:57:03-debug: asset-db-hook-engine-extends-afterRefresh (2ms)
2024-7-10 16:57:23-debug: refresh db internal success
2024-7-10 16:57:23-debug: refresh db assets success
2024-7-10 16:57:23-debug: Run asset db hook engine-extends:afterRefresh success!
2024-7-10 16:57:23-debug: Run asset db hook engine-extends:afterRefresh ...
2024-7-10 16:57:23-debug: asset-db:refresh-all-database (187ms)
2024-7-10 16:57:23-debug: asset-db:worker-effect-data-processing (1ms)
2024-7-10 16:57:23-debug: asset-db-hook-engine-extends-afterRefresh (2ms)
2024-7-10 17:22:53-debug: refresh db internal success
2024-7-10 17:22:53-debug: refresh db assets success
2024-7-10 17:22:53-debug: Run asset db hook engine-extends:afterRefresh ...
2024-7-10 17:22:53-debug: Run asset db hook engine-extends:afterRefresh success!
2024-7-10 17:22:53-debug: asset-db:refresh-all-database (182ms)
2024-7-10 17:22:53-debug: asset-db-hook-engine-extends-afterRefresh (1ms)
2024-7-10 17:31:24-debug: refresh db internal success
2024-7-10 17:31:24-debug: refresh db assets success
2024-7-10 17:31:24-debug: Run asset db hook engine-extends:afterRefresh ...
2024-7-10 17:31:24-debug: Run asset db hook engine-extends:afterRefresh success!
2024-7-10 17:31:24-debug: asset-db:refresh-all-database (174ms)
2024-7-10 17:31:24-debug: asset-db:worker-effect-data-processing (1ms)
2024-7-10 17:31:24-debug: asset-db-hook-engine-extends-afterRefresh (1ms)
2024-7-10 17:31:25-debug: start refresh asset from D:\TankFight\TK2\assets\map\doublemap.scene...
2024-7-10 17:31:25-debug: %cImport%c: D:\TankFight\TK2\assets\map\doublemap.scenebackground: #aaff85; color: #000;color: #000;
2024-7-10 17:31:25-debug: refresh asset D:\TankFight\TK2\assets\map success
2024-7-10 18:08:43-debug: refresh db internal success
2024-7-10 18:08:43-debug: refresh db assets success
2024-7-10 18:08:43-debug: Run asset db hook engine-extends:afterRefresh ...
2024-7-10 18:08:43-debug: Run asset db hook engine-extends:afterRefresh success!
2024-7-10 18:08:43-debug: asset-db:refresh-all-database (299ms)
2024-7-10 18:08:43-debug: asset-db:worker-effect-data-processing (1ms)
2024-7-10 18:08:43-debug: asset-db-hook-engine-extends-afterRefresh (2ms)
2024-7-10 18:09:27-debug: refresh db internal success
2024-7-10 18:09:28-debug: refresh db assets success
2024-7-10 18:09:28-debug: Run asset db hook engine-extends:afterRefresh ...
2024-7-10 18:09:28-debug: Run asset db hook engine-extends:afterRefresh success!
2024-7-10 18:09:28-debug: asset-db:refresh-all-database (229ms)
2024-7-10 18:09:28-debug: asset-db:worker-effect-data-processing (1ms)
2024-7-10 18:09:28-debug: asset-db-hook-engine-extends-afterRefresh (1ms)
2024-7-10 18:10:44-debug: start refresh asset from D:\TankFight\TK2\assets\map\doublemap.scene...
2024-7-10 18:10:44-debug: %cImport%c: D:\TankFight\TK2\assets\map\doublemap.scenebackground: #aaff85; color: #000;color: #000;
2024-7-10 18:10:44-debug: refresh asset D:\TankFight\TK2\assets\map success
2024-7-10 18:10:45-debug: refresh db internal success
2024-7-10 18:10:45-debug: refresh db assets success
2024-7-10 18:10:45-debug: Run asset db hook engine-extends:afterRefresh ...
2024-7-10 18:10:45-debug: Run asset db hook engine-extends:afterRefresh success!
2024-7-10 18:10:45-debug: asset-db:refresh-all-database (223ms)
2024-7-10 18:10:45-debug: asset-db:worker-effect-data-processing (1ms)
2024-7-10 18:10:45-debug: asset-db-hook-engine-extends-afterRefresh (1ms)
2024-7-10 18:11:03-debug: start refresh asset from D:\TankFight\TK2\assets\map\alonemap2.scene...
2024-7-10 18:11:03-debug: %cImport%c: D:\TankFight\TK2\assets\map\alonemap2.scenebackground: #aaff85; color: #000;color: #000;
2024-7-10 18:11:03-debug: refresh asset D:\TankFight\TK2\assets\map success
2024-7-10 18:11:05-debug: start refresh asset from D:\TankFight\TK2\assets\map\alonemap2.scene...
2024-7-10 18:11:05-debug: %cImport%c: D:\TankFight\TK2\assets\map\alonemap2.scenebackground: #aaff85; color: #000;color: #000;
2024-7-10 18:11:05-debug: refresh asset D:\TankFight\TK2\assets\map success
