2024-7-10 08:24:59-log: Cannot access game frame or container.
2024-7-10 08:24:59-debug: asset-db:require-engine-code (865ms)
2024-7-10 08:24:59-log: meshopt wasm decoder initialized
2024-7-10 08:24:59-log: [box2d]:box2d wasm lib loaded.
2024-7-10 08:24:59-log: [bullet]:bullet wasm lib loaded.
2024-7-10 08:25:00-log: Cocos Creator v3.8.3
2024-7-10 08:25:00-debug: [Assets Memory track]: asset-db:worker-init: initEngine start:19.65MB, end 78.14MB, increase: 58.49MB
2024-7-10 08:25:01-debug: [Assets Memory track]: asset-db-plugin-register: builder start:79.55MB, end 151.17MB, increase: 71.62MB
2024-7-10 08:25:01-debug: [Assets Memory track]: asset-db-plugin-register: project start:78.76MB, end 154.72MB, increase: 75.97MB
2024-7-10 08:25:01-debug: [Assets Memory track]: asset-db-plugin-register: engine-extends start:151.39MB, end 154.66MB, increase: 3.27MB
2024-7-10 08:25:01-debug: [Assets Memory track]: asset-db:worker-init: initPlugin start:78.15MB, end 154.74MB, increase: 76.60MB
2024-7-10 08:25:01-debug: run package(cocos-service) handler(enable) start
2024-7-10 08:25:01-debug: run package(cocos-service) handler(enable) success!
2024-7-10 08:25:01-debug: run package(im-plugin) handler(enable) success!
2024-7-10 08:25:01-debug: run package(blank-template) handler(enable) start
2024-7-10 08:25:01-debug: run package(im-plugin) handler(enable) start
2024-7-10 08:25:01-debug: run package(blank-template) handler(enable) success!
2024-7-10 08:25:01-debug: run package(placeholder) handler(enable) start
2024-7-10 08:25:01-debug: run package(placeholder) handler(enable) success!
2024-7-10 08:25:01-debug: asset-db:worker-init: initPlugin (1149ms)
2024-7-10 08:25:01-debug: [Assets Memory track]: asset-db:worker-init start:19.64MB, end 147.34MB, increase: 127.70MB
2024-7-10 08:25:01-debug: Run asset db hook programming:beforePreStart ...
2024-7-10 08:25:01-debug: Run asset db hook programming:beforePreStart success!
2024-7-10 08:25:01-debug: Run asset db hook engine-extends:beforePreStart success!
2024-7-10 08:25:01-debug: Run asset db hook engine-extends:beforePreStart ...
2024-7-10 08:25:02-debug: asset-db:worker-init (3126ms)
2024-7-10 08:25:02-debug: asset-db-hook-programming-beforePreStart (180ms)
2024-7-10 08:25:02-debug: asset-db-hook-engine-extends-beforePreStart (179ms)
2024-7-10 08:25:02-debug: Preimport db internal success
2024-7-10 08:25:02-debug: Preimport db assets success
2024-7-10 08:25:02-debug: Run asset db hook programming:afterPreStart ...
2024-7-10 08:25:02-debug: starting packer-driver...
2024-7-10 08:25:02-debug: initialize scripting environment...
2024-7-10 08:25:02-debug: Run asset db hook programming:afterPreStart success!
2024-7-10 08:25:02-debug: Set detail map pack:///resolution-detail-map.json: {}
2024-7-10 08:25:02-debug: Run asset db hook engine-extends:afterPreStart ...
2024-7-10 08:25:02-debug: [Assets Memory track]: asset-db:worker-init: preStart start:147.34MB, end 149.56MB, increase: 2.22MB
2024-7-10 08:25:02-debug: Start up the 'internal' database...
2024-7-10 08:25:02-debug: Run asset db hook engine-extends:afterPreStart success!
2024-7-10 08:25:02-debug: asset-db-hook-programming-afterPreStart (681ms)
2024-7-10 08:25:02-debug: asset-db:worker-effect-data-processing (254ms)
2024-7-10 08:25:02-debug: asset-db-hook-engine-extends-afterPreStart (254ms)
2024-7-10 08:25:02-debug: [Assets Memory track]: asset-db:worker-startup-database[internal] start:147.39MB, end 162.91MB, increase: 15.52MB
2024-7-10 08:25:02-debug: Start up the 'assets' database...
2024-7-10 08:25:02-debug: asset-db:worker-startup-database[internal] (1038ms)
2024-7-10 08:25:02-debug: [Assets Memory track]: asset-db:worker-startup-database[assets] start:152.22MB, end 160.82MB, increase: 8.60MB
2024-7-10 08:25:02-debug: [Assets Memory track]: asset-db:worker-init: startup start:149.56MB, end 160.83MB, increase: 11.26MB
2024-7-10 08:25:02-debug: lazy register asset handler *
2024-7-10 08:25:02-debug: lazy register asset handler directory
2024-7-10 08:25:02-debug: lazy register asset handler spine-data
2024-7-10 08:25:02-debug: lazy register asset handler dragonbones
2024-7-10 08:25:02-debug: lazy register asset handler json
2024-7-10 08:25:02-debug: lazy register asset handler dragonbones-atlas
2024-7-10 08:25:02-debug: lazy register asset handler terrain
2024-7-10 08:25:02-debug: lazy register asset handler typescript
2024-7-10 08:25:02-debug: lazy register asset handler javascript
2024-7-10 08:25:02-debug: lazy register asset handler scene
2024-7-10 08:25:02-debug: lazy register asset handler text
2024-7-10 08:25:02-debug: lazy register asset handler prefab
2024-7-10 08:25:02-debug: lazy register asset handler tiled-map
2024-7-10 08:25:02-debug: lazy register asset handler sprite-frame
2024-7-10 08:25:02-debug: lazy register asset handler image
2024-7-10 08:25:02-debug: lazy register asset handler sign-image
2024-7-10 08:25:02-debug: lazy register asset handler alpha-image
2024-7-10 08:25:02-debug: lazy register asset handler buffer
2024-7-10 08:25:02-debug: lazy register asset handler texture
2024-7-10 08:25:02-debug: lazy register asset handler texture-cube
2024-7-10 08:25:02-debug: lazy register asset handler erp-texture-cube
2024-7-10 08:25:02-debug: lazy register asset handler render-texture
2024-7-10 08:25:02-debug: lazy register asset handler rt-sprite-frame
2024-7-10 08:25:02-debug: lazy register asset handler texture-cube-face
2024-7-10 08:25:02-debug: lazy register asset handler gltf
2024-7-10 08:25:02-debug: lazy register asset handler gltf-mesh
2024-7-10 08:25:02-debug: lazy register asset handler gltf-animation
2024-7-10 08:25:02-debug: lazy register asset handler gltf-material
2024-7-10 08:25:02-debug: lazy register asset handler gltf-scene
2024-7-10 08:25:02-debug: lazy register asset handler gltf-embeded-image
2024-7-10 08:25:02-debug: lazy register asset handler gltf-skeleton
2024-7-10 08:25:02-debug: lazy register asset handler fbx
2024-7-10 08:25:02-debug: lazy register asset handler material
2024-7-10 08:25:02-debug: lazy register asset handler physics-material
2024-7-10 08:25:02-debug: lazy register asset handler effect
2024-7-10 08:25:02-debug: lazy register asset handler audio-clip
2024-7-10 08:25:02-debug: lazy register asset handler animation-clip
2024-7-10 08:25:02-debug: lazy register asset handler animation-graph
2024-7-10 08:25:02-debug: lazy register asset handler animation-graph-variant
2024-7-10 08:25:02-debug: lazy register asset handler effect-header
2024-7-10 08:25:02-debug: lazy register asset handler animation-mask
2024-7-10 08:25:02-debug: lazy register asset handler bitmap-font
2024-7-10 08:25:02-debug: lazy register asset handler ttf-font
2024-7-10 08:25:02-debug: lazy register asset handler particle
2024-7-10 08:25:02-debug: lazy register asset handler sprite-atlas
2024-7-10 08:25:02-debug: lazy register asset handler auto-atlas
2024-7-10 08:25:02-debug: lazy register asset handler render-pipeline
2024-7-10 08:25:02-debug: lazy register asset handler render-stage
2024-7-10 08:25:02-debug: lazy register asset handler label-atlas
2024-7-10 08:25:02-debug: lazy register asset handler render-flow
2024-7-10 08:25:02-debug: lazy register asset handler instantiation-material
2024-7-10 08:25:02-debug: lazy register asset handler instantiation-skeleton
2024-7-10 08:25:02-debug: lazy register asset handler instantiation-mesh
2024-7-10 08:25:02-debug: lazy register asset handler video-clip
2024-7-10 08:25:02-debug: lazy register asset handler instantiation-animation
2024-7-10 08:25:02-debug: asset-db:worker-startup-database[assets] (870ms)
2024-7-10 08:25:02-debug: asset-db:start-database (1102ms)
2024-7-10 08:25:02-debug: asset-db:ready (5936ms)
2024-7-10 08:25:02-debug: init worker message success
2024-7-10 08:25:02-debug: programming:execute-script (3ms)
2024-7-10 08:25:03-debug: [Build Memory track]: builder:worker-init start:164.30MB, end 173.25MB, increase: 8.95MB
2024-7-10 08:25:03-debug: builder:worker-init (504ms)
2024-7-10 08:26:56-debug: refresh db internal success
2024-7-10 08:26:56-debug: %cImport%c: D:\TankFight\TK2\assets\Scripts\welcome.tsbackground: #aaff85; color: #000;color: #000;
2024-7-10 08:26:56-debug: refresh db assets success
2024-7-10 08:26:56-debug: Run asset db hook engine-extends:afterRefresh ...
2024-7-10 08:26:56-debug: Run asset db hook engine-extends:afterRefresh success!
2024-7-10 08:26:56-debug: asset-db:refresh-all-database (204ms)
2024-7-10 08:26:56-debug: asset-db-hook-engine-extends-afterRefresh (1ms)
2024-7-10 08:27:08-debug: refresh db internal success
2024-7-10 08:27:08-debug: refresh db assets success
2024-7-10 08:27:08-debug: Run asset db hook engine-extends:afterRefresh ...
2024-7-10 08:27:08-debug: Run asset db hook engine-extends:afterRefresh success!
2024-7-10 08:27:08-debug: asset-db:refresh-all-database (203ms)
2024-7-10 08:27:08-debug: asset-db:worker-effect-data-processing (1ms)
2024-7-10 08:27:08-debug: asset-db-hook-engine-extends-afterRefresh (2ms)
2024-7-10 08:27:26-debug: refresh db internal success
2024-7-10 08:27:26-debug: refresh db assets success
2024-7-10 08:27:26-debug: Run asset db hook engine-extends:afterRefresh ...
2024-7-10 08:27:26-debug: Run asset db hook engine-extends:afterRefresh success!
2024-7-10 08:27:26-debug: asset-db:refresh-all-database (192ms)
2024-7-10 08:27:26-debug: asset-db:worker-effect-data-processing (1ms)
2024-7-10 08:27:26-debug: asset-db-hook-engine-extends-afterRefresh (1ms)
2024-7-10 08:27:31-debug: refresh db internal success
2024-7-10 08:27:31-debug: refresh db assets success
2024-7-10 08:27:31-debug: Run asset db hook engine-extends:afterRefresh ...
2024-7-10 08:27:31-debug: Run asset db hook engine-extends:afterRefresh success!
2024-7-10 08:27:31-debug: asset-db:refresh-all-database (192ms)
2024-7-10 08:27:31-debug: asset-db:worker-effect-data-processing (1ms)
2024-7-10 08:27:31-debug: asset-db-hook-engine-extends-afterRefresh (1ms)
2024-7-10 08:27:31-debug: start refresh asset from D:\TankFight\TK2\assets\Scenes\LoadingScene.scene...
2024-7-10 08:27:31-debug: %cImport%c: D:\TankFight\TK2\assets\Scenes\LoadingScene.scenebackground: #aaff85; color: #000;color: #000;
2024-7-10 08:27:31-debug: refresh asset D:\TankFight\TK2\assets\Scenes success
