2024-7-11 14:30:11 - debug: =================================== build Task (web-desktop) Start ================================
2024-7-11 14:30:11 - debug: Start build task, options:{"platform":"web-desktop","startScene":"7af63cc6-90a2-42ce-bfb5-42897472820c","name":"test","outputName":"web-desktop","taskName":"web-desktop","mainBundleCompressionType":"merge_dep","packages":{"adsense-h5g-plugin":{"enableAdsense":false,"enableTestAd":false,"__version__":"1.0.1","AFPHostPropertyCode":"ca-host-pub-5396158963872751","AFPHostDomain":"douyougame.com","otherAFPHostPropertyCode":"","otherAFPDomain":""},"web-desktop":{"resolution":{"designWidth":1280,"designHeight":960}},"cocos-service":{"configID":"bbddf8","services":[]}},"server":"","buildPath":"project://build","debug":false,"md5Cache":false,"skipCompressTexture":false,"sourceMaps":false,"overwriteProjectSettings":{"includeModules":{"gfx-webgl2":"on","physics":"inherit-project-setting","physics-2d":"inherit-project-setting"},"macroConfig":{"cleanupImageCache":"inherit-project-setting"}},"nativeCodeBundleMode":"both","polyfills":{"asyncFunctions":true},"experimentalEraseModules":false,"startSceneAssetBundle":false,"bundleConfigs":[],"useBuiltinServer":false,"mainBundleIsRemote":false,"useSplashScreen":true,"bundleCommonChunk":false,"packAutoAtlas":true,"scenes":[{"url":"db://assets/map/alonemap0-difficult.scene","uuid":"1f299242-f13f-4393-9ad0-c3b2064c2606"},{"url":"db://assets/map/alonemap0.scene","uuid":"1c6af74a-a8a3-47c1-8750-c97c5958c42f"},{"url":"db://assets/map/doublemap0.scene","uuid":"6edb7132-96e2-4656-abd7-5ddc42a84e26"},{"url":"db://assets/Scenes/LoadingScene.scene","uuid":"7af63cc6-90a2-42ce-bfb5-42897472820c"},{"url":"db://assets/Scenes/LoginScene.scene","uuid":"9486f291-e0a6-47f7-ab5b-7440590026f7"},{"url":"db://assets/Scenes/return.scene","uuid":"bda4619b-1bc8-442d-90ee-6b04df2eccd8"},{"url":"db://assets/Scenes/select.scene","uuid":"0554d124-5936-4455-9b17-a083050a9281"},{"url":"db://assets/Scenes/single.scene","uuid":"b9b0fce6-d144-4637-8f7b-c8b0c724ec99"},{"url":"db://assets/Scenes/single1.scene","uuid":"03313355-9855-490d-98a2-49a0837a55c4"},{"url":"db://assets/Scenes/victory.scene","uuid":"2be201f8-3f82-437d-b138-1947eaf8f5a2"}],"wasmCompressionMode":false,"logDest":"project://temp/builder/log/web-desktop2024-7-11 14-30.log"}
2024-7-11 14:30:11 - debug: Build with Cocos Creator 3.8.3
2024-7-11 14:30:11 - debug: cocos-service:(onBeforeBuild) start..., progress: 0%
2024-7-11 14:30:11 - debug: // ---- build task cocos-service：onBeforeBuild ----
2024-7-11 14:30:11 - debug: // ---- build task cocos-service：onBeforeBuild ---- (5ms)
2024-7-11 14:30:11 - debug: cocos-service:(onBeforeBuild) in 5 ms ✓, progress: 2%
2024-7-11 14:30:11 - debug: scene:(onBeforeBuild) start..., progress: 2%
2024-7-11 14:30:11 - debug: // ---- build task scene：onBeforeBuild ----
2024-7-11 14:30:11 - debug: // ---- build task scene：onBeforeBuild ---- (1ms)
2024-7-11 14:30:11 - debug: scene:(onBeforeBuild) in 1 ms ✓, progress: 4%
2024-7-11 14:30:11 - debug: Start lock asset db..., progress: 4%
2024-7-11 14:30:11 - log: Asset DB is paused with build!
2024-7-11 14:30:11 - debug: Query all assets info in project
2024-7-11 14:30:11 - debug: init custom config: keepNodeUuid: false, useCache: true
2024-7-11 14:30:11 - debug: web-desktop:(onAfterInit) start..., progress: 4%
2024-7-11 14:30:11 - debug: // ---- build task web-desktop：onAfterInit ----
2024-7-11 14:30:11 - debug: // ---- build task web-desktop：onAfterInit ---- (1ms)
2024-7-11 14:30:11 - debug: web-desktop:(onAfterInit) in 1 ms ✓, progress: 5%
2024-7-11 14:30:11 - debug: cocos-service:(onAfterInit) start..., progress: 5%
2024-7-11 14:30:11 - debug: // ---- build task cocos-service：onAfterInit ----
2024-7-11 14:30:11 - debug: // ---- build task cocos-service：onAfterInit ---- (2ms)
2024-7-11 14:30:11 - debug: cocos-service:(onAfterInit) in 2 ms ✓, progress: 7%
2024-7-11 14:30:11 - debug: engine:(onAfterInit) start..., progress: 7%
2024-7-11 14:30:11 - debug: // ---- build task engine：onAfterInit ----
2024-7-11 14:30:11 - debug: // ---- build task engine：onAfterInit ---- (2ms)
2024-7-11 14:30:11 - debug: engine:(onAfterInit) in 2 ms ✓, progress: 9%
2024-7-11 14:30:11 - debug: adsense-h5g-plugin:(onBeforeBundleInit) start..., progress: 9%
2024-7-11 14:30:11 - debug: // ---- build task adsense-h5g-plugin：onBeforeBundleInit ----
2024-7-11 14:30:11 - debug: [adsense-h5g-plugin] remove script success
2024-7-11 14:30:11 - debug: // ---- build task adsense-h5g-plugin：onBeforeBundleInit ---- (1ms)
2024-7-11 14:30:11 - debug: adsense-h5g-plugin:(onBeforeBundleInit) in 1 ms ✓, progress: 9%
2024-7-11 14:30:11 - debug: Init all bundles start..., progress: 9%
2024-7-11 14:30:11 - debug: Num of bundles: 3..., progress: 9%
2024-7-11 14:30:11 - debug: web-desktop:(onAfterBundleInit) start..., progress: 9%
2024-7-11 14:30:11 - debug: // ---- build task web-desktop：onAfterBundleInit ----
2024-7-11 14:30:11 - debug: // ---- build task web-desktop：onAfterBundleInit ---- (1ms)
2024-7-11 14:30:11 - debug: web-desktop:(onAfterBundleInit) in 1 ms ✓, progress: 9%
2024-7-11 14:30:11 - debug: 查询 Asset Bundle start, progress: 9%
2024-7-11 14:30:11 - debug: // ---- build task 查询 Asset Bundle ----
2024-7-11 14:30:11 - debug: Init bundle root assets start..., progress: 9%
2024-7-11 14:30:11 - debug: Query preload assets from cc.config.json: 60f7195c-ec2a-45eb-ba94-8955f60e81d0,1c02ae6f-4492-4915-b8f8-7492a3b1e4cd,810e96e4-e456-4468-9b59-f4e8f39732c0,efe8e2a3-eace-427b-b4f1-cb8a937ec77d,e9aa9a3e-5b2b-4ac7-a2c7-073de2b2b24f,8bbdbcdd-5cd4-4100-b6d5-b7c9625b6107,50f4348b-c883-4e2f-8f11-ce233b859fa1,fda095cb-831d-4601-ad94-846013963de8,f92806d7-1768-443f-afe8-12bcde84d0f0,dd3a144d-ab7f-41f0-82b8-2e43a090d496,f0416e68-0200-4b77-a926-4f9d16e494da,970b0598-bcb0-4714-91fb-2e81440dccd8,bcd64cc6-2dd9-43f6-abbe-66318d332032,d930590d-bb92-4cc8-8bd1-23cd027f9edf,a3cd009f-0ab0-420d-9278-b9fdab939bbc,c27215d8-6835-4b68-bfbb-bdeac6100c04,b5d6115f-0370-4d7c-aad3-c194cc71cf98,871c3b6c-7379-419d-bda3-794b239ab90d
2024-7-11 14:30:11 - debug:   Number of all scenes: 10
2024-7-11 14:30:11 - debug:   Number of all scripts: 60
2024-7-11 14:30:11 - debug:   Number of other assets: 609
2024-7-11 14:30:11 - debug: Init bundle root assets success..., progress: 9%
2024-7-11 14:30:11 - debug: reload all scripts.
2024-7-11 14:30:11 - debug: Set detail map pack:///resolution-detail-map.json: {}
2024-7-11 14:30:11 - groupCollapsed: Invalidate all modules
2024-7-11 14:30:11 - debug: D:\TankFight\TK2\temp\programming\packer-driver\targets\editor\chunks\93\93ba276ea7b26ffcdc433fab14afc1ed6f05647b.js resolved to D:\TankFight\TK2\temp\programming\packer-driver\targets\editor\chunks\93\93ba276ea7b26ffcdc433fab14afc1ed6f05647b.js is not in module cache!
2024-7-11 14:30:11 - debug: [[Executor]] Module "cce:/internal/x/cc-fu/base" loaded.
2024-7-11 14:30:11 - debug: [[Executor]] Module "cce:/internal/x/cc-fu/gfx-webgl" loaded.
2024-7-11 14:30:11 - debug: [[Executor]] Module "cce:/internal/x/cc-fu/gfx-webgl2" loaded.
2024-7-11 14:30:11 - debug: [[Executor]] Module "cce:/internal/x/cc-fu/gfx-empty" loaded.
2024-7-11 14:30:11 - debug: [[Executor]] Module "cce:/internal/x/cc-fu/3d" loaded.
2024-7-11 14:30:11 - debug: [[Executor]] Module "cce:/internal/x/cc-fu/animation" loaded.
2024-7-11 14:30:11 - debug: [[Executor]] Module "cce:/internal/x/cc-fu/skeletal-animation" loaded.
2024-7-11 14:30:11 - debug: [[Executor]] Module "cce:/internal/x/cc-fu/2d" loaded.
2024-7-11 14:30:11 - debug: [[Executor]] Module "cce:/internal/x/cc-fu/sorting" loaded.
2024-7-11 14:30:11 - debug: [[Executor]] Module "cce:/internal/x/cc-fu/ui" loaded.
2024-7-11 14:30:11 - debug: [[Executor]] Module "cce:/internal/x/cc-fu/particle" loaded.
2024-7-11 14:30:11 - debug: [[Executor]] Module "cce:/internal/x/cc-fu/particle-2d" loaded.
2024-7-11 14:30:11 - debug: [[Executor]] Module "cce:/internal/x/cc-fu/physics-framework" loaded.
2024-7-11 14:30:11 - debug: [[Executor]] Module "cce:/internal/x/cc-fu/physics-2d-framework" loaded.
2024-7-11 14:30:11 - debug: [[Executor]] Module "cce:/internal/x/cc-fu/physics-2d-box2d-wasm" loaded.
2024-7-11 14:30:11 - debug: [[Executor]] Module "cce:/internal/x/cc-fu/intersection-2d" loaded.
2024-7-11 14:30:11 - debug: [[Executor]] Module "cce:/internal/x/cc-fu/primitive" loaded.
2024-7-11 14:30:11 - debug: [[Executor]] Module "cce:/internal/x/cc-fu/profiler" loaded.
2024-7-11 14:30:11 - debug: [[Executor]] Module "cce:/internal/x/cc-fu/geometry-renderer" loaded.
2024-7-11 14:30:11 - debug: [[Executor]] Module "cce:/internal/x/cc-fu/audio" loaded.
2024-7-11 14:30:11 - debug: [[Executor]] Module "cce:/internal/x/cc-fu/video" loaded.
2024-7-11 14:30:11 - debug: [[Executor]] Module "cce:/internal/x/cc-fu/xr" loaded.
2024-7-11 14:30:11 - debug: [[Executor]] Module "cce:/internal/x/cc-fu/light-probe" loaded.
2024-7-11 14:30:11 - debug: [[Executor]] Module "cce:/internal/x/cc-fu/terrain" loaded.
2024-7-11 14:30:11 - debug: [[Executor]] Module "cce:/internal/x/cc-fu/webview" loaded.
2024-7-11 14:30:11 - debug: [[Executor]] Module "cce:/internal/x/cc-fu/tween" loaded.
2024-7-11 14:30:11 - debug: [[Executor]] Module "cce:/internal/x/cc-fu/tiled-map" loaded.
2024-7-11 14:30:11 - debug: [[Executor]] Module "cce:/internal/x/cc-fu/spine" loaded.
2024-7-11 14:30:11 - debug: [[Executor]] Module "cce:/internal/x/cc-fu/dragon-bones" loaded.
2024-7-11 14:30:11 - debug: [[Executor]] Module "cce:/internal/x/cc-fu/custom-pipeline" loaded.
2024-7-11 14:30:11 - debug: [[Executor]] Module "cce:/internal/x/cc-fu/base" loaded.
2024-7-11 14:30:11 - debug: [[Executor]] Module "cce:/internal/x/cc-fu/gfx-webgl" loaded.
2024-7-11 14:30:11 - debug: [[Executor]] Module "cce:/internal/x/cc-fu/gfx-webgl2" loaded.
2024-7-11 14:30:11 - debug: [[Executor]] Module "cce:/internal/x/cc-fu/gfx-empty" loaded.
2024-7-11 14:30:11 - debug: [[Executor]] Module "cce:/internal/x/cc-fu/3d" loaded.
2024-7-11 14:30:11 - debug: [[Executor]] Module "cce:/internal/x/cc-fu/animation" loaded.
2024-7-11 14:30:11 - debug: [[Executor]] Module "cce:/internal/x/cc-fu/skeletal-animation" loaded.
2024-7-11 14:30:11 - debug: [[Executor]] Module "cce:/internal/x/cc-fu/2d" loaded.
2024-7-11 14:30:11 - debug: [[Executor]] Module "cce:/internal/x/cc-fu/sorting" loaded.
2024-7-11 14:30:11 - debug: [[Executor]] Module "cce:/internal/x/cc-fu/ui" loaded.
2024-7-11 14:30:11 - debug: [[Executor]] Module "cce:/internal/x/cc-fu/particle" loaded.
2024-7-11 14:30:11 - debug: [[Executor]] Module "cce:/internal/x/cc-fu/particle-2d" loaded.
2024-7-11 14:30:11 - debug: [[Executor]] Module "cce:/internal/x/cc-fu/physics-framework" loaded.
2024-7-11 14:30:11 - debug: [[Executor]] Module "cce:/internal/x/cc-fu/physics-2d-framework" loaded.
2024-7-11 14:30:11 - debug: [[Executor]] Module "cce:/internal/x/cc-fu/physics-2d-box2d-wasm" loaded.
2024-7-11 14:30:11 - debug: [[Executor]] Module "cce:/internal/x/cc-fu/intersection-2d" loaded.
2024-7-11 14:30:11 - debug: [[Executor]] Module "cce:/internal/x/cc-fu/primitive" loaded.
2024-7-11 14:30:11 - debug: [[Executor]] Module "cce:/internal/x/cc-fu/profiler" loaded.
2024-7-11 14:30:11 - debug: [[Executor]] Module "cce:/internal/x/cc-fu/geometry-renderer" loaded.
2024-7-11 14:30:11 - debug: [[Executor]] Module "cce:/internal/x/cc-fu/audio" loaded.
2024-7-11 14:30:11 - debug: [[Executor]] Module "cce:/internal/x/cc-fu/video" loaded.
2024-7-11 14:30:11 - debug: [[Executor]] Module "cce:/internal/x/cc-fu/xr" loaded.
2024-7-11 14:30:11 - debug: [[Executor]] Module "cce:/internal/x/cc-fu/light-probe" loaded.
2024-7-11 14:30:11 - debug: [[Executor]] Module "cce:/internal/x/cc-fu/terrain" loaded.
2024-7-11 14:30:11 - debug: [[Executor]] Module "cce:/internal/x/cc-fu/webview" loaded.
2024-7-11 14:30:11 - debug: [[Executor]] Module "cce:/internal/x/cc-fu/tween" loaded.
2024-7-11 14:30:11 - debug: [[Executor]] Module "cce:/internal/x/cc-fu/tiled-map" loaded.
2024-7-11 14:30:11 - debug: [[Executor]] Module "cce:/internal/x/cc-fu/spine" loaded.
2024-7-11 14:30:11 - debug: [[Executor]] Module "cce:/internal/x/cc-fu/dragon-bones" loaded.
2024-7-11 14:30:11 - debug: [[Executor]] Module "cce:/internal/x/cc-fu/custom-pipeline" loaded.
2024-7-11 14:30:11 - debug: [[Executor]] Module "pack:///chunks/93/93ba276ea7b26ffcdc433fab14afc1ed6f05647b.js" loaded.
2024-7-11 14:30:11 - debug: Invalidating 'pack:///chunks/93/93ba276ea7b26ffcdc433fab14afc1ed6f05647b.js'
2024-7-11 14:30:11 - groupEnd: Invalidate all modules
2024-7-11 14:30:11 - groupCollapsed: Imports all modules
2024-7-11 14:30:11 - debug: [[Executor]] Module "pack:///chunks/93/93ba276ea7b26ffcdc433fab14afc1ed6f05647b.js" loaded.
2024-7-11 14:30:11 - debug: D:\TankFight\TK2\temp\programming\packer-driver\targets\editor\chunks\6d\6d8fd2b0177941b032ddc0733af48a561fb60657.js resolved to D:\TankFight\TK2\temp\programming\packer-driver\targets\editor\chunks\6d\6d8fd2b0177941b032ddc0733af48a561fb60657.js is not in module cache!
2024-7-11 14:30:11 - debug: [[Executor]] Module "pack:///chunks/6d/6d8fd2b0177941b032ddc0733af48a561fb60657.js" loaded.
2024-7-11 14:30:11 - debug: D:\TankFight\TK2\temp\programming\packer-driver\targets\editor\chunks\c8\c8b6a709c03b1f3a3069932b4b22bfbc5834b962.js resolved to D:\TankFight\TK2\temp\programming\packer-driver\targets\editor\chunks\c8\c8b6a709c03b1f3a3069932b4b22bfbc5834b962.js is not in module cache!
2024-7-11 14:30:11 - debug: [[Executor]] Register DebugViewRuntimeControl
2024-7-11 14:30:11 - debug: [[Executor]] Module "pack:///chunks/c8/c8b6a709c03b1f3a3069932b4b22bfbc5834b962.js" loaded.
2024-7-11 14:30:11 - debug: D:\TankFight\TK2\temp\programming\packer-driver\targets\editor\chunks\38\384921d5cd14c207cb4712dcecdc5152a1d3795c.js resolved to D:\TankFight\TK2\temp\programming\packer-driver\targets\editor\chunks\38\384921d5cd14c207cb4712dcecdc5152a1d3795c.js is not in module cache!
2024-7-11 14:30:11 - debug: [[Executor]] Register HLB
2024-7-11 14:30:11 - debug: [[Executor]] Module "pack:///chunks/38/384921d5cd14c207cb4712dcecdc5152a1d3795c.js" loaded.
2024-7-11 14:30:11 - debug: D:\TankFight\TK2\temp\programming\packer-driver\targets\editor\chunks\dc\dcc83c28e89e83bde6b61796a06099f5670670f1.js resolved to D:\TankFight\TK2\temp\programming\packer-driver\targets\editor\chunks\dc\dcc83c28e89e83bde6b61796a06099f5670670f1.js is not in module cache!
2024-7-11 14:30:11 - debug: [[Executor]] Register LB
2024-7-11 14:30:11 - debug: [[Executor]] Module "pack:///chunks/dc/dcc83c28e89e83bde6b61796a06099f5670670f1.js" loaded.
2024-7-11 14:30:11 - debug: D:\TankFight\TK2\temp\programming\packer-driver\targets\editor\chunks\50\50c30f67700a5fa0b712ec808eeb1b4e83f1e1ba.js resolved to D:\TankFight\TK2\temp\programming\packer-driver\targets\editor\chunks\50\50c30f67700a5fa0b712ec808eeb1b4e83f1e1ba.js is not in module cache!
2024-7-11 14:30:11 - debug: [[Executor]] Register Loading
2024-7-11 14:30:11 - debug: [[Executor]] Module "pack:///chunks/50/50c30f67700a5fa0b712ec808eeb1b4e83f1e1ba.js" loaded.
2024-7-11 14:30:11 - debug: D:\TankFight\TK2\temp\programming\packer-driver\targets\editor\chunks\32\3260500038c15552d43f59d6b509c95e1febf8a0.js resolved to D:\TankFight\TK2\temp\programming\packer-driver\targets\editor\chunks\32\3260500038c15552d43f59d6b509c95e1febf8a0.js is not in module cache!
2024-7-11 14:30:11 - debug: [[Executor]] Register PassInf
2024-7-11 14:30:11 - debug: [[Executor]] Module "pack:///chunks/32/3260500038c15552d43f59d6b509c95e1febf8a0.js" loaded.
2024-7-11 14:30:11 - debug: D:\TankFight\TK2\temp\programming\packer-driver\targets\editor\chunks\4d\4d7857ab2de0f55b0ca2d635ab5822e18fdb8c21.js resolved to D:\TankFight\TK2\temp\programming\packer-driver\targets\editor\chunks\4d\4d7857ab2de0f55b0ca2d635ab5822e18fdb8c21.js is not in module cache!
2024-7-11 14:30:11 - debug: [[Executor]] Register SLB
2024-7-11 14:30:11 - debug: [[Executor]] Module "pack:///chunks/4d/4d7857ab2de0f55b0ca2d635ab5822e18fdb8c21.js" loaded.
2024-7-11 14:30:11 - debug: D:\TankFight\TK2\temp\programming\packer-driver\targets\editor\chunks\92\92714e810e57f6e13cbe636b3432886aed4aabb9.js resolved to D:\TankFight\TK2\temp\programming\packer-driver\targets\editor\chunks\92\92714e810e57f6e13cbe636b3432886aed4aabb9.js is not in module cache!
2024-7-11 14:30:11 - debug: [[Executor]] Register change0
2024-7-11 14:30:11 - debug: [[Executor]] Module "pack:///chunks/92/92714e810e57f6e13cbe636b3432886aed4aabb9.js" loaded.
2024-7-11 14:30:11 - debug: D:\TankFight\TK2\temp\programming\packer-driver\targets\editor\chunks\69\69577dc199881d78a73a0827218eb86942602ec9.js resolved to D:\TankFight\TK2\temp\programming\packer-driver\targets\editor\chunks\69\69577dc199881d78a73a0827218eb86942602ec9.js is not in module cache!
2024-7-11 14:30:11 - debug: [[Executor]] Register change1
2024-7-11 14:30:11 - debug: [[Executor]] Module "pack:///chunks/69/69577dc199881d78a73a0827218eb86942602ec9.js" loaded.
2024-7-11 14:30:11 - debug: D:\TankFight\TK2\temp\programming\packer-driver\targets\editor\chunks\df\df06cbc8fed14dbb2278e77827da6a628e26ef2a.js resolved to D:\TankFight\TK2\temp\programming\packer-driver\targets\editor\chunks\df\df06cbc8fed14dbb2278e77827da6a628e26ef2a.js is not in module cache!
2024-7-11 14:30:11 - debug: [[Executor]] Register double
2024-7-11 14:30:11 - debug: [[Executor]] Module "pack:///chunks/df/df06cbc8fed14dbb2278e77827da6a628e26ef2a.js" loaded.
2024-7-11 14:30:11 - debug: D:\TankFight\TK2\temp\programming\packer-driver\targets\editor\chunks\61\61bd8b6d2dbe4f4e3d65152ad75fcdf97f293392.js resolved to D:\TankFight\TK2\temp\programming\packer-driver\targets\editor\chunks\61\61bd8b6d2dbe4f4e3d65152ad75fcdf97f293392.js is not in module cache!
2024-7-11 14:30:11 - debug: [[Executor]] Register easy
2024-7-11 14:30:11 - debug: [[Executor]] Module "pack:///chunks/61/61bd8b6d2dbe4f4e3d65152ad75fcdf97f293392.js" loaded.
2024-7-11 14:30:11 - debug: D:\TankFight\TK2\temp\programming\packer-driver\targets\editor\chunks\ae\aeeee5e034ceca1ec7dfed6e8f52e14324a1fc5e.js resolved to D:\TankFight\TK2\temp\programming\packer-driver\targets\editor\chunks\ae\aeeee5e034ceca1ec7dfed6e8f52e14324a1fc5e.js is not in module cache!
2024-7-11 14:30:11 - debug: [[Executor]] Register endgame
2024-7-11 14:30:11 - debug: [[Executor]] Module "pack:///chunks/ae/aeeee5e034ceca1ec7dfed6e8f52e14324a1fc5e.js" loaded.
2024-7-11 14:30:11 - debug: D:\TankFight\TK2\temp\programming\packer-driver\targets\editor\chunks\d9\d971c502b914999e80fb9ee701dc445d42345877.js resolved to D:\TankFight\TK2\temp\programming\packer-driver\targets\editor\chunks\d9\d971c502b914999e80fb9ee701dc445d42345877.js is not in module cache!
2024-7-11 14:30:11 - debug: [[Executor]] Register esc
2024-7-11 14:30:11 - debug: [[Executor]] Module "pack:///chunks/d9/d971c502b914999e80fb9ee701dc445d42345877.js" loaded.
2024-7-11 14:30:11 - debug: D:\TankFight\TK2\temp\programming\packer-driver\targets\editor\chunks\a2\a2430651bcc5d66b7a5a6bdf15e3f2a9f03b9457.js resolved to D:\TankFight\TK2\temp\programming\packer-driver\targets\editor\chunks\a2\a2430651bcc5d66b7a5a6bdf15e3f2a9f03b9457.js is not in module cache!
2024-7-11 14:30:11 - debug: [[Executor]] Register hard
2024-7-11 14:30:11 - debug: [[Executor]] Module "pack:///chunks/a2/a2430651bcc5d66b7a5a6bdf15e3f2a9f03b9457.js" loaded.
2024-7-11 14:30:11 - debug: D:\TankFight\TK2\temp\programming\packer-driver\targets\editor\chunks\64\64ce6dd9c651e5c51a2186680c637515cd5b2e58.js resolved to D:\TankFight\TK2\temp\programming\packer-driver\targets\editor\chunks\64\64ce6dd9c651e5c51a2186680c637515cd5b2e58.js is not in module cache!
2024-7-11 14:30:11 - debug: D:\TankFight\TK2\temp\programming\packer-driver\targets\editor\chunks\6a\6a5019a719a9014c047e67aa1cf34453ab8392ce.js resolved to D:\TankFight\TK2\temp\programming\packer-driver\targets\editor\chunks\6a\6a5019a719a9014c047e67aa1cf34453ab8392ce.js is not in module cache!
2024-7-11 14:30:11 - debug: [[Executor]] Module "pack:///chunks/6a/6a5019a719a9014c047e67aa1cf34453ab8392ce.js" loaded.
2024-7-11 14:30:11 - debug: [[Executor]] Register log
2024-7-11 14:30:11 - debug: [[Executor]] Module "pack:///chunks/64/64ce6dd9c651e5c51a2186680c637515cd5b2e58.js" loaded.
2024-7-11 14:30:11 - debug: D:\TankFight\TK2\temp\programming\packer-driver\targets\editor\chunks\f0\f0b15c2f586cf2c1a1da084611b1f38943248fec.js resolved to D:\TankFight\TK2\temp\programming\packer-driver\targets\editor\chunks\f0\f0b15c2f586cf2c1a1da084611b1f38943248fec.js is not in module cache!
2024-7-11 14:30:11 - debug: [[Executor]] Register pause
2024-7-11 14:30:11 - debug: [[Executor]] Module "pack:///chunks/f0/f0b15c2f586cf2c1a1da084611b1f38943248fec.js" loaded.
2024-7-11 14:30:11 - debug: D:\TankFight\TK2\temp\programming\packer-driver\targets\editor\chunks\fc\fc03191039ff1dc7eac55887bbf323bdf9d243ad.js resolved to D:\TankFight\TK2\temp\programming\packer-driver\targets\editor\chunks\fc\fc03191039ff1dc7eac55887bbf323bdf9d243ad.js is not in module cache!
2024-7-11 14:30:11 - debug: [[Executor]] Register reStart
2024-7-11 14:30:11 - debug: [[Executor]] Module "pack:///chunks/fc/fc03191039ff1dc7eac55887bbf323bdf9d243ad.js" loaded.
2024-7-11 14:30:11 - debug: D:\TankFight\TK2\temp\programming\packer-driver\targets\editor\chunks\0f\0f04fb789a6c7629e5cd49ae749338f6dce39df6.js resolved to D:\TankFight\TK2\temp\programming\packer-driver\targets\editor\chunks\0f\0f04fb789a6c7629e5cd49ae749338f6dce39df6.js is not in module cache!
2024-7-11 14:30:11 - debug: [[Executor]] Register returnlog
2024-7-11 14:30:11 - debug: [[Executor]] Module "pack:///chunks/0f/0f04fb789a6c7629e5cd49ae749338f6dce39df6.js" loaded.
2024-7-11 14:30:11 - debug: D:\TankFight\TK2\temp\programming\packer-driver\targets\editor\chunks\6b\6b91a48b000c0b404c2005a17a116614998121dc.js resolved to D:\TankFight\TK2\temp\programming\packer-driver\targets\editor\chunks\6b\6b91a48b000c0b404c2005a17a116614998121dc.js is not in module cache!
2024-7-11 14:30:11 - debug: [[Executor]] Register returnselect
2024-7-11 14:30:11 - debug: [[Executor]] Module "pack:///chunks/6b/6b91a48b000c0b404c2005a17a116614998121dc.js" loaded.
2024-7-11 14:30:11 - debug: D:\TankFight\TK2\temp\programming\packer-driver\targets\editor\chunks\7e\7ee63c9a9e29a3b987d22de292a94292f031aa6c.js resolved to D:\TankFight\TK2\temp\programming\packer-driver\targets\editor\chunks\7e\7ee63c9a9e29a3b987d22de292a94292f031aa6c.js is not in module cache!
2024-7-11 14:30:11 - debug: [[Executor]] Register SceneSwitcher
2024-7-11 14:30:11 - debug: [[Executor]] Module "pack:///chunks/7e/7ee63c9a9e29a3b987d22de292a94292f031aa6c.js" loaded.
2024-7-11 14:30:11 - debug: D:\TankFight\TK2\temp\programming\packer-driver\targets\editor\chunks\85\85c658ae1c751848aaa55e9a4f0418b1038db90b.js resolved to D:\TankFight\TK2\temp\programming\packer-driver\targets\editor\chunks\85\85c658ae1c751848aaa55e9a4f0418b1038db90b.js is not in module cache!
2024-7-11 14:30:11 - debug: [[Executor]] Register shut
2024-7-11 14:30:11 - debug: [[Executor]] Module "pack:///chunks/85/85c658ae1c751848aaa55e9a4f0418b1038db90b.js" loaded.
2024-7-11 14:30:11 - debug: D:\TankFight\TK2\temp\programming\packer-driver\targets\editor\chunks\f5\f5413de1e274ee66c1cac6b509b9c78d90fa93a0.js resolved to D:\TankFight\TK2\temp\programming\packer-driver\targets\editor\chunks\f5\f5413de1e274ee66c1cac6b509b9c78d90fa93a0.js is not in module cache!
2024-7-11 14:30:11 - debug: [[Executor]] Register time01
2024-7-11 14:30:11 - debug: [[Executor]] Module "pack:///chunks/f5/f5413de1e274ee66c1cac6b509b9c78d90fa93a0.js" loaded.
2024-7-11 14:30:11 - debug: D:\TankFight\TK2\temp\programming\packer-driver\targets\editor\chunks\46\4632f5a4ea797d920bf2e069b8c2515abff664eb.js resolved to D:\TankFight\TK2\temp\programming\packer-driver\targets\editor\chunks\46\4632f5a4ea797d920bf2e069b8c2515abff664eb.js is not in module cache!
2024-7-11 14:30:11 - debug: [[Executor]] Register time11
2024-7-11 14:30:11 - debug: [[Executor]] Module "pack:///chunks/46/4632f5a4ea797d920bf2e069b8c2515abff664eb.js" loaded.
2024-7-11 14:30:11 - debug: D:\TankFight\TK2\temp\programming\packer-driver\targets\editor\chunks\10\107735bd8ab6aeedb8dedfa61097e7d039af005f.js resolved to D:\TankFight\TK2\temp\programming\packer-driver\targets\editor\chunks\10\107735bd8ab6aeedb8dedfa61097e7d039af005f.js is not in module cache!
2024-7-11 14:30:11 - debug: [[Executor]] Register welcome
2024-7-11 14:30:11 - debug: [[Executor]] Module "pack:///chunks/10/107735bd8ab6aeedb8dedfa61097e7d039af005f.js" loaded.
2024-7-11 14:30:11 - debug: D:\TankFight\TK2\temp\programming\packer-driver\targets\editor\chunks\96\96a1d608170b6742a1cb3d661554d7612da226fd.js resolved to D:\TankFight\TK2\temp\programming\packer-driver\targets\editor\chunks\96\96a1d608170b6742a1cb3d661554d7612da226fd.js is not in module cache!
2024-7-11 14:30:11 - debug: [[Executor]] Register AudioManeger
2024-7-11 14:30:11 - debug: [[Executor]] Module "pack:///chunks/96/96a1d608170b6742a1cb3d661554d7612da226fd.js" loaded.
2024-7-11 14:30:11 - debug: D:\TankFight\TK2\temp\programming\packer-driver\targets\editor\chunks\85\8506b5890a376671fb518d6bc944b0e0c189a65f.js resolved to D:\TankFight\TK2\temp\programming\packer-driver\targets\editor\chunks\85\8506b5890a376671fb518d6bc944b0e0c189a65f.js is not in module cache!
2024-7-11 14:30:11 - debug: [[Executor]] Register background
2024-7-11 14:30:11 - debug: [[Executor]] Module "pack:///chunks/85/8506b5890a376671fb518d6bc944b0e0c189a65f.js" loaded.
2024-7-11 14:30:11 - debug: D:\TankFight\TK2\temp\programming\packer-driver\targets\editor\chunks\37\37b153d16d326e699d889dd2abe7af979808812f.js resolved to D:\TankFight\TK2\temp\programming\packer-driver\targets\editor\chunks\37\37b153d16d326e699d889dd2abe7af979808812f.js is not in module cache!
2024-7-11 14:30:11 - debug: D:\TankFight\TK2\temp\programming\packer-driver\targets\editor\chunks\bd\bda66f12b708819fefbdfd3f5ac4139372f1955c.js resolved to D:\TankFight\TK2\temp\programming\packer-driver\targets\editor\chunks\bd\bda66f12b708819fefbdfd3f5ac4139372f1955c.js is not in module cache!
2024-7-11 14:30:11 - debug: D:\TankFight\TK2\temp\programming\packer-driver\targets\editor\chunks\7b\7b65579927e3436e25a33e2cd766c3229919bb92.js resolved to D:\TankFight\TK2\temp\programming\packer-driver\targets\editor\chunks\7b\7b65579927e3436e25a33e2cd766c3229919bb92.js is not in module cache!
2024-7-11 14:30:11 - debug: [[Executor]] Register firedirection1
2024-7-11 14:30:11 - debug: [[Executor]] Module "pack:///chunks/7b/7b65579927e3436e25a33e2cd766c3229919bb92.js" loaded.
2024-7-11 14:30:11 - debug: [[Executor]] Register PlayerController1
2024-7-11 14:30:11 - debug: [[Executor]] Module "pack:///chunks/bd/bda66f12b708819fefbdfd3f5ac4139372f1955c.js" loaded.
2024-7-11 14:30:11 - debug: [[Executor]] Register Bullet
2024-7-11 14:30:11 - debug: [[Executor]] Module "pack:///chunks/37/37b153d16d326e699d889dd2abe7af979808812f.js" loaded.
2024-7-11 14:30:11 - debug: D:\TankFight\TK2\temp\programming\packer-driver\targets\editor\chunks\74\74415ce5e09097a65a5a79d76907797be9a9a87b.js resolved to D:\TankFight\TK2\temp\programming\packer-driver\targets\editor\chunks\74\74415ce5e09097a65a5a79d76907797be9a9a87b.js is not in module cache!
2024-7-11 14:30:11 - debug: D:\TankFight\TK2\temp\programming\packer-driver\targets\editor\chunks\cc\ccd58ad23c547685d09480e2fdc942fd3911138c.js resolved to D:\TankFight\TK2\temp\programming\packer-driver\targets\editor\chunks\cc\ccd58ad23c547685d09480e2fdc942fd3911138c.js is not in module cache!
2024-7-11 14:30:11 - debug: D:\TankFight\TK2\temp\programming\packer-driver\targets\editor\chunks\36\36d3bfeda5cf9f318bc54772175b4f3fc5a0607e.js resolved to D:\TankFight\TK2\temp\programming\packer-driver\targets\editor\chunks\36\36d3bfeda5cf9f318bc54772175b4f3fc5a0607e.js is not in module cache!
2024-7-11 14:30:11 - debug: [[Executor]] Register firedirection0
2024-7-11 14:30:11 - debug: [[Executor]] Module "pack:///chunks/36/36d3bfeda5cf9f318bc54772175b4f3fc5a0607e.js" loaded.
2024-7-11 14:30:11 - debug: [[Executor]] Register PlayerController0
2024-7-11 14:30:11 - debug: [[Executor]] Module "pack:///chunks/cc/ccd58ad23c547685d09480e2fdc942fd3911138c.js" loaded.
2024-7-11 14:30:11 - debug: [[Executor]] Register Bullet
2024-7-11 14:30:11 - debug: [[Executor]] Module "pack:///chunks/74/74415ce5e09097a65a5a79d76907797be9a9a87b.js" loaded.
2024-7-11 14:30:11 - debug: D:\TankFight\TK2\temp\programming\packer-driver\targets\editor\chunks\62\6275fa94b592203dc11997433cb492a59edefec9.js resolved to D:\TankFight\TK2\temp\programming\packer-driver\targets\editor\chunks\62\6275fa94b592203dc11997433cb492a59edefec9.js is not in module cache!
2024-7-11 14:30:11 - debug: [[Executor]] Register TankCheatController
2024-7-11 14:30:11 - debug: [[Executor]] Module "pack:///chunks/62/6275fa94b592203dc11997433cb492a59edefec9.js" loaded.
2024-7-11 14:30:11 - debug: D:\TankFight\TK2\temp\programming\packer-driver\targets\editor\chunks\3e\3edfb0d15a6fd62055ec1aa8fb517c9c95c8fac5.js resolved to D:\TankFight\TK2\temp\programming\packer-driver\targets\editor\chunks\3e\3edfb0d15a6fd62055ec1aa8fb517c9c95c8fac5.js is not in module cache!
2024-7-11 14:30:11 - debug: [[Executor]] Register enemybullet
2024-7-11 14:30:11 - debug: [[Executor]] Module "pack:///chunks/3e/3edfb0d15a6fd62055ec1aa8fb517c9c95c8fac5.js" loaded.
2024-7-11 14:30:11 - debug: D:\TankFight\TK2\temp\programming\packer-driver\targets\editor\chunks\1e\1e3a0887b2546876cf3cf9f1111e7eaec80e236a.js resolved to D:\TankFight\TK2\temp\programming\packer-driver\targets\editor\chunks\1e\1e3a0887b2546876cf3cf9f1111e7eaec80e236a.js is not in module cache!
2024-7-11 14:30:11 - debug: [[Executor]] Register enemylandmine
2024-7-11 14:30:11 - debug: [[Executor]] Module "pack:///chunks/1e/1e3a0887b2546876cf3cf9f1111e7eaec80e236a.js" loaded.
2024-7-11 14:30:11 - debug: D:\TankFight\TK2\temp\programming\packer-driver\targets\editor\chunks\dd\dde7d279c58603d0f85d0e1963fd2e6139d16a6f.js resolved to D:\TankFight\TK2\temp\programming\packer-driver\targets\editor\chunks\dd\dde7d279c58603d0f85d0e1963fd2e6139d16a6f.js is not in module cache!
2024-7-11 14:30:11 - debug: D:\TankFight\TK2\temp\programming\packer-driver\targets\editor\chunks\9d\9d0a93837a709fc36ca97b9a11ceb65d0326ecba.js resolved to D:\TankFight\TK2\temp\programming\packer-driver\targets\editor\chunks\9d\9d0a93837a709fc36ca97b9a11ceb65d0326ecba.js is not in module cache!
2024-7-11 14:30:11 - debug: [[Executor]] Register enemytank_001
2024-7-11 14:30:11 - debug: [[Executor]] Module "pack:///chunks/9d/9d0a93837a709fc36ca97b9a11ceb65d0326ecba.js" loaded.
2024-7-11 14:30:11 - debug: [[Executor]] Register enemyfire
2024-7-11 14:30:11 - debug: [[Executor]] Module "pack:///chunks/dd/dde7d279c58603d0f85d0e1963fd2e6139d16a6f.js" loaded.
2024-7-11 14:30:11 - debug: D:\TankFight\TK2\temp\programming\packer-driver\targets\editor\chunks\67\676fe619b4b0fde6d65c3680ba2f40e3885017ed.js resolved to D:\TankFight\TK2\temp\programming\packer-driver\targets\editor\chunks\67\676fe619b4b0fde6d65c3680ba2f40e3885017ed.js is not in module cache!
2024-7-11 14:30:11 - debug: [[Executor]] Register sprite
2024-7-11 14:30:11 - debug: [[Executor]] Module "pack:///chunks/67/676fe619b4b0fde6d65c3680ba2f40e3885017ed.js" loaded.
2024-7-11 14:30:11 - debug: D:\TankFight\TK2\temp\programming\packer-driver\targets\editor\chunks\93\93ce8d695a3f6a76a6e1b8d1174b56535c8a9802.js resolved to D:\TankFight\TK2\temp\programming\packer-driver\targets\editor\chunks\93\93ce8d695a3f6a76a6e1b8d1174b56535c8a9802.js is not in module cache!
2024-7-11 14:30:11 - debug: D:\TankFight\TK2\temp\programming\packer-driver\targets\editor\chunks\57\57fa5ecf90ed779c926850b6fa73d0f1de13ae2a.js resolved to D:\TankFight\TK2\temp\programming\packer-driver\targets\editor\chunks\57\57fa5ecf90ed779c926850b6fa73d0f1de13ae2a.js is not in module cache!
2024-7-11 14:30:11 - debug: [[Executor]] Register enemytank_002
2024-7-11 14:30:11 - debug: [[Executor]] Module "pack:///chunks/57/57fa5ecf90ed779c926850b6fa73d0f1de13ae2a.js" loaded.
2024-7-11 14:30:11 - debug: [[Executor]] Register enemyfire
2024-7-11 14:30:11 - debug: [[Executor]] Module "pack:///chunks/93/93ce8d695a3f6a76a6e1b8d1174b56535c8a9802.js" loaded.
2024-7-11 14:30:11 - debug: D:\TankFight\TK2\temp\programming\packer-driver\targets\editor\chunks\47\477cdafdb0d323c9c52c2d7e6f023d04e7502b65.js resolved to D:\TankFight\TK2\temp\programming\packer-driver\targets\editor\chunks\47\477cdafdb0d323c9c52c2d7e6f023d04e7502b65.js is not in module cache!
2024-7-11 14:30:11 - debug: [[Executor]] Register sprite
2024-7-11 14:30:11 - debug: [[Executor]] Module "pack:///chunks/47/477cdafdb0d323c9c52c2d7e6f023d04e7502b65.js" loaded.
2024-7-11 14:30:11 - debug: D:\TankFight\TK2\temp\programming\packer-driver\targets\editor\chunks\a0\a060a1c4b617696d9c1dcacf6b48a1b21c4d36b4.js resolved to D:\TankFight\TK2\temp\programming\packer-driver\targets\editor\chunks\a0\a060a1c4b617696d9c1dcacf6b48a1b21c4d36b4.js is not in module cache!
2024-7-11 14:30:11 - debug: D:\TankFight\TK2\temp\programming\packer-driver\targets\editor\chunks\f0\f060d6f668839bbfe6113042b8cd96d43a74db5b.js resolved to D:\TankFight\TK2\temp\programming\packer-driver\targets\editor\chunks\f0\f060d6f668839bbfe6113042b8cd96d43a74db5b.js is not in module cache!
2024-7-11 14:30:11 - debug: [[Executor]] Register enemytank
2024-7-11 14:30:11 - debug: [[Executor]] Module "pack:///chunks/f0/f060d6f668839bbfe6113042b8cd96d43a74db5b.js" loaded.
2024-7-11 14:30:11 - debug: [[Executor]] Register enemyfire
2024-7-11 14:30:11 - debug: [[Executor]] Module "pack:///chunks/a0/a060a1c4b617696d9c1dcacf6b48a1b21c4d36b4.js" loaded.
2024-7-11 14:30:11 - debug: D:\TankFight\TK2\temp\programming\packer-driver\targets\editor\chunks\c7\c738b4a9b147d5326231324f6aa0f916d54c0594.js resolved to D:\TankFight\TK2\temp\programming\packer-driver\targets\editor\chunks\c7\c738b4a9b147d5326231324f6aa0f916d54c0594.js is not in module cache!
2024-7-11 14:30:11 - debug: [[Executor]] Register fireaffect0
2024-7-11 14:30:11 - debug: [[Executor]] Module "pack:///chunks/c7/c738b4a9b147d5326231324f6aa0f916d54c0594.js" loaded.
2024-7-11 14:30:11 - debug: D:\TankFight\TK2\temp\programming\packer-driver\targets\editor\chunks\d0\d071c5af2ebf586a3bd2153d8102bb7a4e9fff34.js resolved to D:\TankFight\TK2\temp\programming\packer-driver\targets\editor\chunks\d0\d071c5af2ebf586a3bd2153d8102bb7a4e9fff34.js is not in module cache!
2024-7-11 14:30:11 - debug: [[Executor]] Register fireaffect1
2024-7-11 14:30:11 - debug: [[Executor]] Module "pack:///chunks/d0/d071c5af2ebf586a3bd2153d8102bb7a4e9fff34.js" loaded.
2024-7-11 14:30:11 - debug: D:\TankFight\TK2\temp\programming\packer-driver\targets\editor\chunks\5c\5cc82e7ad78f9ebf88236365f0529486837c7b82.js resolved to D:\TankFight\TK2\temp\programming\packer-driver\targets\editor\chunks\5c\5cc82e7ad78f9ebf88236365f0529486837c7b82.js is not in module cache!
2024-7-11 14:30:11 - debug: [[Executor]] Register fort
2024-7-11 14:30:11 - debug: [[Executor]] Module "pack:///chunks/5c/5cc82e7ad78f9ebf88236365f0529486837c7b82.js" loaded.
2024-7-11 14:30:11 - debug: D:\TankFight\TK2\temp\programming\packer-driver\targets\editor\chunks\89\8906db6d13046aeec5c8a3fce431d7deaca8fde1.js resolved to D:\TankFight\TK2\temp\programming\packer-driver\targets\editor\chunks\89\8906db6d13046aeec5c8a3fce431d7deaca8fde1.js is not in module cache!
2024-7-11 14:30:11 - debug: [[Executor]] Register hp0
2024-7-11 14:30:11 - debug: [[Executor]] Module "pack:///chunks/89/8906db6d13046aeec5c8a3fce431d7deaca8fde1.js" loaded.
2024-7-11 14:30:11 - debug: D:\TankFight\TK2\temp\programming\packer-driver\targets\editor\chunks\5f\5f512b4a44dace4a3ed4b4beae2ba24854549ac8.js resolved to D:\TankFight\TK2\temp\programming\packer-driver\targets\editor\chunks\5f\5f512b4a44dace4a3ed4b4beae2ba24854549ac8.js is not in module cache!
2024-7-11 14:30:11 - debug: [[Executor]] Register hp1
2024-7-11 14:30:11 - debug: [[Executor]] Module "pack:///chunks/5f/5f512b4a44dace4a3ed4b4beae2ba24854549ac8.js" loaded.
2024-7-11 14:30:11 - debug: D:\TankFight\TK2\temp\programming\packer-driver\targets\editor\chunks\fd\fd1de5ba0abea696b44097c7c70321f7e30d53ca.js resolved to D:\TankFight\TK2\temp\programming\packer-driver\targets\editor\chunks\fd\fd1de5ba0abea696b44097c7c70321f7e30d53ca.js is not in module cache!
2024-7-11 14:30:11 - debug: [[Executor]] Register landmine0
2024-7-11 14:30:11 - debug: [[Executor]] Module "pack:///chunks/fd/fd1de5ba0abea696b44097c7c70321f7e30d53ca.js" loaded.
2024-7-11 14:30:11 - debug: D:\TankFight\TK2\temp\programming\packer-driver\targets\editor\chunks\80\8048104a86f8d48b38f3bf72a69a5a583fd461d9.js resolved to D:\TankFight\TK2\temp\programming\packer-driver\targets\editor\chunks\80\8048104a86f8d48b38f3bf72a69a5a583fd461d9.js is not in module cache!
2024-7-11 14:30:11 - debug: [[Executor]] Register landmine0
2024-7-11 14:30:11 - debug: [[Executor]] Module "pack:///chunks/80/8048104a86f8d48b38f3bf72a69a5a583fd461d9.js" loaded.
2024-7-11 14:30:11 - debug: D:\TankFight\TK2\temp\programming\packer-driver\targets\editor\chunks\b1\b104e002c6ceaf41d3202f4112fc5cc5ddd26542.js resolved to D:\TankFight\TK2\temp\programming\packer-driver\targets\editor\chunks\b1\b104e002c6ceaf41d3202f4112fc5cc5ddd26542.js is not in module cache!
2024-7-11 14:30:11 - debug: [[Executor]] Register landmine1
2024-7-11 14:30:11 - debug: [[Executor]] Module "pack:///chunks/b1/b104e002c6ceaf41d3202f4112fc5cc5ddd26542.js" loaded.
2024-7-11 14:30:11 - debug: D:\TankFight\TK2\temp\programming\packer-driver\targets\editor\chunks\7d\7d776c13862b8294ac8e1ca54933c7ce511c9de6.js resolved to D:\TankFight\TK2\temp\programming\packer-driver\targets\editor\chunks\7d\7d776c13862b8294ac8e1ca54933c7ce511c9de6.js is not in module cache!
2024-7-11 14:30:11 - debug: [[Executor]] Register wallbox
2024-7-11 14:30:11 - debug: [[Executor]] Module "pack:///chunks/7d/7d776c13862b8294ac8e1ca54933c7ce511c9de6.js" loaded.
2024-7-11 14:30:11 - debug: D:\TankFight\TK2\temp\programming\packer-driver\targets\editor\chunks\8c\8cbcac0ff3852ef0ad041ecd0c3489f1faffc83c.js resolved to D:\TankFight\TK2\temp\programming\packer-driver\targets\editor\chunks\8c\8cbcac0ff3852ef0ad041ecd0c3489f1faffc83c.js is not in module cache!
2024-7-11 14:30:11 - debug: [[Executor]] Register objectfirefast
2024-7-11 14:30:11 - debug: [[Executor]] Module "pack:///chunks/8c/8cbcac0ff3852ef0ad041ecd0c3489f1faffc83c.js" loaded.
2024-7-11 14:30:11 - debug: D:\TankFight\TK2\temp\programming\packer-driver\targets\editor\chunks\61\613099c8a6849ad586c6e443d2565d771480f804.js resolved to D:\TankFight\TK2\temp\programming\packer-driver\targets\editor\chunks\61\613099c8a6849ad586c6e443d2565d771480f804.js is not in module cache!
2024-7-11 14:30:11 - debug: [[Executor]] Register objectmovefast
2024-7-11 14:30:11 - debug: [[Executor]] Module "pack:///chunks/61/613099c8a6849ad586c6e443d2565d771480f804.js" loaded.
2024-7-11 14:30:11 - debug: D:\TankFight\TK2\temp\programming\packer-driver\targets\editor\chunks\f3\f35666bd6a8722196c11b551fc4efab271183c17.js resolved to D:\TankFight\TK2\temp\programming\packer-driver\targets\editor\chunks\f3\f35666bd6a8722196c11b551fc4efab271183c17.js is not in module cache!
2024-7-11 14:30:11 - debug: [[Executor]] Register playerfire
2024-7-11 14:30:11 - debug: [[Executor]] Module "pack:///chunks/f3/f35666bd6a8722196c11b551fc4efab271183c17.js" loaded.
2024-7-11 14:30:11 - debug: D:\TankFight\TK2\temp\programming\packer-driver\targets\editor\chunks\3a\3ae15428e46cec218300a87cb6d309f49a021773.js resolved to D:\TankFight\TK2\temp\programming\packer-driver\targets\editor\chunks\3a\3ae15428e46cec218300a87cb6d309f49a021773.js is not in module cache!
2024-7-11 14:30:11 - debug: [[Executor]] Register background
2024-7-11 14:30:11 - debug: [[Executor]] Module "pack:///chunks/3a/3ae15428e46cec218300a87cb6d309f49a021773.js" loaded.
2024-7-11 14:30:11 - debug: D:\TankFight\TK2\temp\programming\packer-driver\targets\editor\chunks\c9\c99779b06efa9823621ab8342827c1ad0774ca91.js resolved to D:\TankFight\TK2\temp\programming\packer-driver\targets\editor\chunks\c9\c99779b06efa9823621ab8342827c1ad0774ca91.js is not in module cache!
2024-7-11 14:30:11 - debug: [[Executor]] Register speedaffect0
2024-7-11 14:30:11 - debug: [[Executor]] Module "pack:///chunks/c9/c99779b06efa9823621ab8342827c1ad0774ca91.js" loaded.
2024-7-11 14:30:11 - debug: D:\TankFight\TK2\temp\programming\packer-driver\targets\editor\chunks\38\38629f0ed4e9381bb79dd57fda3dd2475331d578.js resolved to D:\TankFight\TK2\temp\programming\packer-driver\targets\editor\chunks\38\38629f0ed4e9381bb79dd57fda3dd2475331d578.js is not in module cache!
2024-7-11 14:30:11 - debug: [[Executor]] Register speedaffect1
2024-7-11 14:30:11 - debug: [[Executor]] Module "pack:///chunks/38/38629f0ed4e9381bb79dd57fda3dd2475331d578.js" loaded.
2024-7-11 14:30:11 - debug: D:\TankFight\TK2\temp\programming\packer-driver\targets\editor\chunks\fe\fe26176a1b669ffdbe0bde11740255bfde568dfc.js resolved to D:\TankFight\TK2\temp\programming\packer-driver\targets\editor\chunks\fe\fe26176a1b669ffdbe0bde11740255bfde568dfc.js is not in module cache!
2024-7-11 14:30:11 - debug: [[Executor]] Register tankdestroy
2024-7-11 14:30:11 - debug: [[Executor]] Module "pack:///chunks/fe/fe26176a1b669ffdbe0bde11740255bfde568dfc.js" loaded.
2024-7-11 14:30:11 - debug: D:\TankFight\TK2\temp\programming\packer-driver\targets\editor\chunks\c6\c6fc4e15b0e353e7e1398942192d7a2ccfdd9038.js resolved to D:\TankFight\TK2\temp\programming\packer-driver\targets\editor\chunks\c6\c6fc4e15b0e353e7e1398942192d7a2ccfdd9038.js is not in module cache!
2024-7-11 14:30:11 - debug: [[Executor]] Register sprite
2024-7-11 14:30:11 - debug: [[Executor]] Module "pack:///chunks/c6/c6fc4e15b0e353e7e1398942192d7a2ccfdd9038.js" loaded.
2024-7-11 14:30:11 - debug: D:\TankFight\TK2\temp\programming\packer-driver\targets\editor\chunks\cc\cc9236053f6bd93142b84e579965a32f6c28a3ca.js resolved to D:\TankFight\TK2\temp\programming\packer-driver\targets\editor\chunks\cc\cc9236053f6bd93142b84e579965a32f6c28a3ca.js is not in module cache!
2024-7-11 14:30:11 - debug: [[Executor]] Register tankdestroy
2024-7-11 14:30:11 - debug: [[Executor]] Module "pack:///chunks/cc/cc9236053f6bd93142b84e579965a32f6c28a3ca.js" loaded.
2024-7-11 14:30:11 - debug: [[Executor]] Module "pack:///chunks/6d/6d8fd2b0177941b032ddc0733af48a561fb60657.js" loaded.
2024-7-11 14:30:11 - groupEnd: Imports all modules
2024-7-11 14:30:11 - debug: Incremental keys: 
2024-7-11 14:30:11 - debug: Init bundle share assets start..., progress: 9%
2024-7-11 14:30:11 - warn: The SpriteFrame used by component "cc.Sprite" in scene "victory" is missing. Detailed information:Node path: "Canvas/vectory"Asset url: "db://assets/Scenes/victory"Missing uuid: "9f07242a-881b-4e5a-87a4-b3b7aae88cb6@f9941"
2024-7-11 14:30:11 - debug: Init bundle share assets success..., progress: 9%
2024-7-11 14:30:11 - debug: handle json group in bundle internal
2024-7-11 14:30:11 - debug: handle json group in bundle internal success
2024-7-11 14:30:11 - debug: handle json group in bundle resources
2024-7-11 14:30:11 - debug: handle json group in bundle resources success
2024-7-11 14:30:11 - debug: handle json group in bundle main
2024-7-11 14:30:11 - debug: init image compress task 0 in bundle internal
2024-7-11 14:30:11 - debug: init image compress task 0 in bundle resources
2024-7-11 14:30:11 - debug: [json-group] check self or raw asset, skip. 1b563b92-0169-4b09-8e57-dda755953bb9 depended by 285e0e0b-d379-456d-bf07-60f18f9ea848 has checked in raw asset 1b563b92-0169-4b09-8e57-dda755953bb9/bundle(main)}
2024-7-11 14:30:11 - debug: [json-group] check self or raw asset, skip. 285e0e0b-d379-456d-bf07-60f18f9ea848 depended by 1b563b92-0169-4b09-8e57-dda755953bb9 has checked in raw asset 285e0e0b-d379-456d-bf07-60f18f9ea848/bundle(main)}
2024-7-11 14:30:11 - debug: [json-group] check self or raw asset, skip. 44ea65dd-dcbb-4c3b-8483-488681b996e9 depended by 44ea65dd-dcbb-4c3b-8483-488681b996e9 has checked in raw asset 44ea65dd-dcbb-4c3b-8483-488681b996e9/bundle(main)}
2024-7-11 14:30:11 - debug: [json-group] check self or raw asset, skip. f4845990-e17f-411e-b3a6-fa50eff4b210 depended by f4845990-e17f-411e-b3a6-fa50eff4b210 has checked in raw asset 6edb7132-96e2-4656-abd7-5ddc42a84e26/bundle(main)}
2024-7-11 14:30:11 - debug: [json-group] check self or raw asset, skip. 44ea65dd-dcbb-4c3b-8483-488681b996e9 depended by 44ea65dd-dcbb-4c3b-8483-488681b996e9 has checked in raw asset 6edb7132-96e2-4656-abd7-5ddc42a84e26/bundle(main)}
2024-7-11 14:30:11 - debug: [json-group] check self or raw asset, skip. f4845990-e17f-411e-b3a6-fa50eff4b210 depended by f4845990-e17f-411e-b3a6-fa50eff4b210 has checked in raw asset f4845990-e17f-411e-b3a6-fa50eff4b210/bundle(main)}
2024-7-11 14:30:11 - debug: handle json group in bundle main success
2024-7-11 14:30:11 - debug: init image compress task 0 in bundle main
2024-7-11 14:30:11 - debug: // ---- build task 查询 Asset Bundle ---- (351ms)
2024-7-11 14:30:11 - debug: run build task 查询 Asset Bundle success in 351 ms√, progress: 14%
2024-7-11 14:30:11 - debug: [Build Memory track]: 查询 Asset Bundle start:198.12MB, end 232.94MB, increase: 34.82MB
2024-7-11 14:30:11 - debug: 查询 Asset Bundle start, progress: 14%
2024-7-11 14:30:11 - debug: // ---- build task 查询 Asset Bundle ----
2024-7-11 14:30:11 - debug: // ---- build task 查询 Asset Bundle ---- (3ms)
2024-7-11 14:30:11 - debug: run build task 查询 Asset Bundle success in 3 ms√, progress: 19%
2024-7-11 14:30:11 - debug: [Build Memory track]: 查询 Asset Bundle start:232.96MB, end 233.09MB, increase: 136.89KB
2024-7-11 14:30:11 - debug: 打包脚本 start, progress: 19%
2024-7-11 14:30:11 - debug: // ---- build task 打包脚本 ----
2024-7-11 14:30:12 - debug: Generate systemJs..., progress: 19%
2024-7-11 14:30:14 - debug: 构建项目脚本 start..., progress: 19%
2024-7-11 14:30:14 - debug: Build script in bundle start, progress: 19%
2024-7-11 14:30:14 - log: Run build task(build-script) in child, see: chrome://inspect/#devices
2024-7-11 14:30:15 - log: [build-script]enter sub process 11440, C:\ProgramData\cocos\editors\Creator\3.8.3\CocosCreator.exe,C:\ProgramData\cocos\editors\Creator\3.8.3\resources\app.asar\builtin\builder\static\sub-process-index
2024-7-11 14:30:16 - warn: [build-script][[Build.Script.Rollup]] Circular dependency: file:///D:/TankFight/TK2/assets/text/tank1.ts -> file:///D:/TankFight/TK2/assets/text/firedirection1.ts -> file:///D:/TankFight/TK2/assets/text/tank1.ts[warning][[Build.Script.Rollup]] Circular dependency: file:///D:/TankFight/TK2/assets/text/tank0.ts -> file:///D:/TankFight/TK2/assets/text/firedirection0.ts -> file:///D:/TankFight/TK2/assets/text/tank0.ts
2024-7-11 14:30:18 - debug: excute-script over with build-script 3506ms
2024-7-11 14:30:18 - debug: Copy externalScripts success!
2024-7-11 14:30:18 - debug: Build script in bundle success, progress: 19%
2024-7-11 14:30:18 - debug: 构建项目脚本 in (3567 ms) √, progress: 19%
2024-7-11 14:30:18 - debug: 构建引擎脚本 start..., progress: 19%
2024-7-11 14:30:18 - warn: Engine cache directory({link(C:\Users\53190\AppData\Local\Temp\CocosCreator\3.8.3\builder\engine\f45381b66e39dad5d253182e28ddf10c)}) exists but has empty content. It's abnormal.
2024-7-11 14:30:18 - debug: start build engine with options: {"incremental":"C:\\Users\\53190\\AppData\\Local\\Temp\\CocosCreator\\3.8.3\\builder\\engine\\f45381b66e39dad5d253182e28ddf10c.watch-files.json","engine":"C:\\ProgramData\\cocos\\editors\\Creator\\3.8.3\\resources\\resources\\3d\\engine","out":"C:\\Users\\53190\\AppData\\Local\\Temp\\CocosCreator\\3.8.3\\builder\\engine\\f45381b66e39dad5d253182e28ddf10c","moduleFormat":"system","compress":true,"nativeCodeBundleMode":"both","assetURLFormat":"runtime-resolved","sourceMap":false,"loose":true,"features":["2d","animation","audio","base","dragon-bones","gfx-webgl","gfx-webgl2","intersection-2d","meshopt","particle-2d","physics-2d-box2d","profiler","spine","tiled-map","tween","ui","video","webview"],"platform":"HTML5","flags":{"DEBUG":false},"mode":"BUILD","metaFile":"C:\\Users\\53190\\AppData\\Local\\Temp\\CocosCreator\\3.8.3\\builder\\engine\\f45381b66e39dad5d253182e28ddf10c.meta\\meta.json","wasmCompressionMode":false}
2024-7-11 14:30:18 - log: Run build task(build-engine) in child, see: chrome://inspect/#devices
2024-7-11 14:30:18 - log: [build-engine]enter sub process 29320, C:\ProgramData\cocos\editors\Creator\3.8.3\CocosCreator.exe,C:\ProgramData\cocos\editors\Creator\3.8.3\resources\app.asar\builtin\builder\static\sub-process-index
2024-7-11 14:30:19 - log: [build-engine]start build engine with options: {"engine":"C:\\ProgramData\\cocos\\editors\\Creator\\3.8.3\\resources\\resources\\3d\\engine","out":"C:\\Users\\53190\\AppData\\Local\\Temp\\CocosCreator\\3.8.3\\builder\\engine\\f45381b66e39dad5d253182e28ddf10c","platform":"HTML5","moduleFormat":"system","compress":true,"split":false,"nativeCodeBundleMode":"both","assetURLFormat":"runtime-resolved","noDeprecatedFeatures":false,"sourceMap":false,"features":["2d","animation","audio","base","dragon-bones","gfx-webgl","gfx-webgl2","intersection-2d","meshopt","particle-2d","physics-2d-box2d","profiler","spine","tiled-map","tween","ui","video","webview"],"loose":true,"mode":"BUILD","flags":{"DEBUG":false},"metaFile":"C:\\Users\\53190\\AppData\\Local\\Temp\\CocosCreator\\3.8.3\\builder\\engine\\f45381b66e39dad5d253182e28ddf10c.meta\\meta.json","incremental":"C:\\Users\\53190\\AppData\\Local\\Temp\\CocosCreator\\3.8.3\\builder\\engine\\f45381b66e39dad5d253182e28ddf10c.watch-files.json","wasmCompressionMode":false}
2024-7-11 14:30:19 - log: [build-engine]Module source "internal-constants":function tryDefineGlobal (name, value) {    const _global = typeof window === 'undefined' ? global : window;    if (typeof _global[name] === 'undefined') {        return (_global[name] = value);    } else {        // eslint-disable-next-line @typescript-eslint/no-unsafe-return        return _global[name];    }}export const HTML5 = true;export const NATIVE = false;export const ANDROID = false;export const IOS = false;export const MAC = false;export const WINDOWS = false;export const LINUX = false;export const OHOS = false;export const OPEN_HARMONY = false;export const WECHAT = false;tryDefineGlobal('CC_WECHAT', false);export const WECHAT_MINI_PROGRAM = false;export const BAIDU = false;tryDefineGlobal('CC_BAIDU', false);export const XIAOMI = false;tryDefineGlobal('CC_XIAOMI', false);export const ALIPAY = false;tryDefineGlobal('CC_ALIPAY', false);export const TAOBAO = false;export const TAOBAO_MINIGAME = false;export const BYTEDANCE = false;tryDefineGlobal('CC_BYTEDANCE', false);export const OPPO = false;tryDefineGlobal('CC_OPPO', false);export const VIVO = false;tryDefineGlobal('CC_VIVO', false);export const HUAWEI = false;tryDefineGlobal('CC_HUAWEI', false);export const COCOSPLAY = false;tryDefineGlobal('CC_COCOSPLAY', false);export const QTT = false;tryDefineGlobal('CC_QTT', false);export const LINKSURE = false;tryDefineGlobal('CC_LINKSURE', false);export const EDITOR = false;tryDefineGlobal('CC_EDITOR', false);export const EDITOR_NOT_IN_PREVIEW = false;export const PREVIEW = false;tryDefineGlobal('CC_PREVIEW', false);export const BUILD = true;tryDefineGlobal('CC_BUILD', true);export const TEST = false;tryDefineGlobal('CC_TEST', false);export const DEBUG = false;tryDefineGlobal('CC_DEBUG', false);export const SERVER_MODE = false;export const DEV = false;tryDefineGlobal('CC_DEV', false);export const MINIGAME = false;tryDefineGlobal('CC_MINIGAME', false);export const RUNTIME_BASED = false;tryDefineGlobal('CC_RUNTIME_BASED', false);export const SUPPORT_JIT = true;tryDefineGlobal('CC_SUPPORT_JIT', true);export const JSB = false;tryDefineGlobal('CC_JSB', false);export const NOT_PACK_PHYSX_LIBS = false;export const NET_MODE = 0;export const WEBGPU = false;export const NATIVE_CODE_BUNDLE_MODE = 2;export const WASM_SUBPACKAGE = false;export const CULL_MESHOPT = false;
2024-7-11 14:30:19 - log: [build-engine]Module source "cc":export * from 'C:\\ProgramData\\cocos\\editors\\Creator\\3.8.3\\resources\\resources\\3d\\engine\\exports\\2d.ts';export * from 'C:\\ProgramData\\cocos\\editors\\Creator\\3.8.3\\resources\\resources\\3d\\engine\\exports\\sorting.ts';export * from 'C:\\ProgramData\\cocos\\editors\\Creator\\3.8.3\\resources\\resources\\3d\\engine\\exports\\animation.ts';export * from 'C:\\ProgramData\\cocos\\editors\\Creator\\3.8.3\\resources\\resources\\3d\\engine\\exports\\audio.ts';export * from 'C:\\ProgramData\\cocos\\editors\\Creator\\3.8.3\\resources\\resources\\3d\\engine\\exports\\base.ts';export * from 'C:\\ProgramData\\cocos\\editors\\Creator\\3.8.3\\resources\\resources\\3d\\engine\\exports\\dragon-bones.ts';export * from 'C:\\ProgramData\\cocos\\editors\\Creator\\3.8.3\\resources\\resources\\3d\\engine\\exports\\gfx-webgl.ts';export * from 'C:\\ProgramData\\cocos\\editors\\Creator\\3.8.3\\resources\\resources\\3d\\engine\\exports\\gfx-webgl2.ts';export * from 'C:\\ProgramData\\cocos\\editors\\Creator\\3.8.3\\resources\\resources\\3d\\engine\\exports\\intersection-2d.ts';export * from 'C:\\ProgramData\\cocos\\editors\\Creator\\3.8.3\\resources\\resources\\3d\\engine\\exports\\particle-2d.ts';export * from 'C:\\ProgramData\\cocos\\editors\\Creator\\3.8.3\\resources\\resources\\3d\\engine\\exports\\physics-2d-box2d.ts';export * from 'C:\\ProgramData\\cocos\\editors\\Creator\\3.8.3\\resources\\resources\\3d\\engine\\exports\\physics-2d-framework.ts';export * from 'C:\\ProgramData\\cocos\\editors\\Creator\\3.8.3\\resources\\resources\\3d\\engine\\exports\\profiler.ts';export * from 'C:\\ProgramData\\cocos\\editors\\Creator\\3.8.3\\resources\\resources\\3d\\engine\\exports\\spine.ts';export * from 'C:\\ProgramData\\cocos\\editors\\Creator\\3.8.3\\resources\\resources\\3d\\engine\\exports\\tiled-map.ts';export * from 'C:\\ProgramData\\cocos\\editors\\Creator\\3.8.3\\resources\\resources\\3d\\engine\\exports\\tween.ts';export * from 'C:\\ProgramData\\cocos\\editors\\Creator\\3.8.3\\resources\\resources\\3d\\engine\\exports\\ui.ts';export * from 'C:\\ProgramData\\cocos\\editors\\Creator\\3.8.3\\resources\\resources\\3d\\engine\\exports\\video.ts';export * from 'C:\\ProgramData\\cocos\\editors\\Creator\\3.8.3\\resources\\resources\\3d\\engine\\exports\\webview.ts';
2024-7-11 14:30:20 - log: [build-engine]Redirect module internal:native to C:\ProgramData\cocos\editors\Creator\3.8.3\resources\resources\3d\engine\cocos\native-binding\impl.ts
2024-7-11 14:30:20 - log: [build-engine]Redirect module pal/system-info to C:\ProgramData\cocos\editors\Creator\3.8.3\resources\resources\3d\engine\pal\system-info\web\system-info.ts
2024-7-11 14:30:21 - log: [build-engine]Redirect module pal/screen-adapter to C:\ProgramData\cocos\editors\Creator\3.8.3\resources\resources\3d\engine\pal\screen-adapter\web\screen-adapter.ts
2024-7-11 14:30:25 - log: [build-engine]Redirect module pal/input to C:\ProgramData\cocos\editors\Creator\3.8.3\resources\resources\3d\engine\pal\input\web\index.ts
2024-7-11 14:30:25 - log: [build-engine]Redirect module pal/audio to C:\ProgramData\cocos\editors\Creator\3.8.3\resources\resources\3d\engine\pal\audio\web\player.ts
2024-7-11 14:30:26 - log: [build-engine]Redirect module pal/env to C:\ProgramData\cocos\editors\Creator\3.8.3\resources\resources\3d\engine\pal\env\web\env.ts
2024-7-11 14:30:26 - log: [build-engine]Redirect module pal/pacer to C:\ProgramData\cocos\editors\Creator\3.8.3\resources\resources\3d\engine\pal\pacer\pacer-web.ts
2024-7-11 14:30:26 - log: [build-engine]Redirect module pal/minigame to C:\ProgramData\cocos\editors\Creator\3.8.3\resources\resources\3d\engine\pal\minigame\non-minigame.ts
2024-7-11 14:30:30 - log: [build-engine]Redirect module C:\ProgramData\cocos\editors\Creator\3.8.3\resources\resources\3d\engine\cocos\animation\marionette\runtime-exports.ts to C:\ProgramData\cocos\editors\Creator\3.8.3\resources\resources\3d\engine\cocos\animation\marionette\index-empty.ts
2024-7-11 14:30:30 - log: [build-engine]Rollup warning 'THIS_IS_UNDEFINED' is omitted for C:\ProgramData\cocos\editors\Creator\3.8.3\resources\resources\3d\engine\node_modules\@cocos\dragonbones-js\out\dragonBones.js
2024-7-11 14:30:30 - log: [build-engine]Rollup warning 'THIS_IS_UNDEFINED' is omitted for C:\ProgramData\cocos\editors\Creator\3.8.3\resources\resources\3d\engine\node_modules\@cocos\dragonbones-js\out\dragonBones.js
2024-7-11 14:30:31 - log: [build-engine]Redirect module pal/wasm to C:\ProgramData\cocos\editors\Creator\3.8.3\resources\resources\3d\engine\pal\wasm\wasm-web.ts
2024-7-11 14:30:31 - log: [build-engine]Redirect module C:\ProgramData\cocos\editors\Creator\3.8.3\resources\resources\3d\engine\cocos\2d\renderer\native-2d.ts to C:\ProgramData\cocos\editors\Creator\3.8.3\resources\resources\3d\engine\cocos\2d\renderer\native-2d-empty.ts
2024-7-11 14:30:42 - log: [build-engine]==== Performance ===={"# BUILD":[23257.745700001717,725199240,782869824],"## generate module graph":[20715.600100003183,638077524,695753552],"- plugin 0 (@cocos/ccbuild|external-loader) - resolveId":[6.147199809551239,1242504,752008680],"- plugin 0 (@cocos/ccbuild|external-loader) - resolveId (async)":[29.603799670934677,5393944,752009672],"- plugin 1 (@cocos/ccbuild|module-overrides) - resolveId":[8.138699769973755,-3954100,752011480],"- plugin 2 (virtual) - resolveId":[18.375599943101406,5421988,752019156],"load modules":[57769.30420012027,3302151548,749694668],"- plugin 0 (@cocos/ccbuild|external-loader) - load":[2.2921000197529793,345064,749698872],"- plugin 0 (@cocos/ccbuild|external-loader) - load (async)":[405.5920999199152,22977628,749699520],"- plugin 1 (@cocos/ccbuild|module-overrides) - load":[5.42400000244379,378968,775574796],"- plugin 2 (virtual) - load":[1.391299843788147,91916,775577712],"- plugin 6 (json) - transform":[2.6676001101732254,710704,749699384],"- plugin 7 (commonjs) - transform":[605.3015000447631,45065912,775574116],"- plugin 8 (babel) - transform":[118.68139984458685,7124856,775577568],"generate ast":[685.9533999487758,59256488,799225416],"analyse ast":[1346.3360000103712,-370803172,751992964],"- plugin 3 (@cocos/ccbuild|module-query-plugin) - resolveId":[7.680800147354603,2940184,752024576],"- plugin 3 (@cocos/ccbuild|module-query-plugin) - resolveId (async)":[180.57119949907064,25862892,752025660],"- plugin 4 (ts-paths) - resolveId":[3.8503000140190125,479684,752027284],"- plugin 5 (node-resolve) - resolveId":[28.16700015962124,5001460,752039244],"- plugin 5 (node-resolve) - resolveId (async)":[125967.41319853067,1035812156,752054020],"- plugin 5 (node-resolve) - load":[1.4942999556660652,96260,775578164],"- plugin 7 (commonjs) - load":[4.283200018107891,750404,749787540],"- plugin 8 (babel) - load":[194.1461999565363,10193396,749821576],"- plugin 8 (babel) - transform (async)":[12726.93410000205,803322396,751751168],"- plugin 7 (commonjs) - resolveId":[1.8522000014781952,81480,752054532],"- plugin 8 (babel) - resolveId":[0.8373000249266624,58052,752054936],"- plugin 7 (commonjs) - resolveId (async)":[6608.335400000215,-92377688,672773964],"- plugin 7 (commonjs) - load (async)":[1092.2208999991417,36929796,568676080],"## sort modules":[221.50029999762774,16491824,712245684],"## mark included statements":[2320.543600000441,70622328,782868256],"treeshaking pass 1":[694.3938999995589,54764696,761480668],"treeshaking pass 2":[268.42300000041723,13379596,774860508],"treeshaking pass 3":[181.94500000029802,2224688,777085440],"treeshaking pass 4":[125.7580000013113,4372444,781458128],"treeshaking pass 5":[102.24920000135899,2531484,783989856],"treeshaking pass 6":[306.1005999967456,4684160,788674260],"treeshaking pass 7":[136.57000000029802,-1100404,787574100],"treeshaking pass 8":[118.7259000018239,457400,788031744],"treeshaking pass 9":[98.18400000035763,1009172,789041160],"treeshaking pass 10":[93.52459999918938,-1527656,787513748],"treeshaking pass 11":[93.07900000363588,-2262608,785251384],"treeshaking pass 12":[93.16169999539852,-2383744,782867884]}
2024-7-11 14:30:42 - log: [build-engine]====             ====
2024-7-11 14:30:54 - debug: excute-script over with build-engine 36102ms
2024-7-11 14:30:54 - debug: 构建引擎脚本 in (36185 ms) √, progress: 19%
2024-7-11 14:30:54 - debug: Copy plugin script ..., progress: 19%
2024-7-11 14:30:54 - debug: Generate import-map..., progress: 19%
2024-7-11 14:30:54 - debug: // ---- build task 打包脚本 ---- (42762ms)
2024-7-11 14:30:54 - debug: run build task 打包脚本 success in 42 s√, progress: 24%
2024-7-11 14:30:54 - debug: [Build Memory track]: 打包脚本 start:233.21MB, end 208.00MB, increase: -25819.33KB
2024-7-11 14:30:54 - debug: Build Assets start, progress: 24%
2024-7-11 14:30:54 - debug: // ---- build task Build Assets ----
2024-7-11 14:30:54 - debug: Build bundles..., progress: 24%
2024-7-11 14:30:54 - debug: Pack Images start, progress: 24%
2024-7-11 14:30:54 - debug: Pack Images success, progress: 24%
2024-7-11 14:30:54 - debug: Compress image start..., progress: 24%
2024-7-11 14:30:54 - group: Compress image...
2024-7-11 14:30:54 - debug: sort compress task {}
2024-7-11 14:30:54 - debug: Num of all image compress task 0, really: 0, configTasks: 0
2024-7-11 14:30:54 - debug: No image need to compress
2024-7-11 14:30:54 - groupEnd: Compress image...
2024-7-11 14:30:54 - debug: Compress image success..., progress: 24%
2024-7-11 14:30:54 - debug: Output asset in bundles start, progress: 24%
2024-7-11 14:30:54 - debug: Handle all json groups in bundle internal
2024-7-11 14:30:54 - debug: handle json group
2024-7-11 14:30:54 - debug: Handle all json groups in bundle resources
2024-7-11 14:30:54 - debug: handle json group
2024-7-11 14:30:54 - debug: handle single json
2024-7-11 14:30:54 - debug: Handle all json groups in bundle main
2024-7-11 14:30:54 - debug: handle json group
2024-7-11 14:30:54 - debug: Json group(013400e30) compile success，json number: 6
2024-7-11 14:30:54 - debug: Json group(029e2f4fe) compile success，json number: 6
2024-7-11 14:30:54 - debug: Json group(0ca60d3e4) compile success，json number: 6
2024-7-11 14:30:54 - debug: handle single json
2024-7-11 14:30:54 - debug: Json group(0ea3cfb1e) compile success，json number: 6
2024-7-11 14:30:54 - warn: The SpriteFrame used by component "cc.Sprite" in scene "victory" is missing. Detailed information:Node path: "Canvas/vectory"Asset url: "db://assets/Scenes/victory"Missing uuid: "9f07242a-881b-4e5a-87a4-b3b7aae88cb6@f9941"
2024-7-11 14:30:54 - debug: Json group(09e1fd531) compile success，json number: 6
2024-7-11 14:30:54 - debug: Json group(08c1214af) compile success，json number: 6
2024-7-11 14:30:54 - debug: Json group(0925958c2) compile success，json number: 6
2024-7-11 14:30:54 - debug: Json group(0ee27dca6) compile success，json number: 6
2024-7-11 14:30:54 - debug: Json group(049e90c10) compile success，json number: 6
2024-7-11 14:30:54 - debug: Json group(0b06f38ac) compile success，json number: 6
2024-7-11 14:30:54 - debug: Json group(08385ff53) compile success，json number: 6
2024-7-11 14:30:54 - debug: handle single json
2024-7-11 14:30:54 - debug: Output asset in bundles success, progress: 24%
2024-7-11 14:30:54 - debug: Output asset in bundles start, progress: 24%
2024-7-11 14:30:54 - debug: compress config of bundle internal...
2024-7-11 14:30:54 - debug: compress config of bundle internal success
2024-7-11 14:30:54 - debug: compress config of bundle resources...
2024-7-11 14:30:54 - debug: compress config of bundle resources success
2024-7-11 14:30:54 - debug: compress config of bundle main...
2024-7-11 14:30:54 - debug: compress config of bundle main success
2024-7-11 14:30:54 - debug: output config of bundle internal
2024-7-11 14:30:54 - debug: output config of bundle internal success
2024-7-11 14:30:54 - debug: output config of bundle resources
2024-7-11 14:30:54 - debug: output config of bundle resources success
2024-7-11 14:30:54 - debug: output config of bundle main
2024-7-11 14:30:54 - debug: output config of bundle main success
2024-7-11 14:30:54 - debug: Output asset in bundles success, progress: 24%
2024-7-11 14:30:54 - debug: // ---- build task Build Assets ---- (525ms)
2024-7-11 14:30:54 - debug: run build task Build Assets success in 525 ms√, progress: 29%
2024-7-11 14:30:54 - debug: [Build Memory track]: Build Assets start:208.01MB, end 211.94MB, increase: 3.93MB
2024-7-11 14:30:54 - debug: 整理部分构建选项内数据到 settings.json start, progress: 29%
2024-7-11 14:30:54 - debug: // ---- build task 整理部分构建选项内数据到 settings.json ----
2024-7-11 14:30:54 - debug: run build task 整理部分构建选项内数据到 settings.json success in √, progress: 31%
2024-7-11 14:30:54 - debug: [Build Memory track]: 整理部分构建选项内数据到 settings.json start:212.02MB, end 212.04MB, increase: 18.34KB
2024-7-11 14:30:54 - debug: 填充脚本数据到 settings.json start, progress: 31%
2024-7-11 14:30:54 - debug: // ---- build task 填充脚本数据到 settings.json ----
2024-7-11 14:30:54 - debug: run build task 填充脚本数据到 settings.json success in √, progress: 32%
2024-7-11 14:30:54 - debug: [Build Memory track]: 填充脚本数据到 settings.json start:212.05MB, end 212.07MB, increase: 16.78KB
2024-7-11 14:30:54 - debug: 整理部分构建选项内数据到 settings.json start, progress: 32%
2024-7-11 14:30:54 - debug: // ---- build task 整理部分构建选项内数据到 settings.json ----
2024-7-11 14:30:54 - debug: // ---- build task 整理部分构建选项内数据到 settings.json ---- (7ms)
2024-7-11 14:30:54 - debug: run build task 整理部分构建选项内数据到 settings.json success in 7 ms√, progress: 34%
2024-7-11 14:30:54 - debug: [Build Memory track]: 整理部分构建选项内数据到 settings.json start:212.09MB, end 212.22MB, increase: 136.78KB
2024-7-11 14:30:54 - debug: web-desktop:(onBeforeCompressSettings) start..., progress: 34%
2024-7-11 14:30:54 - debug: // ---- build task web-desktop：onBeforeCompressSettings ----
2024-7-11 14:30:54 - debug: // ---- build task web-desktop：onBeforeCompressSettings ---- (1ms)
2024-7-11 14:30:54 - debug: web-desktop:(onBeforeCompressSettings) in 1 ms ✓, progress: 36%
2024-7-11 14:30:54 - debug: cocos-service:(onBeforeCompressSettings) start..., progress: 36%
2024-7-11 14:30:54 - debug: // ---- build task cocos-service：onBeforeCompressSettings ----
2024-7-11 14:30:54 - debug: // ---- build task cocos-service：onBeforeCompressSettings ---- (2ms)
2024-7-11 14:30:54 - debug: cocos-service:(onBeforeCompressSettings) in 2 ms ✓, progress: 38%
2024-7-11 14:30:54 - debug: 整理静态模板文件 start, progress: 38%
2024-7-11 14:30:54 - debug: // ---- build task 整理静态模板文件 ----
2024-7-11 14:30:54 - debug: // ---- build task 整理静态模板文件 ---- (78ms)
2024-7-11 14:30:54 - debug: run build task 整理静态模板文件 success in 78 ms√, progress: 43%
2024-7-11 14:30:54 - debug: [Build Memory track]: 整理静态模板文件 start:212.33MB, end 213.12MB, increase: 807.86KB
2024-7-11 14:30:54 - debug: cocos-service:(onAfterCompressSettings) start..., progress: 43%
2024-7-11 14:30:54 - debug: // ---- build task cocos-service：onAfterCompressSettings ----
2024-7-11 14:30:54 - debug: // ---- build task cocos-service：onAfterCompressSettings ---- (2ms)
2024-7-11 14:30:54 - debug: cocos-service:(onAfterCompressSettings) in 2 ms ✓, progress: 45%
2024-7-11 14:30:54 - debug: web-desktop:(onBeforeCopyBuildTemplate) start..., progress: 45%
2024-7-11 14:30:54 - debug: // ---- build task web-desktop：onBeforeCopyBuildTemplate ----
2024-7-11 14:30:55 - debug: // ---- build task web-desktop：onBeforeCopyBuildTemplate ---- (32ms)
2024-7-11 14:30:55 - debug: web-desktop:(onBeforeCopyBuildTemplate) in 32 ms ✓, progress: 46%
2024-7-11 14:30:55 - debug: 给所有的资源加上 MD5 后缀 start, progress: 46%
2024-7-11 14:30:55 - debug: // ---- build task 给所有的资源加上 MD5 后缀 ----
2024-7-11 14:30:55 - debug: // ---- build task 给所有的资源加上 MD5 后缀 ---- (1ms)
2024-7-11 14:30:55 - debug: run build task 给所有的资源加上 MD5 后缀 success in 1 ms√, progress: 56%
2024-7-11 14:30:55 - debug: [Build Memory track]: 给所有的资源加上 MD5 后缀 start:210.30MB, end 210.31MB, increase: 19.32KB
2024-7-11 14:30:55 - debug: cocos-service:(onAfterBuild) start..., progress: 56%
2024-7-11 14:30:55 - debug: // ---- build task cocos-service：onAfterBuild ----
2024-7-11 14:30:55 - debug: // ---- build task cocos-service：onAfterBuild ---- (2ms)
2024-7-11 14:30:55 - debug: cocos-service:(onAfterBuild) in 2 ms ✓, progress: 58%
2024-7-11 14:30:55 - debug: adsense-h5g-plugin:(onAfterBuild) start..., progress: 58%
2024-7-11 14:30:55 - debug: // ---- build task adsense-h5g-plugin：onAfterBuild ----
2024-7-11 14:30:55 - debug: // ---- build task adsense-h5g-plugin：onAfterBuild ---- (1ms)
2024-7-11 14:30:55 - debug: adsense-h5g-plugin:(onAfterBuild) in 1 ms ✓, progress: 60%
2024-7-11 14:30:55 - log: Asset DB is resume!
2024-7-11 14:30:55 - debug: builder:build-project-total (43924ms)
2024-7-11 14:30:55 - warn: The SpriteFrame used by component "cc.Sprite" in scene "victory" is missing. Detailed information:Node path: "Canvas/vectory"Asset url: "db://assets/Scenes/victory"Missing uuid: "9f07242a-881b-4e5a-87a4-b3b7aae88cb6@f9941"
2024-7-11 14:30:55 - debug: build success in 43924!
2024-7-11 14:30:55 - debug: [Build Memory track]: builder:build-project-total start:194.97MB, end 219.24MB, increase: 24.27MB
2024-7-11 14:30:55 - debug: ================================ build Task (web-desktop) Finished in (44 s)ms ================================
