2024-7-11 14:11:52 - debug: =================================== build Task (windows-001) Start ================================
2024-7-11 14:11:52 - debug: Start build task, options:{"name":"HuNaoTank","server":"","platform":"windows","buildPath":"project://build","debug":false,"md5Cache":false,"skipCompressTexture":false,"sourceMaps":false,"overwriteProjectSettings":{"macroConfig":{"cleanupImageCache":"inherit-project-setting"},"includeModules":{"physics":"inherit-project-setting","physics-2d":"inherit-project-setting","gfx-webgl2":"off"}},"nativeCodeBundleMode":"wasm","polyfills":{"asyncFunctions":false},"experimentalEraseModules":false,"startSceneAssetBundle":false,"bundleConfigs":[],"useBuiltinServer":false,"mainBundleIsRemote":false,"mainBundleCompressionType":"merge_dep","useSplashScreen":true,"bundleCommonChunk":false,"packAutoAtlas":true,"startScene":"7af63cc6-90a2-42ce-bfb5-42897472820c","outputName":"windows-001","taskName":"windows-001","scenes":[{"url":"db://assets/map/alonemap0-difficult.scene","uuid":"1f299242-f13f-4393-9ad0-c3b2064c2606"},{"url":"db://assets/map/alonemap0.scene","uuid":"1c6af74a-a8a3-47c1-8750-c97c5958c42f"},{"url":"db://assets/map/alonemap2.scene","uuid":"36291188-d37d-4b4f-a128-588f20d16162"},{"url":"db://assets/map/doublemap.scene","uuid":"56c94625-6c31-4bd5-90fe-90c9552fdc01"},{"url":"db://assets/map/doublemap0.scene","uuid":"6edb7132-96e2-4656-abd7-5ddc42a84e26"},{"url":"db://assets/map/test.scene","uuid":"d506c42d-a2d8-4de2-bff7-83bd68a68175"},{"url":"db://assets/Scenes/LoadingScene.scene","uuid":"7af63cc6-90a2-42ce-bfb5-42897472820c"},{"url":"db://assets/Scenes/LoginScene.scene","uuid":"9486f291-e0a6-47f7-ab5b-7440590026f7"},{"url":"db://assets/Scenes/return.scene","uuid":"bda4619b-1bc8-442d-90ee-6b04df2eccd8"},{"url":"db://assets/Scenes/select.scene","uuid":"0554d124-5936-4455-9b17-a083050a9281"},{"url":"db://assets/Scenes/single.scene","uuid":"b9b0fce6-d144-4637-8f7b-c8b0c724ec99"},{"url":"db://assets/Scenes/single1.scene","uuid":"03313355-9855-490d-98a2-49a0837a55c4"},{"url":"db://assets/Scenes/victory.scene","uuid":"2be201f8-3f82-437d-b138-1947eaf8f5a2"}],"wasmCompressionMode":false,"packages":{"windows":{"executableName":"demo2","renderBackEnd":{"vulkan":true,"gles3":true,"gles2":true},"targetPlatform":"x64","__version__":"1.0.1","vsData":""},"cocos-service":{"configID":"bbddf8","services":[],"__version__":"3.0.7"},"native":{"encrypted":false,"xxteaKey":"f6cNqwBB9GmK+Gqk","compressZip":false,"JobSystem":"none","__version__":"1.0.2"}},"__version__":"1.3.8","buildMode":"normal","logDest":"project://temp/builder/log/windows2024-7-11 14-11.log"}
2024-7-11 14:11:52 - debug: Build with Cocos Creator 3.8.3
2024-7-11 14:11:52 - debug: native:(onBeforeBuild) start..., progress: 0%
2024-7-11 14:11:52 - debug: // ---- build task native：onBeforeBuild ----
2024-7-11 14:11:52 - debug: // ---- build task native：onBeforeBuild ---- (262ms)
2024-7-11 14:11:52 - debug: native:(onBeforeBuild) in 262 ms ✓, progress: 2%
2024-7-11 14:11:52 - debug: cocos-service:(onBeforeBuild) start..., progress: 2%
2024-7-11 14:11:52 - debug: // ---- build task cocos-service：onBeforeBuild ----
2024-7-11 14:11:53 - debug: // ---- build task cocos-service：onBeforeBuild ---- (938ms)
2024-7-11 14:11:53 - debug: cocos-service:(onBeforeBuild) in 938 ms ✓, progress: 4%
2024-7-11 14:11:53 - debug: scene:(onBeforeBuild) start..., progress: 4%
2024-7-11 14:11:53 - debug: // ---- build task scene：onBeforeBuild ----
2024-7-11 14:11:54 - debug: // ---- build task scene：onBeforeBuild ---- (829ms)
2024-7-11 14:11:54 - debug: scene:(onBeforeBuild) in 829 ms ✓, progress: 5%
2024-7-11 14:11:54 - debug: Start lock asset db..., progress: 5%
2024-7-11 14:11:54 - log: Asset DB is paused with build!
2024-7-11 14:11:54 - debug: Query all assets info in project
2024-7-11 14:11:55 - debug: init custom config: keepNodeUuid: false, useCache: true
2024-7-11 14:11:55 - debug: native:(onAfterInit) start..., progress: 5%
2024-7-11 14:11:55 - debug: // ---- build task native：onAfterInit ----
2024-7-11 14:11:55 - debug: Native engine root:C:\ProgramData\cocos\editors\Creator\3.8.3\resources\resources\3d\engine\native
2024-7-11 14:11:55 - debug: // ---- build task native：onAfterInit ---- (532ms)
2024-7-11 14:11:55 - debug: native:(onAfterInit) in 532 ms ✓, progress: 7%
2024-7-11 14:11:55 - debug: windows:(onAfterInit) start..., progress: 7%
2024-7-11 14:11:55 - debug: // ---- build task windows：onAfterInit ----
2024-7-11 14:11:56 - debug: // ---- build task windows：onAfterInit ---- (510ms)
2024-7-11 14:11:56 - debug: windows:(onAfterInit) in 510 ms ✓, progress: 9%
2024-7-11 14:11:56 - debug: cocos-service:(onAfterInit) start..., progress: 9%
2024-7-11 14:11:56 - debug: // ---- build task cocos-service：onAfterInit ----
2024-7-11 14:11:57 - debug: // ---- build task cocos-service：onAfterInit ---- (1127ms)
2024-7-11 14:11:57 - debug: cocos-service:(onAfterInit) in 1127 ms ✓, progress: 11%
2024-7-11 14:11:57 - debug: engine:(onAfterInit) start..., progress: 11%
2024-7-11 14:11:57 - debug: // ---- build task engine：onAfterInit ----
2024-7-11 14:11:57 - debug: // ---- build task engine：onAfterInit ---- (802ms)
2024-7-11 14:11:57 - debug: engine:(onAfterInit) in 802 ms ✓, progress: 13%
2024-7-11 14:11:57 - debug: adsense-h5g-plugin:(onBeforeBundleInit) start..., progress: 13%
2024-7-11 14:11:57 - debug: // ---- build task adsense-h5g-plugin：onBeforeBundleInit ----
2024-7-11 14:11:57 - debug: [adsense-h5g-plugin] remove script success
2024-7-11 14:11:58 - debug: // ---- build task adsense-h5g-plugin：onBeforeBundleInit ---- (573ms)
2024-7-11 14:11:58 - debug: adsense-h5g-plugin:(onBeforeBundleInit) in 573 ms ✓, progress: 13%
2024-7-11 14:11:59 - debug: Init all bundles start..., progress: 13%
2024-7-11 14:11:59 - debug: Num of bundles: 3..., progress: 13%
2024-7-11 14:11:59 - debug: native:(onAfterBundleInit) start..., progress: 13%
2024-7-11 14:11:59 - debug: // ---- build task native：onAfterBundleInit ----
2024-7-11 14:11:59 - debug: // ---- build task native：onAfterBundleInit ---- (721ms)
2024-7-11 14:11:59 - debug: native:(onAfterBundleInit) in 721 ms ✓, progress: 13%
2024-7-11 14:11:59 - debug: windows:(onAfterBundleInit) start..., progress: 13%
2024-7-11 14:11:59 - debug: // ---- build task windows：onAfterBundleInit ----
2024-7-11 14:12:00 - debug: // ---- build task windows：onAfterBundleInit ---- (700ms)
2024-7-11 14:12:00 - debug: windows:(onAfterBundleInit) in 700 ms ✓, progress: 13%
2024-7-11 14:12:00 - debug: 查询 Asset Bundle start, progress: 13%
2024-7-11 14:12:00 - debug: // ---- build task 查询 Asset Bundle ----
2024-7-11 14:12:00 - debug: Init bundle root assets start..., progress: 13%
2024-7-11 14:12:01 - debug: Query preload assets from cc.config.json: 60f7195c-ec2a-45eb-ba94-8955f60e81d0,1c02ae6f-4492-4915-b8f8-7492a3b1e4cd,810e96e4-e456-4468-9b59-f4e8f39732c0,efe8e2a3-eace-427b-b4f1-cb8a937ec77d,e9aa9a3e-5b2b-4ac7-a2c7-073de2b2b24f,8bbdbcdd-5cd4-4100-b6d5-b7c9625b6107,50f4348b-c883-4e2f-8f11-ce233b859fa1,fda095cb-831d-4601-ad94-846013963de8,f92806d7-1768-443f-afe8-12bcde84d0f0,dd3a144d-ab7f-41f0-82b8-2e43a090d496,f0416e68-0200-4b77-a926-4f9d16e494da,970b0598-bcb0-4714-91fb-2e81440dccd8,bcd64cc6-2dd9-43f6-abbe-66318d332032,d930590d-bb92-4cc8-8bd1-23cd027f9edf,a3cd009f-0ab0-420d-9278-b9fdab939bbc,c27215d8-6835-4b68-bfbb-bdeac6100c04,b5d6115f-0370-4d7c-aad3-c194cc71cf98,871c3b6c-7379-419d-bda3-794b239ab90d
2024-7-11 14:12:01 - debug:   Number of all scenes: 13
2024-7-11 14:12:01 - debug:   Number of all scripts: 60
2024-7-11 14:12:01 - debug:   Number of other assets: 609
2024-7-11 14:12:01 - debug: Init bundle root assets success..., progress: 13%
2024-7-11 14:12:01 - debug: reload all scripts.
2024-7-11 14:12:02 - debug: Set detail map pack:///resolution-detail-map.json: {}
2024-7-11 14:12:02 - groupCollapsed: Invalidate all modules
2024-7-11 14:12:02 - debug: Unregister DebugViewRuntimeControl
2024-7-11 14:12:02 - debug: Unregister HLB
2024-7-11 14:12:02 - debug: Unregister LB
2024-7-11 14:12:02 - debug: Unregister Loading
2024-7-11 14:12:02 - debug: Unregister PassInf
2024-7-11 14:12:02 - debug: Unregister SLB
2024-7-11 14:12:02 - debug: Unregister change0
2024-7-11 14:12:02 - debug: Unregister change1
2024-7-11 14:12:02 - debug: Unregister double
2024-7-11 14:12:02 - debug: Unregister easy
2024-7-11 14:12:02 - debug: Unregister endgame
2024-7-11 14:12:02 - debug: Unregister esc
2024-7-11 14:12:02 - debug: Unregister hard
2024-7-11 14:12:02 - debug: Unregister log
2024-7-11 14:12:02 - debug: Unregister pause
2024-7-11 14:12:02 - debug: Unregister reStart
2024-7-11 14:12:02 - debug: Unregister returnlog
2024-7-11 14:12:02 - debug: Unregister returnselect
2024-7-11 14:12:02 - debug: Unregister SceneSwitcher
2024-7-11 14:12:02 - debug: Unregister shut
2024-7-11 14:12:02 - debug: Unregister time01
2024-7-11 14:12:02 - debug: Unregister time11
2024-7-11 14:12:02 - debug: Unregister welcome
2024-7-11 14:12:02 - debug: Unregister AudioManeger
2024-7-11 14:12:02 - debug: Unregister background
2024-7-11 14:12:02 - debug: Unregister firedirection1
2024-7-11 14:12:02 - debug: Unregister PlayerController1
2024-7-11 14:12:02 - debug: Unregister Bullet
2024-7-11 14:12:02 - debug: Unregister firedirection0
2024-7-11 14:12:02 - debug: Unregister PlayerController0
2024-7-11 14:12:02 - debug: Unregister Bullet
2024-7-11 14:12:02 - debug: Unregister TankCheatController
2024-7-11 14:12:02 - debug: Unregister enemybullet
2024-7-11 14:12:02 - debug: Unregister enemylandmine
2024-7-11 14:12:02 - debug: Unregister enemytank_001
2024-7-11 14:12:02 - debug: Unregister enemyfire
2024-7-11 14:12:02 - debug: Unregister sprite
2024-7-11 14:12:02 - debug: Unregister enemytank_002
2024-7-11 14:12:02 - debug: Unregister enemyfire
2024-7-11 14:12:02 - debug: Unregister sprite
2024-7-11 14:12:02 - debug: Unregister enemytank
2024-7-11 14:12:02 - debug: Unregister enemyfire
2024-7-11 14:12:02 - debug: Unregister fireaffect0
2024-7-11 14:12:02 - debug: Unregister fireaffect1
2024-7-11 14:12:02 - debug: Unregister fort
2024-7-11 14:12:02 - debug: Unregister hp0
2024-7-11 14:12:02 - debug: Unregister hp1
2024-7-11 14:12:02 - debug(2): Unregister landmine0
2024-7-11 14:12:02 - debug: Unregister landmine1
2024-7-11 14:12:02 - debug: Unregister wallbox
2024-7-11 14:12:02 - debug: Unregister objectfirefast
2024-7-11 14:12:02 - debug: Unregister objectmovefast
2024-7-11 14:12:02 - debug: Unregister playerfire
2024-7-11 14:12:02 - debug: Unregister background
2024-7-11 14:12:02 - debug: Unregister speedaffect0
2024-7-11 14:12:02 - debug: Unregister speedaffect1
2024-7-11 14:12:02 - debug: Unregister tankdestroy
2024-7-11 14:12:02 - debug: Unregister sprite
2024-7-11 14:12:02 - debug: Unregister tankdestroy
2024-7-11 14:12:02 - debug: Invalidating 'pack:///chunks/93/93ba276ea7b26ffcdc433fab14afc1ed6f05647b.js'
2024-7-11 14:12:02 - debug: Invalidating 'pack:///chunks/6d/6d8fd2b0177941b032ddc0733af48a561fb60657.js'
2024-7-11 14:12:02 - debug: Invalidating 'pack:///chunks/c8/c8b6a709c03b1f3a3069932b4b22bfbc5834b962.js'
2024-7-11 14:12:02 - debug: Invalidating 'pack:///chunks/38/384921d5cd14c207cb4712dcecdc5152a1d3795c.js'
2024-7-11 14:12:02 - debug: Invalidating 'pack:///chunks/dc/dcc83c28e89e83bde6b61796a06099f5670670f1.js'
2024-7-11 14:12:02 - debug: Invalidating 'pack:///chunks/50/50c30f67700a5fa0b712ec808eeb1b4e83f1e1ba.js'
2024-7-11 14:12:02 - debug: Invalidating 'pack:///chunks/32/3260500038c15552d43f59d6b509c95e1febf8a0.js'
2024-7-11 14:12:02 - debug: Invalidating 'pack:///chunks/4d/4d7857ab2de0f55b0ca2d635ab5822e18fdb8c21.js'
2024-7-11 14:12:02 - debug: Invalidating 'pack:///chunks/92/92714e810e57f6e13cbe636b3432886aed4aabb9.js'
2024-7-11 14:12:02 - debug: Invalidating 'pack:///chunks/69/69577dc199881d78a73a0827218eb86942602ec9.js'
2024-7-11 14:12:02 - debug: Invalidating 'pack:///chunks/df/df06cbc8fed14dbb2278e77827da6a628e26ef2a.js'
2024-7-11 14:12:02 - debug: Invalidating 'pack:///chunks/61/61bd8b6d2dbe4f4e3d65152ad75fcdf97f293392.js'
2024-7-11 14:12:02 - debug: Invalidating 'pack:///chunks/ae/aeeee5e034ceca1ec7dfed6e8f52e14324a1fc5e.js'
2024-7-11 14:12:02 - debug: Invalidating 'pack:///chunks/d9/d971c502b914999e80fb9ee701dc445d42345877.js'
2024-7-11 14:12:02 - debug: Invalidating 'pack:///chunks/a2/a2430651bcc5d66b7a5a6bdf15e3f2a9f03b9457.js'
2024-7-11 14:12:02 - debug: Invalidating 'pack:///chunks/64/64ce6dd9c651e5c51a2186680c637515cd5b2e58.js'
2024-7-11 14:12:02 - debug: Invalidating 'pack:///chunks/6a/6a5019a719a9014c047e67aa1cf34453ab8392ce.js'
2024-7-11 14:12:02 - debug: Invalidating 'pack:///chunks/f0/f0b15c2f586cf2c1a1da084611b1f38943248fec.js'
2024-7-11 14:12:02 - debug: Invalidating 'pack:///chunks/fc/fc03191039ff1dc7eac55887bbf323bdf9d243ad.js'
2024-7-11 14:12:02 - debug: Invalidating 'pack:///chunks/0f/0f04fb789a6c7629e5cd49ae749338f6dce39df6.js'
2024-7-11 14:12:02 - debug: Invalidating 'pack:///chunks/6b/6b91a48b000c0b404c2005a17a116614998121dc.js'
2024-7-11 14:12:02 - debug: Invalidating 'pack:///chunks/7e/7ee63c9a9e29a3b987d22de292a94292f031aa6c.js'
2024-7-11 14:12:02 - debug: Invalidating 'pack:///chunks/85/85c658ae1c751848aaa55e9a4f0418b1038db90b.js'
2024-7-11 14:12:02 - debug: Invalidating 'pack:///chunks/f5/f5413de1e274ee66c1cac6b509b9c78d90fa93a0.js'
2024-7-11 14:12:02 - debug: Invalidating 'pack:///chunks/46/4632f5a4ea797d920bf2e069b8c2515abff664eb.js'
2024-7-11 14:12:02 - debug: Invalidating 'pack:///chunks/10/107735bd8ab6aeedb8dedfa61097e7d039af005f.js'
2024-7-11 14:12:02 - debug: Invalidating 'pack:///chunks/96/96a1d608170b6742a1cb3d661554d7612da226fd.js'
2024-7-11 14:12:02 - debug: Invalidating 'pack:///chunks/85/8506b5890a376671fb518d6bc944b0e0c189a65f.js'
2024-7-11 14:12:02 - debug: Invalidating 'pack:///chunks/37/37b153d16d326e699d889dd2abe7af979808812f.js'
2024-7-11 14:12:02 - debug: Invalidating 'pack:///chunks/bd/bda66f12b708819fefbdfd3f5ac4139372f1955c.js'
2024-7-11 14:12:02 - debug: Invalidating 'pack:///chunks/7b/7b65579927e3436e25a33e2cd766c3229919bb92.js'
2024-7-11 14:12:02 - debug: Invalidating 'pack:///chunks/74/74415ce5e09097a65a5a79d76907797be9a9a87b.js'
2024-7-11 14:12:02 - debug: Invalidating 'pack:///chunks/cc/ccd58ad23c547685d09480e2fdc942fd3911138c.js'
2024-7-11 14:12:02 - debug: Invalidating 'pack:///chunks/36/36d3bfeda5cf9f318bc54772175b4f3fc5a0607e.js'
2024-7-11 14:12:02 - debug: Invalidating 'pack:///chunks/62/6275fa94b592203dc11997433cb492a59edefec9.js'
2024-7-11 14:12:02 - debug: Invalidating 'pack:///chunks/3e/3edfb0d15a6fd62055ec1aa8fb517c9c95c8fac5.js'
2024-7-11 14:12:02 - debug: Invalidating 'pack:///chunks/1e/1e3a0887b2546876cf3cf9f1111e7eaec80e236a.js'
2024-7-11 14:12:02 - debug: Invalidating 'pack:///chunks/dd/dde7d279c58603d0f85d0e1963fd2e6139d16a6f.js'
2024-7-11 14:12:02 - debug: Invalidating 'pack:///chunks/9d/9d0a93837a709fc36ca97b9a11ceb65d0326ecba.js'
2024-7-11 14:12:02 - debug: Invalidating 'pack:///chunks/67/676fe619b4b0fde6d65c3680ba2f40e3885017ed.js'
2024-7-11 14:12:02 - debug: Invalidating 'pack:///chunks/93/93ce8d695a3f6a76a6e1b8d1174b56535c8a9802.js'
2024-7-11 14:12:02 - debug: Invalidating 'pack:///chunks/57/57fa5ecf90ed779c926850b6fa73d0f1de13ae2a.js'
2024-7-11 14:12:02 - debug: Invalidating 'pack:///chunks/47/477cdafdb0d323c9c52c2d7e6f023d04e7502b65.js'
2024-7-11 14:12:02 - debug: Invalidating 'pack:///chunks/a0/a060a1c4b617696d9c1dcacf6b48a1b21c4d36b4.js'
2024-7-11 14:12:02 - debug: Invalidating 'pack:///chunks/f0/f060d6f668839bbfe6113042b8cd96d43a74db5b.js'
2024-7-11 14:12:02 - debug: Invalidating 'pack:///chunks/c7/c738b4a9b147d5326231324f6aa0f916d54c0594.js'
2024-7-11 14:12:02 - debug: Invalidating 'pack:///chunks/d0/d071c5af2ebf586a3bd2153d8102bb7a4e9fff34.js'
2024-7-11 14:12:02 - debug: Invalidating 'pack:///chunks/5c/5cc82e7ad78f9ebf88236365f0529486837c7b82.js'
2024-7-11 14:12:02 - debug: Invalidating 'pack:///chunks/89/8906db6d13046aeec5c8a3fce431d7deaca8fde1.js'
2024-7-11 14:12:02 - debug: Invalidating 'pack:///chunks/5f/5f512b4a44dace4a3ed4b4beae2ba24854549ac8.js'
2024-7-11 14:12:02 - debug: Invalidating 'pack:///chunks/fd/fd1de5ba0abea696b44097c7c70321f7e30d53ca.js'
2024-7-11 14:12:02 - debug: Invalidating 'pack:///chunks/80/8048104a86f8d48b38f3bf72a69a5a583fd461d9.js'
2024-7-11 14:12:02 - debug: Invalidating 'pack:///chunks/b1/b104e002c6ceaf41d3202f4112fc5cc5ddd26542.js'
2024-7-11 14:12:02 - debug: Invalidating 'pack:///chunks/7d/7d776c13862b8294ac8e1ca54933c7ce511c9de6.js'
2024-7-11 14:12:02 - debug: Invalidating 'pack:///chunks/8c/8cbcac0ff3852ef0ad041ecd0c3489f1faffc83c.js'
2024-7-11 14:12:02 - debug: Invalidating 'pack:///chunks/61/613099c8a6849ad586c6e443d2565d771480f804.js'
2024-7-11 14:12:02 - debug: Invalidating 'pack:///chunks/f3/f35666bd6a8722196c11b551fc4efab271183c17.js'
2024-7-11 14:12:02 - debug: Invalidating 'pack:///chunks/3a/3ae15428e46cec218300a87cb6d309f49a021773.js'
2024-7-11 14:12:02 - debug: Invalidating 'pack:///chunks/c9/c99779b06efa9823621ab8342827c1ad0774ca91.js'
2024-7-11 14:12:02 - debug: Invalidating 'pack:///chunks/38/38629f0ed4e9381bb79dd57fda3dd2475331d578.js'
2024-7-11 14:12:02 - debug: Invalidating 'pack:///chunks/fe/fe26176a1b669ffdbe0bde11740255bfde568dfc.js'
2024-7-11 14:12:02 - debug: Invalidating 'pack:///chunks/c6/c6fc4e15b0e353e7e1398942192d7a2ccfdd9038.js'
2024-7-11 14:12:02 - debug: Invalidating 'pack:///chunks/cc/cc9236053f6bd93142b84e579965a32f6c28a3ca.js'
2024-7-11 14:12:02 - groupEnd: Invalidate all modules
2024-7-11 14:12:02 - groupCollapsed: Imports all modules
2024-7-11 14:12:02 - debug: [[Executor]] Module "pack:///chunks/93/93ba276ea7b26ffcdc433fab14afc1ed6f05647b.js" loaded.
2024-7-11 14:12:02 - debug: [[Executor]] Module "pack:///chunks/6d/6d8fd2b0177941b032ddc0733af48a561fb60657.js" loaded.
2024-7-11 14:12:02 - debug: [[Executor]] Register DebugViewRuntimeControl
2024-7-11 14:12:02 - debug: [[Executor]] Module "pack:///chunks/c8/c8b6a709c03b1f3a3069932b4b22bfbc5834b962.js" loaded.
2024-7-11 14:12:02 - debug: [[Executor]] Register HLB
2024-7-11 14:12:02 - debug: [[Executor]] Module "pack:///chunks/38/384921d5cd14c207cb4712dcecdc5152a1d3795c.js" loaded.
2024-7-11 14:12:02 - debug: [[Executor]] Register LB
2024-7-11 14:12:02 - debug: [[Executor]] Module "pack:///chunks/dc/dcc83c28e89e83bde6b61796a06099f5670670f1.js" loaded.
2024-7-11 14:12:02 - debug: [[Executor]] Register Loading
2024-7-11 14:12:02 - debug: [[Executor]] Module "pack:///chunks/50/50c30f67700a5fa0b712ec808eeb1b4e83f1e1ba.js" loaded.
2024-7-11 14:12:02 - debug: [[Executor]] Register PassInf
2024-7-11 14:12:02 - debug: [[Executor]] Module "pack:///chunks/32/3260500038c15552d43f59d6b509c95e1febf8a0.js" loaded.
2024-7-11 14:12:02 - debug: [[Executor]] Register SLB
2024-7-11 14:12:02 - debug: [[Executor]] Module "pack:///chunks/4d/4d7857ab2de0f55b0ca2d635ab5822e18fdb8c21.js" loaded.
2024-7-11 14:12:02 - debug: [[Executor]] Register change0
2024-7-11 14:12:02 - debug: [[Executor]] Module "pack:///chunks/92/92714e810e57f6e13cbe636b3432886aed4aabb9.js" loaded.
2024-7-11 14:12:02 - debug: [[Executor]] Register change1
2024-7-11 14:12:02 - debug: [[Executor]] Module "pack:///chunks/69/69577dc199881d78a73a0827218eb86942602ec9.js" loaded.
2024-7-11 14:12:02 - debug: [[Executor]] Register double
2024-7-11 14:12:02 - debug: [[Executor]] Module "pack:///chunks/df/df06cbc8fed14dbb2278e77827da6a628e26ef2a.js" loaded.
2024-7-11 14:12:02 - debug: [[Executor]] Register easy
2024-7-11 14:12:02 - debug: [[Executor]] Module "pack:///chunks/61/61bd8b6d2dbe4f4e3d65152ad75fcdf97f293392.js" loaded.
2024-7-11 14:12:02 - debug: [[Executor]] Register endgame
2024-7-11 14:12:02 - debug: [[Executor]] Module "pack:///chunks/ae/aeeee5e034ceca1ec7dfed6e8f52e14324a1fc5e.js" loaded.
2024-7-11 14:12:02 - debug: [[Executor]] Register esc
2024-7-11 14:12:02 - debug: [[Executor]] Module "pack:///chunks/d9/d971c502b914999e80fb9ee701dc445d42345877.js" loaded.
2024-7-11 14:12:02 - debug: [[Executor]] Register hard
2024-7-11 14:12:02 - debug: [[Executor]] Module "pack:///chunks/a2/a2430651bcc5d66b7a5a6bdf15e3f2a9f03b9457.js" loaded.
2024-7-11 14:12:02 - debug: [[Executor]] Module "pack:///chunks/6a/6a5019a719a9014c047e67aa1cf34453ab8392ce.js" loaded.
2024-7-11 14:12:02 - debug: [[Executor]] Register log
2024-7-11 14:12:02 - debug: [[Executor]] Module "pack:///chunks/64/64ce6dd9c651e5c51a2186680c637515cd5b2e58.js" loaded.
2024-7-11 14:12:02 - debug: [[Executor]] Register pause
2024-7-11 14:12:02 - debug: [[Executor]] Module "pack:///chunks/f0/f0b15c2f586cf2c1a1da084611b1f38943248fec.js" loaded.
2024-7-11 14:12:02 - debug: [[Executor]] Register reStart
2024-7-11 14:12:02 - debug: [[Executor]] Module "pack:///chunks/fc/fc03191039ff1dc7eac55887bbf323bdf9d243ad.js" loaded.
2024-7-11 14:12:02 - debug: [[Executor]] Register returnlog
2024-7-11 14:12:02 - debug: [[Executor]] Module "pack:///chunks/0f/0f04fb789a6c7629e5cd49ae749338f6dce39df6.js" loaded.
2024-7-11 14:12:02 - debug: [[Executor]] Register returnselect
2024-7-11 14:12:02 - debug: [[Executor]] Module "pack:///chunks/6b/6b91a48b000c0b404c2005a17a116614998121dc.js" loaded.
2024-7-11 14:12:02 - debug: [[Executor]] Register SceneSwitcher
2024-7-11 14:12:02 - debug: [[Executor]] Module "pack:///chunks/7e/7ee63c9a9e29a3b987d22de292a94292f031aa6c.js" loaded.
2024-7-11 14:12:02 - debug: [[Executor]] Register shut
2024-7-11 14:12:02 - debug: [[Executor]] Module "pack:///chunks/85/85c658ae1c751848aaa55e9a4f0418b1038db90b.js" loaded.
2024-7-11 14:12:02 - debug: [[Executor]] Register time01
2024-7-11 14:12:02 - debug: [[Executor]] Module "pack:///chunks/f5/f5413de1e274ee66c1cac6b509b9c78d90fa93a0.js" loaded.
2024-7-11 14:12:02 - debug: [[Executor]] Register time11
2024-7-11 14:12:02 - debug: [[Executor]] Module "pack:///chunks/46/4632f5a4ea797d920bf2e069b8c2515abff664eb.js" loaded.
2024-7-11 14:12:02 - debug: [[Executor]] Register welcome
2024-7-11 14:12:02 - debug: [[Executor]] Module "pack:///chunks/10/107735bd8ab6aeedb8dedfa61097e7d039af005f.js" loaded.
2024-7-11 14:12:02 - debug: [[Executor]] Register AudioManeger
2024-7-11 14:12:02 - debug: [[Executor]] Module "pack:///chunks/96/96a1d608170b6742a1cb3d661554d7612da226fd.js" loaded.
2024-7-11 14:12:02 - debug: [[Executor]] Register background
2024-7-11 14:12:02 - debug: [[Executor]] Module "pack:///chunks/85/8506b5890a376671fb518d6bc944b0e0c189a65f.js" loaded.
2024-7-11 14:12:02 - debug: [[Executor]] Register firedirection1
2024-7-11 14:12:02 - debug: [[Executor]] Module "pack:///chunks/7b/7b65579927e3436e25a33e2cd766c3229919bb92.js" loaded.
2024-7-11 14:12:02 - debug: [[Executor]] Register PlayerController1
2024-7-11 14:12:02 - debug: [[Executor]] Module "pack:///chunks/bd/bda66f12b708819fefbdfd3f5ac4139372f1955c.js" loaded.
2024-7-11 14:12:02 - debug: [[Executor]] Register Bullet
2024-7-11 14:12:02 - debug: [[Executor]] Module "pack:///chunks/37/37b153d16d326e699d889dd2abe7af979808812f.js" loaded.
2024-7-11 14:12:02 - debug: [[Executor]] Register firedirection0
2024-7-11 14:12:02 - debug: [[Executor]] Module "pack:///chunks/36/36d3bfeda5cf9f318bc54772175b4f3fc5a0607e.js" loaded.
2024-7-11 14:12:02 - debug: [[Executor]] Register PlayerController0
2024-7-11 14:12:02 - debug: [[Executor]] Module "pack:///chunks/cc/ccd58ad23c547685d09480e2fdc942fd3911138c.js" loaded.
2024-7-11 14:12:02 - debug: [[Executor]] Register Bullet
2024-7-11 14:12:02 - debug: [[Executor]] Module "pack:///chunks/74/74415ce5e09097a65a5a79d76907797be9a9a87b.js" loaded.
2024-7-11 14:12:02 - debug: [[Executor]] Register TankCheatController
2024-7-11 14:12:02 - debug: [[Executor]] Module "pack:///chunks/62/6275fa94b592203dc11997433cb492a59edefec9.js" loaded.
2024-7-11 14:12:02 - debug: [[Executor]] Register enemybullet
2024-7-11 14:12:02 - debug: [[Executor]] Module "pack:///chunks/3e/3edfb0d15a6fd62055ec1aa8fb517c9c95c8fac5.js" loaded.
2024-7-11 14:12:02 - debug: [[Executor]] Register enemylandmine
2024-7-11 14:12:02 - debug: [[Executor]] Module "pack:///chunks/1e/1e3a0887b2546876cf3cf9f1111e7eaec80e236a.js" loaded.
2024-7-11 14:12:02 - debug: [[Executor]] Register enemytank_001
2024-7-11 14:12:02 - debug: [[Executor]] Module "pack:///chunks/9d/9d0a93837a709fc36ca97b9a11ceb65d0326ecba.js" loaded.
2024-7-11 14:12:02 - debug: [[Executor]] Register enemyfire
2024-7-11 14:12:02 - debug: [[Executor]] Module "pack:///chunks/dd/dde7d279c58603d0f85d0e1963fd2e6139d16a6f.js" loaded.
2024-7-11 14:12:02 - debug: [[Executor]] Register sprite
2024-7-11 14:12:02 - debug: [[Executor]] Module "pack:///chunks/67/676fe619b4b0fde6d65c3680ba2f40e3885017ed.js" loaded.
2024-7-11 14:12:02 - debug: [[Executor]] Register enemytank_002
2024-7-11 14:12:02 - debug: [[Executor]] Module "pack:///chunks/57/57fa5ecf90ed779c926850b6fa73d0f1de13ae2a.js" loaded.
2024-7-11 14:12:02 - debug: [[Executor]] Register enemyfire
2024-7-11 14:12:02 - debug: [[Executor]] Module "pack:///chunks/93/93ce8d695a3f6a76a6e1b8d1174b56535c8a9802.js" loaded.
2024-7-11 14:12:02 - debug: [[Executor]] Register sprite
2024-7-11 14:12:02 - debug: [[Executor]] Module "pack:///chunks/47/477cdafdb0d323c9c52c2d7e6f023d04e7502b65.js" loaded.
2024-7-11 14:12:02 - debug: [[Executor]] Register enemytank
2024-7-11 14:12:02 - debug: [[Executor]] Module "pack:///chunks/f0/f060d6f668839bbfe6113042b8cd96d43a74db5b.js" loaded.
2024-7-11 14:12:02 - debug: [[Executor]] Register enemyfire
2024-7-11 14:12:02 - debug: [[Executor]] Module "pack:///chunks/a0/a060a1c4b617696d9c1dcacf6b48a1b21c4d36b4.js" loaded.
2024-7-11 14:12:02 - debug: [[Executor]] Register fireaffect0
2024-7-11 14:12:02 - debug: [[Executor]] Module "pack:///chunks/c7/c738b4a9b147d5326231324f6aa0f916d54c0594.js" loaded.
2024-7-11 14:12:02 - debug: [[Executor]] Register fireaffect1
2024-7-11 14:12:02 - debug: [[Executor]] Module "pack:///chunks/d0/d071c5af2ebf586a3bd2153d8102bb7a4e9fff34.js" loaded.
2024-7-11 14:12:02 - debug: [[Executor]] Register fort
2024-7-11 14:12:02 - debug: [[Executor]] Module "pack:///chunks/5c/5cc82e7ad78f9ebf88236365f0529486837c7b82.js" loaded.
2024-7-11 14:12:02 - debug: [[Executor]] Register hp0
2024-7-11 14:12:02 - debug: [[Executor]] Module "pack:///chunks/89/8906db6d13046aeec5c8a3fce431d7deaca8fde1.js" loaded.
2024-7-11 14:12:02 - debug: [[Executor]] Register hp1
2024-7-11 14:12:02 - debug: [[Executor]] Module "pack:///chunks/5f/5f512b4a44dace4a3ed4b4beae2ba24854549ac8.js" loaded.
2024-7-11 14:12:02 - debug: [[Executor]] Register landmine0
2024-7-11 14:12:02 - debug: [[Executor]] Module "pack:///chunks/fd/fd1de5ba0abea696b44097c7c70321f7e30d53ca.js" loaded.
2024-7-11 14:12:02 - debug: [[Executor]] Register landmine0
2024-7-11 14:12:02 - debug: [[Executor]] Module "pack:///chunks/80/8048104a86f8d48b38f3bf72a69a5a583fd461d9.js" loaded.
2024-7-11 14:12:02 - debug: [[Executor]] Register landmine1
2024-7-11 14:12:02 - debug: [[Executor]] Module "pack:///chunks/b1/b104e002c6ceaf41d3202f4112fc5cc5ddd26542.js" loaded.
2024-7-11 14:12:02 - debug: [[Executor]] Register wallbox
2024-7-11 14:12:02 - debug: [[Executor]] Module "pack:///chunks/7d/7d776c13862b8294ac8e1ca54933c7ce511c9de6.js" loaded.
2024-7-11 14:12:02 - debug: [[Executor]] Register objectfirefast
2024-7-11 14:12:02 - debug: [[Executor]] Module "pack:///chunks/8c/8cbcac0ff3852ef0ad041ecd0c3489f1faffc83c.js" loaded.
2024-7-11 14:12:02 - debug: [[Executor]] Register objectmovefast
2024-7-11 14:12:02 - debug: [[Executor]] Module "pack:///chunks/61/613099c8a6849ad586c6e443d2565d771480f804.js" loaded.
2024-7-11 14:12:02 - debug: [[Executor]] Register playerfire
2024-7-11 14:12:02 - debug: [[Executor]] Module "pack:///chunks/f3/f35666bd6a8722196c11b551fc4efab271183c17.js" loaded.
2024-7-11 14:12:02 - debug: [[Executor]] Register background
2024-7-11 14:12:02 - debug: [[Executor]] Module "pack:///chunks/3a/3ae15428e46cec218300a87cb6d309f49a021773.js" loaded.
2024-7-11 14:12:02 - debug: [[Executor]] Register speedaffect0
2024-7-11 14:12:02 - debug: [[Executor]] Module "pack:///chunks/c9/c99779b06efa9823621ab8342827c1ad0774ca91.js" loaded.
2024-7-11 14:12:02 - debug: [[Executor]] Register speedaffect1
2024-7-11 14:12:02 - debug: [[Executor]] Module "pack:///chunks/38/38629f0ed4e9381bb79dd57fda3dd2475331d578.js" loaded.
2024-7-11 14:12:02 - debug: [[Executor]] Register tankdestroy
2024-7-11 14:12:02 - debug: [[Executor]] Module "pack:///chunks/fe/fe26176a1b669ffdbe0bde11740255bfde568dfc.js" loaded.
2024-7-11 14:12:02 - debug: [[Executor]] Register sprite
2024-7-11 14:12:02 - debug: [[Executor]] Module "pack:///chunks/c6/c6fc4e15b0e353e7e1398942192d7a2ccfdd9038.js" loaded.
2024-7-11 14:12:02 - debug: [[Executor]] Register tankdestroy
2024-7-11 14:12:02 - debug: [[Executor]] Module "pack:///chunks/cc/cc9236053f6bd93142b84e579965a32f6c28a3ca.js" loaded.
2024-7-11 14:12:02 - debug: [[Executor]] Module "pack:///chunks/6d/6d8fd2b0177941b032ddc0733af48a561fb60657.js" loaded.
2024-7-11 14:12:02 - groupEnd: Imports all modules
2024-7-11 14:12:02 - debug: Incremental keys: 
2024-7-11 14:12:02 - debug: Init bundle share assets start..., progress: 13%
2024-7-11 14:12:02 - debug: Init bundle share assets success..., progress: 13%
2024-7-11 14:12:02 - warn: The SpriteFrame used by component "cc.Sprite" in scene "victory" is missing. Detailed information:Node path: "Canvas/vectory"Asset url: "db://assets/Scenes/victory"Missing uuid: "9f07242a-881b-4e5a-87a4-b3b7aae88cb6@f9941"
2024-7-11 14:12:02 - debug: handle json group in bundle internal
2024-7-11 14:12:02 - debug: handle json group in bundle internal success
2024-7-11 14:12:02 - debug: handle json group in bundle resources
2024-7-11 14:12:02 - debug: handle json group in bundle resources success
2024-7-11 14:12:02 - debug: handle json group in bundle main
2024-7-11 14:12:02 - debug: init image compress task 0 in bundle internal
2024-7-11 14:12:02 - debug: init image compress task 0 in bundle resources
2024-7-11 14:12:02 - debug: [json-group] check self or raw asset, skip. 1b563b92-0169-4b09-8e57-dda755953bb9 depended by 285e0e0b-d379-456d-bf07-60f18f9ea848 has checked in raw asset 1b563b92-0169-4b09-8e57-dda755953bb9/bundle(main)}
2024-7-11 14:12:02 - debug: [json-group] check self or raw asset, skip. 285e0e0b-d379-456d-bf07-60f18f9ea848 depended by 1b563b92-0169-4b09-8e57-dda755953bb9 has checked in raw asset 285e0e0b-d379-456d-bf07-60f18f9ea848/bundle(main)}
2024-7-11 14:12:02 - debug: [json-group] check self or raw asset, skip. f4845990-e17f-411e-b3a6-fa50eff4b210 depended by f4845990-e17f-411e-b3a6-fa50eff4b210 has checked in raw asset 36291188-d37d-4b4f-a128-588f20d16162/bundle(main)}
2024-7-11 14:12:02 - debug: [json-group] check self or raw asset, skip. 44ea65dd-dcbb-4c3b-8483-488681b996e9 depended by 44ea65dd-dcbb-4c3b-8483-488681b996e9 has checked in raw asset 36291188-d37d-4b4f-a128-588f20d16162/bundle(main)}
2024-7-11 14:12:02 - debug: [json-group] check self or raw asset, skip. 44ea65dd-dcbb-4c3b-8483-488681b996e9 depended by 44ea65dd-dcbb-4c3b-8483-488681b996e9 has checked in raw asset 44ea65dd-dcbb-4c3b-8483-488681b996e9/bundle(main)}
2024-7-11 14:12:02 - debug: [json-group] check self or raw asset, skip. f4845990-e17f-411e-b3a6-fa50eff4b210 depended by f4845990-e17f-411e-b3a6-fa50eff4b210 has checked in raw asset 6edb7132-96e2-4656-abd7-5ddc42a84e26/bundle(main)}
2024-7-11 14:12:02 - debug: [json-group] check self or raw asset, skip. 44ea65dd-dcbb-4c3b-8483-488681b996e9 depended by 44ea65dd-dcbb-4c3b-8483-488681b996e9 has checked in raw asset 6edb7132-96e2-4656-abd7-5ddc42a84e26/bundle(main)}
2024-7-11 14:12:02 - debug: [json-group] check self or raw asset, skip. f4845990-e17f-411e-b3a6-fa50eff4b210 depended by f4845990-e17f-411e-b3a6-fa50eff4b210 has checked in raw asset d506c42d-a2d8-4de2-bff7-83bd68a68175/bundle(main)}
2024-7-11 14:12:02 - debug: [json-group] check self or raw asset, skip. 44ea65dd-dcbb-4c3b-8483-488681b996e9 depended by 44ea65dd-dcbb-4c3b-8483-488681b996e9 has checked in raw asset d506c42d-a2d8-4de2-bff7-83bd68a68175/bundle(main)}
2024-7-11 14:12:02 - debug: [json-group] check self or raw asset, skip. f4845990-e17f-411e-b3a6-fa50eff4b210 depended by f4845990-e17f-411e-b3a6-fa50eff4b210 has checked in raw asset f4845990-e17f-411e-b3a6-fa50eff4b210/bundle(main)}
2024-7-11 14:12:02 - debug: handle json group in bundle main success
2024-7-11 14:12:02 - debug: init image compress task 0 in bundle main
2024-7-11 14:12:02 - debug: // ---- build task 查询 Asset Bundle ---- (2262ms)
2024-7-11 14:12:02 - debug: run build task 查询 Asset Bundle success in 2 s√, progress: 18%
2024-7-11 14:12:02 - debug: [Build Memory track]: 查询 Asset Bundle start:218.34MB, end 212.43MB, increase: -6050.11KB
2024-7-11 14:12:02 - debug: 查询 Asset Bundle start, progress: 18%
2024-7-11 14:12:02 - debug: // ---- build task 查询 Asset Bundle ----
2024-7-11 14:12:03 - debug: // ---- build task 查询 Asset Bundle ---- (751ms)
2024-7-11 14:12:03 - debug: run build task 查询 Asset Bundle success in 751 ms√, progress: 23%
2024-7-11 14:12:03 - debug: [Build Memory track]: 查询 Asset Bundle start:212.45MB, end 213.83MB, increase: 1.38MB
2024-7-11 14:12:03 - debug: native:(onAfterBundleDataTask) start..., progress: 23%
2024-7-11 14:12:03 - debug: // ---- build task native：onAfterBundleDataTask ----
2024-7-11 14:12:04 - debug: // ---- build task native：onAfterBundleDataTask ---- (536ms)
2024-7-11 14:12:04 - debug: native:(onAfterBundleDataTask) in 536 ms ✓, progress: 23%
2024-7-11 14:12:04 - debug: 打包脚本 start, progress: 23%
2024-7-11 14:12:04 - debug: // ---- build task 打包脚本 ----
2024-7-11 14:12:04 - debug: Caught exception during build core-js: WebpackOptionsValidationError: Invalid configuration object. Webpack has been initialised using a configuration object that does not match the API schema. - configuration.entry should be an non-empty array.   -> A non-empty array of non-empty stringsThis may indicates the core-js polyfill is not necessary. See https://github.com/zloirock/core-js/issues/822
2024-7-11 14:12:04 - debug: Generate systemJs..., progress: 23%
2024-7-11 14:12:06 - debug: 构建项目脚本 start..., progress: 23%
2024-7-11 14:12:06 - debug: Build script in bundle start, progress: 23%
2024-7-11 14:12:06 - log: Run build task(build-script) in child, see: chrome://inspect/#devices
2024-7-11 14:12:07 - log: [build-script]enter sub process 32360, C:\ProgramData\cocos\editors\Creator\3.8.3\CocosCreator.exe,C:\ProgramData\cocos\editors\Creator\3.8.3\resources\app.asar\builtin\builder\static\sub-process-index
2024-7-11 14:12:08 - warn: [build-script][[Build.Script.Rollup]] Circular dependency: file:///D:/TankFight/TK2/assets/text/tank1.ts -> file:///D:/TankFight/TK2/assets/text/firedirection1.ts -> file:///D:/TankFight/TK2/assets/text/tank1.ts[warning][[Build.Script.Rollup]] Circular dependency: file:///D:/TankFight/TK2/assets/text/tank0.ts -> file:///D:/TankFight/TK2/assets/text/firedirection0.ts -> file:///D:/TankFight/TK2/assets/text/tank0.ts
2024-7-11 14:12:09 - debug: excute-script over with build-script 3030ms
2024-7-11 14:12:09 - debug: Copy externalScripts success!
2024-7-11 14:12:09 - debug: Build script in bundle success, progress: 23%
2024-7-11 14:12:10 - debug: 构建项目脚本 in (3883 ms) √, progress: 23%
2024-7-11 14:12:10 - debug: 构建引擎脚本 start..., progress: 23%
2024-7-11 14:12:11 - debug: Use cache engine: {link(C:\Users\53190\AppData\Local\Temp\CocosCreator\3.8.3\builder\engine\582e75784029393a8ba6770471be2c00)}
2024-7-11 14:12:11 - debug: {"debug":false,"sourceMaps":false,"includeModules":["2d","animation","audio","base","dragon-bones","intersection-2d","meshopt","particle-2d","physics-2d-box2d","profiler","spine","tiled-map","tween","ui","video","webview"],"engineVersion":"3.8.3","md5Map":[],"engineName":"src/cocos-js","platform":"WINDOWS","useCache":true,"isNative":true,"nativeCodeBundleMode":"wasm","wasmCompressionMode":false,"output":"D:\\TankFight\\TK2\\build\\windows-001\\data\\src\\cocos-js","targets":"chrome 116","flags":{"DEBUG":false,"NET_MODE":0,"SERVER_MODE":false},"entry":"C:\\ProgramData\\cocos\\editors\\Creator\\3.8.3\\resources\\resources\\3d\\engine"}
2024-7-11 14:12:11 - debug: 构建引擎脚本 in (894 ms) √, progress: 23%
2024-7-11 14:12:11 - debug: Copy plugin script ..., progress: 23%
2024-7-11 14:12:11 - debug: Generate import-map..., progress: 23%
2024-7-11 14:12:11 - debug: // ---- build task 打包脚本 ---- (7555ms)
2024-7-11 14:12:11 - debug: run build task 打包脚本 success in 7 s√, progress: 28%
2024-7-11 14:12:11 - debug: [Build Memory track]: 打包脚本 start:214.81MB, end 262.33MB, increase: 47.51MB
2024-7-11 14:12:11 - debug: Build Assets start, progress: 28%
2024-7-11 14:12:11 - debug: // ---- build task Build Assets ----
2024-7-11 14:12:11 - debug: Build bundles..., progress: 28%
2024-7-11 14:12:11 - debug: Pack Images start, progress: 28%
2024-7-11 14:12:13 - debug: builder:pack-auto-atlas-image (1243ms)
2024-7-11 14:12:13 - debug: Pack Images success, progress: 28%
2024-7-11 14:12:13 - debug: Compress image start..., progress: 28%
2024-7-11 14:12:13 - group: Compress image...
2024-7-11 14:12:13 - debug: sort compress task {}
2024-7-11 14:12:13 - debug: Num of all image compress task 0, really: 0, configTasks: 0
2024-7-11 14:12:13 - debug: No image need to compress
2024-7-11 14:12:13 - groupEnd: Compress image...
2024-7-11 14:12:13 - debug: Compress image success..., progress: 28%
2024-7-11 14:12:13 - debug: Output asset in bundles start, progress: 28%
2024-7-11 14:12:13 - debug: Handle all json groups in bundle internal
2024-7-11 14:12:13 - debug: handle json group
2024-7-11 14:12:13 - debug: Handle all json groups in bundle resources
2024-7-11 14:12:13 - debug: handle json group
2024-7-11 14:12:13 - debug: handle single json
2024-7-11 14:12:13 - debug: Handle all json groups in bundle main
2024-7-11 14:12:13 - debug: handle json group
2024-7-11 14:12:13 - debug: Json group(013400e30) compile success，json number: 6
2024-7-11 14:12:13 - debug: Json group(029e2f4fe) compile success，json number: 6
2024-7-11 14:12:13 - debug: Json group(0ca60d3e4) compile success，json number: 6
2024-7-11 14:12:13 - debug: handle single json
2024-7-11 14:12:13 - debug: Json group(0ea3cfb1e) compile success，json number: 6
2024-7-11 14:12:13 - debug: Json group(09e1fd531) compile success，json number: 6
2024-7-11 14:12:13 - debug: Json group(01b5732c9) compile success，json number: 6
2024-7-11 14:12:13 - debug: Json group(019e0010b) compile success，json number: 6
2024-7-11 14:12:13 - debug: Json group(0ae6da85c) compile success，json number: 6
2024-7-11 14:12:13 - debug: Json group(049e90c10) compile success，json number: 6
2024-7-11 14:12:13 - debug: Json group(0b06f38ac) compile success，json number: 6
2024-7-11 14:12:13 - debug: Json group(08385ff53) compile success，json number: 6
2024-7-11 14:12:13 - debug: Json group(02cc4f60e) compile success，json number: 6
2024-7-11 14:12:13 - debug: handle single json
2024-7-11 14:12:13 - debug: Output asset in bundles success, progress: 28%
2024-7-11 14:12:13 - debug: Output asset in bundles start, progress: 28%
2024-7-11 14:12:13 - debug: compress config of bundle internal...
2024-7-11 14:12:13 - debug: compress config of bundle internal success
2024-7-11 14:12:13 - debug: compress config of bundle resources...
2024-7-11 14:12:13 - debug: compress config of bundle resources success
2024-7-11 14:12:13 - debug: compress config of bundle main...
2024-7-11 14:12:13 - debug: compress config of bundle main success
2024-7-11 14:12:13 - debug: output config of bundle internal
2024-7-11 14:12:13 - debug: output config of bundle internal success
2024-7-11 14:12:13 - debug: output config of bundle resources
2024-7-11 14:12:13 - debug: output config of bundle resources success
2024-7-11 14:12:13 - debug: output config of bundle main
2024-7-11 14:12:13 - debug: output config of bundle main success
2024-7-11 14:12:13 - debug: Output asset in bundles success, progress: 28%
2024-7-11 14:12:15 - debug: // ---- build task Build Assets ---- (3773ms)
2024-7-11 14:12:15 - debug: run build task Build Assets success in 3 s√, progress: 33%
2024-7-11 14:12:15 - debug: [Build Memory track]: Build Assets start:262.34MB, end 215.95MB, increase: -47504.16KB
2024-7-11 14:12:15 - debug: 整理部分构建选项内数据到 settings.json start, progress: 33%
2024-7-11 14:12:15 - debug: // ---- build task 整理部分构建选项内数据到 settings.json ----
2024-7-11 14:12:16 - debug: // ---- build task 整理部分构建选项内数据到 settings.json ---- (760ms)
2024-7-11 14:12:16 - debug: run build task 整理部分构建选项内数据到 settings.json success in 760 ms√, progress: 34%
2024-7-11 14:12:16 - debug: [Build Memory track]: 整理部分构建选项内数据到 settings.json start:216.04MB, end 217.30MB, increase: 1.26MB
2024-7-11 14:12:16 - debug: 填充脚本数据到 settings.json start, progress: 34%
2024-7-11 14:12:16 - debug: // ---- build task 填充脚本数据到 settings.json ----
2024-7-11 14:12:16 - warn: The SpriteFrame used by component "cc.Sprite" in scene "victory" is missing. Detailed information:Node path: "Canvas/vectory"Asset url: "db://assets/Scenes/victory"Missing uuid: "9f07242a-881b-4e5a-87a4-b3b7aae88cb6@f9941"
2024-7-11 14:12:17 - debug: // ---- build task 填充脚本数据到 settings.json ---- (794ms)
2024-7-11 14:12:17 - debug: run build task 填充脚本数据到 settings.json success in 794 ms√, progress: 36%
2024-7-11 14:12:17 - debug: [Build Memory track]: 填充脚本数据到 settings.json start:217.31MB, end 218.62MB, increase: 1.30MB
2024-7-11 14:12:17 - debug: 整理部分构建选项内数据到 settings.json start, progress: 36%
2024-7-11 14:12:17 - debug: // ---- build task 整理部分构建选项内数据到 settings.json ----
2024-7-11 14:12:18 - debug: // ---- build task 整理部分构建选项内数据到 settings.json ---- (1210ms)
2024-7-11 14:12:18 - debug: run build task 整理部分构建选项内数据到 settings.json success in 1 s√, progress: 38%
2024-7-11 14:12:18 - debug: [Build Memory track]: 整理部分构建选项内数据到 settings.json start:218.63MB, end 220.41MB, increase: 1.78MB
2024-7-11 14:12:18 - debug: cocos-service:(onBeforeCompressSettings) start..., progress: 38%
2024-7-11 14:12:18 - debug: // ---- build task cocos-service：onBeforeCompressSettings ----
2024-7-11 14:12:19 - debug: // ---- build task cocos-service：onBeforeCompressSettings ---- (946ms)
2024-7-11 14:12:19 - debug: cocos-service:(onBeforeCompressSettings) in 946 ms ✓, progress: 40%
2024-7-11 14:12:19 - debug: 整理静态模板文件 start, progress: 40%
2024-7-11 14:12:19 - debug: // ---- build task 整理静态模板文件 ----
2024-7-11 14:12:20 - debug: // ---- build task 整理静态模板文件 ---- (816ms)
2024-7-11 14:12:20 - debug: run build task 整理静态模板文件 success in 816 ms√, progress: 45%
2024-7-11 14:12:20 - debug: [Build Memory track]: 整理静态模板文件 start:215.68MB, end 218.18MB, increase: 2.50MB
2024-7-11 14:12:20 - debug: native:(onAfterCompressSettings) start..., progress: 45%
2024-7-11 14:12:20 - debug: // ---- build task native：onAfterCompressSettings ----
2024-7-11 14:12:20 - log: Checking template version...
2024-7-11 14:12:20 - log: Validating template consistency...
2024-7-11 14:12:20 - log: Validating platform source code directories...
2024-7-11 14:12:20 - debug: generateCMakeConfig, {"CC_USE_GLES3":"set(CC_USE_GLES3 ON)","CC_USE_GLES2":"set(CC_USE_GLES2 ON)","USE_SERVER_MODE":"set(USE_SERVER_MODE OFF)","NET_MODE":"set(NET_MODE 0)","XXTEAKEY":"","CC_ENABLE_SWAPPY":"set(CC_ENABLE_SWAPPY OFF)","APP_NAME":"set(APP_NAME \"HuNaoTank\")","COCOS_X_PATH":"set(COCOS_X_PATH \"C:/ProgramData/cocos/editors/Creator/3.8.3/resources/resources/3d/engine/native\")","USE_JOB_SYSTEM_TASKFLOW":"set(USE_JOB_SYSTEM_TASKFLOW OFF)","USE_JOB_SYSTEM_TBB":"set(USE_JOB_SYSTEM_TBB OFF)","ENABLE_FLOAT_OUTPUT":"set(ENABLE_FLOAT_OUTPUT OFF)","USE_PHYSICS_PHYSX":"set(USE_PHYSICS_PHYSX OFF)","USE_OCCLUSION_QUERY":"set(USE_OCCLUSION_QUERY OFF)","USE_GEOMETRY_RENDERER":"set(USE_GEOMETRY_RENDERER OFF)","USE_DEBUG_RENDERER":"set(USE_DEBUG_RENDERER OFF)","USE_AUDIO":"set(USE_AUDIO ON)","USE_VIDEO":"set(USE_VIDEO ON)","USE_WEBVIEW":"set(USE_WEBVIEW ON)","USE_SOCKET":"set(USE_SOCKET OFF)","USE_WEBSOCKET_SERVER":"set(USE_WEBSOCKET_SERVER OFF)","USE_SPINE":"set(USE_SPINE ON)","USE_DRAGONBONES":"set(USE_DRAGONBONES ON)","CC_EXECUTABLE_NAME":"set(CC_EXECUTABLE_NAME \"demo2\")","CC_USE_VULKAN":"set(CC_USE_VULKAN ON)"}
2024-7-11 14:12:20 - log: While replace template content, file D:\TankFight\TK2\build\windows-001\proj\main.cpp
2024-7-11 14:12:20 - log: While replace template content, file D:\TankFight\TK2\build\windows-001\proj\main.m
2024-7-11 14:12:20 - log: While replace template content, file D:\TankFight\TK2\build\windows-001\proj\settings.gradle
2024-7-11 14:12:20 - log: While replace template content, file D:\TankFight\TK2\native\engine\win64/app/build.gradle
2024-7-11 14:12:20 - log: While replace template content, file D:\TankFight\TK2\native\engine\win64/instantapp/build.gradle
2024-7-11 14:12:20 - log: While replace template content, file D:\TankFight\TK2\native\engine\win64/entry/src/main/config.json
2024-7-11 14:12:20 - log: 资源数据库已锁定，资源操作(refresh)将会延迟响应，请稍侯
2024-7-11 14:12:20 - debug: // ---- build task native：onAfterCompressSettings ---- (536ms)
2024-7-11 14:12:20 - debug: native:(onAfterCompressSettings) in 536 ms ✓, progress: 46%
2024-7-11 14:12:20 - debug: cocos-service:(onAfterCompressSettings) start..., progress: 46%
2024-7-11 14:12:20 - debug: // ---- build task cocos-service：onAfterCompressSettings ----
2024-7-11 14:12:21 - debug: // ---- build task cocos-service：onAfterCompressSettings ---- (1179ms)
2024-7-11 14:12:21 - debug: cocos-service:(onAfterCompressSettings) in 1179 ms ✓, progress: 48%
2024-7-11 14:12:21 - debug: 给所有的资源加上 MD5 后缀 start, progress: 48%
2024-7-11 14:12:21 - debug: // ---- build task 给所有的资源加上 MD5 后缀 ----
2024-7-11 14:12:22 - debug: // ---- build task 给所有的资源加上 MD5 后缀 ---- (579ms)
2024-7-11 14:12:22 - debug: run build task 给所有的资源加上 MD5 后缀 success in 579 ms√, progress: 58%
2024-7-11 14:12:22 - debug: [Build Memory track]: 给所有的资源加上 MD5 后缀 start:211.35MB, end 210.37MB, increase: -1000.90KB
2024-7-11 14:12:22 - debug: native:(onAfterBuild) start..., progress: 58%
2024-7-11 14:12:22 - debug: // ---- build task native：onAfterBuild ----
2024-7-11 14:12:22 - log: selecting visual studio generator ...
2024-7-11 14:12:22 - log: run "C:\Program Files\CMake\bin\cmake.exe" -S"C:\Users\53190\AppData\Local\Temp\cmakeTest_rtRkiT" -G"Visual Studio 17 2022" -B"C:\Users\53190\AppData\Local\Temp\cmakeTest_rtRkiT\build_Visual_Studio_17_2022" -A x64
2024-7-11 14:12:22 - log: [cmake] -- Selecting Windows SDK version 10.0.22621.0 to target Windows 10.0.22631.
2024-7-11 14:12:28 - log: [cmake] -- The CXX compiler identification is MSVC 19.39.33521.0
2024-7-11 14:12:28 - log: [cmake] -- Detecting CXX compiler ABI info
2024-7-11 14:12:30 - log: [cmake] -- Detecting CXX compiler ABI info - done
2024-7-11 14:12:30 - log: [cmake] -- Check for working CXX compiler: D:/Visual Studio/Community/VC/Tools/MSVC/14.39.33519/bin/Hostx64/x64/cl.exe - skipped
2024-7-11 14:12:30 - log: [cmake] -- Detecting CXX compile features
2024-7-11 14:12:30 - log: [cmake] -- Detecting CXX compile features - done
2024-7-11 14:12:30 - log: [cmake] -- Configuring done (8.1s)
2024-7-11 14:12:30 - log: [cmake] -- Generating done (0.0s)
2024-7-11 14:12:30 - log: [cmake] -- Build files have been written to: C:/Users/53190/AppData/Local/Temp/cmakeTest_rtRkiT/build_Visual_Studio_17_2022
2024-7-11 14:12:30 - log:  using Visual Studio 17 2022
2024-7-11 14:12:30 - log: run "C:\Program Files\CMake\bin\cmake.exe" -S"D:/TankFight/TK2/native/engine/win64" -B"D:/TankFight/TK2/build/windows-001/proj" -A x64 -DRES_DIR="D:/TankFight/TK2/build/windows-001" -DAPP_NAME="HuNaoTank" -DLAUNCH_TYPE="Release"
2024-7-11 14:12:30 - log: [cmake] -- Building for: Visual Studio 17 2022
2024-7-11 14:12:30 - log: [cmake] -- Selecting Windows SDK version 10.0.22621.0 to target Windows 10.0.22631.
2024-7-11 14:12:31 - log: 资源数据库已锁定，资源操作(refresh)将会延迟响应，请稍侯
2024-7-11 14:12:33 - log: [cmake] -- The CXX compiler identification is MSVC 19.39.33521.0
2024-7-11 14:12:33 - log: [cmake] -- Detecting CXX compiler ABI info
2024-7-11 14:12:34 - log: [cmake] -- Detecting CXX compiler ABI info - done
2024-7-11 14:12:34 - log: [cmake] -- Check for working CXX compiler: D:/Visual Studio/Community/VC/Tools/MSVC/14.39.33519/bin/Hostx64/x64/cl.exe - skipped
2024-7-11 14:12:34 - log: [cmake] -- Detecting CXX compile features
2024-7-11 14:12:34 - log: [cmake] -- Detecting CXX compile features - done
2024-7-11 14:12:36 - log: [cmake] -- The C compiler identification is MSVC 19.39.33521.0
2024-7-11 14:12:36 - log: [cmake] -- The ASM compiler identification is MSVC
2024-7-11 14:12:36 - log: [cmake] -- Found assembler: D:/Visual Studio/Community/VC/Tools/MSVC/14.39.33519/bin/Hostx64/x64/cl.exe
2024-7-11 14:12:36 - log: [cmake] -- Detecting C compiler ABI info
2024-7-11 14:12:38 - log: [cmake] -- Detecting C compiler ABI info - done
2024-7-11 14:12:38 - log: [cmake] -- Check for working C compiler: D:/Visual Studio/Community/VC/Tools/MSVC/14.39.33519/bin/Hostx64/x64/cl.exe - skipped
2024-7-11 14:12:38 - log: [cmake] -- Detecting C compile features
2024-7-11 14:12:38 - log: [cmake] -- Detecting C compile features - done
2024-7-11 14:12:38 - log: [cmake] -- platform: Windows
2024-7-11 14:12:38 - log: [cmake] -- Ignore NO_WERROR
2024-7-11 14:12:38 - log: [cmake-warn] CMake Deprecation Warning at C:/ProgramData/cocos/editors/Creator/3.8.3/resources/resources/3d/engine/templates/cmake/common.cmake:9 (cmake_policy):  The OLD behavior for policy CMP0111 will be removed from a future version  of CMake.  The cmake-policies(7) manual explains that the OLD behaviors of all  policies are deprecated and that a policy should be set to OLD only under  specific short-term circumstances.  Projects should be ported to the NEW  behavior and not rely on setting a policy to OLD.Call Stack (most recent call first):  C:/ProgramData/cocos/editors/Creator/3.8.3/resources/resources/3d/engine/native/cmake/predefine.cmake:375 (include)  C:/ProgramData/cocos/editors/Creator/3.8.3/resources/resources/3d/engine/native/CMakeLists.txt:2 (include)  D:/TankFight/TK2/native/engine/common/CMakeLists.txt:50 (include)  CMakeLists.txt:10 (include)
2024-7-11 14:12:38 - log: [cmake] -- OPTION BUILTIN_COCOS_X_PATH:	-- OPTION USE_BUILTIN_EXTERNAL:	OFF-- OPTION USE_MODULES:	OFF-- OPTION CC_USE_METAL:	-- OPTION CC_USE_GLES3:	ON-- OPTION CC_USE_GLES2:	ON-- OPTION CC_USE_VULKAN:	ON-- OPTION CC_DEBUG_FORCE:	OFF
2024-7-11 14:12:38 - log: [cmake] -- OPTION USE_SE_V8:	ON-- OPTION USE_V8_DEBUGGER:	ON-- OPTION USE_V8_DEBUGGER_FORCE:	OFF-- OPTION USE_SE_SM:	OFF-- OPTION USE_SOCKET:	OFF-- OPTION USE_AUDIO:	ON-- OPTION USE_EDIT_BOX:	ON-- OPTION USE_VIDEO:	OFF-- OPTION USE_WEBVIEW:	OFF-- OPTION USE_MIDDLEWARE:	ON-- OPTION USE_DRAGONBONES:	ON-- OPTION USE_SPINE:	ON-- OPTION USE_WEBSOCKET_SERVER:	OFF-- OPTION USE_PHYSICS_PHYSX:	OFF-- OPTION USE_JOB_SYSTEM_TBB:	OFF-- OPTION USE_JOB_SYSTEM_TASKFLOW:	OFF-- OPTION USE_XR:	OFF-- OPTION USE_SERVER_MODE:	OFF-- OPTION USE_AR_MODULE:	OFF-- OPTION USE_AR_AUTO:	OFF-- OPTION USE_AR_CORE:	OFF-- OPTION USE_AR_ENGINE:	OFF-- OPTION USE_CCACHE:	-- OPTION CCACHE_EXECUTABLE:	CCACHE_EXECUTABLE-NOTFOUND-- OPTION NODE_EXECUTABLE:	C:/Program Files/nodejs/node.exe-- OPTION NET_MODE:	0-- OPTION USE_REMOTE_LOG:	OFF
2024-7-11 14:12:38 - log: [cmake] -- platform path: 
2024-7-11 14:12:38 - log: [cmake] -- Try generating D:/TankFight/TK2/native/engine/win64/Pre-AutoLoadPlulgins.cmake
2024-7-11 14:12:38 - log: [cmake] --  execute C:/Program Files/nodejs/node.exe plugin_parser.js
2024-7-11 14:12:38 - log: [cmake] [searching plugins] directory D:/TankFight/TK2/extensions does not exist
2024-7-11 14:12:38 - log: [cmake] [searching plugins] no plugins found!
2024-7-11 14:12:38 - log: [cmake] -- Searching hook files Pre*.cmake or *Pre.cmake in D:/TankFight/TK2/native/engine/win64
2024-7-11 14:12:38 - log: [cmake] -- No plugins are loaded!
2024-7-11 14:12:38 - log: [cmake] -- Searching hook files Post*.cmake or *Post.cmake in D:/TankFight/TK2/native/engine/win64
2024-7-11 14:12:38 - log: [cmake] -- Configuring done (8.3s)
2024-7-11 14:12:39 - log: [cmake] -- Generating done (0.1s)
2024-7-11 14:12:39 - log: [cmake-warn] CMake Warning:  Manually-specified variables were not used by the project:    LAUNCH_TYPE
2024-7-11 14:12:39 - log: [cmake] -- Build files have been written to: D:/TankFight/TK2/build/windows-001/proj
2024-7-11 14:12:39 - debug: // ---- build task native：onAfterBuild ---- (16919ms)
2024-7-11 14:12:39 - debug: native:(onAfterBuild) in 16919 ms ✓, progress: 60%
2024-7-11 14:12:39 - debug: cocos-service:(onAfterBuild) start..., progress: 60%
2024-7-11 14:12:39 - debug: // ---- build task cocos-service：onAfterBuild ----
2024-7-11 14:12:40 - debug: // ---- build task cocos-service：onAfterBuild ---- (1219ms)
2024-7-11 14:12:40 - debug: cocos-service:(onAfterBuild) in 1219 ms ✓, progress: 62%
2024-7-11 14:12:40 - debug: adsense-h5g-plugin:(onAfterBuild) start..., progress: 62%
2024-7-11 14:12:40 - debug: // ---- build task adsense-h5g-plugin：onAfterBuild ----
2024-7-11 14:12:41 - debug: // ---- build task adsense-h5g-plugin：onAfterBuild ---- (511ms)
2024-7-11 14:12:41 - debug: adsense-h5g-plugin:(onAfterBuild) in 511 ms ✓, progress: 64%
2024-7-11 14:12:41 - log: Asset DB is resume!
2024-7-11 14:12:41 - debug: refresh db internal success
2024-7-11 14:12:41 - debug: refresh db assets success
2024-7-11 14:12:41 - debug: Run asset db hook engine-extends:afterRefresh ...
2024-7-11 14:12:41 - debug: Run asset db hook engine-extends:afterRefresh success!
2024-7-11 14:12:41 - debug: builder:build-project-total (49466ms)
2024-7-11 14:12:41 - debug: asset-db:refresh-all-database (625ms)
2024-7-11 14:12:41 - debug: asset-db:worker-effect-data-processing (389ms)
2024-7-11 14:12:41 - debug: asset-db-hook-engine-extends-afterRefresh (389ms)
2024-7-11 14:12:41 - warn: The SpriteFrame used by component "cc.Sprite" in scene "victory" is missing. Detailed information:Node path: "Canvas/vectory"Asset url: "db://assets/Scenes/victory"Missing uuid: "9f07242a-881b-4e5a-87a4-b3b7aae88cb6@f9941"
2024-7-11 14:12:41 - debug: build success in 49466!
2024-7-11 14:12:41 - debug: [Build Memory track]: builder:build-project-total start:218.26MB, end 223.77MB, increase: 5.50MB
2024-7-11 14:12:41 - debug: ================================ build Task (windows-001) Finished in (49 s)ms ================================
