2024-7-8 02:01:28 - debug: =================================== build Task (windows-007) Start ================================
2024-7-8 02:01:28 - debug: Start build task, options:{"name":"TK2","server":"","platform":"windows","buildPath":"project://build","debug":false,"md5Cache":false,"skipCompressTexture":false,"sourceMaps":false,"overwriteProjectSettings":{"macroConfig":{"cleanupImageCache":"inherit-project-setting"},"includeModules":{"physics":"inherit-project-setting","physics-2d":"inherit-project-setting","gfx-webgl2":"off"}},"nativeCodeBundleMode":"wasm","polyfills":{"asyncFunctions":false},"experimentalEraseModules":false,"startSceneAssetBundle":false,"bundleConfigs":[],"useBuiltinServer":false,"mainBundleIsRemote":false,"mainBundleCompressionType":"merge_dep","useSplashScreen":true,"bundleCommonChunk":false,"packAutoAtlas":true,"startScene":"7af63cc6-90a2-42ce-bfb5-42897472820c","outputName":"demo1","taskName":"windows-007","scenes":[{"url":"db://assets/map/doublemap.scene","uuid":"56c94625-6c31-4bd5-90fe-90c9552fdc01"},{"url":"db://assets/map/test.scene","uuid":"d506c42d-a2d8-4de2-bff7-83bd68a68175"},{"url":"db://assets/Scenes/alonemap2.scene","uuid":"36291188-d37d-4b4f-a128-588f20d16162"},{"url":"db://assets/Scenes/LoadingScene.scene","uuid":"7af63cc6-90a2-42ce-bfb5-42897472820c"},{"url":"db://assets/Scenes/LoginScene.scene","uuid":"9486f291-e0a6-47f7-ab5b-7440590026f7"},{"url":"db://assets/Scenes/scene-2d-001.scene","uuid":"bda4619b-1bc8-442d-90ee-6b04df2eccd8"},{"url":"db://assets/Scenes/select.scene","uuid":"0554d124-5936-4455-9b17-a083050a9281"},{"url":"db://assets/Scenes/single.scene","uuid":"b9b0fce6-d144-4637-8f7b-c8b0c724ec99"}],"wasmCompressionMode":false,"packages":{"windows":{"executableName":"demo1","renderBackEnd":{"vulkan":true,"gles3":true,"gles2":true},"targetPlatform":"x64","__version__":"1.0.1","vsData":""},"cocos-service":{"configID":"bbddf8","services":[],"__version__":"3.0.7"},"native":{"encrypted":false,"xxteaKey":"f0AH94h5tD5Ijj0K","compressZip":false,"JobSystem":"none","__version__":"1.0.2"}},"__version__":"1.3.8","buildMode":"normal","logDest":"project://temp/builder/log/windows2024-7-8 02-01.log"}
2024-7-8 02:01:28 - debug: Build with Cocos Creator 3.8.3
2024-7-8 02:01:28 - debug: native:(onBeforeBuild) start..., progress: 0%
2024-7-8 02:01:28 - debug: // ---- build task native：onBeforeBuild ----
2024-7-8 02:01:28 - debug: // ---- build task native：onBeforeBuild ---- (246ms)
2024-7-8 02:01:28 - debug: native:(onBeforeBuild) in 246 ms ✓, progress: 2%
2024-7-8 02:01:28 - debug: cocos-service:(onBeforeBuild) start..., progress: 2%
2024-7-8 02:01:28 - debug: // ---- build task cocos-service：onBeforeBuild ----
2024-7-8 02:01:29 - debug: // ---- build task cocos-service：onBeforeBuild ---- (876ms)
2024-7-8 02:01:29 - debug: cocos-service:(onBeforeBuild) in 876 ms ✓, progress: 4%
2024-7-8 02:01:29 - debug: scene:(onBeforeBuild) start..., progress: 4%
2024-7-8 02:01:29 - debug: // ---- build task scene：onBeforeBuild ----
2024-7-8 02:01:30 - debug: // ---- build task scene：onBeforeBuild ---- (771ms)
2024-7-8 02:01:30 - debug: scene:(onBeforeBuild) in 771 ms ✓, progress: 5%
2024-7-8 02:01:30 - debug: Start lock asset db..., progress: 5%
2024-7-8 02:01:30 - log: Asset DB is paused with build!
2024-7-8 02:01:30 - debug: Query all assets info in project
2024-7-8 02:01:31 - debug: init custom config: keepNodeUuid: false, useCache: true
2024-7-8 02:01:31 - debug: native:(onAfterInit) start..., progress: 5%
2024-7-8 02:01:31 - debug: // ---- build task native：onAfterInit ----
2024-7-8 02:01:34 - debug: Native engine root:C:\ProgramData\cocos\editors\Creator\3.8.3\resources\resources\3d\engine\native
2024-7-8 02:01:34 - debug: // ---- build task native：onAfterInit ---- (3669ms)
2024-7-8 02:01:34 - debug: native:(onAfterInit) in 3669 ms ✓, progress: 7%
2024-7-8 02:01:34 - debug: windows:(onAfterInit) start..., progress: 7%
2024-7-8 02:01:34 - debug: // ---- build task windows：onAfterInit ----
2024-7-8 02:01:35 - debug: // ---- build task windows：onAfterInit ---- (463ms)
2024-7-8 02:01:35 - debug: windows:(onAfterInit) in 463 ms ✓, progress: 9%
2024-7-8 02:01:35 - debug: cocos-service:(onAfterInit) start..., progress: 9%
2024-7-8 02:01:35 - debug: // ---- build task cocos-service：onAfterInit ----
2024-7-8 02:01:36 - debug: // ---- build task cocos-service：onAfterInit ---- (855ms)
2024-7-8 02:01:36 - debug: cocos-service:(onAfterInit) in 855 ms ✓, progress: 11%
2024-7-8 02:01:36 - debug: engine:(onAfterInit) start..., progress: 11%
2024-7-8 02:01:36 - debug: // ---- build task engine：onAfterInit ----
2024-7-8 02:01:37 - debug: // ---- build task engine：onAfterInit ---- (755ms)
2024-7-8 02:01:37 - debug: engine:(onAfterInit) in 755 ms ✓, progress: 13%
2024-7-8 02:01:37 - debug: adsense-h5g-plugin:(onBeforeBundleInit) start..., progress: 13%
2024-7-8 02:01:37 - debug: // ---- build task adsense-h5g-plugin：onBeforeBundleInit ----
2024-7-8 02:01:37 - debug: [adsense-h5g-plugin] remove script success
2024-7-8 02:01:37 - debug: // ---- build task adsense-h5g-plugin：onBeforeBundleInit ---- (517ms)
2024-7-8 02:01:37 - debug: adsense-h5g-plugin:(onBeforeBundleInit) in 517 ms ✓, progress: 13%
2024-7-8 02:01:38 - debug: Init all bundles start..., progress: 13%
2024-7-8 02:01:38 - debug: Num of bundles: 3..., progress: 13%
2024-7-8 02:01:38 - debug: native:(onAfterBundleInit) start..., progress: 13%
2024-7-8 02:01:38 - debug: // ---- build task native：onAfterBundleInit ----
2024-7-8 02:01:38 - debug: // ---- build task native：onAfterBundleInit ---- (649ms)
2024-7-8 02:01:38 - debug: native:(onAfterBundleInit) in 649 ms ✓, progress: 13%
2024-7-8 02:01:38 - debug: windows:(onAfterBundleInit) start..., progress: 13%
2024-7-8 02:01:38 - debug: // ---- build task windows：onAfterBundleInit ----
2024-7-8 02:01:39 - debug: // ---- build task windows：onAfterBundleInit ---- (636ms)
2024-7-8 02:01:39 - debug: windows:(onAfterBundleInit) in 636 ms ✓, progress: 13%
2024-7-8 02:01:39 - debug: 查询 Asset Bundle start, progress: 13%
2024-7-8 02:01:39 - debug: // ---- build task 查询 Asset Bundle ----
2024-7-8 02:01:39 - debug: Init bundle root assets start..., progress: 13%
2024-7-8 02:01:40 - debug: Query preload assets from cc.config.json: 60f7195c-ec2a-45eb-ba94-8955f60e81d0,1c02ae6f-4492-4915-b8f8-7492a3b1e4cd,810e96e4-e456-4468-9b59-f4e8f39732c0,efe8e2a3-eace-427b-b4f1-cb8a937ec77d,e9aa9a3e-5b2b-4ac7-a2c7-073de2b2b24f,8bbdbcdd-5cd4-4100-b6d5-b7c9625b6107,50f4348b-c883-4e2f-8f11-ce233b859fa1,fda095cb-831d-4601-ad94-846013963de8,f92806d7-1768-443f-afe8-12bcde84d0f0,dd3a144d-ab7f-41f0-82b8-2e43a090d496,f0416e68-0200-4b77-a926-4f9d16e494da,970b0598-bcb0-4714-91fb-2e81440dccd8,bcd64cc6-2dd9-43f6-abbe-66318d332032,d930590d-bb92-4cc8-8bd1-23cd027f9edf,a3cd009f-0ab0-420d-9278-b9fdab939bbc,c27215d8-6835-4b68-bfbb-bdeac6100c04,b5d6115f-0370-4d7c-aad3-c194cc71cf98,871c3b6c-7379-419d-bda3-794b239ab90d
2024-7-8 02:01:40 - debug:   Number of all scenes: 8
2024-7-8 02:01:40 - debug:   Number of all scripts: 27
2024-7-8 02:01:40 - debug:   Number of other assets: 418
2024-7-8 02:01:40 - debug: Init bundle root assets success..., progress: 13%
2024-7-8 02:01:40 - debug: reload all scripts.
2024-7-8 02:01:40 - debug: Set detail map pack:///resolution-detail-map.json: {}
2024-7-8 02:01:40 - groupCollapsed: Invalidate all modules
2024-7-8 02:01:40 - debug: D:\TankFight\TK2\temp\programming\packer-driver\targets\editor\chunks\93\93ba276ea7b26ffcdc433fab14afc1ed6f05647b.js resolved to D:\TankFight\TK2\temp\programming\packer-driver\targets\editor\chunks\93\93ba276ea7b26ffcdc433fab14afc1ed6f05647b.js is not in module cache!
2024-7-8 02:01:40 - debug: [[Executor]] Module "cce:/internal/x/cc-fu/base" loaded.
2024-7-8 02:01:40 - debug: [[Executor]] Module "cce:/internal/x/cc-fu/gfx-webgl" loaded.
2024-7-8 02:01:40 - debug: [[Executor]] Module "cce:/internal/x/cc-fu/gfx-webgl2" loaded.
2024-7-8 02:01:40 - debug: [[Executor]] Module "cce:/internal/x/cc-fu/gfx-empty" loaded.
2024-7-8 02:01:40 - debug: [[Executor]] Module "cce:/internal/x/cc-fu/3d" loaded.
2024-7-8 02:01:40 - debug: [[Executor]] Module "cce:/internal/x/cc-fu/animation" loaded.
2024-7-8 02:01:40 - debug: [[Executor]] Module "cce:/internal/x/cc-fu/skeletal-animation" loaded.
2024-7-8 02:01:40 - debug: [[Executor]] Module "cce:/internal/x/cc-fu/2d" loaded.
2024-7-8 02:01:40 - debug: [[Executor]] Module "cce:/internal/x/cc-fu/sorting" loaded.
2024-7-8 02:01:40 - debug: [[Executor]] Module "cce:/internal/x/cc-fu/ui" loaded.
2024-7-8 02:01:40 - debug: [[Executor]] Module "cce:/internal/x/cc-fu/particle" loaded.
2024-7-8 02:01:40 - debug: [[Executor]] Module "cce:/internal/x/cc-fu/particle-2d" loaded.
2024-7-8 02:01:40 - debug: [[Executor]] Module "cce:/internal/x/cc-fu/physics-framework" loaded.
2024-7-8 02:01:40 - debug: [[Executor]] Module "cce:/internal/x/cc-fu/physics-2d-framework" loaded.
2024-7-8 02:01:40 - debug: [[Executor]] Module "cce:/internal/x/cc-fu/physics-2d-box2d-wasm" loaded.
2024-7-8 02:01:40 - debug: [[Executor]] Module "cce:/internal/x/cc-fu/intersection-2d" loaded.
2024-7-8 02:01:40 - debug: [[Executor]] Module "cce:/internal/x/cc-fu/primitive" loaded.
2024-7-8 02:01:40 - debug: [[Executor]] Module "cce:/internal/x/cc-fu/profiler" loaded.
2024-7-8 02:01:40 - debug: [[Executor]] Module "cce:/internal/x/cc-fu/geometry-renderer" loaded.
2024-7-8 02:01:40 - debug: [[Executor]] Module "cce:/internal/x/cc-fu/audio" loaded.
2024-7-8 02:01:40 - debug: [[Executor]] Module "cce:/internal/x/cc-fu/video" loaded.
2024-7-8 02:01:40 - debug: [[Executor]] Module "cce:/internal/x/cc-fu/xr" loaded.
2024-7-8 02:01:40 - debug: [[Executor]] Module "cce:/internal/x/cc-fu/light-probe" loaded.
2024-7-8 02:01:40 - debug: [[Executor]] Module "cce:/internal/x/cc-fu/terrain" loaded.
2024-7-8 02:01:40 - debug: [[Executor]] Module "cce:/internal/x/cc-fu/webview" loaded.
2024-7-8 02:01:40 - debug: [[Executor]] Module "cce:/internal/x/cc-fu/tween" loaded.
2024-7-8 02:01:40 - debug: [[Executor]] Module "cce:/internal/x/cc-fu/tiled-map" loaded.
2024-7-8 02:01:40 - debug: [[Executor]] Module "cce:/internal/x/cc-fu/spine" loaded.
2024-7-8 02:01:40 - debug: [[Executor]] Module "cce:/internal/x/cc-fu/dragon-bones" loaded.
2024-7-8 02:01:40 - debug: [[Executor]] Module "cce:/internal/x/cc-fu/custom-pipeline" loaded.
2024-7-8 02:01:40 - debug: [[Executor]] Module "cce:/internal/x/cc-fu/base" loaded.
2024-7-8 02:01:40 - debug: [[Executor]] Module "cce:/internal/x/cc-fu/gfx-webgl" loaded.
2024-7-8 02:01:40 - debug: [[Executor]] Module "cce:/internal/x/cc-fu/gfx-webgl2" loaded.
2024-7-8 02:01:40 - debug: [[Executor]] Module "cce:/internal/x/cc-fu/gfx-empty" loaded.
2024-7-8 02:01:40 - debug: [[Executor]] Module "cce:/internal/x/cc-fu/3d" loaded.
2024-7-8 02:01:40 - debug: [[Executor]] Module "cce:/internal/x/cc-fu/animation" loaded.
2024-7-8 02:01:40 - debug: [[Executor]] Module "cce:/internal/x/cc-fu/skeletal-animation" loaded.
2024-7-8 02:01:40 - debug: [[Executor]] Module "cce:/internal/x/cc-fu/2d" loaded.
2024-7-8 02:01:40 - debug: [[Executor]] Module "cce:/internal/x/cc-fu/sorting" loaded.
2024-7-8 02:01:40 - debug: [[Executor]] Module "cce:/internal/x/cc-fu/ui" loaded.
2024-7-8 02:01:40 - debug: [[Executor]] Module "cce:/internal/x/cc-fu/particle" loaded.
2024-7-8 02:01:40 - debug: [[Executor]] Module "cce:/internal/x/cc-fu/particle-2d" loaded.
2024-7-8 02:01:40 - debug: [[Executor]] Module "cce:/internal/x/cc-fu/physics-framework" loaded.
2024-7-8 02:01:40 - debug: [[Executor]] Module "cce:/internal/x/cc-fu/physics-2d-framework" loaded.
2024-7-8 02:01:40 - debug: [[Executor]] Module "cce:/internal/x/cc-fu/physics-2d-box2d-wasm" loaded.
2024-7-8 02:01:40 - debug: [[Executor]] Module "cce:/internal/x/cc-fu/intersection-2d" loaded.
2024-7-8 02:01:40 - debug: [[Executor]] Module "cce:/internal/x/cc-fu/primitive" loaded.
2024-7-8 02:01:40 - debug: [[Executor]] Module "cce:/internal/x/cc-fu/profiler" loaded.
2024-7-8 02:01:40 - debug: [[Executor]] Module "cce:/internal/x/cc-fu/geometry-renderer" loaded.
2024-7-8 02:01:40 - debug: [[Executor]] Module "cce:/internal/x/cc-fu/audio" loaded.
2024-7-8 02:01:40 - debug: [[Executor]] Module "cce:/internal/x/cc-fu/video" loaded.
2024-7-8 02:01:40 - debug: [[Executor]] Module "cce:/internal/x/cc-fu/xr" loaded.
2024-7-8 02:01:40 - debug: [[Executor]] Module "cce:/internal/x/cc-fu/light-probe" loaded.
2024-7-8 02:01:40 - debug: [[Executor]] Module "cce:/internal/x/cc-fu/terrain" loaded.
2024-7-8 02:01:40 - debug: [[Executor]] Module "cce:/internal/x/cc-fu/webview" loaded.
2024-7-8 02:01:40 - debug: [[Executor]] Module "cce:/internal/x/cc-fu/tween" loaded.
2024-7-8 02:01:40 - debug: [[Executor]] Module "cce:/internal/x/cc-fu/tiled-map" loaded.
2024-7-8 02:01:40 - debug: [[Executor]] Module "cce:/internal/x/cc-fu/spine" loaded.
2024-7-8 02:01:40 - debug: [[Executor]] Module "cce:/internal/x/cc-fu/dragon-bones" loaded.
2024-7-8 02:01:40 - debug: [[Executor]] Module "cce:/internal/x/cc-fu/custom-pipeline" loaded.
2024-7-8 02:01:40 - debug: [[Executor]] Module "pack:///chunks/93/93ba276ea7b26ffcdc433fab14afc1ed6f05647b.js" loaded.
2024-7-8 02:01:40 - debug: Invalidating 'pack:///chunks/93/93ba276ea7b26ffcdc433fab14afc1ed6f05647b.js'
2024-7-8 02:01:40 - groupEnd: Invalidate all modules
2024-7-8 02:01:40 - groupCollapsed: Imports all modules
2024-7-8 02:01:40 - debug: [[Executor]] Module "pack:///chunks/93/93ba276ea7b26ffcdc433fab14afc1ed6f05647b.js" loaded.
2024-7-8 02:01:40 - debug: D:\TankFight\TK2\temp\programming\packer-driver\targets\editor\chunks\6d\6d8fd2b0177941b032ddc0733af48a561fb60657.js resolved to D:\TankFight\TK2\temp\programming\packer-driver\targets\editor\chunks\6d\6d8fd2b0177941b032ddc0733af48a561fb60657.js is not in module cache!
2024-7-8 02:01:40 - debug: [[Executor]] Module "pack:///chunks/6d/6d8fd2b0177941b032ddc0733af48a561fb60657.js" loaded.
2024-7-8 02:01:40 - debug: D:\TankFight\TK2\temp\programming\packer-driver\targets\editor\chunks\c8\c8b6a709c03b1f3a3069932b4b22bfbc5834b962.js resolved to D:\TankFight\TK2\temp\programming\packer-driver\targets\editor\chunks\c8\c8b6a709c03b1f3a3069932b4b22bfbc5834b962.js is not in module cache!
2024-7-8 02:01:40 - debug: [[Executor]] Register DebugViewRuntimeControl
2024-7-8 02:01:40 - debug: [[Executor]] Module "pack:///chunks/c8/c8b6a709c03b1f3a3069932b4b22bfbc5834b962.js" loaded.
2024-7-8 02:01:40 - debug: D:\TankFight\TK2\temp\programming\packer-driver\targets\editor\chunks\50\50c30f67700a5fa0b712ec808eeb1b4e83f1e1ba.js resolved to D:\TankFight\TK2\temp\programming\packer-driver\targets\editor\chunks\50\50c30f67700a5fa0b712ec808eeb1b4e83f1e1ba.js is not in module cache!
2024-7-8 02:01:40 - debug: [[Executor]] Register Loading
2024-7-8 02:01:40 - debug: [[Executor]] Module "pack:///chunks/50/50c30f67700a5fa0b712ec808eeb1b4e83f1e1ba.js" loaded.
2024-7-8 02:01:40 - debug: D:\TankFight\TK2\temp\programming\packer-driver\targets\editor\chunks\df\df06cbc8fed14dbb2278e77827da6a628e26ef2a.js resolved to D:\TankFight\TK2\temp\programming\packer-driver\targets\editor\chunks\df\df06cbc8fed14dbb2278e77827da6a628e26ef2a.js is not in module cache!
2024-7-8 02:01:40 - debug: [[Executor]] Register double
2024-7-8 02:01:40 - debug: [[Executor]] Module "pack:///chunks/df/df06cbc8fed14dbb2278e77827da6a628e26ef2a.js" loaded.
2024-7-8 02:01:40 - debug: D:\TankFight\TK2\temp\programming\packer-driver\targets\editor\chunks\ae\aeeee5e034ceca1ec7dfed6e8f52e14324a1fc5e.js resolved to D:\TankFight\TK2\temp\programming\packer-driver\targets\editor\chunks\ae\aeeee5e034ceca1ec7dfed6e8f52e14324a1fc5e.js is not in module cache!
2024-7-8 02:01:40 - debug: [[Executor]] Register endgame
2024-7-8 02:01:40 - debug: [[Executor]] Module "pack:///chunks/ae/aeeee5e034ceca1ec7dfed6e8f52e14324a1fc5e.js" loaded.
2024-7-8 02:01:40 - debug: D:\TankFight\TK2\temp\programming\packer-driver\targets\editor\chunks\64\64ce6dd9c651e5c51a2186680c637515cd5b2e58.js resolved to D:\TankFight\TK2\temp\programming\packer-driver\targets\editor\chunks\64\64ce6dd9c651e5c51a2186680c637515cd5b2e58.js is not in module cache!
2024-7-8 02:01:40 - debug: [[Executor]] Register log
2024-7-8 02:01:40 - debug: [[Executor]] Module "pack:///chunks/64/64ce6dd9c651e5c51a2186680c637515cd5b2e58.js" loaded.
2024-7-8 02:01:40 - debug: D:\TankFight\TK2\temp\programming\packer-driver\targets\editor\chunks\0f\0f04fb789a6c7629e5cd49ae749338f6dce39df6.js resolved to D:\TankFight\TK2\temp\programming\packer-driver\targets\editor\chunks\0f\0f04fb789a6c7629e5cd49ae749338f6dce39df6.js is not in module cache!
2024-7-8 02:01:40 - debug: [[Executor]] Register returnlog
2024-7-8 02:01:40 - debug: [[Executor]] Module "pack:///chunks/0f/0f04fb789a6c7629e5cd49ae749338f6dce39df6.js" loaded.
2024-7-8 02:01:40 - debug: D:\TankFight\TK2\temp\programming\packer-driver\targets\editor\chunks\6b\6b91a48b000c0b404c2005a17a116614998121dc.js resolved to D:\TankFight\TK2\temp\programming\packer-driver\targets\editor\chunks\6b\6b91a48b000c0b404c2005a17a116614998121dc.js is not in module cache!
2024-7-8 02:01:40 - debug: [[Executor]] Register returnselect
2024-7-8 02:01:40 - debug: [[Executor]] Module "pack:///chunks/6b/6b91a48b000c0b404c2005a17a116614998121dc.js" loaded.
2024-7-8 02:01:40 - debug: D:\TankFight\TK2\temp\programming\packer-driver\targets\editor\chunks\7e\7ee63c9a9e29a3b987d22de292a94292f031aa6c.js resolved to D:\TankFight\TK2\temp\programming\packer-driver\targets\editor\chunks\7e\7ee63c9a9e29a3b987d22de292a94292f031aa6c.js is not in module cache!
2024-7-8 02:01:40 - debug: [[Executor]] Register SceneSwitcher
2024-7-8 02:01:40 - debug: [[Executor]] Module "pack:///chunks/7e/7ee63c9a9e29a3b987d22de292a94292f031aa6c.js" loaded.
2024-7-8 02:01:40 - debug: D:\TankFight\TK2\temp\programming\packer-driver\targets\editor\chunks\10\107735bd8ab6aeedb8dedfa61097e7d039af005f.js resolved to D:\TankFight\TK2\temp\programming\packer-driver\targets\editor\chunks\10\107735bd8ab6aeedb8dedfa61097e7d039af005f.js is not in module cache!
2024-7-8 02:01:40 - debug: [[Executor]] Register welcome
2024-7-8 02:01:40 - debug: [[Executor]] Module "pack:///chunks/10/107735bd8ab6aeedb8dedfa61097e7d039af005f.js" loaded.
2024-7-8 02:01:40 - debug: D:\TankFight\TK2\temp\programming\packer-driver\targets\editor\chunks\85\8506b5890a376671fb518d6bc944b0e0c189a65f.js resolved to D:\TankFight\TK2\temp\programming\packer-driver\targets\editor\chunks\85\8506b5890a376671fb518d6bc944b0e0c189a65f.js is not in module cache!
2024-7-8 02:01:40 - debug: [[Executor]] Register background
2024-7-8 02:01:40 - debug: [[Executor]] Module "pack:///chunks/85/8506b5890a376671fb518d6bc944b0e0c189a65f.js" loaded.
2024-7-8 02:01:41 - debug: D:\TankFight\TK2\temp\programming\packer-driver\targets\editor\chunks\37\37b153d16d326e699d889dd2abe7af979808812f.js resolved to D:\TankFight\TK2\temp\programming\packer-driver\targets\editor\chunks\37\37b153d16d326e699d889dd2abe7af979808812f.js is not in module cache!
2024-7-8 02:01:41 - debug: [[Executor]] Register Bullet
2024-7-8 02:01:41 - debug: [[Executor]] Module "pack:///chunks/37/37b153d16d326e699d889dd2abe7af979808812f.js" loaded.
2024-7-8 02:01:41 - debug: D:\TankFight\TK2\temp\programming\packer-driver\targets\editor\chunks\74\74415ce5e09097a65a5a79d76907797be9a9a87b.js resolved to D:\TankFight\TK2\temp\programming\packer-driver\targets\editor\chunks\74\74415ce5e09097a65a5a79d76907797be9a9a87b.js is not in module cache!
2024-7-8 02:01:41 - debug: [[Executor]] Register Bullet
2024-7-8 02:01:41 - debug: [[Executor]] Module "pack:///chunks/74/74415ce5e09097a65a5a79d76907797be9a9a87b.js" loaded.
2024-7-8 02:01:41 - debug: D:\TankFight\TK2\temp\programming\packer-driver\targets\editor\chunks\62\6275fa94b592203dc11997433cb492a59edefec9.js resolved to D:\TankFight\TK2\temp\programming\packer-driver\targets\editor\chunks\62\6275fa94b592203dc11997433cb492a59edefec9.js is not in module cache!
2024-7-8 02:01:41 - debug: D:\TankFight\TK2\temp\programming\packer-driver\targets\editor\chunks\cc\ccd58ad23c547685d09480e2fdc942fd3911138c.js resolved to D:\TankFight\TK2\temp\programming\packer-driver\targets\editor\chunks\cc\ccd58ad23c547685d09480e2fdc942fd3911138c.js is not in module cache!
2024-7-8 02:01:41 - debug: D:\TankFight\TK2\temp\programming\packer-driver\targets\editor\chunks\6a\6a5019a719a9014c047e67aa1cf34453ab8392ce.js resolved to D:\TankFight\TK2\temp\programming\packer-driver\targets\editor\chunks\6a\6a5019a719a9014c047e67aa1cf34453ab8392ce.js is not in module cache!
2024-7-8 02:01:41 - debug: [[Executor]] Module "pack:///chunks/6a/6a5019a719a9014c047e67aa1cf34453ab8392ce.js" loaded.
2024-7-8 02:01:41 - debug: [[Executor]] Register PlayerController0
2024-7-8 02:01:41 - debug: [[Executor]] Module "pack:///chunks/cc/ccd58ad23c547685d09480e2fdc942fd3911138c.js" loaded.
2024-7-8 02:01:41 - debug: [[Executor]] Register TankCheatController
2024-7-8 02:01:41 - debug: [[Executor]] Module "pack:///chunks/62/6275fa94b592203dc11997433cb492a59edefec9.js" loaded.
2024-7-8 02:01:41 - debug: D:\TankFight\TK2\temp\programming\packer-driver\targets\editor\chunks\d2\d2e124866252d58c186fad439ed2118529235b08.js resolved to D:\TankFight\TK2\temp\programming\packer-driver\targets\editor\chunks\d2\d2e124866252d58c186fad439ed2118529235b08.js is not in module cache!
2024-7-8 02:01:41 - debug: [[Executor]] Register esc
2024-7-8 02:01:41 - debug: [[Executor]] Module "pack:///chunks/d2/d2e124866252d58c186fad439ed2118529235b08.js" loaded.
2024-7-8 02:01:41 - debug: D:\TankFight\TK2\temp\programming\packer-driver\targets\editor\chunks\c7\c738b4a9b147d5326231324f6aa0f916d54c0594.js resolved to D:\TankFight\TK2\temp\programming\packer-driver\targets\editor\chunks\c7\c738b4a9b147d5326231324f6aa0f916d54c0594.js is not in module cache!
2024-7-8 02:01:41 - debug: D:\TankFight\TK2\temp\programming\packer-driver\targets\editor\chunks\36\36d3bfeda5cf9f318bc54772175b4f3fc5a0607e.js resolved to D:\TankFight\TK2\temp\programming\packer-driver\targets\editor\chunks\36\36d3bfeda5cf9f318bc54772175b4f3fc5a0607e.js is not in module cache!
2024-7-8 02:01:41 - debug: [[Executor]] Register firedirection0
2024-7-8 02:01:41 - debug: [[Executor]] Module "pack:///chunks/36/36d3bfeda5cf9f318bc54772175b4f3fc5a0607e.js" loaded.
2024-7-8 02:01:41 - debug: [[Executor]] Register fireaffect0
2024-7-8 02:01:41 - debug: [[Executor]] Module "pack:///chunks/c7/c738b4a9b147d5326231324f6aa0f916d54c0594.js" loaded.
2024-7-8 02:01:41 - debug: D:\TankFight\TK2\temp\programming\packer-driver\targets\editor\chunks\d0\d071c5af2ebf586a3bd2153d8102bb7a4e9fff34.js resolved to D:\TankFight\TK2\temp\programming\packer-driver\targets\editor\chunks\d0\d071c5af2ebf586a3bd2153d8102bb7a4e9fff34.js is not in module cache!
2024-7-8 02:01:41 - debug: D:\TankFight\TK2\temp\programming\packer-driver\targets\editor\chunks\7b\7b65579927e3436e25a33e2cd766c3229919bb92.js resolved to D:\TankFight\TK2\temp\programming\packer-driver\targets\editor\chunks\7b\7b65579927e3436e25a33e2cd766c3229919bb92.js is not in module cache!
2024-7-8 02:01:41 - debug: D:\TankFight\TK2\temp\programming\packer-driver\targets\editor\chunks\bd\bda66f12b708819fefbdfd3f5ac4139372f1955c.js resolved to D:\TankFight\TK2\temp\programming\packer-driver\targets\editor\chunks\bd\bda66f12b708819fefbdfd3f5ac4139372f1955c.js is not in module cache!
2024-7-8 02:01:41 - debug: [[Executor]] Register PlayerController1
2024-7-8 02:01:41 - debug: [[Executor]] Module "pack:///chunks/bd/bda66f12b708819fefbdfd3f5ac4139372f1955c.js" loaded.
2024-7-8 02:01:41 - debug: [[Executor]] Register firedirection1
2024-7-8 02:01:41 - debug: [[Executor]] Module "pack:///chunks/7b/7b65579927e3436e25a33e2cd766c3229919bb92.js" loaded.
2024-7-8 02:01:41 - debug: [[Executor]] Register fireaffect1
2024-7-8 02:01:41 - debug: [[Executor]] Module "pack:///chunks/d0/d071c5af2ebf586a3bd2153d8102bb7a4e9fff34.js" loaded.
2024-7-8 02:01:41 - debug: D:\TankFight\TK2\temp\programming\packer-driver\targets\editor\chunks\7d\7d776c13862b8294ac8e1ca54933c7ce511c9de6.js resolved to D:\TankFight\TK2\temp\programming\packer-driver\targets\editor\chunks\7d\7d776c13862b8294ac8e1ca54933c7ce511c9de6.js is not in module cache!
2024-7-8 02:01:41 - debug: [[Executor]] Register wallbox
2024-7-8 02:01:41 - debug: [[Executor]] Module "pack:///chunks/7d/7d776c13862b8294ac8e1ca54933c7ce511c9de6.js" loaded.
2024-7-8 02:01:41 - debug: D:\TankFight\TK2\temp\programming\packer-driver\targets\editor\chunks\8c\8cbcac0ff3852ef0ad041ecd0c3489f1faffc83c.js resolved to D:\TankFight\TK2\temp\programming\packer-driver\targets\editor\chunks\8c\8cbcac0ff3852ef0ad041ecd0c3489f1faffc83c.js is not in module cache!
2024-7-8 02:01:41 - debug: [[Executor]] Register objectfirefast
2024-7-8 02:01:41 - debug: [[Executor]] Module "pack:///chunks/8c/8cbcac0ff3852ef0ad041ecd0c3489f1faffc83c.js" loaded.
2024-7-8 02:01:41 - debug: D:\TankFight\TK2\temp\programming\packer-driver\targets\editor\chunks\61\613099c8a6849ad586c6e443d2565d771480f804.js resolved to D:\TankFight\TK2\temp\programming\packer-driver\targets\editor\chunks\61\613099c8a6849ad586c6e443d2565d771480f804.js is not in module cache!
2024-7-8 02:01:41 - debug: [[Executor]] Register objectmovefast
2024-7-8 02:01:41 - debug: [[Executor]] Module "pack:///chunks/61/613099c8a6849ad586c6e443d2565d771480f804.js" loaded.
2024-7-8 02:01:41 - debug: D:\TankFight\TK2\temp\programming\packer-driver\targets\editor\chunks\71\71a1ff6126add768a463075e968e4bbc5c55d7cd.js resolved to D:\TankFight\TK2\temp\programming\packer-driver\targets\editor\chunks\71\71a1ff6126add768a463075e968e4bbc5c55d7cd.js is not in module cache!
2024-7-8 02:01:41 - debug: [[Executor]] Register pause
2024-7-8 02:01:41 - debug: [[Executor]] Module "pack:///chunks/71/71a1ff6126add768a463075e968e4bbc5c55d7cd.js" loaded.
2024-7-8 02:01:41 - debug: D:\TankFight\TK2\temp\programming\packer-driver\targets\editor\chunks\3a\3ae15428e46cec218300a87cb6d309f49a021773.js resolved to D:\TankFight\TK2\temp\programming\packer-driver\targets\editor\chunks\3a\3ae15428e46cec218300a87cb6d309f49a021773.js is not in module cache!
2024-7-8 02:01:41 - debug: [[Executor]] Register background
2024-7-8 02:01:41 - debug: [[Executor]] Module "pack:///chunks/3a/3ae15428e46cec218300a87cb6d309f49a021773.js" loaded.
2024-7-8 02:01:41 - debug: D:\TankFight\TK2\temp\programming\packer-driver\targets\editor\chunks\c9\c99779b06efa9823621ab8342827c1ad0774ca91.js resolved to D:\TankFight\TK2\temp\programming\packer-driver\targets\editor\chunks\c9\c99779b06efa9823621ab8342827c1ad0774ca91.js is not in module cache!
2024-7-8 02:01:41 - debug: [[Executor]] Register speedaffect0
2024-7-8 02:01:41 - debug: [[Executor]] Module "pack:///chunks/c9/c99779b06efa9823621ab8342827c1ad0774ca91.js" loaded.
2024-7-8 02:01:41 - debug: D:\TankFight\TK2\temp\programming\packer-driver\targets\editor\chunks\38\38629f0ed4e9381bb79dd57fda3dd2475331d578.js resolved to D:\TankFight\TK2\temp\programming\packer-driver\targets\editor\chunks\38\38629f0ed4e9381bb79dd57fda3dd2475331d578.js is not in module cache!
2024-7-8 02:01:41 - debug: [[Executor]] Register speedaffect1
2024-7-8 02:01:41 - debug: [[Executor]] Module "pack:///chunks/38/38629f0ed4e9381bb79dd57fda3dd2475331d578.js" loaded.
2024-7-8 02:01:41 - debug: [[Executor]] Module "pack:///chunks/6d/6d8fd2b0177941b032ddc0733af48a561fb60657.js" loaded.
2024-7-8 02:01:41 - groupEnd: Imports all modules
2024-7-8 02:01:41 - debug: Incremental keys: 
2024-7-8 02:01:41 - debug: Init bundle share assets start..., progress: 13%
2024-7-8 02:01:41 - debug: Init bundle share assets success..., progress: 13%
2024-7-8 02:01:42 - debug: handle json group in bundle internal
2024-7-8 02:01:42 - debug: handle json group in bundle internal success
2024-7-8 02:01:42 - debug: handle json group in bundle resources
2024-7-8 02:01:42 - debug: handle json group in bundle resources success
2024-7-8 02:01:42 - debug: handle json group in bundle main
2024-7-8 02:01:42 - debug: init image compress task 0 in bundle internal
2024-7-8 02:01:42 - debug: init image compress task 0 in bundle resources
2024-7-8 02:01:42 - debug: handle json group in bundle main success
2024-7-8 02:01:42 - debug: init image compress task 0 in bundle main
2024-7-8 02:01:42 - debug: // ---- build task 查询 Asset Bundle ---- (3004ms)
2024-7-8 02:01:42 - debug: run build task 查询 Asset Bundle success in 3 s√, progress: 18%
2024-7-8 02:01:42 - debug: [Build Memory track]: 查询 Asset Bundle start:178.13MB, end 203.98MB, increase: 25.86MB
2024-7-8 02:01:42 - debug: 查询 Asset Bundle start, progress: 18%
2024-7-8 02:01:42 - debug: // ---- build task 查询 Asset Bundle ----
2024-7-8 02:01:43 - debug: // ---- build task 查询 Asset Bundle ---- (648ms)
2024-7-8 02:01:43 - debug: run build task 查询 Asset Bundle success in 648 ms√, progress: 23%
2024-7-8 02:01:43 - debug: [Build Memory track]: 查询 Asset Bundle start:204.00MB, end 200.32MB, increase: -3771.95KB
2024-7-8 02:01:43 - debug: native:(onAfterBundleDataTask) start..., progress: 23%
2024-7-8 02:01:43 - debug: // ---- build task native：onAfterBundleDataTask ----
2024-7-8 02:01:43 - debug: // ---- build task native：onAfterBundleDataTask ---- (501ms)
2024-7-8 02:01:43 - debug: native:(onAfterBundleDataTask) in 501 ms ✓, progress: 23%
2024-7-8 02:01:43 - debug: 打包脚本 start, progress: 23%
2024-7-8 02:01:43 - debug: // ---- build task 打包脚本 ----
2024-7-8 02:01:43 - debug: Caught exception during build core-js: WebpackOptionsValidationError: Invalid configuration object. Webpack has been initialised using a configuration object that does not match the API schema. - configuration.entry should be an non-empty array.   -> A non-empty array of non-empty stringsThis may indicates the core-js polyfill is not necessary. See https://github.com/zloirock/core-js/issues/822
2024-7-8 02:01:43 - debug: Generate systemJs..., progress: 23%
2024-7-8 02:01:46 - debug: 构建项目脚本 start..., progress: 23%
2024-7-8 02:01:46 - debug: Build script in bundle start, progress: 23%
2024-7-8 02:01:46 - log: Run build task(build-script) in child, see: chrome://inspect/#devices
2024-7-8 02:01:47 - log: [build-script]enter sub process 47884, C:\ProgramData\cocos\editors\Creator\3.8.3\CocosCreator.exe,C:\ProgramData\cocos\editors\Creator\3.8.3\resources\app.asar\builtin\builder\static\sub-process-index
2024-7-8 02:01:49 - debug: excute-script over with build-script 2743ms
2024-7-8 02:01:49 - debug: Copy externalScripts success!
2024-7-8 02:01:49 - debug: Build script in bundle success, progress: 23%
2024-7-8 02:01:49 - debug: 构建项目脚本 in (3540 ms) √, progress: 23%
2024-7-8 02:01:49 - debug: 构建引擎脚本 start..., progress: 23%
2024-7-8 02:01:50 - debug: Use cache engine: {link(C:\Users\53190\AppData\Local\Temp\CocosCreator\3.8.3\builder\engine\582e75784029393a8ba6770471be2c00)}
2024-7-8 02:01:50 - debug: {"debug":false,"sourceMaps":false,"includeModules":["2d","animation","audio","base","dragon-bones","intersection-2d","meshopt","particle-2d","physics-2d-box2d","profiler","spine","tiled-map","tween","ui","video","webview"],"engineVersion":"3.8.3","md5Map":[],"engineName":"src/cocos-js","platform":"WINDOWS","useCache":true,"isNative":true,"nativeCodeBundleMode":"wasm","wasmCompressionMode":false,"output":"D:\\TankFight\\TK2\\build\\demo1\\data\\src\\cocos-js","targets":"chrome 116","flags":{"DEBUG":false,"NET_MODE":0,"SERVER_MODE":false},"entry":"C:\\ProgramData\\cocos\\editors\\Creator\\3.8.3\\resources\\resources\\3d\\engine"}
2024-7-8 02:01:50 - debug: 构建引擎脚本 in (827 ms) √, progress: 23%
2024-7-8 02:01:50 - debug: Copy plugin script ..., progress: 23%
2024-7-8 02:01:50 - debug: Generate import-map..., progress: 23%
2024-7-8 02:01:51 - debug: // ---- build task 打包脚本 ---- (7411ms)
2024-7-8 02:01:51 - debug: run build task 打包脚本 success in 7 s√, progress: 28%
2024-7-8 02:01:51 - debug: [Build Memory track]: 打包脚本 start:201.15MB, end 257.80MB, increase: 56.65MB
2024-7-8 02:01:51 - debug: Build Assets start, progress: 28%
2024-7-8 02:01:51 - debug: // ---- build task Build Assets ----
2024-7-8 02:01:51 - debug: Build bundles..., progress: 28%
2024-7-8 02:01:51 - debug: Pack Images start, progress: 28%
2024-7-8 02:01:52 - debug: builder:pack-auto-atlas-image (1180ms)
2024-7-8 02:01:52 - debug: Pack Images success, progress: 28%
2024-7-8 02:01:52 - debug: Compress image start..., progress: 28%
2024-7-8 02:01:52 - group: Compress image...
2024-7-8 02:01:52 - debug: sort compress task {}
2024-7-8 02:01:52 - debug: Num of all image compress task 0, really: 0, configTasks: 0
2024-7-8 02:01:52 - debug: No image need to compress
2024-7-8 02:01:52 - groupEnd: Compress image...
2024-7-8 02:01:52 - debug: Compress image success..., progress: 28%
2024-7-8 02:01:52 - debug: Output asset in bundles start, progress: 28%
2024-7-8 02:01:52 - debug: Handle all json groups in bundle internal
2024-7-8 02:01:52 - debug: handle json group
2024-7-8 02:01:52 - debug: Handle all json groups in bundle resources
2024-7-8 02:01:52 - debug: handle json group
2024-7-8 02:01:52 - debug: handle single json
2024-7-8 02:01:52 - debug: Handle all json groups in bundle main
2024-7-8 02:01:52 - debug: handle json group
2024-7-8 02:01:52 - debug: Json group(0cfd6fd25) compile success，json number: 6
2024-7-8 02:01:52 - debug: Json group(0cf773eab) compile success，json number: 6
2024-7-8 02:01:52 - debug: Json group(0ca60d3e4) compile success，json number: 6
2024-7-8 02:01:52 - debug: handle single json
2024-7-8 02:01:52 - debug: Json group(0af763c79) compile success，json number: 6
2024-7-8 02:01:52 - debug: Json group(0925958c2) compile success，json number: 6
2024-7-8 02:01:52 - debug: Json group(049e90c10) compile success，json number: 6
2024-7-8 02:01:52 - debug: Json group(057a269f5) compile success，json number: 6
2024-7-8 02:01:52 - debug: Json group(0e4b203e2) compile success，json number: 6
2024-7-8 02:01:52 - debug: Json group(08385ff53) compile success，json number: 6
2024-7-8 02:01:52 - debug: Json group(06aa3b9df) compile success，json number: 6
2024-7-8 02:01:52 - debug: handle single json
2024-7-8 02:01:52 - debug: Output asset in bundles success, progress: 28%
2024-7-8 02:01:52 - debug: Output asset in bundles start, progress: 28%
2024-7-8 02:01:52 - debug: compress config of bundle internal...
2024-7-8 02:01:52 - debug: compress config of bundle internal success
2024-7-8 02:01:52 - debug: compress config of bundle resources...
2024-7-8 02:01:52 - debug: compress config of bundle resources success
2024-7-8 02:01:52 - debug: compress config of bundle main...
2024-7-8 02:01:52 - debug: compress config of bundle main success
2024-7-8 02:01:52 - debug: output config of bundle internal
2024-7-8 02:01:52 - debug: output config of bundle internal success
2024-7-8 02:01:52 - debug: output config of bundle resources
2024-7-8 02:01:52 - debug: output config of bundle resources success
2024-7-8 02:01:52 - debug: output config of bundle main
2024-7-8 02:01:52 - debug: output config of bundle main success
2024-7-8 02:01:52 - debug: Output asset in bundles success, progress: 28%
2024-7-8 02:01:55 - debug: // ---- build task Build Assets ---- (3958ms)
2024-7-8 02:01:55 - debug: run build task Build Assets success in 3 s√, progress: 33%
2024-7-8 02:01:55 - debug: [Build Memory track]: Build Assets start:257.81MB, end 203.20MB, increase: -55920.55KB
2024-7-8 02:01:55 - debug: 整理部分构建选项内数据到 settings.json start, progress: 33%
2024-7-8 02:01:55 - debug: // ---- build task 整理部分构建选项内数据到 settings.json ----
2024-7-8 02:01:56 - debug: // ---- build task 整理部分构建选项内数据到 settings.json ---- (948ms)
2024-7-8 02:01:56 - debug: run build task 整理部分构建选项内数据到 settings.json success in 948 ms√, progress: 34%
2024-7-8 02:01:56 - debug: [Build Memory track]: 整理部分构建选项内数据到 settings.json start:203.28MB, end 203.38MB, increase: 100.48KB
2024-7-8 02:01:56 - debug: 填充脚本数据到 settings.json start, progress: 34%
2024-7-8 02:01:56 - debug: // ---- build task 填充脚本数据到 settings.json ----
2024-7-8 02:01:57 - debug: // ---- build task 填充脚本数据到 settings.json ---- (1101ms)
2024-7-8 02:01:57 - debug: run build task 填充脚本数据到 settings.json success in 1 s√, progress: 36%
2024-7-8 02:01:57 - debug: [Build Memory track]: 填充脚本数据到 settings.json start:203.40MB, end 203.50MB, increase: 107.26KB
2024-7-8 02:01:57 - debug: 整理部分构建选项内数据到 settings.json start, progress: 36%
2024-7-8 02:01:57 - debug: // ---- build task 整理部分构建选项内数据到 settings.json ----
2024-7-8 02:01:58 - debug: // ---- build task 整理部分构建选项内数据到 settings.json ---- (1504ms)
2024-7-8 02:01:58 - debug: run build task 整理部分构建选项内数据到 settings.json success in 1 s√, progress: 38%
2024-7-8 02:01:58 - debug: [Build Memory track]: 整理部分构建选项内数据到 settings.json start:203.52MB, end 203.53MB, increase: 12.20KB
2024-7-8 02:01:58 - debug: cocos-service:(onBeforeCompressSettings) start..., progress: 38%
2024-7-8 02:01:58 - debug: // ---- build task cocos-service：onBeforeCompressSettings ----
2024-7-8 02:01:59 - debug: // ---- build task cocos-service：onBeforeCompressSettings ---- (845ms)
2024-7-8 02:01:59 - debug: cocos-service:(onBeforeCompressSettings) in 845 ms ✓, progress: 40%
2024-7-8 02:01:59 - debug: 整理静态模板文件 start, progress: 40%
2024-7-8 02:01:59 - debug: // ---- build task 整理静态模板文件 ----
2024-7-8 02:02:00 - debug: // ---- build task 整理静态模板文件 ---- (766ms)
2024-7-8 02:02:00 - debug: run build task 整理静态模板文件 success in 766 ms√, progress: 45%
2024-7-8 02:02:00 - debug: [Build Memory track]: 整理静态模板文件 start:203.90MB, end 204.47MB, increase: 576.28KB
2024-7-8 02:02:00 - debug: native:(onAfterCompressSettings) start..., progress: 45%
2024-7-8 02:02:00 - debug: // ---- build task native：onAfterCompressSettings ----
2024-7-8 02:02:00 - log: Checking template version...
2024-7-8 02:02:00 - log: Validating template consistency...
2024-7-8 02:02:00 - log: Validating platform source code directories...
2024-7-8 02:02:00 - debug: generateCMakeConfig, {"CC_USE_GLES3":"set(CC_USE_GLES3 ON)","CC_USE_GLES2":"set(CC_USE_GLES2 ON)","USE_SERVER_MODE":"set(USE_SERVER_MODE OFF)","NET_MODE":"set(NET_MODE 0)","XXTEAKEY":"","CC_ENABLE_SWAPPY":"set(CC_ENABLE_SWAPPY OFF)","APP_NAME":"set(APP_NAME \"TK2\")","COCOS_X_PATH":"set(COCOS_X_PATH \"C:/ProgramData/cocos/editors/Creator/3.8.3/resources/resources/3d/engine/native\")","USE_JOB_SYSTEM_TASKFLOW":"set(USE_JOB_SYSTEM_TASKFLOW OFF)","USE_JOB_SYSTEM_TBB":"set(USE_JOB_SYSTEM_TBB OFF)","ENABLE_FLOAT_OUTPUT":"set(ENABLE_FLOAT_OUTPUT OFF)","USE_PHYSICS_PHYSX":"set(USE_PHYSICS_PHYSX OFF)","USE_OCCLUSION_QUERY":"set(USE_OCCLUSION_QUERY OFF)","USE_GEOMETRY_RENDERER":"set(USE_GEOMETRY_RENDERER OFF)","USE_DEBUG_RENDERER":"set(USE_DEBUG_RENDERER OFF)","USE_AUDIO":"set(USE_AUDIO ON)","USE_VIDEO":"set(USE_VIDEO ON)","USE_WEBVIEW":"set(USE_WEBVIEW ON)","USE_SOCKET":"set(USE_SOCKET OFF)","USE_WEBSOCKET_SERVER":"set(USE_WEBSOCKET_SERVER OFF)","USE_SPINE":"set(USE_SPINE ON)","USE_DRAGONBONES":"set(USE_DRAGONBONES ON)","CC_EXECUTABLE_NAME":"set(CC_EXECUTABLE_NAME \"demo1\")","CC_USE_VULKAN":"set(CC_USE_VULKAN ON)"}
2024-7-8 02:02:00 - log: While replace template content, file D:\TankFight\TK2\build\demo1\proj\main.cpp
2024-7-8 02:02:00 - log: While replace template content, file D:\TankFight\TK2\build\demo1\proj\main.m
2024-7-8 02:02:00 - log: While replace template content, file D:\TankFight\TK2\build\demo1\proj\settings.gradle
2024-7-8 02:02:00 - log: While replace template content, file D:\TankFight\TK2\native\engine\win64/app/build.gradle
2024-7-8 02:02:00 - log: While replace template content, file D:\TankFight\TK2\native\engine\win64/instantapp/build.gradle
2024-7-8 02:02:00 - log: While replace template content, file D:\TankFight\TK2\native\engine\win64/entry/src/main/config.json
2024-7-8 02:02:00 - debug: // ---- build task native：onAfterCompressSettings ---- (489ms)
2024-7-8 02:02:00 - debug: native:(onAfterCompressSettings) in 489 ms ✓, progress: 46%
2024-7-8 02:02:00 - debug: cocos-service:(onAfterCompressSettings) start..., progress: 46%
2024-7-8 02:02:00 - debug: // ---- build task cocos-service：onAfterCompressSettings ----
2024-7-8 02:02:01 - debug: // ---- build task cocos-service：onAfterCompressSettings ---- (812ms)
2024-7-8 02:02:01 - debug: cocos-service:(onAfterCompressSettings) in 812 ms ✓, progress: 48%
2024-7-8 02:02:01 - debug: 给所有的资源加上 MD5 后缀 start, progress: 48%
2024-7-8 02:02:01 - debug: // ---- build task 给所有的资源加上 MD5 后缀 ----
2024-7-8 02:02:02 - debug: // ---- build task 给所有的资源加上 MD5 后缀 ---- (478ms)
2024-7-8 02:02:02 - debug: run build task 给所有的资源加上 MD5 后缀 success in 478 ms√, progress: 58%
2024-7-8 02:02:02 - debug: [Build Memory track]: 给所有的资源加上 MD5 后缀 start:205.25MB, end 204.31MB, increase: -967.66KB
2024-7-8 02:02:02 - debug: native:(onAfterBuild) start..., progress: 58%
2024-7-8 02:02:02 - debug: // ---- build task native：onAfterBuild ----
2024-7-8 02:02:02 - log: selecting visual studio generator ...
2024-7-8 02:02:02 - log: run "C:\Program Files\CMake\bin\cmake.exe" -S"C:\Users\53190\AppData\Local\Temp\cmakeTest_WJTeOv" -G"Visual Studio 17 2022" -B"C:\Users\53190\AppData\Local\Temp\cmakeTest_WJTeOv\build_Visual_Studio_17_2022" -A x64
2024-7-8 02:02:02 - log: [cmake] -- Selecting Windows SDK version 10.0.22621.0 to target Windows 10.0.22631.
2024-7-8 02:02:06 - log: [cmake] -- The CXX compiler identification is MSVC 19.39.33521.0
2024-7-8 02:02:06 - log: [cmake] -- Detecting CXX compiler ABI info
2024-7-8 02:02:07 - log: [cmake] -- Detecting CXX compiler ABI info - done
2024-7-8 02:02:07 - log: [cmake] -- Check for working CXX compiler: D:/Visual Studio/Community/VC/Tools/MSVC/14.39.33519/bin/Hostx64/x64/cl.exe - skipped
2024-7-8 02:02:07 - log: [cmake] -- Detecting CXX compile features
2024-7-8 02:02:07 - log: [cmake] -- Detecting CXX compile features - done
2024-7-8 02:02:07 - log: [cmake] -- Configuring done (5.7s)
2024-7-8 02:02:07 - log: [cmake] -- Generating done (0.0s)
2024-7-8 02:02:07 - log: [cmake] -- Build files have been written to: C:/Users/53190/AppData/Local/Temp/cmakeTest_WJTeOv/build_Visual_Studio_17_2022
2024-7-8 02:02:07 - log:  using Visual Studio 17 2022
2024-7-8 02:02:07 - log: run "C:\Program Files\CMake\bin\cmake.exe" -S"D:/TankFight/TK2/native/engine/win64" -B"D:/TankFight/TK2/build/demo1/proj" -A x64 -DRES_DIR="D:/TankFight/TK2/build/demo1" -DAPP_NAME="TK2" -DLAUNCH_TYPE="Release"
2024-7-8 02:02:08 - log: [cmake] -- Building for: Visual Studio 17 2022
2024-7-8 02:02:08 - log: [cmake] -- Selecting Windows SDK version 10.0.22621.0 to target Windows 10.0.22631.
2024-7-8 02:02:09 - log: [cmake] -- The CXX compiler identification is MSVC 19.39.33521.0
2024-7-8 02:02:09 - log: [cmake] -- Detecting CXX compiler ABI info
2024-7-8 02:02:10 - log: [cmake] -- Detecting CXX compiler ABI info - done
2024-7-8 02:02:10 - log: [cmake] -- Check for working CXX compiler: D:/Visual Studio/Community/VC/Tools/MSVC/14.39.33519/bin/Hostx64/x64/cl.exe - skipped
2024-7-8 02:02:10 - log: [cmake] -- Detecting CXX compile features
2024-7-8 02:02:10 - log: [cmake] -- Detecting CXX compile features - done
2024-7-8 02:02:11 - log: [cmake] -- The C compiler identification is MSVC 19.39.33521.0
2024-7-8 02:02:11 - log: [cmake] -- The ASM compiler identification is MSVC
2024-7-8 02:02:11 - log: [cmake] -- Found assembler: D:/Visual Studio/Community/VC/Tools/MSVC/14.39.33519/bin/Hostx64/x64/cl.exe
2024-7-8 02:02:11 - log: [cmake] -- Detecting C compiler ABI info
2024-7-8 02:02:13 - log: [cmake] -- Detecting C compiler ABI info - done
2024-7-8 02:02:13 - log: [cmake] -- Check for working C compiler: D:/Visual Studio/Community/VC/Tools/MSVC/14.39.33519/bin/Hostx64/x64/cl.exe - skipped
2024-7-8 02:02:13 - log: [cmake] -- Detecting C compile features
2024-7-8 02:02:13 - log: [cmake] -- Detecting C compile features - done
2024-7-8 02:02:13 - log: [cmake] -- platform: Windows
2024-7-8 02:02:13 - log: [cmake] -- Ignore NO_WERROR
2024-7-8 02:02:13 - log: [cmake-warn] CMake Deprecation Warning at C:/ProgramData/cocos/editors/Creator/3.8.3/resources/resources/3d/engine/templates/cmake/common.cmake:9 (cmake_policy):  The OLD behavior for policy CMP0111 will be removed from a future version  of CMake.  The cmake-policies(7) manual explains that the OLD behaviors of all  policies are deprecated and that a policy should be set to OLD only under  specific short-term circumstances.  Projects should be ported to the NEW  behavior and not rely on setting a policy to OLD.Call Stack (most recent call first):  C:/ProgramData/cocos/editors/Creator/3.8.3/resources/resources/3d/engine/native/cmake/predefine.cmake:375 (include)  C:/ProgramData/cocos/editors/Creator/3.8.3/resources/resources/3d/engine/native/CMakeLists.txt:2 (include)  D:/TankFight/TK2/native/engine/common/CMakeLists.txt:50 (include)  CMakeLists.txt:10 (include)
2024-7-8 02:02:13 - log: [cmake] -- OPTION BUILTIN_COCOS_X_PATH:	-- OPTION USE_BUILTIN_EXTERNAL:	OFF-- OPTION USE_MODULES:	OFF-- OPTION CC_USE_METAL:	-- OPTION CC_USE_GLES3:	ON-- OPTION CC_USE_GLES2:	ON-- OPTION CC_USE_VULKAN:	ON-- OPTION CC_DEBUG_FORCE:	OFF-- OPTION USE_SE_V8:	ON
2024-7-8 02:02:13 - log: [cmake] -- OPTION USE_V8_DEBUGGER:	ON-- OPTION USE_V8_DEBUGGER_FORCE:	OFF-- OPTION USE_SE_SM:	OFF-- OPTION USE_SOCKET:	OFF-- OPTION USE_AUDIO:	ON-- OPTION USE_EDIT_BOX:	ON-- OPTION USE_VIDEO:	OFF-- OPTION USE_WEBVIEW:	OFF-- OPTION USE_MIDDLEWARE:	ON-- OPTION USE_DRAGONBONES:	ON-- OPTION USE_SPINE:	ON-- OPTION USE_WEBSOCKET_SERVER:	OFF-- OPTION USE_PHYSICS_PHYSX:	OFF-- OPTION USE_JOB_SYSTEM_TBB:	OFF-- OPTION USE_JOB_SYSTEM_TASKFLOW:	OFF-- OPTION USE_XR:	OFF-- OPTION USE_SERVER_MODE:	OFF-- OPTION USE_AR_MODULE:	OFF-- OPTION USE_AR_AUTO:	OFF-- OPTION USE_AR_CORE:	OFF-- OPTION USE_AR_ENGINE:	OFF-- OPTION USE_CCACHE:	-- OPTION CCACHE_EXECUTABLE:	CCACHE_EXECUTABLE-NOTFOUND-- OPTION NODE_EXECUTABLE:	C:/Program Files/nodejs/node.exe-- OPTION NET_MODE:	0-- OPTION USE_REMOTE_LOG:	OFF
2024-7-8 02:02:13 - log: [cmake] -- platform path: 
2024-7-8 02:02:14 - log: [cmake] -- Try generating D:/TankFight/TK2/native/engine/win64/Pre-AutoLoadPlulgins.cmake
2024-7-8 02:02:14 - log: [cmake] --  execute C:/Program Files/nodejs/node.exe plugin_parser.js
2024-7-8 02:02:14 - log: [cmake] [searching plugins] directory D:/TankFight/TK2/extensions does not exist
2024-7-8 02:02:14 - log: [cmake] [searching plugins] no plugins found!
2024-7-8 02:02:14 - log: [cmake] -- Searching hook files Pre*.cmake or *Pre.cmake in D:/TankFight/TK2/native/engine/win64
2024-7-8 02:02:14 - log: [cmake] -- No plugins are loaded!
2024-7-8 02:02:14 - log: [cmake] -- Searching hook files Post*.cmake or *Post.cmake in D:/TankFight/TK2/native/engine/win64
2024-7-8 02:02:14 - log: [cmake] -- Configuring done (6.6s)
2024-7-8 02:02:14 - log: [cmake] -- Generating done (0.2s)
2024-7-8 02:02:14 - log: [cmake-warn] CMake Warning:  Manually-specified variables were not used by the project:    LAUNCH_TYPE
2024-7-8 02:02:15 - log: [cmake] -- Build files have been written to: D:/TankFight/TK2/build/demo1/proj
2024-7-8 02:02:15 - debug: // ---- build task native：onAfterBuild ---- (12996ms)
2024-7-8 02:02:15 - debug: native:(onAfterBuild) in 12996 ms ✓, progress: 60%
2024-7-8 02:02:15 - debug: cocos-service:(onAfterBuild) start..., progress: 60%
2024-7-8 02:02:15 - debug: // ---- build task cocos-service：onAfterBuild ----
2024-7-8 02:02:16 - debug: // ---- build task cocos-service：onAfterBuild ---- (1101ms)
2024-7-8 02:02:16 - debug: cocos-service:(onAfterBuild) in 1101 ms ✓, progress: 62%
2024-7-8 02:02:16 - debug: adsense-h5g-plugin:(onAfterBuild) start..., progress: 62%
2024-7-8 02:02:16 - debug: // ---- build task adsense-h5g-plugin：onAfterBuild ----
2024-7-8 02:02:16 - debug: // ---- build task adsense-h5g-plugin：onAfterBuild ---- (572ms)
2024-7-8 02:02:16 - debug: adsense-h5g-plugin:(onAfterBuild) in 572 ms ✓, progress: 64%
2024-7-8 02:02:16 - log: Asset DB is resume!
2024-7-8 02:02:17 - debug: builder:build-project-total (48694ms)
2024-7-8 02:02:17 - debug: build success in 48694!
2024-7-8 02:02:17 - debug: [Build Memory track]: builder:build-project-total start:172.63MB, end 207.88MB, increase: 35.25MB
2024-7-8 02:02:17 - debug: ================================ build Task (windows-007) Finished in (49 s)ms ================================
2024-7-8 02:02:27 - debug: // ---- builder:run-build-stage-make ----
2024-7-8 02:02:27 - debug: Use build file cocos.compile.config.json in root(D:\TankFight\TK2\build\demo1)
2024-7-8 02:02:27 - log: [task:make]: init options success, 10%
2024-7-8 02:02:27 - log: [task:make]: native:(make) start..., 10%
2024-7-8 02:02:27 - debug: // ---- build task native：make ----
2024-7-8 02:02:27 - log: run "C:\Program Files\CMake\bin\cmake.exe" --build "D:/TankFight/TK2/build/demo1/proj" --config Release -- -verbosity:quiet
2024-7-8 02:02:27 - log: [cmake] 适用于 .NET Framework MSBuild 版本 17.9.5+33de0b227
2024-7-8 02:02:28 - debug: refresh db internal success
2024-7-8 02:02:28 - debug: refresh db assets success
2024-7-8 02:02:28 - debug: Run asset db hook engine-extends:afterRefresh ...
2024-7-8 02:02:28 - debug: Run asset db hook engine-extends:afterRefresh success!
2024-7-8 02:02:28 - debug: asset-db:refresh-all-database (538ms)
2024-7-8 02:02:28 - debug: asset-db:worker-effect-data-processing (286ms)
2024-7-8 02:02:28 - debug: asset-db-hook-engine-extends-afterRefresh (286ms)
2024-7-8 02:02:37 - log: [cmake-warn] C:\ProgramData\cocos\editors\Creator\3.8.3\resources\resources\3d\engine\native\tools\swig-config\spine.i(444): warning 303: %extend defined for an undeclared class spine::SkeletonJson. [D:\TankFight\TK2\build\demo1\proj\cocos_engine.vcxproj]
2024-7-8 02:02:37 - log: [cmake-warn] C:\ProgramData\cocos\editors\Creator\3.8.3\resources\resources\3d\engine\native\tools\swig-config\spine.i(421): warning 303: %extend defined for an undeclared class spine::SkeletonClipping. [D:\TankFight\TK2\build\demo1\proj\cocos_engine.vcxproj]C:\ProgramData\cocos\editors\Creator\3.8.3\resources\resources\3d\engine\native\tools\swig-config\spine.i(538): warning 303: %extend defined for an undeclared class spine::Vector2. [D:\TankFight\TK2\build\demo1\proj\cocos_engine.vcxproj]
2024-7-8 02:02:43 - debug: refresh db internal success
2024-7-8 02:02:43 - debug: refresh db assets success
2024-7-8 02:02:43 - debug: Run asset db hook engine-extends:afterRefresh ...
2024-7-8 02:02:43 - debug: Run asset db hook engine-extends:afterRefresh success!
2024-7-8 02:02:43 - debug: asset-db:refresh-all-database (910ms)
2024-7-8 02:02:43 - debug: asset-db:worker-effect-data-processing (10ms)
2024-7-8 02:02:43 - debug: asset-db-hook-engine-extends-afterRefresh (11ms)
2024-7-8 02:04:52 - debug: // ---- build task native：make ---- (145114ms)
2024-7-8 02:04:52 - log: [task:make]: native:(make) in 145114 ms ✓, 23.333333333333332%
2024-7-8 02:04:53 - debug: // ---- builder:run-build-stage-make ---- (145465ms)
2024-7-8 02:04:53 - debug: [Build Memory track]: builder:build-stage-total make start:208.63MB, end 210.66MB, increase: 2.03MB
2024-7-8 02:04:53 - log: [task:make]: success!
2024-7-8 02:04:58 - debug: // ---- builder:run-build-stage-run ----
2024-7-8 02:04:58 - debug: Use build file cocos.compile.config.json in root(D:\TankFight\TK2\build\demo1)
2024-7-8 02:04:58 - log: [task:run]: init options success, 10%
2024-7-8 02:04:58 - log: [task:run]: native:(run) start..., 10%
2024-7-8 02:04:58 - debug: // ---- build task native：run ----
2024-7-8 02:04:58 - log: [runCmd]: demo1.exe 
2024-7-8 02:10:07 - log: [runCmd demo1.exe] 02:05:00 [INFO]: Vulkan device initialized.02:05:00 [INFO]: RENDERER: NVIDIA GeForce RTX 4060 Laptop GPU02:05:00 [INFO]: VENDOR: Nvidia Corporation02:05:00 [INFO]: VERSION: 1.3.27802:05:00 [INFO]: INSTANCE_LAYERS: 02:05:00 [INFO]: INSTANCE_EXTENSIONS: VK_KHR_surface VK_KHR_win32_surface 02:05:00 [INFO]: DEVICE_LAYERS: 02:05:00 [INFO]: DEVICE_EXTENSIONS: VK_KHR_swapchain VK_KHR_fragment_shading_rate 02:05:00 [INFO]: COMPRESSED_FORMATS: dxt 02:05:00 [INFO]: JS: injectWebAssembly ...02:05:00 [INFO]: Device thread detached.02:05:00 [INFO]: Resizing surface: 800x60002:05:01 [INFO]: Shader 'util/splash-screen|splash-screen-vs:vert|splash-screen-fs:frag' compilation succeeded.02:05:02 [INFO]: Shader 'for2d/builtin-sprite|sprite-vs:vert|sprite-fs:frag|CC_USE_EMBEDDED_ALPHA0|USE_TEXTURE1|IS_GRAY0' compilation succeeded.02:05:03 [INFO]: Resizing surface: 1707x99602:05:14 [DEBUG]: JS: wuxu02:05:14 [DEBUG]: JS: found!02:05:14 [DEBUG]: JS: Login Success!02:05:15 [DEBUG]: JS: ????02:05:28 [DEBUG]: JS: bbbb02:05:28 [DEBUG]: JS: ??????02:05:33 [DEBUG]: JS: ??????02:07:56 [DEBUG]: JS: bbbb02:07:56 [DEBUG]: JS: ??????02:08:01 [DEBUG]: JS: ??????02:08:15 [DEBUG]: JS: esc02:08:22 [DEBUG]: JS: ????02:08:26 [INFO]: Resizing surface: 800x60002:08:33 [INFO]: Resizing surface: 800x70202:08:35 [INFO]: Resizing surface: 995x70202:09:24 [DEBUG]: JS: ??????: (-5.00, 0.00)02:09:24 [DEBUG]: JS: ??????: (0.00, 0.00)02:09:25 [DEBUG]: JS: ??????: (0.00, -5.00)02:09:25 [DEBUG]: JS: ??????: (-5.00, -5.00)02:09:25 [DEBUG]: JS: ??????: (0.00, -5.00)02:09:25 [DEBUG]: JS: ??????: (0.00, 0.00)02:09:25 [DEBUG]: JS: ??????: (5.00, 0.00)02:09:25 [DEBUG]: JS: ??????: (0.00, 0.00)02:09:25 [DEBUG]: JS: ??????: (-5.00, 0.00)02:09:25 [DEBUG]: JS: ??????: (-5.00, 5.00)02:09:26 [DEBUG]: JS: ??????: (-5.00, 0.00)02:09:26 [DEBUG]: JS: ??????: (0.00, 0.00)02:09:26 [DEBUG]: JS: ??????: (0.00, 5.00)02:09:26 [DEBUG]: JS: ??????: (-5.00, 5.00)02:09:26 [DEBUG]: JS: ??????: (-5.00, 0.00)02:09:26 [DEBUG]: JS: ??????: (0.00, 0.00)02:09:26 [DEBUG]: JS: ??????: (0.00, 5.00)02:09:26 [DEBUG]: JS: ??????: (5.00, 5.00)02:09:26 [DEBUG]: JS: ??????: (5.00, 0.00)02:09:26 [DEBUG]: JS: ??????: (0.00, 0.00)02:09:26 [DEBUG]: JS: ??????: (-5.00, 0.00)02:09:27 [DEBUG]: JS: ??????: (0.00, 0.00)02:09:27 [DEBUG]: JS: ??????: (0.00, 5.00)02:09:27 [DEBUG]: JS: ??????: (0.00, 0.00)02:09:27 [DEBUG]: JS: ??????: (-5.00, 0.00)02:09:28 [DEBUG]: JS: ??????: (-5.00, -5.00)02:09:28 [DEBUG]: JS: ??????: (0.00, -5.00)02:09:30 [DEBUG]: JS: ??????: (-5.00, -5.00)02:09:30 [DEBUG]: JS: ??????: (-5.00, 0.00)02:09:31 [DEBUG]: JS: ??????: (-5.00, -5.00)02:09:31 [DEBUG]: JS: ??????: (0.00, -5.00)02:09:31 [DEBUG]: JS: ??????: (-5.00, -5.00)02:09:31 [DEBUG]: JS: ??????: (-5.00, 0.00)02:09:32 [DEBUG]: JS: ??????: (0.00, 0.00)02:09:32 [DEBUG]: JS: ??????: (5.00, 0.00)02:09:32 [DEBUG]: JS: ??????: (0.00, 0.00)02:09:32 [DEBUG]: JS: ??????: (-5.00, 0.00)02:09:32 [DEBUG]: JS: ??????: (0.00, 0.00)02:09:33 [DEBUG]: JS: ??????: (0.00, -5.00)02:09:33 [DEBUG]: JS: ??????: (0.00, 0.00)02:09:33 [DEBUG]: JS: ??????: (-5.00, 0.00)02:09:34 [DEBUG]: JS: ??????: (-5.00, 5.00)02:09:34 [DEBUG]: JS: ??????: (0.00, 5.00)02:09:34 [DEBUG]: JS: ??????: (-5.00, 5.00)02:09:34 [DEBUG]: JS: ??????: (-5.00, 0.00)02:09:34 [DEBUG]: JS: ??????: (0.00, 0.00)02:09:34 [DEBUG]: JS: ??????: (0.00, 5.00)02:09:34 [DEBUG]: JS: ??????: (5.00, 5.00)02:09:34 [DEBUG]: JS: ??????: (5.00, 0.00)02:09:34 [DEBUG]: JS: ??????: (0.00, 0.00)02:09:36 [DEBUG]: JS: ??????: (0.00, -5.00)02:09:36 [DEBUG]: JS: ??????: (0.00, 0.00)02:09:38 [DEBUG]: JS: ??????: (5.00, 0.00)02:09:38 [DEBUG]: JS: ??????: (0.00, 0.00)02:09:39 [DEBUG]: JS: ??????: (-5.00, 0.00)02:09:39 [DEBUG]: JS: ??????: (0.00, 0.00)02:09:43 [DEBUG]: JS: ??????: (5.00, 0.00)02:09:44 [DEBUG]: JS: ??????: (0.00, 0.00)02:09:44 [DEBUG]: JS: ??????: (0.00, -5.00)02:09:45 [DEBUG]: JS: ??????: (0.00, 0.00)02:10:03 [DEBUG]: JS: ??????: (0.00, 5.00)02:10:03 [DEBUG]: JS: ??????: (0.00, 0.00)02:10:07 [DEBUG]: JS: ??????: (0.00, 5.00)02
2024-7-8 02:10:22 - log: [runCmd demo1.exe] :10:07 [DEBUG]: JS: ??????: (0.00, 0.00)02:10:07 [DEBUG]: JS: ??????: (-5.00, 0.00)02:10:07 [DEBUG]: JS: ??????: (0.00, 0.00)02:10:08 [DEBUG]: JS: ??????: (0.00, 5.00)02:10:09 [DEBUG]: JS: ??????: (-5.00, 5.00)02:10:09 [DEBUG]: JS: ??????: (-5.00, 0.00)02:10:09 [DEBUG]: JS: ??????: (0.00, 0.00)02:10:11 [DEBUG]: JS: ??????: (-5.00, 0.00)02:10:11 [DEBUG]: JS: ??????: (0.00, 0.00)02:10:11 [DEBUG]: JS: ??????: (-5.00, 0.00)02:10:11 [DEBUG]: JS: ??????: (0.00, 0.00)02:10:11 [DEBUG]: JS: ??????: (0.00, 5.00)02:10:11 [DEBUG]: JS: ??????: (0.00, 0.00)02:10:11 [DEBUG]: JS: ??????: (0.00, -5.00)02:10:11 [DEBUG]: JS: ??????: (0.00, 0.00)02:10:13 [DEBUG]: JS: ??????: (-5.00, 0.00)02:10:13 [DEBUG]: JS: ??????: (0.00, 0.00)02:10:13 [DEBUG]: JS: ??????: (5.00, 0.00)02:10:13 [DEBUG]: JS: ??????: (0.00, 0.00)02:10:16 [DEBUG]: JS: ??????: (0.00, -5.00)02:10:16 [DEBUG]: JS: ??????: (0.00, 0.00)02:10:19 [DEBUG]: JS: ??????: (-5.00, 0.00)02:10:19 [DEBUG]: JS: ??????: (-5.00, 5.00)02:10:19 [DEBUG]: JS: ??????: (0.00, 5.00)02:10:19 [DEBUG]: JS: ??????: (0.00, 0.00)02:10:19 [DEBUG]: JS: ??????: (5.00, 0.00)02:10:20 [DEBUG]: JS: ??????: (0.00, 0.00)02:10:21 [DEBUG]: JS: esc02:10:22 [INFO]: Total device memory leaked: 0 bytes.
2024-7-8 02:10:22 - debug: // ---- build task native：run ---- (324031ms)
2024-7-8 02:10:22 - log: [task:run]: native:(run) in 324031 ms ✓, 23.333333333333332%
2024-7-8 02:10:23 - debug: // ---- builder:run-build-stage-run ---- (324293ms)
2024-7-8 02:10:23 - debug: [Build Memory track]: builder:build-stage-total run start:211.78MB, end 211.86MB, increase: 79.21KB
2024-7-8 02:10:23 - log: [task:run]: success!
