2024-7-8 04:40:34 - debug: =================================== build Task (web-desktop) Start ================================
2024-7-8 04:40:34 - debug: Start build task, options:{"name":"TK2","server":"","platform":"web-desktop","buildPath":"project://build","debug":false,"md5Cache":false,"skipCompressTexture":false,"sourceMaps":false,"overwriteProjectSettings":{"includeModules":{"gfx-webgl2":"on","physics":"inherit-project-setting","physics-2d":"inherit-project-setting"},"macroConfig":{"cleanupImageCache":"inherit-project-setting"}},"nativeCodeBundleMode":"both","polyfills":{"asyncFunctions":true},"experimentalEraseModules":false,"startSceneAssetBundle":false,"bundleConfigs":[],"useBuiltinServer":false,"mainBundleIsRemote":false,"mainBundleCompressionType":"merge_dep","useSplashScreen":true,"bundleCommonChunk":false,"packAutoAtlas":true,"startScene":"7af63cc6-90a2-42ce-bfb5-42897472820c","outputName":"web-desktop","taskName":"web-desktop","scenes":[{"url":"db://assets/map/doublemap.scene","uuid":"56c94625-6c31-4bd5-90fe-90c9552fdc01"},{"url":"db://assets/map/test.scene","uuid":"d506c42d-a2d8-4de2-bff7-83bd68a68175"},{"url":"db://assets/Scenes/alonemap2.scene","uuid":"36291188-d37d-4b4f-a128-588f20d16162"},{"url":"db://assets/Scenes/LoadingScene.scene","uuid":"7af63cc6-90a2-42ce-bfb5-42897472820c"},{"url":"db://assets/Scenes/LoginScene.scene","uuid":"9486f291-e0a6-47f7-ab5b-7440590026f7"},{"url":"db://assets/Scenes/scene-2d-001.scene","uuid":"bda4619b-1bc8-442d-90ee-6b04df2eccd8"},{"url":"db://assets/Scenes/select.scene","uuid":"0554d124-5936-4455-9b17-a083050a9281"},{"url":"db://assets/Scenes/single.scene","uuid":"b9b0fce6-d144-4637-8f7b-c8b0c724ec99"}],"wasmCompressionMode":false,"packages":{"adsense-h5g-plugin":{"enableAdsense":false,"enableTestAd":false,"__version__":"1.0.1","AFPHostPropertyCode":"ca-host-pub-5396158963872751","AFPHostDomain":"douyougame.com","otherAFPHostPropertyCode":"","otherAFPDomain":""},"cocos-service":{"configID":"bbddf8","services":[],"__version__":"3.0.7"},"web-desktop":{"resolution":{"designWidth":1280,"designHeight":960},"__version__":"1.0.1"}},"__version__":"1.3.8","logDest":"project://temp/builder/log/web-desktop2024-7-8 04-40.log"}
2024-7-8 04:40:34 - debug: Build with Cocos Creator 3.8.3
2024-7-8 04:40:34 - debug: cocos-service:(onBeforeBuild) start..., progress: 0%
2024-7-8 04:40:34 - debug: // ---- build task cocos-service：onBeforeBuild ----
2024-7-8 04:40:35 - debug: // ---- build task cocos-service：onBeforeBuild ---- (766ms)
2024-7-8 04:40:35 - debug: cocos-service:(onBeforeBuild) in 766 ms ✓, progress: 2%
2024-7-8 04:40:35 - debug: scene:(onBeforeBuild) start..., progress: 2%
2024-7-8 04:40:35 - debug: // ---- build task scene：onBeforeBuild ----
2024-7-8 04:40:36 - debug: // ---- build task scene：onBeforeBuild ---- (877ms)
2024-7-8 04:40:36 - debug: scene:(onBeforeBuild) in 877 ms ✓, progress: 4%
2024-7-8 04:40:36 - debug: Start lock asset db..., progress: 4%
2024-7-8 04:40:36 - log: Asset DB is paused with build!
2024-7-8 04:40:36 - debug: Query all assets info in project
2024-7-8 04:40:37 - debug: init custom config: keepNodeUuid: false, useCache: true
2024-7-8 04:40:37 - debug: web-desktop:(onAfterInit) start..., progress: 4%
2024-7-8 04:40:37 - debug: // ---- build task web-desktop：onAfterInit ----
2024-7-8 04:40:37 - debug: // ---- build task web-desktop：onAfterInit ---- (294ms)
2024-7-8 04:40:37 - debug: web-desktop:(onAfterInit) in 294 ms ✓, progress: 5%
2024-7-8 04:40:37 - debug: cocos-service:(onAfterInit) start..., progress: 5%
2024-7-8 04:40:37 - debug: // ---- build task cocos-service：onAfterInit ----
2024-7-8 04:40:38 - debug: // ---- build task cocos-service：onAfterInit ---- (1327ms)
2024-7-8 04:40:38 - debug: cocos-service:(onAfterInit) in 1327 ms ✓, progress: 7%
2024-7-8 04:40:38 - debug: engine:(onAfterInit) start..., progress: 7%
2024-7-8 04:40:38 - debug: // ---- build task engine：onAfterInit ----
2024-7-8 04:40:39 - debug: // ---- build task engine：onAfterInit ---- (814ms)
2024-7-8 04:40:39 - debug: engine:(onAfterInit) in 814 ms ✓, progress: 9%
2024-7-8 04:40:39 - debug: adsense-h5g-plugin:(onBeforeBundleInit) start..., progress: 9%
2024-7-8 04:40:39 - debug: // ---- build task adsense-h5g-plugin：onBeforeBundleInit ----
2024-7-8 04:40:40 - debug: [adsense-h5g-plugin] remove script success
2024-7-8 04:40:40 - debug: // ---- build task adsense-h5g-plugin：onBeforeBundleInit ---- (835ms)
2024-7-8 04:40:40 - debug: adsense-h5g-plugin:(onBeforeBundleInit) in 835 ms ✓, progress: 9%
2024-7-8 04:40:41 - debug: Init all bundles start..., progress: 9%
2024-7-8 04:40:41 - debug: Num of bundles: 3..., progress: 9%
2024-7-8 04:40:41 - debug: web-desktop:(onAfterBundleInit) start..., progress: 9%
2024-7-8 04:40:41 - debug: // ---- build task web-desktop：onAfterBundleInit ----
2024-7-8 04:40:41 - debug: // ---- build task web-desktop：onAfterBundleInit ---- (746ms)
2024-7-8 04:40:41 - debug: web-desktop:(onAfterBundleInit) in 746 ms ✓, progress: 9%
2024-7-8 04:40:41 - debug: 查询 Asset Bundle start, progress: 9%
2024-7-8 04:40:41 - debug: // ---- build task 查询 Asset Bundle ----
2024-7-8 04:40:41 - debug: Init bundle root assets start..., progress: 9%
2024-7-8 04:40:42 - debug: Query preload assets from cc.config.json: 60f7195c-ec2a-45eb-ba94-8955f60e81d0,1c02ae6f-4492-4915-b8f8-7492a3b1e4cd,810e96e4-e456-4468-9b59-f4e8f39732c0,efe8e2a3-eace-427b-b4f1-cb8a937ec77d,e9aa9a3e-5b2b-4ac7-a2c7-073de2b2b24f,8bbdbcdd-5cd4-4100-b6d5-b7c9625b6107,50f4348b-c883-4e2f-8f11-ce233b859fa1,fda095cb-831d-4601-ad94-846013963de8,f92806d7-1768-443f-afe8-12bcde84d0f0,dd3a144d-ab7f-41f0-82b8-2e43a090d496,f0416e68-0200-4b77-a926-4f9d16e494da,970b0598-bcb0-4714-91fb-2e81440dccd8,bcd64cc6-2dd9-43f6-abbe-66318d332032,d930590d-bb92-4cc8-8bd1-23cd027f9edf,a3cd009f-0ab0-420d-9278-b9fdab939bbc,c27215d8-6835-4b68-bfbb-bdeac6100c04,b5d6115f-0370-4d7c-aad3-c194cc71cf98,871c3b6c-7379-419d-bda3-794b239ab90d
2024-7-8 04:40:42 - debug:   Number of all scenes: 8
2024-7-8 04:40:42 - debug:   Number of all scripts: 27
2024-7-8 04:40:42 - debug:   Number of other assets: 418
2024-7-8 04:40:42 - debug: Init bundle root assets success..., progress: 9%
2024-7-8 04:40:42 - debug: reload all scripts.
2024-7-8 04:40:43 - debug: Set detail map pack:///resolution-detail-map.json: {}
2024-7-8 04:40:43 - groupCollapsed: Invalidate all modules
2024-7-8 04:40:43 - debug: Unregister DebugViewRuntimeControl
2024-7-8 04:40:43 - debug: Unregister Loading
2024-7-8 04:40:43 - debug: Unregister double
2024-7-8 04:40:43 - debug: Unregister endgame
2024-7-8 04:40:43 - debug: Unregister log
2024-7-8 04:40:43 - debug: Unregister returnlog
2024-7-8 04:40:43 - debug: Unregister returnselect
2024-7-8 04:40:43 - debug: Unregister SceneSwitcher
2024-7-8 04:40:43 - debug: Unregister welcome
2024-7-8 04:40:43 - debug: Unregister background
2024-7-8 04:40:43 - debug(2): Unregister Bullet
2024-7-8 04:40:43 - debug: Unregister PlayerController0
2024-7-8 04:40:43 - debug: Unregister TankCheatController
2024-7-8 04:40:43 - debug: Unregister esc
2024-7-8 04:40:43 - debug: Unregister firedirection0
2024-7-8 04:40:43 - debug: Unregister fireaffect0
2024-7-8 04:40:43 - debug: Unregister PlayerController1
2024-7-8 04:40:43 - debug: Unregister firedirection1
2024-7-8 04:40:43 - debug: Unregister fireaffect1
2024-7-8 04:40:43 - debug: Unregister wallbox
2024-7-8 04:40:43 - debug: Unregister objectfirefast
2024-7-8 04:40:43 - debug: Unregister objectmovefast
2024-7-8 04:40:43 - debug: Unregister pause
2024-7-8 04:40:43 - debug: Unregister background
2024-7-8 04:40:43 - debug: Unregister speedaffect0
2024-7-8 04:40:43 - debug: Unregister speedaffect1
2024-7-8 04:40:43 - debug: Invalidating 'pack:///chunks/93/93ba276ea7b26ffcdc433fab14afc1ed6f05647b.js'
2024-7-8 04:40:43 - debug: Invalidating 'pack:///chunks/6d/6d8fd2b0177941b032ddc0733af48a561fb60657.js'
2024-7-8 04:40:43 - debug: Invalidating 'pack:///chunks/c8/c8b6a709c03b1f3a3069932b4b22bfbc5834b962.js'
2024-7-8 04:40:43 - debug: Invalidating 'pack:///chunks/50/50c30f67700a5fa0b712ec808eeb1b4e83f1e1ba.js'
2024-7-8 04:40:43 - debug: Invalidating 'pack:///chunks/df/df06cbc8fed14dbb2278e77827da6a628e26ef2a.js'
2024-7-8 04:40:43 - debug: Invalidating 'pack:///chunks/ae/aeeee5e034ceca1ec7dfed6e8f52e14324a1fc5e.js'
2024-7-8 04:40:43 - debug: Invalidating 'pack:///chunks/64/64ce6dd9c651e5c51a2186680c637515cd5b2e58.js'
2024-7-8 04:40:43 - debug: Invalidating 'pack:///chunks/0f/0f04fb789a6c7629e5cd49ae749338f6dce39df6.js'
2024-7-8 04:40:43 - debug: Invalidating 'pack:///chunks/6b/6b91a48b000c0b404c2005a17a116614998121dc.js'
2024-7-8 04:40:43 - debug: Invalidating 'pack:///chunks/7e/7ee63c9a9e29a3b987d22de292a94292f031aa6c.js'
2024-7-8 04:40:43 - debug: Invalidating 'pack:///chunks/10/107735bd8ab6aeedb8dedfa61097e7d039af005f.js'
2024-7-8 04:40:43 - debug: Invalidating 'pack:///chunks/85/8506b5890a376671fb518d6bc944b0e0c189a65f.js'
2024-7-8 04:40:43 - debug: Invalidating 'pack:///chunks/37/37b153d16d326e699d889dd2abe7af979808812f.js'
2024-7-8 04:40:43 - debug: Invalidating 'pack:///chunks/74/74415ce5e09097a65a5a79d76907797be9a9a87b.js'
2024-7-8 04:40:43 - debug: Invalidating 'pack:///chunks/62/6275fa94b592203dc11997433cb492a59edefec9.js'
2024-7-8 04:40:43 - debug: Invalidating 'pack:///chunks/cc/ccd58ad23c547685d09480e2fdc942fd3911138c.js'
2024-7-8 04:40:43 - debug: Invalidating 'pack:///chunks/6a/6a5019a719a9014c047e67aa1cf34453ab8392ce.js'
2024-7-8 04:40:43 - debug: Invalidating 'pack:///chunks/d2/d2e124866252d58c186fad439ed2118529235b08.js'
2024-7-8 04:40:43 - debug: Invalidating 'pack:///chunks/c7/c738b4a9b147d5326231324f6aa0f916d54c0594.js'
2024-7-8 04:40:43 - debug: Invalidating 'pack:///chunks/36/36d3bfeda5cf9f318bc54772175b4f3fc5a0607e.js'
2024-7-8 04:40:43 - debug: Invalidating 'pack:///chunks/d0/d071c5af2ebf586a3bd2153d8102bb7a4e9fff34.js'
2024-7-8 04:40:43 - debug: Invalidating 'pack:///chunks/7b/7b65579927e3436e25a33e2cd766c3229919bb92.js'
2024-7-8 04:40:43 - debug: Invalidating 'pack:///chunks/bd/bda66f12b708819fefbdfd3f5ac4139372f1955c.js'
2024-7-8 04:40:43 - debug: Invalidating 'pack:///chunks/7d/7d776c13862b8294ac8e1ca54933c7ce511c9de6.js'
2024-7-8 04:40:43 - debug: Invalidating 'pack:///chunks/8c/8cbcac0ff3852ef0ad041ecd0c3489f1faffc83c.js'
2024-7-8 04:40:43 - debug: Invalidating 'pack:///chunks/61/613099c8a6849ad586c6e443d2565d771480f804.js'
2024-7-8 04:40:43 - debug: Invalidating 'pack:///chunks/71/71a1ff6126add768a463075e968e4bbc5c55d7cd.js'
2024-7-8 04:40:43 - debug: Invalidating 'pack:///chunks/3a/3ae15428e46cec218300a87cb6d309f49a021773.js'
2024-7-8 04:40:43 - debug: Invalidating 'pack:///chunks/c9/c99779b06efa9823621ab8342827c1ad0774ca91.js'
2024-7-8 04:40:43 - debug: Invalidating 'pack:///chunks/38/38629f0ed4e9381bb79dd57fda3dd2475331d578.js'
2024-7-8 04:40:43 - groupEnd: Invalidate all modules
2024-7-8 04:40:43 - groupCollapsed: Imports all modules
2024-7-8 04:40:43 - debug: D:\TankFight\TK2\temp\programming\packer-driver\targets\editor\chunks\93\93ba276ea7b26ffcdc433fab14afc1ed6f05647b.js resolved to D:\TankFight\TK2\temp\programming\packer-driver\targets\editor\chunks\93\93ba276ea7b26ffcdc433fab14afc1ed6f05647b.js is not in module cache!
2024-7-8 04:40:43 - debug: [[Executor]] Module "pack:///chunks/93/93ba276ea7b26ffcdc433fab14afc1ed6f05647b.js" loaded.
2024-7-8 04:40:43 - debug: D:\TankFight\TK2\temp\programming\packer-driver\targets\editor\chunks\6d\6d8fd2b0177941b032ddc0733af48a561fb60657.js resolved to D:\TankFight\TK2\temp\programming\packer-driver\targets\editor\chunks\6d\6d8fd2b0177941b032ddc0733af48a561fb60657.js is not in module cache!
2024-7-8 04:40:43 - debug: [[Executor]] Module "pack:///chunks/6d/6d8fd2b0177941b032ddc0733af48a561fb60657.js" loaded.
2024-7-8 04:40:43 - debug: [[Executor]] Register DebugViewRuntimeControl
2024-7-8 04:40:43 - debug: [[Executor]] Module "pack:///chunks/c8/c8b6a709c03b1f3a3069932b4b22bfbc5834b962.js" loaded.
2024-7-8 04:40:43 - debug: [[Executor]] Register Loading
2024-7-8 04:40:43 - debug: [[Executor]] Module "pack:///chunks/50/50c30f67700a5fa0b712ec808eeb1b4e83f1e1ba.js" loaded.
2024-7-8 04:40:43 - debug: [[Executor]] Register double
2024-7-8 04:40:43 - debug: [[Executor]] Module "pack:///chunks/df/df06cbc8fed14dbb2278e77827da6a628e26ef2a.js" loaded.
2024-7-8 04:40:43 - debug: [[Executor]] Register endgame
2024-7-8 04:40:43 - debug: [[Executor]] Module "pack:///chunks/ae/aeeee5e034ceca1ec7dfed6e8f52e14324a1fc5e.js" loaded.
2024-7-8 04:40:43 - debug: [[Executor]] Register log
2024-7-8 04:40:43 - debug: [[Executor]] Module "pack:///chunks/64/64ce6dd9c651e5c51a2186680c637515cd5b2e58.js" loaded.
2024-7-8 04:40:43 - debug: [[Executor]] Register returnlog
2024-7-8 04:40:43 - debug: [[Executor]] Module "pack:///chunks/0f/0f04fb789a6c7629e5cd49ae749338f6dce39df6.js" loaded.
2024-7-8 04:40:43 - debug: [[Executor]] Register returnselect
2024-7-8 04:40:43 - debug: [[Executor]] Module "pack:///chunks/6b/6b91a48b000c0b404c2005a17a116614998121dc.js" loaded.
2024-7-8 04:40:43 - debug: [[Executor]] Register SceneSwitcher
2024-7-8 04:40:43 - debug: [[Executor]] Module "pack:///chunks/7e/7ee63c9a9e29a3b987d22de292a94292f031aa6c.js" loaded.
2024-7-8 04:40:43 - debug: [[Executor]] Register welcome
2024-7-8 04:40:43 - debug: [[Executor]] Module "pack:///chunks/10/107735bd8ab6aeedb8dedfa61097e7d039af005f.js" loaded.
2024-7-8 04:40:43 - debug: [[Executor]] Register background
2024-7-8 04:40:43 - debug: [[Executor]] Module "pack:///chunks/85/8506b5890a376671fb518d6bc944b0e0c189a65f.js" loaded.
2024-7-8 04:40:43 - debug: [[Executor]] Register Bullet
2024-7-8 04:40:43 - debug: [[Executor]] Module "pack:///chunks/37/37b153d16d326e699d889dd2abe7af979808812f.js" loaded.
2024-7-8 04:40:43 - debug: [[Executor]] Register Bullet
2024-7-8 04:40:43 - debug: [[Executor]] Module "pack:///chunks/74/74415ce5e09097a65a5a79d76907797be9a9a87b.js" loaded.
2024-7-8 04:40:43 - debug: D:\TankFight\TK2\temp\programming\packer-driver\targets\editor\chunks\6a\6a5019a719a9014c047e67aa1cf34453ab8392ce.js resolved to D:\TankFight\TK2\temp\programming\packer-driver\targets\editor\chunks\6a\6a5019a719a9014c047e67aa1cf34453ab8392ce.js is not in module cache!
2024-7-8 04:40:43 - debug: [[Executor]] Module "pack:///chunks/6a/6a5019a719a9014c047e67aa1cf34453ab8392ce.js" loaded.
2024-7-8 04:40:43 - debug: [[Executor]] Register PlayerController0
2024-7-8 04:40:43 - debug: [[Executor]] Module "pack:///chunks/cc/ccd58ad23c547685d09480e2fdc942fd3911138c.js" loaded.
2024-7-8 04:40:43 - debug: [[Executor]] Register TankCheatController
2024-7-8 04:40:43 - debug: [[Executor]] Module "pack:///chunks/62/6275fa94b592203dc11997433cb492a59edefec9.js" loaded.
2024-7-8 04:40:43 - debug: [[Executor]] Register esc
2024-7-8 04:40:43 - debug: [[Executor]] Module "pack:///chunks/d2/d2e124866252d58c186fad439ed2118529235b08.js" loaded.
2024-7-8 04:40:43 - debug: [[Executor]] Register firedirection0
2024-7-8 04:40:43 - debug: [[Executor]] Module "pack:///chunks/36/36d3bfeda5cf9f318bc54772175b4f3fc5a0607e.js" loaded.
2024-7-8 04:40:43 - debug: [[Executor]] Register fireaffect0
2024-7-8 04:40:43 - debug: [[Executor]] Module "pack:///chunks/c7/c738b4a9b147d5326231324f6aa0f916d54c0594.js" loaded.
2024-7-8 04:40:43 - debug: [[Executor]] Register PlayerController1
2024-7-8 04:40:43 - debug: [[Executor]] Module "pack:///chunks/bd/bda66f12b708819fefbdfd3f5ac4139372f1955c.js" loaded.
2024-7-8 04:40:43 - debug: [[Executor]] Register firedirection1
2024-7-8 04:40:43 - debug: [[Executor]] Module "pack:///chunks/7b/7b65579927e3436e25a33e2cd766c3229919bb92.js" loaded.
2024-7-8 04:40:43 - debug: [[Executor]] Register fireaffect1
2024-7-8 04:40:43 - debug: [[Executor]] Module "pack:///chunks/d0/d071c5af2ebf586a3bd2153d8102bb7a4e9fff34.js" loaded.
2024-7-8 04:40:43 - debug: [[Executor]] Register wallbox
2024-7-8 04:40:43 - debug: [[Executor]] Module "pack:///chunks/7d/7d776c13862b8294ac8e1ca54933c7ce511c9de6.js" loaded.
2024-7-8 04:40:43 - debug: [[Executor]] Register objectfirefast
2024-7-8 04:40:43 - debug: [[Executor]] Module "pack:///chunks/8c/8cbcac0ff3852ef0ad041ecd0c3489f1faffc83c.js" loaded.
2024-7-8 04:40:43 - debug: [[Executor]] Register objectmovefast
2024-7-8 04:40:43 - debug: [[Executor]] Module "pack:///chunks/61/613099c8a6849ad586c6e443d2565d771480f804.js" loaded.
2024-7-8 04:40:43 - debug: [[Executor]] Register pause
2024-7-8 04:40:43 - debug: [[Executor]] Module "pack:///chunks/71/71a1ff6126add768a463075e968e4bbc5c55d7cd.js" loaded.
2024-7-8 04:40:43 - debug: [[Executor]] Register background
2024-7-8 04:40:43 - debug: [[Executor]] Module "pack:///chunks/3a/3ae15428e46cec218300a87cb6d309f49a021773.js" loaded.
2024-7-8 04:40:43 - debug: [[Executor]] Register speedaffect0
2024-7-8 04:40:43 - debug: [[Executor]] Module "pack:///chunks/c9/c99779b06efa9823621ab8342827c1ad0774ca91.js" loaded.
2024-7-8 04:40:43 - debug: [[Executor]] Register speedaffect1
2024-7-8 04:40:43 - debug: [[Executor]] Module "pack:///chunks/38/38629f0ed4e9381bb79dd57fda3dd2475331d578.js" loaded.
2024-7-8 04:40:43 - debug: [[Executor]] Module "pack:///chunks/6d/6d8fd2b0177941b032ddc0733af48a561fb60657.js" loaded.
2024-7-8 04:40:43 - groupEnd: Imports all modules
2024-7-8 04:40:43 - debug: Incremental keys: 
2024-7-8 04:40:43 - debug: Init bundle share assets start..., progress: 9%
2024-7-8 04:40:43 - debug: Init bundle share assets success..., progress: 9%
2024-7-8 04:40:44 - debug: handle json group in bundle internal
2024-7-8 04:40:44 - debug: handle json group in bundle internal success
2024-7-8 04:40:44 - debug: handle json group in bundle resources
2024-7-8 04:40:44 - debug: handle json group in bundle resources success
2024-7-8 04:40:44 - debug: handle json group in bundle main
2024-7-8 04:40:44 - debug: init image compress task 0 in bundle internal
2024-7-8 04:40:44 - debug: init image compress task 0 in bundle resources
2024-7-8 04:40:44 - debug: handle json group in bundle main success
2024-7-8 04:40:44 - debug: init image compress task 0 in bundle main
2024-7-8 04:40:44 - debug: // ---- build task 查询 Asset Bundle ---- (2627ms)
2024-7-8 04:40:44 - debug: run build task 查询 Asset Bundle success in 2 s√, progress: 14%
2024-7-8 04:40:44 - debug: [Build Memory track]: 查询 Asset Bundle start:222.22MB, end 208.72MB, increase: -13825.40KB
2024-7-8 04:40:44 - debug: 查询 Asset Bundle start, progress: 14%
2024-7-8 04:40:44 - debug: // ---- build task 查询 Asset Bundle ----
2024-7-8 04:40:45 - debug: // ---- build task 查询 Asset Bundle ---- (815ms)
2024-7-8 04:40:45 - debug: run build task 查询 Asset Bundle success in 815 ms√, progress: 19%
2024-7-8 04:40:45 - debug: [Build Memory track]: 查询 Asset Bundle start:208.74MB, end 209.88MB, increase: 1.14MB
2024-7-8 04:40:45 - debug: 打包脚本 start, progress: 19%
2024-7-8 04:40:45 - debug: // ---- build task 打包脚本 ----
2024-7-8 04:40:47 - debug: Generate systemJs..., progress: 19%
2024-7-8 04:40:49 - debug: 构建项目脚本 start..., progress: 19%
2024-7-8 04:40:49 - debug: Build script in bundle start, progress: 19%
2024-7-8 04:40:49 - log: Run build task(build-script) in child, see: chrome://inspect/#devices
2024-7-8 04:40:50 - log: [build-script]enter sub process 51848, C:\ProgramData\cocos\editors\Creator\3.8.3\CocosCreator.exe,C:\ProgramData\cocos\editors\Creator\3.8.3\resources\app.asar\builtin\builder\static\sub-process-index
2024-7-8 04:40:52 - debug: excute-script over with build-script 3020ms
2024-7-8 04:40:52 - debug: Copy externalScripts success!
2024-7-8 04:40:52 - debug: Build script in bundle success, progress: 19%
2024-7-8 04:40:53 - debug: 构建项目脚本 in (3957 ms) √, progress: 19%
2024-7-8 04:40:53 - debug: 构建引擎脚本 start..., progress: 19%
2024-7-8 04:40:54 - debug: Use cache engine: {link(C:\Users\53190\AppData\Local\Temp\CocosCreator\3.8.3\builder\engine\f45381b66e39dad5d253182e28ddf10c)}
2024-7-8 04:40:54 - debug: {"debug":false,"sourceMaps":false,"includeModules":["2d","animation","audio","base","dragon-bones","gfx-webgl","gfx-webgl2","intersection-2d","meshopt","particle-2d","physics-2d-box2d","profiler","spine","tiled-map","tween","ui","video","webview"],"engineVersion":"3.8.3","md5Map":[],"engineName":"cocos-js","platform":"HTML5","useCache":true,"isNative":false,"nativeCodeBundleMode":"both","wasmCompressionMode":false,"assetURLFormat":"runtime-resolved","output":"D:\\TankFight\\TK2\\build\\web-desktop\\cocos-js","flags":{"DEBUG":false},"entry":"C:\\ProgramData\\cocos\\editors\\Creator\\3.8.3\\resources\\resources\\3d\\engine"}
2024-7-8 04:40:54 - debug: 构建引擎脚本 in (1074 ms) √, progress: 19%
2024-7-8 04:40:54 - debug: Copy plugin script ..., progress: 19%
2024-7-8 04:40:54 - debug: Generate import-map..., progress: 19%
2024-7-8 04:40:55 - debug: // ---- build task 打包脚本 ---- (9876ms)
2024-7-8 04:40:55 - debug: run build task 打包脚本 success in 9 s√, progress: 24%
2024-7-8 04:40:55 - debug: [Build Memory track]: 打包脚本 start:209.99MB, end 260.41MB, increase: 50.41MB
2024-7-8 04:40:55 - debug: Build Assets start, progress: 24%
2024-7-8 04:40:55 - debug: // ---- build task Build Assets ----
2024-7-8 04:40:55 - debug: Build bundles..., progress: 24%
2024-7-8 04:40:55 - debug: Pack Images start, progress: 24%
2024-7-8 04:40:56 - debug: builder:pack-auto-atlas-image (1311ms)
2024-7-8 04:40:56 - debug: Pack Images success, progress: 24%
2024-7-8 04:40:56 - debug: Compress image start..., progress: 24%
2024-7-8 04:40:56 - group: Compress image...
2024-7-8 04:40:56 - debug: sort compress task {}
2024-7-8 04:40:56 - debug: Num of all image compress task 0, really: 0, configTasks: 0
2024-7-8 04:40:56 - debug: No image need to compress
2024-7-8 04:40:56 - groupEnd: Compress image...
2024-7-8 04:40:56 - debug: Compress image success..., progress: 24%
2024-7-8 04:40:56 - debug: Output asset in bundles start, progress: 24%
2024-7-8 04:40:56 - debug: Handle all json groups in bundle internal
2024-7-8 04:40:56 - debug: handle json group
2024-7-8 04:40:56 - debug: Handle all json groups in bundle resources
2024-7-8 04:40:56 - debug: handle json group
2024-7-8 04:40:56 - debug: handle single json
2024-7-8 04:40:56 - debug: Handle all json groups in bundle main
2024-7-8 04:40:56 - debug: handle json group
2024-7-8 04:40:56 - debug: Json group(0cfd6fd25) compile success，json number: 6
2024-7-8 04:40:56 - debug: Json group(0cf773eab) compile success，json number: 6
2024-7-8 04:40:56 - debug: Json group(0ca60d3e4) compile success，json number: 6
2024-7-8 04:40:56 - debug: handle single json
2024-7-8 04:40:56 - debug: Json group(0af763c79) compile success，json number: 6
2024-7-8 04:40:56 - debug: Json group(0925958c2) compile success，json number: 6
2024-7-8 04:40:56 - debug: Json group(049e90c10) compile success，json number: 6
2024-7-8 04:40:56 - debug: Json group(057a269f5) compile success，json number: 6
2024-7-8 04:40:56 - debug: Json group(0e4b203e2) compile success，json number: 6
2024-7-8 04:40:56 - debug: Json group(08385ff53) compile success，json number: 6
2024-7-8 04:40:56 - debug: Json group(06aa3b9df) compile success，json number: 6
2024-7-8 04:40:56 - debug: handle single json
2024-7-8 04:40:56 - debug: Output asset in bundles success, progress: 24%
2024-7-8 04:40:56 - debug: Output asset in bundles start, progress: 24%
2024-7-8 04:40:56 - debug: compress config of bundle internal...
2024-7-8 04:40:56 - debug: compress config of bundle internal success
2024-7-8 04:40:56 - debug: compress config of bundle resources...
2024-7-8 04:40:56 - debug: compress config of bundle resources success
2024-7-8 04:40:56 - debug: compress config of bundle main...
2024-7-8 04:40:56 - debug: compress config of bundle main success
2024-7-8 04:40:56 - debug: output config of bundle internal
2024-7-8 04:40:56 - debug: output config of bundle internal success
2024-7-8 04:40:56 - debug: output config of bundle resources
2024-7-8 04:40:56 - debug: output config of bundle resources success
2024-7-8 04:40:56 - debug: output config of bundle main
2024-7-8 04:40:56 - debug: output config of bundle main success
2024-7-8 04:40:56 - debug: Output asset in bundles success, progress: 24%
2024-7-8 04:40:59 - debug: // ---- build task Build Assets ---- (4395ms)
2024-7-8 04:40:59 - debug: run build task Build Assets success in 4 s√, progress: 29%
2024-7-8 04:40:59 - debug: [Build Memory track]: Build Assets start:260.42MB, end 218.08MB, increase: -43361.04KB
2024-7-8 04:40:59 - debug: 整理部分构建选项内数据到 settings.json start, progress: 29%
2024-7-8 04:40:59 - debug: // ---- build task 整理部分构建选项内数据到 settings.json ----
2024-7-8 04:41:00 - debug: // ---- build task 整理部分构建选项内数据到 settings.json ---- (690ms)
2024-7-8 04:41:00 - debug: run build task 整理部分构建选项内数据到 settings.json success in 690 ms√, progress: 31%
2024-7-8 04:41:00 - debug: [Build Memory track]: 整理部分构建选项内数据到 settings.json start:218.15MB, end 218.87MB, increase: 734.89KB
2024-7-8 04:41:00 - debug: 填充脚本数据到 settings.json start, progress: 31%
2024-7-8 04:41:00 - debug: // ---- build task 填充脚本数据到 settings.json ----
2024-7-8 04:41:01 - debug: // ---- build task 填充脚本数据到 settings.json ---- (840ms)
2024-7-8 04:41:01 - debug: run build task 填充脚本数据到 settings.json success in 840 ms√, progress: 32%
2024-7-8 04:41:01 - debug: [Build Memory track]: 填充脚本数据到 settings.json start:218.88MB, end 219.95MB, increase: 1.07MB
2024-7-8 04:41:01 - debug: 整理部分构建选项内数据到 settings.json start, progress: 32%
2024-7-8 04:41:01 - debug: // ---- build task 整理部分构建选项内数据到 settings.json ----
2024-7-8 04:41:02 - debug: // ---- build task 整理部分构建选项内数据到 settings.json ---- (1085ms)
2024-7-8 04:41:02 - debug: run build task 整理部分构建选项内数据到 settings.json success in 1 s√, progress: 34%
2024-7-8 04:41:02 - debug: [Build Memory track]: 整理部分构建选项内数据到 settings.json start:219.96MB, end 215.30MB, increase: -4777.82KB
2024-7-8 04:41:02 - debug: web-desktop:(onBeforeCompressSettings) start..., progress: 34%
2024-7-8 04:41:02 - debug: // ---- build task web-desktop：onBeforeCompressSettings ----
2024-7-8 04:41:02 - debug: // ---- build task web-desktop：onBeforeCompressSettings ---- (569ms)
2024-7-8 04:41:02 - debug: web-desktop:(onBeforeCompressSettings) in 569 ms ✓, progress: 36%
2024-7-8 04:41:02 - debug: cocos-service:(onBeforeCompressSettings) start..., progress: 36%
2024-7-8 04:41:02 - debug: // ---- build task cocos-service：onBeforeCompressSettings ----
2024-7-8 04:41:04 - debug: // ---- build task cocos-service：onBeforeCompressSettings ---- (1504ms)
2024-7-8 04:41:04 - debug: cocos-service:(onBeforeCompressSettings) in 1504 ms ✓, progress: 38%
2024-7-8 04:41:04 - debug: 整理静态模板文件 start, progress: 38%
2024-7-8 04:41:04 - debug: // ---- build task 整理静态模板文件 ----
2024-7-8 04:41:05 - debug: // ---- build task 整理静态模板文件 ---- (822ms)
2024-7-8 04:41:05 - debug: run build task 整理静态模板文件 success in 822 ms√, progress: 43%
2024-7-8 04:41:05 - debug: [Build Memory track]: 整理静态模板文件 start:217.50MB, end 218.48MB, increase: 1003.09KB
2024-7-8 04:41:05 - debug: cocos-service:(onAfterCompressSettings) start..., progress: 43%
2024-7-8 04:41:05 - debug: // ---- build task cocos-service：onAfterCompressSettings ----
2024-7-8 04:41:06 - debug: // ---- build task cocos-service：onAfterCompressSettings ---- (1085ms)
2024-7-8 04:41:06 - debug: cocos-service:(onAfterCompressSettings) in 1085 ms ✓, progress: 45%
2024-7-8 04:41:06 - debug: web-desktop:(onBeforeCopyBuildTemplate) start..., progress: 45%
2024-7-8 04:41:06 - debug: // ---- build task web-desktop：onBeforeCopyBuildTemplate ----
2024-7-8 04:41:06 - debug: // ---- build task web-desktop：onBeforeCopyBuildTemplate ---- (604ms)
2024-7-8 04:41:06 - debug: web-desktop:(onBeforeCopyBuildTemplate) in 604 ms ✓, progress: 46%
2024-7-8 04:41:06 - debug: 给所有的资源加上 MD5 后缀 start, progress: 46%
2024-7-8 04:41:06 - debug: // ---- build task 给所有的资源加上 MD5 后缀 ----
2024-7-8 04:41:07 - debug: // ---- build task 给所有的资源加上 MD5 后缀 ---- (833ms)
2024-7-8 04:41:07 - debug: run build task 给所有的资源加上 MD5 后缀 success in 833 ms√, progress: 56%
2024-7-8 04:41:07 - debug: [Build Memory track]: 给所有的资源加上 MD5 后缀 start:210.87MB, end 210.51MB, increase: -369.61KB
2024-7-8 04:41:07 - debug: cocos-service:(onAfterBuild) start..., progress: 56%
2024-7-8 04:41:07 - debug: // ---- build task cocos-service：onAfterBuild ----
2024-7-8 04:41:08 - log: 资源数据库已锁定，资源操作(refresh)将会延迟响应，请稍侯
2024-7-8 04:41:08 - debug: // ---- build task cocos-service：onAfterBuild ---- (1375ms)
2024-7-8 04:41:08 - debug: cocos-service:(onAfterBuild) in 1375 ms ✓, progress: 58%
2024-7-8 04:41:08 - debug: adsense-h5g-plugin:(onAfterBuild) start..., progress: 58%
2024-7-8 04:41:08 - debug: // ---- build task adsense-h5g-plugin：onAfterBuild ----
2024-7-8 04:41:09 - debug: // ---- build task adsense-h5g-plugin：onAfterBuild ---- (566ms)
2024-7-8 04:41:09 - debug: adsense-h5g-plugin:(onAfterBuild) in 566 ms ✓, progress: 60%
2024-7-8 04:41:09 - log: Asset DB is resume!
2024-7-8 04:41:09 - debug: refresh db internal success
2024-7-8 04:41:09 - debug: refresh db assets success
2024-7-8 04:41:09 - debug: Run asset db hook engine-extends:afterRefresh ...
2024-7-8 04:41:09 - debug: Run asset db hook engine-extends:afterRefresh success!
2024-7-8 04:41:09 - debug: builder:build-project-total (35215ms)
2024-7-8 04:41:10 - debug: asset-db:refresh-all-database (667ms)
2024-7-8 04:41:10 - debug: asset-db:worker-effect-data-processing (445ms)
2024-7-8 04:41:10 - debug: asset-db-hook-engine-extends-afterRefresh (446ms)
2024-7-8 04:41:10 - debug: build success in 35215!
2024-7-8 04:41:10 - debug: [Build Memory track]: builder:build-project-total start:222.26MB, end 215.17MB, increase: -7255.32KB
2024-7-8 04:41:10 - debug: ================================ build Task (web-desktop) Finished in (35 s)ms ================================
