2024-7-13 16:47:59-log: Cannot access game frame or container.
2024-7-13 16:47:59-debug: asset-db:require-engine-code (565ms)
2024-7-13 16:47:59-log: meshopt wasm decoder initialized
2024-7-13 16:47:59-log: [bullet]:bullet wasm lib loaded.
2024-7-13 16:48:02-log: [box2d]:box2d wasm lib loaded.
2024-7-13 16:48:02-log: Cocos Creator v3.8.3
2024-7-13 16:48:05-debug: [Assets Memory track]: asset-db:worker-init: initEngine start:23.61MB, end 77.80MB, increase: 54.18MB
2024-7-13 16:48:06-debug: [Assets Memory track]: asset-db-plugin-register: builder start:81.09MB, end 171.37MB, increase: 90.27MB
2024-7-13 16:48:05-debug: [Assets Memory track]: asset-db-plugin-register: programming start:78.52MB, end 81.08MB, increase: 2.56MB
2024-7-13 16:48:06-debug: [Assets Memory track]: asset-db-plugin-register: project start:78.40MB, end 167.13MB, increase: 88.73MB
2024-7-13 16:48:06-debug: [Assets Memory track]: asset-db:worker-init: initPlugin start:77.81MB, end 167.15MB, increase: 89.34MB
2024-7-13 16:48:06-debug: run package(im-plugin) handler(enable) start
2024-7-13 16:48:06-debug: run package(blank-template) handler(enable) start
2024-7-13 16:48:06-debug: run package(blank-template) handler(enable) success!
2024-7-13 16:48:06-debug: run package(im-plugin) handler(enable) success!
2024-7-13 16:48:06-debug: run package(placeholder) handler(enable) start
2024-7-13 16:48:06-debug: asset-db:worker-init: initPlugin (1226ms)
2024-7-13 16:48:06-debug: run package(placeholder) handler(enable) success!
2024-7-13 16:48:06-debug: [Assets Memory track]: asset-db:worker-init start:23.61MB, end 167.29MB, increase: 143.68MB
2024-7-13 16:48:06-debug: Run asset db hook programming:beforePreStart ...
2024-7-13 16:48:06-debug: Run asset db hook programming:beforePreStart success!
2024-7-13 16:48:06-debug: Run asset db hook engine-extends:beforePreStart ...
2024-7-13 16:48:06-debug: Run asset db hook engine-extends:beforePreStart success!
2024-7-13 16:48:09-debug: asset-db:worker-init (10313ms)
2024-7-13 16:48:09-debug: asset-db-hook-programming-beforePreStart (2616ms)
2024-7-13 16:48:09-debug: asset-db-hook-engine-extends-beforePreStart (2616ms)
2024-7-13 16:48:10-debug: Preimport db internal success
2024-7-13 16:48:11-debug: Preimport db assets success
2024-7-13 16:48:11-debug: starting packer-driver...
2024-7-13 16:48:11-debug: Run asset db hook programming:afterPreStart ...
2024-7-13 16:48:11-debug: initialize scripting environment...
2024-7-13 16:48:11-debug: Set detail map pack:///resolution-detail-map.json: {}
2024-7-13 16:48:11-debug: Run asset db hook programming:afterPreStart success!
2024-7-13 16:48:11-debug: Run asset db hook engine-extends:afterPreStart ...
2024-7-13 16:48:11-debug: Run asset db hook engine-extends:afterPreStart success!
2024-7-13 16:48:11-debug: [Assets Memory track]: asset-db:worker-init: preStart start:167.30MB, end 171.05MB, increase: 3.75MB
2024-7-13 16:48:11-debug: Start up the 'internal' database...
2024-7-13 16:48:13-debug: asset-db-hook-programming-afterPreStart (1853ms)
2024-7-13 16:48:13-debug: asset-db:worker-effect-data-processing (1204ms)
2024-7-13 16:48:13-debug: asset-db-hook-engine-extends-afterPreStart (1204ms)
2024-7-13 16:48:13-debug: Start up the 'assets' database...
2024-7-13 16:48:14-debug: asset-db:worker-startup-database[internal] (7470ms)
2024-7-13 16:48:14-debug: lazy register asset handler *
2024-7-13 16:48:14-debug: lazy register asset handler directory
2024-7-13 16:48:14-debug: lazy register asset handler text
2024-7-13 16:48:14-debug: lazy register asset handler spine-data
2024-7-13 16:48:14-debug: lazy register asset handler terrain
2024-7-13 16:48:14-debug: lazy register asset handler json
2024-7-13 16:48:14-debug: lazy register asset handler dragonbones-atlas
2024-7-13 16:48:14-debug: lazy register asset handler dragonbones
2024-7-13 16:48:14-debug: lazy register asset handler javascript
2024-7-13 16:48:14-debug: lazy register asset handler prefab
2024-7-13 16:48:14-debug: lazy register asset handler scene
2024-7-13 16:48:14-debug: lazy register asset handler typescript
2024-7-13 16:48:14-debug: lazy register asset handler sprite-frame
2024-7-13 16:48:14-debug: lazy register asset handler image
2024-7-13 16:48:14-debug: lazy register asset handler tiled-map
2024-7-13 16:48:14-debug: lazy register asset handler sign-image
2024-7-13 16:48:14-debug: lazy register asset handler alpha-image
2024-7-13 16:48:14-debug: lazy register asset handler buffer
2024-7-13 16:48:14-debug: lazy register asset handler texture
2024-7-13 16:48:14-debug: lazy register asset handler erp-texture-cube
2024-7-13 16:48:14-debug: lazy register asset handler texture-cube-face
2024-7-13 16:48:14-debug: lazy register asset handler render-texture
2024-7-13 16:48:14-debug: lazy register asset handler rt-sprite-frame
2024-7-13 16:48:14-debug: lazy register asset handler gltf-mesh
2024-7-13 16:48:14-debug: lazy register asset handler texture-cube
2024-7-13 16:48:14-debug: lazy register asset handler gltf-animation
2024-7-13 16:48:14-debug: lazy register asset handler gltf
2024-7-13 16:48:14-debug: lazy register asset handler gltf-skeleton
2024-7-13 16:48:14-debug: lazy register asset handler gltf-embeded-image
2024-7-13 16:48:14-debug: lazy register asset handler gltf-scene
2024-7-13 16:48:14-debug: lazy register asset handler gltf-material
2024-7-13 16:48:14-debug: lazy register asset handler fbx
2024-7-13 16:48:14-debug: lazy register asset handler physics-material
2024-7-13 16:48:14-debug: lazy register asset handler material
2024-7-13 16:48:14-debug: lazy register asset handler effect-header
2024-7-13 16:48:14-debug: lazy register asset handler effect
2024-7-13 16:48:14-debug: lazy register asset handler animation-clip
2024-7-13 16:48:14-debug: lazy register asset handler animation-graph
2024-7-13 16:48:14-debug: lazy register asset handler animation-graph-variant
2024-7-13 16:48:14-debug: lazy register asset handler ttf-font
2024-7-13 16:48:14-debug: lazy register asset handler animation-mask
2024-7-13 16:48:14-debug: lazy register asset handler bitmap-font
2024-7-13 16:48:14-debug: lazy register asset handler particle
2024-7-13 16:48:14-debug: lazy register asset handler sprite-atlas
2024-7-13 16:48:14-debug: lazy register asset handler label-atlas
2024-7-13 16:48:14-debug: lazy register asset handler audio-clip
2024-7-13 16:48:14-debug: lazy register asset handler render-pipeline
2024-7-13 16:48:14-debug: lazy register asset handler render-stage
2024-7-13 16:48:14-debug: lazy register asset handler auto-atlas
2024-7-13 16:48:14-debug: lazy register asset handler instantiation-material
2024-7-13 16:48:14-debug: lazy register asset handler instantiation-mesh
2024-7-13 16:48:14-debug: lazy register asset handler instantiation-skeleton
2024-7-13 16:48:14-debug: lazy register asset handler instantiation-animation
2024-7-13 16:48:14-debug: lazy register asset handler video-clip
2024-7-13 16:48:14-debug: lazy register asset handler render-flow
2024-7-13 16:48:14-debug: asset-db:worker-startup-database[assets] (3482ms)
2024-7-13 16:48:14-debug: asset-db:ready (17925ms)
2024-7-13 16:48:14-debug: asset-db:start-database (7549ms)
2024-7-13 16:48:14-debug: init worker message success
2024-7-13 16:48:14-debug: [Build Memory track]: builder:worker-init start:161.05MB, end 172.66MB, increase: 11.61MB
2024-7-13 16:48:14-debug: programming:execute-script (6ms)
2024-7-13 16:48:15-debug: builder:worker-init (900ms)
2024-7-13 16:48:44-debug: refresh db internal success
2024-7-13 16:48:44-debug: Run asset db hook engine-extends:afterRefresh ...
2024-7-13 16:48:44-debug: refresh db assets success
2024-7-13 16:48:44-debug: Run asset db hook engine-extends:afterRefresh success!
2024-7-13 16:48:44-debug: asset-db:refresh-all-database (113ms)
2024-7-13 16:48:44-debug: asset-db-hook-engine-extends-afterRefresh (2ms)
2024-7-13 16:48:44-debug: asset-db:worker-effect-data-processing (2ms)
2024-7-13 16:49:06-debug: refresh db internal success
2024-7-13 16:49:06-debug: refresh db assets success
2024-7-13 16:49:06-debug: Run asset db hook engine-extends:afterRefresh ...
2024-7-13 16:49:06-debug: Run asset db hook engine-extends:afterRefresh success!
2024-7-13 16:49:06-debug: asset-db:refresh-all-database (165ms)
2024-7-13 16:50:02-debug: refresh db internal success
2024-7-13 16:50:02-debug: refresh db assets success
2024-7-13 16:50:02-debug: Run asset db hook engine-extends:afterRefresh success!
2024-7-13 16:50:02-debug: Run asset db hook engine-extends:afterRefresh ...
2024-7-13 16:50:02-debug: asset-db:refresh-all-database (104ms)
2024-7-13 16:50:09-debug: refresh db internal success
2024-7-13 16:50:09-debug: refresh db assets success
2024-7-13 16:50:09-debug: Run asset db hook engine-extends:afterRefresh ...
2024-7-13 16:50:09-debug: Run asset db hook engine-extends:afterRefresh success!
2024-7-13 16:50:09-debug: asset-db:refresh-all-database (98ms)
2024-7-13 16:59:05-debug: refresh db internal success
2024-7-13 16:59:05-debug: refresh db assets success
2024-7-13 16:59:05-debug: Run asset db hook engine-extends:afterRefresh ...
2024-7-13 16:59:05-debug: Run asset db hook engine-extends:afterRefresh success!
2024-7-13 16:59:05-debug: asset-db:refresh-all-database (119ms)
