2024-7-15 14:49:23-log: Cannot access game frame or container.
2024-7-15 14:49:23-debug: asset-db:require-engine-code (712ms)
2024-7-15 14:49:28-log: meshopt wasm decoder initialized
2024-7-15 14:49:28-log: [box2d]:box2d wasm lib loaded.
2024-7-15 14:49:28-log: [bullet]:bullet wasm lib loaded.
2024-7-15 14:49:28-log: Cocos Creator v3.8.3
2024-7-15 14:49:30-debug: [Assets Memory track]: asset-db:worker-init: initEngine start:23.41MB, end 76.96MB, increase: 53.55MB
2024-7-15 14:49:32-debug: [Assets Memory track]: asset-db-plugin-register: engine-extends start:170.96MB, end 173.68MB, increase: 2.71MB
2024-7-15 14:49:32-debug: [Assets Memory track]: asset-db-plugin-register: project start:77.72MB, end 173.74MB, increase: 96.02MB
2024-7-15 14:49:32-debug: [Assets Memory track]: asset-db-plugin-register: builder start:78.91MB, end 170.76MB, increase: 91.85MB
2024-7-15 14:49:32-debug: [Assets Memory track]: asset-db:worker-init: initPlugin start:76.97MB, end 173.76MB, increase: 96.79MB
2024-7-15 14:49:31-debug: [Assets Memory track]: asset-db-plugin-register: programming start:76.86MB, end 78.89MB, increase: 2.03MB
2024-7-15 14:49:32-debug: run package(im-plugin) handler(enable) start
2024-7-15 14:49:32-debug: run package(blank-template) handler(enable) start
2024-7-15 14:49:32-debug: run package(im-plugin) handler(enable) success!
2024-7-15 14:49:32-debug: run package(blank-template) handler(enable) success!
2024-7-15 14:49:32-debug: run package(placeholder) handler(enable) success!
2024-7-15 14:49:32-debug: run package(placeholder) handler(enable) start
2024-7-15 14:49:32-debug: asset-db:worker-init: initPlugin (1392ms)
2024-7-15 14:49:32-debug: [Assets Memory track]: asset-db:worker-init start:23.41MB, end 166.76MB, increase: 143.35MB
2024-7-15 14:49:32-debug: Run asset db hook programming:beforePreStart ...
2024-7-15 14:49:32-debug: Run asset db hook programming:beforePreStart success!
2024-7-15 14:49:32-debug: Run asset db hook engine-extends:beforePreStart success!
2024-7-15 14:49:32-debug: Run asset db hook engine-extends:beforePreStart ...
2024-7-15 14:49:33-debug: asset-db:worker-init (10357ms)
2024-7-15 14:49:33-debug: asset-db-hook-programming-beforePreStart (1104ms)
2024-7-15 14:49:33-debug: asset-db-hook-engine-extends-beforePreStart (1103ms)
2024-7-15 14:49:34-debug: Preimport db internal success
2024-7-15 14:49:34-debug: Preimport db assets success
2024-7-15 14:49:34-debug: Run asset db hook programming:afterPreStart ...
2024-7-15 14:49:34-debug: starting packer-driver...
2024-7-15 14:49:35-debug: initialize scripting environment...
2024-7-15 14:49:35-debug: Set detail map pack:///resolution-detail-map.json: {}
2024-7-15 14:49:35-debug: Run asset db hook engine-extends:afterPreStart success!
2024-7-15 14:49:35-debug: [Assets Memory track]: asset-db:worker-init: preStart start:166.77MB, end 171.80MB, increase: 5.03MB
2024-7-15 14:49:35-debug: Run asset db hook engine-extends:afterPreStart ...
2024-7-15 14:49:35-debug: Start up the 'internal' database...
2024-7-15 14:49:35-debug: Run asset db hook programming:afterPreStart success!
2024-7-15 14:49:36-debug: asset-db:worker-effect-data-processing (920ms)
2024-7-15 14:49:36-debug: asset-db-hook-programming-afterPreStart (1612ms)
2024-7-15 14:49:36-debug: asset-db-hook-engine-extends-afterPreStart (921ms)
2024-7-15 14:49:36-debug: Start up the 'assets' database...
2024-7-15 14:49:36-debug: asset-db:worker-startup-database[internal] (4500ms)
2024-7-15 14:49:36-debug: lazy register asset handler *
2024-7-15 14:49:36-debug: lazy register asset handler directory
2024-7-15 14:49:36-debug: lazy register asset handler json
2024-7-15 14:49:36-debug: lazy register asset handler spine-data
2024-7-15 14:49:36-debug: lazy register asset handler text
2024-7-15 14:49:36-debug: lazy register asset handler dragonbones
2024-7-15 14:49:36-debug: lazy register asset handler dragonbones-atlas
2024-7-15 14:49:36-debug: lazy register asset handler javascript
2024-7-15 14:49:36-debug: lazy register asset handler typescript
2024-7-15 14:49:36-debug: lazy register asset handler scene
2024-7-15 14:49:36-debug: lazy register asset handler prefab
2024-7-15 14:49:36-debug: lazy register asset handler tiled-map
2024-7-15 14:49:36-debug: lazy register asset handler sprite-frame
2024-7-15 14:49:36-debug: lazy register asset handler image
2024-7-15 14:49:36-debug: lazy register asset handler buffer
2024-7-15 14:49:36-debug: lazy register asset handler alpha-image
2024-7-15 14:49:36-debug: lazy register asset handler texture
2024-7-15 14:49:36-debug: lazy register asset handler sign-image
2024-7-15 14:49:36-debug: lazy register asset handler texture-cube
2024-7-15 14:49:36-debug: lazy register asset handler erp-texture-cube
2024-7-15 14:49:36-debug: lazy register asset handler texture-cube-face
2024-7-15 14:49:36-debug: lazy register asset handler render-texture
2024-7-15 14:49:36-debug: lazy register asset handler rt-sprite-frame
2024-7-15 14:49:36-debug: lazy register asset handler gltf
2024-7-15 14:49:36-debug: lazy register asset handler gltf-mesh
2024-7-15 14:49:36-debug: lazy register asset handler gltf-animation
2024-7-15 14:49:36-debug: lazy register asset handler gltf-skeleton
2024-7-15 14:49:36-debug: lazy register asset handler gltf-scene
2024-7-15 14:49:36-debug: lazy register asset handler gltf-embeded-image
2024-7-15 14:49:36-debug: lazy register asset handler fbx
2024-7-15 14:49:36-debug: lazy register asset handler material
2024-7-15 14:49:36-debug: lazy register asset handler physics-material
2024-7-15 14:49:36-debug: lazy register asset handler effect
2024-7-15 14:49:36-debug: lazy register asset handler effect-header
2024-7-15 14:49:36-debug: lazy register asset handler audio-clip
2024-7-15 14:49:36-debug: lazy register asset handler animation-clip
2024-7-15 14:49:36-debug: lazy register asset handler animation-graph
2024-7-15 14:49:36-debug: lazy register asset handler animation-graph-variant
2024-7-15 14:49:36-debug: lazy register asset handler animation-mask
2024-7-15 14:49:36-debug: lazy register asset handler ttf-font
2024-7-15 14:49:36-debug: lazy register asset handler bitmap-font
2024-7-15 14:49:36-debug: lazy register asset handler terrain
2024-7-15 14:49:36-debug: lazy register asset handler particle
2024-7-15 14:49:36-debug: lazy register asset handler label-atlas
2024-7-15 14:49:36-debug: lazy register asset handler gltf-material
2024-7-15 14:49:36-debug: lazy register asset handler render-pipeline
2024-7-15 14:49:36-debug: lazy register asset handler auto-atlas
2024-7-15 14:49:36-debug: lazy register asset handler render-flow
2024-7-15 14:49:36-debug: lazy register asset handler render-stage
2024-7-15 14:49:36-debug: lazy register asset handler instantiation-material
2024-7-15 14:49:36-debug: lazy register asset handler instantiation-skeleton
2024-7-15 14:49:36-debug: lazy register asset handler instantiation-mesh
2024-7-15 14:49:36-debug: lazy register asset handler sprite-atlas
2024-7-15 14:49:36-debug: lazy register asset handler video-clip
2024-7-15 14:49:36-debug: lazy register asset handler instantiation-animation
2024-7-15 14:49:36-debug: asset-db:worker-startup-database[assets] (2835ms)
2024-7-15 14:49:36-debug: asset-db:start-database (4606ms)
2024-7-15 14:49:36-debug: asset-db:ready (16906ms)
2024-7-15 14:49:37-debug: init worker message success
2024-7-15 14:49:37-debug: [Build Memory track]: builder:worker-init start:161.96MB, end 168.47MB, increase: 6.50MB
2024-7-15 14:49:37-debug: programming:execute-script (4ms)
2024-7-15 14:49:38-debug: builder:worker-init (959ms)
2024-7-15 14:50:34-debug: refresh db internal success
2024-7-15 14:50:34-debug: refresh db assets success
2024-7-15 14:50:34-debug: Run asset db hook engine-extends:afterRefresh ...
2024-7-15 14:50:34-debug: Run asset db hook engine-extends:afterRefresh success!
2024-7-15 14:50:34-debug: asset-db:refresh-all-database (228ms)
2024-7-15 14:57:46-debug: refresh db internal success
2024-7-15 14:57:46-debug: refresh db assets success
2024-7-15 14:57:46-debug: Run asset db hook engine-extends:afterRefresh ...
2024-7-15 14:57:46-debug: Run asset db hook engine-extends:afterRefresh success!
2024-7-15 14:57:46-debug: asset-db:refresh-all-database (149ms)
2024-7-15 14:57:46-debug: asset-db:worker-effect-data-processing (1ms)
2024-7-15 14:57:46-debug: asset-db-hook-engine-extends-afterRefresh (1ms)
2024-7-15 14:59:09-debug: refresh db internal success
2024-7-15 14:59:09-debug: %cImport%c: C:\Users\charon\Desktop\tankfightbackup\TK2\assets\photo\carrot1.pngbackground: #aaff85; color: #000;color: #000;
2024-7-15 14:59:09-debug: %cImport%c: C:\Users\charon\Desktop\tankfightbackup\TK2\assets\photobackground: #aaff85; color: #000;color: #000;
2024-7-15 14:59:09-debug: %cImport%c: C:\Users\charon\Desktop\tankfightbackup\TK2\assets\photo\carrot1.png@6c48abackground: #aaff85; color: #000;color: #000;
2024-7-15 14:59:09-debug: %cImport%c: C:\Users\charon\Desktop\tankfightbackup\TK2\assets\photo\carrot1.png@f9941background: #aaff85; color: #000;color: #000;
2024-7-15 14:59:09-debug: refresh db assets success
2024-7-15 14:59:09-debug: Run asset db hook engine-extends:afterRefresh ...
2024-7-15 14:59:09-debug: Run asset db hook engine-extends:afterRefresh success!
2024-7-15 14:59:09-debug: asset-db:refresh-all-database (146ms)
2024-7-15 14:59:09-debug: asset-db:worker-effect-data-processing (1ms)
2024-7-15 14:59:09-debug: asset-db-hook-engine-extends-afterRefresh (1ms)
2024-7-15 15:05:01-debug: refresh db internal success
2024-7-15 15:05:01-debug: refresh db assets success
2024-7-15 15:05:01-debug: Run asset db hook engine-extends:afterRefresh success!
2024-7-15 15:05:01-debug: Run asset db hook engine-extends:afterRefresh ...
2024-7-15 15:05:01-debug: asset-db:refresh-all-database (118ms)
2024-7-15 15:05:01-debug: asset-db:worker-effect-data-processing (1ms)
2024-7-15 15:05:01-debug: asset-db-hook-engine-extends-afterRefresh (1ms)
2024-7-15 15:07:07-debug: start refresh asset from C:\Users\charon\Desktop\tankfightbackup\TK2\assets\map\alonemap2.scene...
2024-7-15 15:07:07-debug: %cImport%c: C:\Users\charon\Desktop\tankfightbackup\TK2\assets\map\alonemap2.scenebackground: #aaff85; color: #000;color: #000;
2024-7-15 15:07:07-debug: refresh asset C:\Users\charon\Desktop\tankfightbackup\TK2\assets\map success
2024-7-15 15:24:38-debug: Query all assets info in project
2024-7-15 15:24:38-debug: init custom config: keepNodeUuid: false, useCache: true
2024-7-15 15:24:38-debug: 查询 Asset Bundle start, progress: 0%
2024-7-15 15:24:38-debug: // ---- build task 查询 Asset Bundle ----
2024-7-15 15:24:38-debug: Query preload assets from cc.config.json: 60f7195c-ec2a-45eb-ba94-8955f60e81d0,1c02ae6f-4492-4915-b8f8-7492a3b1e4cd,810e96e4-e456-4468-9b59-f4e8f39732c0,efe8e2a3-eace-427b-b4f1-cb8a937ec77d,e9aa9a3e-5b2b-4ac7-a2c7-073de2b2b24f,8bbdbcdd-5cd4-4100-b6d5-b7c9625b6107,50f4348b-c883-4e2f-8f11-ce233b859fa1,fda095cb-831d-4601-ad94-846013963de8,f92806d7-1768-443f-afe8-12bcde84d0f0,dd3a144d-ab7f-41f0-82b8-2e43a090d496,f0416e68-0200-4b77-a926-4f9d16e494da,970b0598-bcb0-4714-91fb-2e81440dccd8,bcd64cc6-2dd9-43f6-abbe-66318d332032,d930590d-bb92-4cc8-8bd1-23cd027f9edf,a3cd009f-0ab0-420d-9278-b9fdab939bbc,c27215d8-6835-4b68-bfbb-bdeac6100c04,b5d6115f-0370-4d7c-aad3-c194cc71cf98,871c3b6c-7379-419d-bda3-794b239ab90d
2024-7-15 15:24:38-debug:   Number of all scenes: 13
2024-7-15 15:24:38-debug:   Number of other assets: 688
2024-7-15 15:24:38-debug:   Number of all scripts: 63
2024-7-15 15:24:38-debug: // ---- build task 查询 Asset Bundle ---- (6ms)
2024-7-15 15:24:38-debug: run build task 查询 Asset Bundle success in 6 ms√, progress: 5%
2024-7-15 15:24:38-debug: [Build Memory track]: 查询 Asset Bundle start:174.38MB, end 174.37MB, increase: -12.77KB
2024-7-15 15:24:38-debug: 查询 Asset Bundle start, progress: 5%
2024-7-15 15:24:38-debug: // ---- build task 查询 Asset Bundle ----
2024-7-15 15:24:38-debug: // ---- build task 查询 Asset Bundle ---- (2ms)
2024-7-15 15:24:38-debug: run build task 查询 Asset Bundle success in 2 ms√, progress: 10%
2024-7-15 15:24:38-debug: 整理部分构建选项内数据到 settings.json start, progress: 10%
2024-7-15 15:24:38-debug: [Build Memory track]: 查询 Asset Bundle start:174.38MB, end 174.52MB, increase: 139.84KB
2024-7-15 15:24:38-debug: // ---- build task 整理部分构建选项内数据到 settings.json ----
2024-7-15 15:24:38-debug: run build task 整理部分构建选项内数据到 settings.json success in √, progress: 12%
2024-7-15 15:24:38-debug: [Build Memory track]: 整理部分构建选项内数据到 settings.json start:174.53MB, end 174.54MB, increase: 10.24KB
2024-7-15 15:24:38-debug: 填充脚本数据到 settings.json start, progress: 12%
2024-7-15 15:24:38-debug: // ---- build task 填充脚本数据到 settings.json ----
2024-7-15 15:24:38-debug: run build task 填充脚本数据到 settings.json success in √, progress: 13%
2024-7-15 15:24:38-debug: [Build Memory track]: 填充脚本数据到 settings.json start:174.56MB, end 174.57MB, increase: 13.37KB
2024-7-15 15:24:38-debug: 整理部分构建选项内数据到 settings.json start, progress: 13%
2024-7-15 15:24:38-debug: // ---- build task 整理部分构建选项内数据到 settings.json ----
2024-7-15 15:24:38-debug: // ---- build task 整理部分构建选项内数据到 settings.json ---- (6ms)
2024-7-15 15:24:38-debug: [Build Memory track]: 整理部分构建选项内数据到 settings.json start:174.58MB, end 174.70MB, increase: 123.65KB
2024-7-15 15:24:38-debug: run build task 整理部分构建选项内数据到 settings.json success in 6 ms√, progress: 15%
2024-7-15 15:24:38-debug: Query all assets info in project
2024-7-15 15:24:38-debug: init custom config: keepNodeUuid: false, useCache: true
2024-7-15 15:24:38-debug: 查询 Asset Bundle start, progress: 0%
2024-7-15 15:24:38-debug: // ---- build task 查询 Asset Bundle ----
2024-7-15 15:24:38-debug: Query preload assets from cc.config.json: 60f7195c-ec2a-45eb-ba94-8955f60e81d0,1c02ae6f-4492-4915-b8f8-7492a3b1e4cd,810e96e4-e456-4468-9b59-f4e8f39732c0,efe8e2a3-eace-427b-b4f1-cb8a937ec77d,e9aa9a3e-5b2b-4ac7-a2c7-073de2b2b24f,8bbdbcdd-5cd4-4100-b6d5-b7c9625b6107,50f4348b-c883-4e2f-8f11-ce233b859fa1,fda095cb-831d-4601-ad94-846013963de8,f92806d7-1768-443f-afe8-12bcde84d0f0,dd3a144d-ab7f-41f0-82b8-2e43a090d496,f0416e68-0200-4b77-a926-4f9d16e494da,970b0598-bcb0-4714-91fb-2e81440dccd8,bcd64cc6-2dd9-43f6-abbe-66318d332032,d930590d-bb92-4cc8-8bd1-23cd027f9edf,a3cd009f-0ab0-420d-9278-b9fdab939bbc,c27215d8-6835-4b68-bfbb-bdeac6100c04,b5d6115f-0370-4d7c-aad3-c194cc71cf98,871c3b6c-7379-419d-bda3-794b239ab90d
2024-7-15 15:24:38-debug:   Number of all scenes: 13
2024-7-15 15:24:38-debug:   Number of all scripts: 63
2024-7-15 15:24:38-debug:   Number of other assets: 688
2024-7-15 15:24:38-debug: // ---- build task 查询 Asset Bundle ---- (4ms)
2024-7-15 15:24:38-debug: run build task 查询 Asset Bundle success in 4 ms√, progress: 5%
2024-7-15 15:24:38-debug: [Build Memory track]: 查询 Asset Bundle start:174.30MB, end 174.29MB, increase: -11.96KB
2024-7-15 15:24:38-debug: // ---- build task 查询 Asset Bundle ----
2024-7-15 15:24:38-debug: 查询 Asset Bundle start, progress: 5%
2024-7-15 15:24:38-debug: // ---- build task 查询 Asset Bundle ---- (1ms)
2024-7-15 15:24:38-debug: run build task 查询 Asset Bundle success in 1 ms√, progress: 10%
2024-7-15 15:24:38-debug: 整理部分构建选项内数据到 settings.json start, progress: 10%
2024-7-15 15:24:38-debug: // ---- build task 整理部分构建选项内数据到 settings.json ----
2024-7-15 15:24:38-debug: [Build Memory track]: 查询 Asset Bundle start:174.30MB, end 174.44MB, increase: 142.30KB
2024-7-15 15:24:38-debug: // ---- build task 整理部分构建选项内数据到 settings.json ---- (1ms)
2024-7-15 15:24:38-debug: [Build Memory track]: 整理部分构建选项内数据到 settings.json start:174.46MB, end 174.47MB, increase: 15.86KB
2024-7-15 15:24:38-debug: 填充脚本数据到 settings.json start, progress: 12%
2024-7-15 15:24:38-debug: // ---- build task 填充脚本数据到 settings.json ----
2024-7-15 15:24:38-debug: run build task 整理部分构建选项内数据到 settings.json success in 1 ms√, progress: 12%
2024-7-15 15:24:38-debug: run build task 填充脚本数据到 settings.json success in √, progress: 13%
2024-7-15 15:24:38-debug: [Build Memory track]: 填充脚本数据到 settings.json start:174.49MB, end 174.50MB, increase: 12.19KB
2024-7-15 15:24:38-debug: // ---- build task 整理部分构建选项内数据到 settings.json ----
2024-7-15 15:24:38-debug: 整理部分构建选项内数据到 settings.json start, progress: 13%
2024-7-15 15:24:38-debug: run build task 整理部分构建选项内数据到 settings.json success in 1 ms√, progress: 15%
2024-7-15 15:24:38-debug: [Build Memory track]: 整理部分构建选项内数据到 settings.json start:174.51MB, end 174.64MB, increase: 128.74KB
2024-7-15 15:24:38-debug: // ---- build task 整理部分构建选项内数据到 settings.json ---- (1ms)
2024-7-15 15:25:21-debug: refresh db internal success
2024-7-15 15:25:21-debug: refresh db assets success
2024-7-15 15:25:21-debug: Run asset db hook engine-extends:afterRefresh ...
2024-7-15 15:25:21-debug: Run asset db hook engine-extends:afterRefresh success!
2024-7-15 15:25:21-debug: asset-db:refresh-all-database (154ms)
2024-7-15 15:25:21-debug: asset-db-hook-engine-extends-afterRefresh (1ms)
2024-7-15 15:25:21-debug: asset-db:worker-effect-data-processing (1ms)
2024-7-15 15:26:05-debug: Query all assets info in project
2024-7-15 15:26:05-debug: init custom config: keepNodeUuid: false, useCache: true
2024-7-15 15:26:05-debug: 查询 Asset Bundle start, progress: 0%
2024-7-15 15:26:05-debug: // ---- build task 查询 Asset Bundle ----
2024-7-15 15:26:05-debug: Query preload assets from cc.config.json: 60f7195c-ec2a-45eb-ba94-8955f60e81d0,1c02ae6f-4492-4915-b8f8-7492a3b1e4cd,810e96e4-e456-4468-9b59-f4e8f39732c0,efe8e2a3-eace-427b-b4f1-cb8a937ec77d,e9aa9a3e-5b2b-4ac7-a2c7-073de2b2b24f,8bbdbcdd-5cd4-4100-b6d5-b7c9625b6107,50f4348b-c883-4e2f-8f11-ce233b859fa1,fda095cb-831d-4601-ad94-846013963de8,f92806d7-1768-443f-afe8-12bcde84d0f0,dd3a144d-ab7f-41f0-82b8-2e43a090d496,f0416e68-0200-4b77-a926-4f9d16e494da,970b0598-bcb0-4714-91fb-2e81440dccd8,bcd64cc6-2dd9-43f6-abbe-66318d332032,d930590d-bb92-4cc8-8bd1-23cd027f9edf,a3cd009f-0ab0-420d-9278-b9fdab939bbc,c27215d8-6835-4b68-bfbb-bdeac6100c04,b5d6115f-0370-4d7c-aad3-c194cc71cf98,871c3b6c-7379-419d-bda3-794b239ab90d
2024-7-15 15:26:05-debug:   Number of all scenes: 13
2024-7-15 15:26:05-debug:   Number of all scripts: 63
2024-7-15 15:26:05-debug:   Number of other assets: 688
2024-7-15 15:26:05-debug: // ---- build task 查询 Asset Bundle ---- (5ms)
2024-7-15 15:26:05-debug: run build task 查询 Asset Bundle success in 5 ms√, progress: 5%
2024-7-15 15:26:05-debug: 查询 Asset Bundle start, progress: 5%
2024-7-15 15:26:05-debug: [Build Memory track]: 查询 Asset Bundle start:175.81MB, end 175.75MB, increase: -60.75KB
2024-7-15 15:26:05-debug: // ---- build task 查询 Asset Bundle ----
2024-7-15 15:26:05-debug: // ---- build task 查询 Asset Bundle ---- (2ms)
2024-7-15 15:26:05-debug: run build task 查询 Asset Bundle success in 2 ms√, progress: 10%
2024-7-15 15:26:05-debug: // ---- build task 整理部分构建选项内数据到 settings.json ----
2024-7-15 15:26:05-debug: 整理部分构建选项内数据到 settings.json start, progress: 10%
2024-7-15 15:26:05-debug: [Build Memory track]: 查询 Asset Bundle start:175.77MB, end 175.90MB, increase: 140.19KB
2024-7-15 15:26:05-debug: run build task 整理部分构建选项内数据到 settings.json success in √, progress: 12%
2024-7-15 15:26:05-debug: [Build Memory track]: 整理部分构建选项内数据到 settings.json start:175.92MB, end 175.93MB, increase: 11.28KB
2024-7-15 15:26:05-debug: // ---- build task 填充脚本数据到 settings.json ----
2024-7-15 15:26:05-debug: 填充脚本数据到 settings.json start, progress: 12%
2024-7-15 15:26:05-debug: run build task 填充脚本数据到 settings.json success in √, progress: 13%
2024-7-15 15:26:05-debug: [Build Memory track]: 填充脚本数据到 settings.json start:175.94MB, end 175.95MB, increase: 11.63KB
2024-7-15 15:26:05-debug: 整理部分构建选项内数据到 settings.json start, progress: 13%
2024-7-15 15:26:05-debug: // ---- build task 整理部分构建选项内数据到 settings.json ----
2024-7-15 15:26:05-debug: // ---- build task 整理部分构建选项内数据到 settings.json ---- (3ms)
2024-7-15 15:26:05-debug: run build task 整理部分构建选项内数据到 settings.json success in 3 ms√, progress: 15%
2024-7-15 15:26:05-debug: [Build Memory track]: 整理部分构建选项内数据到 settings.json start:175.97MB, end 176.08MB, increase: 119.29KB
2024-7-15 15:26:05-debug: Query all assets info in project
2024-7-15 15:26:05-debug: init custom config: keepNodeUuid: false, useCache: true
2024-7-15 15:26:05-debug: 查询 Asset Bundle start, progress: 0%
2024-7-15 15:26:05-debug: // ---- build task 查询 Asset Bundle ----
2024-7-15 15:26:05-debug: Query preload assets from cc.config.json: 60f7195c-ec2a-45eb-ba94-8955f60e81d0,1c02ae6f-4492-4915-b8f8-7492a3b1e4cd,810e96e4-e456-4468-9b59-f4e8f39732c0,efe8e2a3-eace-427b-b4f1-cb8a937ec77d,e9aa9a3e-5b2b-4ac7-a2c7-073de2b2b24f,8bbdbcdd-5cd4-4100-b6d5-b7c9625b6107,50f4348b-c883-4e2f-8f11-ce233b859fa1,fda095cb-831d-4601-ad94-846013963de8,f92806d7-1768-443f-afe8-12bcde84d0f0,dd3a144d-ab7f-41f0-82b8-2e43a090d496,f0416e68-0200-4b77-a926-4f9d16e494da,970b0598-bcb0-4714-91fb-2e81440dccd8,bcd64cc6-2dd9-43f6-abbe-66318d332032,d930590d-bb92-4cc8-8bd1-23cd027f9edf,a3cd009f-0ab0-420d-9278-b9fdab939bbc,c27215d8-6835-4b68-bfbb-bdeac6100c04,b5d6115f-0370-4d7c-aad3-c194cc71cf98,871c3b6c-7379-419d-bda3-794b239ab90d
2024-7-15 15:26:05-debug:   Number of all scenes: 13
2024-7-15 15:26:05-debug:   Number of all scripts: 63
2024-7-15 15:26:05-debug:   Number of other assets: 688
2024-7-15 15:26:05-debug: // ---- build task 查询 Asset Bundle ---- (8ms)
2024-7-15 15:26:05-debug: run build task 查询 Asset Bundle success in 8 ms√, progress: 5%
2024-7-15 15:26:05-debug: [Build Memory track]: 查询 Asset Bundle start:175.66MB, end 175.61MB, increase: -46.43KB
2024-7-15 15:26:05-debug: 查询 Asset Bundle start, progress: 5%
2024-7-15 15:26:05-debug: // ---- build task 查询 Asset Bundle ----
2024-7-15 15:26:05-debug: // ---- build task 查询 Asset Bundle ---- (1ms)
2024-7-15 15:26:05-debug: run build task 查询 Asset Bundle success in 1 ms√, progress: 10%
2024-7-15 15:26:05-debug: [Build Memory track]: 查询 Asset Bundle start:175.62MB, end 175.76MB, increase: 138.87KB
2024-7-15 15:26:05-debug: // ---- build task 整理部分构建选项内数据到 settings.json ----
2024-7-15 15:26:05-debug: 整理部分构建选项内数据到 settings.json start, progress: 10%
2024-7-15 15:26:05-debug: run build task 整理部分构建选项内数据到 settings.json success in √, progress: 12%
2024-7-15 15:26:05-debug: [Build Memory track]: 整理部分构建选项内数据到 settings.json start:175.77MB, end 175.78MB, increase: 11.40KB
2024-7-15 15:26:05-debug: 填充脚本数据到 settings.json start, progress: 12%
2024-7-15 15:26:05-debug: // ---- build task 填充脚本数据到 settings.json ----
2024-7-15 15:26:05-debug: // ---- build task 填充脚本数据到 settings.json ---- (1ms)
2024-7-15 15:26:05-debug: run build task 填充脚本数据到 settings.json success in 1 ms√, progress: 13%
2024-7-15 15:26:05-debug: [Build Memory track]: 填充脚本数据到 settings.json start:175.80MB, end 175.81MB, increase: 15.70KB
2024-7-15 15:26:05-debug: // ---- build task 整理部分构建选项内数据到 settings.json ----
2024-7-15 15:26:05-debug: 整理部分构建选项内数据到 settings.json start, progress: 13%
2024-7-15 15:26:05-debug: // ---- build task 整理部分构建选项内数据到 settings.json ---- (3ms)
2024-7-15 15:26:05-debug: run build task 整理部分构建选项内数据到 settings.json success in 3 ms√, progress: 15%
2024-7-15 15:26:05-debug: [Build Memory track]: 整理部分构建选项内数据到 settings.json start:175.83MB, end 175.95MB, increase: 124.00KB
2024-7-15 15:26:21-debug: refresh db internal success
2024-7-15 15:26:21-debug: refresh db assets success
2024-7-15 15:26:21-debug: Run asset db hook engine-extends:afterRefresh ...
2024-7-15 15:26:21-debug: Run asset db hook engine-extends:afterRefresh success!
2024-7-15 15:26:21-debug: asset-db:refresh-all-database (108ms)
2024-7-15 15:26:21-debug: asset-db:worker-effect-data-processing (1ms)
2024-7-15 15:26:21-debug: asset-db-hook-engine-extends-afterRefresh (1ms)
2024-7-15 15:26:25-debug: start refresh asset from C:\Users\charon\Desktop\tankfightbackup\TK2\assets\map\alonemap2.scene...
2024-7-15 15:26:25-debug: %cImport%c: C:\Users\charon\Desktop\tankfightbackup\TK2\assets\map\alonemap2.scenebackground: #aaff85; color: #000;color: #000;
2024-7-15 15:26:25-debug: refresh asset C:\Users\charon\Desktop\tankfightbackup\TK2\assets\map success
2024-7-15 15:26:25-debug: refresh db internal success
2024-7-15 15:26:25-debug: refresh db assets success
2024-7-15 15:26:25-debug: Run asset db hook engine-extends:afterRefresh ...
2024-7-15 15:26:25-debug: Run asset db hook engine-extends:afterRefresh success!
2024-7-15 15:26:25-debug: asset-db:refresh-all-database (146ms)
2024-7-15 15:26:25-debug: asset-db:worker-effect-data-processing (4ms)
2024-7-15 15:26:25-debug: asset-db-hook-engine-extends-afterRefresh (4ms)
2024-7-15 15:27:35-debug: Query all assets info in project
2024-7-15 15:27:35-debug: init custom config: keepNodeUuid: false, useCache: true
2024-7-15 15:27:35-debug: 查询 Asset Bundle start, progress: 0%
2024-7-15 15:27:35-debug: // ---- build task 查询 Asset Bundle ----
2024-7-15 15:27:35-debug: Query preload assets from cc.config.json: 60f7195c-ec2a-45eb-ba94-8955f60e81d0,1c02ae6f-4492-4915-b8f8-7492a3b1e4cd,810e96e4-e456-4468-9b59-f4e8f39732c0,efe8e2a3-eace-427b-b4f1-cb8a937ec77d,e9aa9a3e-5b2b-4ac7-a2c7-073de2b2b24f,8bbdbcdd-5cd4-4100-b6d5-b7c9625b6107,50f4348b-c883-4e2f-8f11-ce233b859fa1,fda095cb-831d-4601-ad94-846013963de8,f92806d7-1768-443f-afe8-12bcde84d0f0,dd3a144d-ab7f-41f0-82b8-2e43a090d496,f0416e68-0200-4b77-a926-4f9d16e494da,970b0598-bcb0-4714-91fb-2e81440dccd8,bcd64cc6-2dd9-43f6-abbe-66318d332032,d930590d-bb92-4cc8-8bd1-23cd027f9edf,a3cd009f-0ab0-420d-9278-b9fdab939bbc,c27215d8-6835-4b68-bfbb-bdeac6100c04,b5d6115f-0370-4d7c-aad3-c194cc71cf98,871c3b6c-7379-419d-bda3-794b239ab90d
2024-7-15 15:27:35-debug:   Number of all scenes: 13
2024-7-15 15:27:35-debug:   Number of all scripts: 63
2024-7-15 15:27:35-debug:   Number of other assets: 688
2024-7-15 15:27:35-debug: // ---- build task 查询 Asset Bundle ---- (4ms)
2024-7-15 15:27:35-debug: [Build Memory track]: 查询 Asset Bundle start:178.50MB, end 179.30MB, increase: 814.45KB
2024-7-15 15:27:35-debug: run build task 查询 Asset Bundle success in 4 ms√, progress: 5%
2024-7-15 15:27:35-debug: // ---- build task 查询 Asset Bundle ----
2024-7-15 15:27:35-debug: 查询 Asset Bundle start, progress: 5%
2024-7-15 15:27:35-debug: // ---- build task 查询 Asset Bundle ---- (2ms)
2024-7-15 15:27:35-debug: run build task 查询 Asset Bundle success in 2 ms√, progress: 10%
2024-7-15 15:27:35-debug: 整理部分构建选项内数据到 settings.json start, progress: 10%
2024-7-15 15:27:35-debug: [Build Memory track]: 查询 Asset Bundle start:179.31MB, end 179.45MB, increase: 138.76KB
2024-7-15 15:27:35-debug: // ---- build task 整理部分构建选项内数据到 settings.json ----
2024-7-15 15:27:35-debug: // ---- build task 整理部分构建选项内数据到 settings.json ---- (1ms)
2024-7-15 15:27:35-debug: run build task 整理部分构建选项内数据到 settings.json success in 1 ms√, progress: 12%
2024-7-15 15:27:35-debug: [Build Memory track]: 整理部分构建选项内数据到 settings.json start:179.46MB, end 179.48MB, increase: 17.73KB
2024-7-15 15:27:35-debug: 填充脚本数据到 settings.json start, progress: 12%
2024-7-15 15:27:35-debug: // ---- build task 填充脚本数据到 settings.json ----
2024-7-15 15:27:35-debug: // ---- build task 填充脚本数据到 settings.json ---- (1ms)
2024-7-15 15:27:35-debug: run build task 填充脚本数据到 settings.json success in 1 ms√, progress: 13%
2024-7-15 15:27:35-debug: [Build Memory track]: 填充脚本数据到 settings.json start:179.49MB, end 179.51MB, increase: 14.79KB
2024-7-15 15:27:35-debug: 整理部分构建选项内数据到 settings.json start, progress: 13%
2024-7-15 15:27:35-debug: // ---- build task 整理部分构建选项内数据到 settings.json ----
2024-7-15 15:27:35-debug: // ---- build task 整理部分构建选项内数据到 settings.json ---- (2ms)
2024-7-15 15:27:35-debug: run build task 整理部分构建选项内数据到 settings.json success in 2 ms√, progress: 15%
2024-7-15 15:27:35-debug: [Build Memory track]: 整理部分构建选项内数据到 settings.json start:179.52MB, end 179.65MB, increase: 130.76KB
2024-7-15 15:27:35-debug: Query all assets info in project
2024-7-15 15:27:35-debug: init custom config: keepNodeUuid: false, useCache: true
2024-7-15 15:27:35-debug: 查询 Asset Bundle start, progress: 0%
2024-7-15 15:27:35-debug: // ---- build task 查询 Asset Bundle ----
2024-7-15 15:27:35-debug: Query preload assets from cc.config.json: 60f7195c-ec2a-45eb-ba94-8955f60e81d0,1c02ae6f-4492-4915-b8f8-7492a3b1e4cd,810e96e4-e456-4468-9b59-f4e8f39732c0,efe8e2a3-eace-427b-b4f1-cb8a937ec77d,e9aa9a3e-5b2b-4ac7-a2c7-073de2b2b24f,8bbdbcdd-5cd4-4100-b6d5-b7c9625b6107,50f4348b-c883-4e2f-8f11-ce233b859fa1,fda095cb-831d-4601-ad94-846013963de8,f92806d7-1768-443f-afe8-12bcde84d0f0,dd3a144d-ab7f-41f0-82b8-2e43a090d496,f0416e68-0200-4b77-a926-4f9d16e494da,970b0598-bcb0-4714-91fb-2e81440dccd8,bcd64cc6-2dd9-43f6-abbe-66318d332032,d930590d-bb92-4cc8-8bd1-23cd027f9edf,a3cd009f-0ab0-420d-9278-b9fdab939bbc,c27215d8-6835-4b68-bfbb-bdeac6100c04,b5d6115f-0370-4d7c-aad3-c194cc71cf98,871c3b6c-7379-419d-bda3-794b239ab90d
2024-7-15 15:27:35-debug:   Number of all scenes: 13
2024-7-15 15:27:35-debug:   Number of all scripts: 63
2024-7-15 15:27:35-debug:   Number of other assets: 688
2024-7-15 15:27:35-debug: // ---- build task 查询 Asset Bundle ---- (5ms)
2024-7-15 15:27:35-debug: run build task 查询 Asset Bundle success in 5 ms√, progress: 5%
2024-7-15 15:27:35-debug: [Build Memory track]: 查询 Asset Bundle start:180.04MB, end 179.02MB, increase: -1038.32KB
2024-7-15 15:27:35-debug: 查询 Asset Bundle start, progress: 5%
2024-7-15 15:27:35-debug: // ---- build task 查询 Asset Bundle ----
2024-7-15 15:27:35-debug: // ---- build task 查询 Asset Bundle ---- (2ms)
2024-7-15 15:27:35-debug: run build task 查询 Asset Bundle success in 2 ms√, progress: 10%
2024-7-15 15:27:35-debug: 整理部分构建选项内数据到 settings.json start, progress: 10%
2024-7-15 15:27:35-debug: [Build Memory track]: 查询 Asset Bundle start:179.04MB, end 178.34MB, increase: -716.52KB
2024-7-15 15:27:35-debug: // ---- build task 整理部分构建选项内数据到 settings.json ----
2024-7-15 15:27:35-debug: // ---- build task 整理部分构建选项内数据到 settings.json ---- (1ms)
2024-7-15 15:27:35-debug: run build task 整理部分构建选项内数据到 settings.json success in 1 ms√, progress: 12%
2024-7-15 15:27:35-debug: 填充脚本数据到 settings.json start, progress: 12%
2024-7-15 15:27:35-debug: [Build Memory track]: 整理部分构建选项内数据到 settings.json start:178.35MB, end 178.36MB, increase: 14.76KB
2024-7-15 15:27:35-debug: // ---- build task 填充脚本数据到 settings.json ----
2024-7-15 15:27:35-debug: // ---- build task 填充脚本数据到 settings.json ---- (1ms)
2024-7-15 15:27:35-debug: run build task 填充脚本数据到 settings.json success in 1 ms√, progress: 13%
2024-7-15 15:27:35-debug: [Build Memory track]: 填充脚本数据到 settings.json start:178.38MB, end 178.39MB, increase: 15.23KB
2024-7-15 15:27:35-debug: // ---- build task 整理部分构建选项内数据到 settings.json ----
2024-7-15 15:27:35-debug: 整理部分构建选项内数据到 settings.json start, progress: 13%
2024-7-15 15:27:35-debug: // ---- build task 整理部分构建选项内数据到 settings.json ---- (2ms)
2024-7-15 15:27:35-debug: run build task 整理部分构建选项内数据到 settings.json success in 2 ms√, progress: 15%
2024-7-15 15:27:35-debug: [Build Memory track]: 整理部分构建选项内数据到 settings.json start:178.41MB, end 178.70MB, increase: 294.91KB
2024-7-15 15:27:44-debug: refresh db internal success
2024-7-15 15:27:44-debug: refresh db assets success
2024-7-15 15:27:44-debug: Run asset db hook engine-extends:afterRefresh ...
2024-7-15 15:27:44-debug: Run asset db hook engine-extends:afterRefresh success!
2024-7-15 15:27:44-debug: asset-db:refresh-all-database (102ms)
2024-7-15 15:27:44-debug: asset-db:worker-effect-data-processing (1ms)
2024-7-15 15:27:44-debug: asset-db-hook-engine-extends-afterRefresh (1ms)
2024-7-15 15:30:22-debug: Query all assets info in project
2024-7-15 15:30:22-debug: init custom config: keepNodeUuid: false, useCache: true
2024-7-15 15:30:22-debug: 查询 Asset Bundle start, progress: 0%
2024-7-15 15:30:22-debug: // ---- build task 查询 Asset Bundle ----
2024-7-15 15:30:22-debug: Query preload assets from cc.config.json: 60f7195c-ec2a-45eb-ba94-8955f60e81d0,1c02ae6f-4492-4915-b8f8-7492a3b1e4cd,810e96e4-e456-4468-9b59-f4e8f39732c0,efe8e2a3-eace-427b-b4f1-cb8a937ec77d,e9aa9a3e-5b2b-4ac7-a2c7-073de2b2b24f,8bbdbcdd-5cd4-4100-b6d5-b7c9625b6107,50f4348b-c883-4e2f-8f11-ce233b859fa1,fda095cb-831d-4601-ad94-846013963de8,f92806d7-1768-443f-afe8-12bcde84d0f0,dd3a144d-ab7f-41f0-82b8-2e43a090d496,f0416e68-0200-4b77-a926-4f9d16e494da,970b0598-bcb0-4714-91fb-2e81440dccd8,bcd64cc6-2dd9-43f6-abbe-66318d332032,d930590d-bb92-4cc8-8bd1-23cd027f9edf,a3cd009f-0ab0-420d-9278-b9fdab939bbc,c27215d8-6835-4b68-bfbb-bdeac6100c04,b5d6115f-0370-4d7c-aad3-c194cc71cf98,871c3b6c-7379-419d-bda3-794b239ab90d
2024-7-15 15:30:22-debug:   Number of all scenes: 13
2024-7-15 15:30:22-debug:   Number of all scripts: 63
2024-7-15 15:30:22-debug:   Number of other assets: 688
2024-7-15 15:30:22-debug: // ---- build task 查询 Asset Bundle ---- (10ms)
2024-7-15 15:30:22-debug: run build task 查询 Asset Bundle success in 10 ms√, progress: 5%
2024-7-15 15:30:22-debug: [Build Memory track]: 查询 Asset Bundle start:179.86MB, end 179.77MB, increase: -96.71KB
2024-7-15 15:30:22-debug: 查询 Asset Bundle start, progress: 5%
2024-7-15 15:30:22-debug: // ---- build task 查询 Asset Bundle ----
2024-7-15 15:30:22-debug: // ---- build task 查询 Asset Bundle ---- (3ms)
2024-7-15 15:30:22-debug: run build task 查询 Asset Bundle success in 3 ms√, progress: 10%
2024-7-15 15:30:22-debug: [Build Memory track]: 查询 Asset Bundle start:179.78MB, end 179.92MB, increase: 137.84KB
2024-7-15 15:30:22-debug: 整理部分构建选项内数据到 settings.json start, progress: 10%
2024-7-15 15:30:22-debug: // ---- build task 整理部分构建选项内数据到 settings.json ----
2024-7-15 15:30:22-debug: run build task 整理部分构建选项内数据到 settings.json success in √, progress: 12%
2024-7-15 15:30:22-debug: [Build Memory track]: 整理部分构建选项内数据到 settings.json start:179.93MB, end 179.94MB, increase: 11.07KB
2024-7-15 15:30:22-debug: 填充脚本数据到 settings.json start, progress: 12%
2024-7-15 15:30:22-debug: // ---- build task 填充脚本数据到 settings.json ----
2024-7-15 15:30:22-debug: run build task 填充脚本数据到 settings.json success in 1 ms√, progress: 13%
2024-7-15 15:30:22-debug: [Build Memory track]: 填充脚本数据到 settings.json start:179.96MB, end 179.97MB, increase: 15.77KB
2024-7-15 15:30:22-debug: 整理部分构建选项内数据到 settings.json start, progress: 13%
2024-7-15 15:30:22-debug: // ---- build task 整理部分构建选项内数据到 settings.json ----
2024-7-15 15:30:22-debug: // ---- build task 填充脚本数据到 settings.json ---- (1ms)
2024-7-15 15:30:22-debug: // ---- build task 整理部分构建选项内数据到 settings.json ---- (8ms)
2024-7-15 15:30:22-debug: run build task 整理部分构建选项内数据到 settings.json success in 8 ms√, progress: 15%
2024-7-15 15:30:22-debug: [Build Memory track]: 整理部分构建选项内数据到 settings.json start:179.99MB, end 180.12MB, increase: 135.43KB
2024-7-15 15:30:40-debug: refresh db internal success
2024-7-15 15:30:40-debug: refresh db assets success
2024-7-15 15:30:40-debug: Run asset db hook engine-extends:afterRefresh ...
2024-7-15 15:30:40-debug: Run asset db hook engine-extends:afterRefresh success!
2024-7-15 15:30:40-debug: asset-db:refresh-all-database (205ms)
2024-7-15 15:30:40-debug: asset-db-hook-engine-extends-afterRefresh (1ms)
2024-7-15 15:30:48-debug: Query all assets info in project
2024-7-15 15:30:48-debug: init custom config: keepNodeUuid: false, useCache: true
2024-7-15 15:30:48-debug: 查询 Asset Bundle start, progress: 0%
2024-7-15 15:30:48-debug: // ---- build task 查询 Asset Bundle ----
2024-7-15 15:30:48-debug: Query preload assets from cc.config.json: 60f7195c-ec2a-45eb-ba94-8955f60e81d0,1c02ae6f-4492-4915-b8f8-7492a3b1e4cd,810e96e4-e456-4468-9b59-f4e8f39732c0,efe8e2a3-eace-427b-b4f1-cb8a937ec77d,e9aa9a3e-5b2b-4ac7-a2c7-073de2b2b24f,8bbdbcdd-5cd4-4100-b6d5-b7c9625b6107,50f4348b-c883-4e2f-8f11-ce233b859fa1,fda095cb-831d-4601-ad94-846013963de8,f92806d7-1768-443f-afe8-12bcde84d0f0,dd3a144d-ab7f-41f0-82b8-2e43a090d496,f0416e68-0200-4b77-a926-4f9d16e494da,970b0598-bcb0-4714-91fb-2e81440dccd8,bcd64cc6-2dd9-43f6-abbe-66318d332032,d930590d-bb92-4cc8-8bd1-23cd027f9edf,a3cd009f-0ab0-420d-9278-b9fdab939bbc,c27215d8-6835-4b68-bfbb-bdeac6100c04,b5d6115f-0370-4d7c-aad3-c194cc71cf98,871c3b6c-7379-419d-bda3-794b239ab90d
2024-7-15 15:30:48-debug:   Number of all scenes: 13
2024-7-15 15:30:48-debug:   Number of all scripts: 63
2024-7-15 15:30:48-debug:   Number of other assets: 688
2024-7-15 15:30:48-debug: // ---- build task 查询 Asset Bundle ---- (5ms)
2024-7-15 15:30:48-debug: run build task 查询 Asset Bundle success in 5 ms√, progress: 5%
2024-7-15 15:30:48-debug: // ---- build task 查询 Asset Bundle ----
2024-7-15 15:30:48-debug: [Build Memory track]: 查询 Asset Bundle start:165.17MB, end 165.13MB, increase: -43.64KB
2024-7-15 15:30:48-debug: 查询 Asset Bundle start, progress: 5%
2024-7-15 15:30:48-debug: // ---- build task 查询 Asset Bundle ---- (2ms)
2024-7-15 15:30:48-debug: run build task 查询 Asset Bundle success in 2 ms√, progress: 10%
2024-7-15 15:30:48-debug: 整理部分构建选项内数据到 settings.json start, progress: 10%
2024-7-15 15:30:48-debug: // ---- build task 整理部分构建选项内数据到 settings.json ----
2024-7-15 15:30:48-debug: [Build Memory track]: 查询 Asset Bundle start:165.14MB, end 164.41MB, increase: -748.79KB
2024-7-15 15:30:48-debug: run build task 整理部分构建选项内数据到 settings.json success in √, progress: 12%
2024-7-15 15:30:48-debug: [Build Memory track]: 整理部分构建选项内数据到 settings.json start:164.43MB, end 164.44MB, increase: 10.25KB
2024-7-15 15:30:48-debug: 填充脚本数据到 settings.json start, progress: 12%
2024-7-15 15:30:48-debug: // ---- build task 填充脚本数据到 settings.json ----
2024-7-15 15:30:48-debug: // ---- build task 填充脚本数据到 settings.json ---- (1ms)
2024-7-15 15:30:48-debug: run build task 填充脚本数据到 settings.json success in 1 ms√, progress: 13%
2024-7-15 15:30:48-debug: // ---- build task 整理部分构建选项内数据到 settings.json ----
2024-7-15 15:30:48-debug: [Build Memory track]: 填充脚本数据到 settings.json start:164.45MB, end 164.46MB, increase: 14.26KB
2024-7-15 15:30:48-debug: 整理部分构建选项内数据到 settings.json start, progress: 13%
2024-7-15 15:30:48-debug: // ---- build task 整理部分构建选项内数据到 settings.json ---- (3ms)
2024-7-15 15:30:48-debug: [Build Memory track]: 整理部分构建选项内数据到 settings.json start:164.48MB, end 164.60MB, increase: 129.89KB
2024-7-15 15:30:48-debug: run build task 整理部分构建选项内数据到 settings.json success in 3 ms√, progress: 15%
2024-7-15 15:30:55-debug: refresh db internal success
2024-7-15 15:30:55-debug: Run asset db hook engine-extends:afterRefresh ...
2024-7-15 15:30:55-debug: refresh db assets success
2024-7-15 15:30:55-debug: Run asset db hook engine-extends:afterRefresh success!
2024-7-15 15:30:55-debug: asset-db:refresh-all-database (111ms)
2024-7-15 15:30:55-debug: asset-db-hook-engine-extends-afterRefresh (1ms)
2024-7-15 15:31:11-debug: refresh db internal success
2024-7-15 15:31:11-debug: refresh db assets success
2024-7-15 15:31:11-debug: Run asset db hook engine-extends:afterRefresh success!
2024-7-15 15:31:11-debug: Run asset db hook engine-extends:afterRefresh ...
2024-7-15 15:31:11-debug: asset-db:refresh-all-database (98ms)
2024-7-15 15:31:11-debug: asset-db:worker-effect-data-processing (1ms)
2024-7-15 15:31:11-debug: asset-db-hook-engine-extends-afterRefresh (1ms)
2024-7-15 15:31:55-debug: Query all assets info in project
2024-7-15 15:31:55-debug: init custom config: keepNodeUuid: false, useCache: true
2024-7-15 15:31:55-debug: 查询 Asset Bundle start, progress: 0%
2024-7-15 15:31:55-debug: // ---- build task 查询 Asset Bundle ----
2024-7-15 15:31:55-debug: Query preload assets from cc.config.json: 60f7195c-ec2a-45eb-ba94-8955f60e81d0,1c02ae6f-4492-4915-b8f8-7492a3b1e4cd,810e96e4-e456-4468-9b59-f4e8f39732c0,efe8e2a3-eace-427b-b4f1-cb8a937ec77d,e9aa9a3e-5b2b-4ac7-a2c7-073de2b2b24f,8bbdbcdd-5cd4-4100-b6d5-b7c9625b6107,50f4348b-c883-4e2f-8f11-ce233b859fa1,fda095cb-831d-4601-ad94-846013963de8,f92806d7-1768-443f-afe8-12bcde84d0f0,dd3a144d-ab7f-41f0-82b8-2e43a090d496,f0416e68-0200-4b77-a926-4f9d16e494da,970b0598-bcb0-4714-91fb-2e81440dccd8,bcd64cc6-2dd9-43f6-abbe-66318d332032,d930590d-bb92-4cc8-8bd1-23cd027f9edf,a3cd009f-0ab0-420d-9278-b9fdab939bbc,c27215d8-6835-4b68-bfbb-bdeac6100c04,b5d6115f-0370-4d7c-aad3-c194cc71cf98,871c3b6c-7379-419d-bda3-794b239ab90d
2024-7-15 15:31:55-debug:   Number of all scenes: 13
2024-7-15 15:31:55-debug:   Number of all scripts: 63
2024-7-15 15:31:55-debug:   Number of other assets: 688
2024-7-15 15:31:55-debug: // ---- build task 查询 Asset Bundle ---- (7ms)
2024-7-15 15:31:55-debug: [Build Memory track]: 查询 Asset Bundle start:167.49MB, end 167.40MB, increase: -91.52KB
2024-7-15 15:31:55-debug: run build task 查询 Asset Bundle success in 7 ms√, progress: 5%
2024-7-15 15:31:55-debug: // ---- build task 查询 Asset Bundle ----
2024-7-15 15:31:55-debug: 查询 Asset Bundle start, progress: 5%
2024-7-15 15:31:55-debug: // ---- build task 查询 Asset Bundle ---- (7ms)
2024-7-15 15:31:55-debug: run build task 查询 Asset Bundle success in 7 ms√, progress: 10%
2024-7-15 15:31:55-debug: // ---- build task 整理部分构建选项内数据到 settings.json ----
2024-7-15 15:31:55-debug: [Build Memory track]: 查询 Asset Bundle start:167.41MB, end 167.55MB, increase: 142.52KB
2024-7-15 15:31:55-debug: 整理部分构建选项内数据到 settings.json start, progress: 10%
2024-7-15 15:31:55-debug: // ---- build task 整理部分构建选项内数据到 settings.json ---- (1ms)
2024-7-15 15:31:55-debug: run build task 整理部分构建选项内数据到 settings.json success in 1 ms√, progress: 12%
2024-7-15 15:31:55-debug: [Build Memory track]: 整理部分构建选项内数据到 settings.json start:167.56MB, end 167.58MB, increase: 14.46KB
2024-7-15 15:31:55-debug: // ---- build task 填充脚本数据到 settings.json ----
2024-7-15 15:31:55-debug: 填充脚本数据到 settings.json start, progress: 12%
2024-7-15 15:31:55-debug: // ---- build task 填充脚本数据到 settings.json ---- (1ms)
2024-7-15 15:31:55-debug: run build task 填充脚本数据到 settings.json success in 1 ms√, progress: 13%
2024-7-15 15:31:55-debug: [Build Memory track]: 填充脚本数据到 settings.json start:167.59MB, end 167.61MB, increase: 14.99KB
2024-7-15 15:31:55-debug: 整理部分构建选项内数据到 settings.json start, progress: 13%
2024-7-15 15:31:55-debug: // ---- build task 整理部分构建选项内数据到 settings.json ----
2024-7-15 15:31:55-debug: // ---- build task 整理部分构建选项内数据到 settings.json ---- (4ms)
2024-7-15 15:31:55-debug: run build task 整理部分构建选项内数据到 settings.json success in 4 ms√, progress: 15%
2024-7-15 15:31:55-debug: [Build Memory track]: 整理部分构建选项内数据到 settings.json start:166.75MB, end 166.87MB, increase: 125.27KB
2024-7-15 15:33:08-debug: refresh db internal success
2024-7-15 15:33:08-debug: refresh db assets success
2024-7-15 15:33:08-debug: Run asset db hook engine-extends:afterRefresh ...
2024-7-15 15:33:08-debug: Run asset db hook engine-extends:afterRefresh success!
2024-7-15 15:33:08-debug: asset-db:refresh-all-database (128ms)
2024-7-15 15:33:08-debug: asset-db:worker-effect-data-processing (1ms)
2024-7-15 15:33:08-debug: asset-db-hook-engine-extends-afterRefresh (1ms)
2024-7-15 15:44:02-debug: refresh db internal success
2024-7-15 15:44:02-debug: refresh db assets success
2024-7-15 15:44:02-debug: Run asset db hook engine-extends:afterRefresh ...
2024-7-15 15:44:02-debug: Run asset db hook engine-extends:afterRefresh success!
2024-7-15 15:44:02-debug: asset-db:refresh-all-database (128ms)
2024-7-15 15:45:39-debug: refresh db internal success
2024-7-15 15:45:39-debug: refresh db assets success
2024-7-15 15:45:39-debug: Run asset db hook engine-extends:afterRefresh ...
2024-7-15 15:45:39-debug: Run asset db hook engine-extends:afterRefresh success!
2024-7-15 15:45:39-debug: asset-db:refresh-all-database (116ms)
2024-7-15 15:45:39-debug: asset-db-hook-engine-extends-afterRefresh (1ms)
2024-7-15 15:52:57-debug: Query all assets info in project
2024-7-15 15:52:57-debug: init custom config: keepNodeUuid: false, useCache: true
2024-7-15 15:52:57-debug: 查询 Asset Bundle start, progress: 0%
2024-7-15 15:52:57-debug: // ---- build task 查询 Asset Bundle ----
2024-7-15 15:52:57-debug: Query preload assets from cc.config.json: 60f7195c-ec2a-45eb-ba94-8955f60e81d0,1c02ae6f-4492-4915-b8f8-7492a3b1e4cd,810e96e4-e456-4468-9b59-f4e8f39732c0,efe8e2a3-eace-427b-b4f1-cb8a937ec77d,e9aa9a3e-5b2b-4ac7-a2c7-073de2b2b24f,8bbdbcdd-5cd4-4100-b6d5-b7c9625b6107,50f4348b-c883-4e2f-8f11-ce233b859fa1,fda095cb-831d-4601-ad94-846013963de8,f92806d7-1768-443f-afe8-12bcde84d0f0,dd3a144d-ab7f-41f0-82b8-2e43a090d496,f0416e68-0200-4b77-a926-4f9d16e494da,970b0598-bcb0-4714-91fb-2e81440dccd8,bcd64cc6-2dd9-43f6-abbe-66318d332032,d930590d-bb92-4cc8-8bd1-23cd027f9edf,a3cd009f-0ab0-420d-9278-b9fdab939bbc,c27215d8-6835-4b68-bfbb-bdeac6100c04,b5d6115f-0370-4d7c-aad3-c194cc71cf98,871c3b6c-7379-419d-bda3-794b239ab90d
2024-7-15 15:52:57-debug:   Number of all scenes: 13
2024-7-15 15:52:57-debug:   Number of other assets: 688
2024-7-15 15:52:57-debug:   Number of all scripts: 63
2024-7-15 15:52:57-debug: // ---- build task 查询 Asset Bundle ---- (8ms)
2024-7-15 15:52:57-debug: run build task 查询 Asset Bundle success in 8 ms√, progress: 5%
2024-7-15 15:52:57-debug: // ---- build task 查询 Asset Bundle ----
2024-7-15 15:52:57-debug: [Build Memory track]: 查询 Asset Bundle start:170.65MB, end 170.58MB, increase: -74.24KB
2024-7-15 15:52:57-debug: 查询 Asset Bundle start, progress: 5%
2024-7-15 15:52:57-debug: run build task 查询 Asset Bundle success in 2 ms√, progress: 10%
2024-7-15 15:52:57-debug: 整理部分构建选项内数据到 settings.json start, progress: 10%
2024-7-15 15:52:57-debug: // ---- build task 整理部分构建选项内数据到 settings.json ----
2024-7-15 15:52:57-debug: [Build Memory track]: 查询 Asset Bundle start:170.59MB, end 170.72MB, increase: 137.28KB
2024-7-15 15:52:57-debug: // ---- build task 查询 Asset Bundle ---- (2ms)
2024-7-15 15:52:57-debug: run build task 整理部分构建选项内数据到 settings.json success in 1 ms√, progress: 12%
2024-7-15 15:52:57-debug: // ---- build task 整理部分构建选项内数据到 settings.json ---- (1ms)
2024-7-15 15:52:57-debug: [Build Memory track]: 整理部分构建选项内数据到 settings.json start:170.74MB, end 170.75MB, increase: 14.45KB
2024-7-15 15:52:57-debug: 填充脚本数据到 settings.json start, progress: 12%
2024-7-15 15:52:57-debug: // ---- build task 填充脚本数据到 settings.json ----
2024-7-15 15:52:57-debug: // ---- build task 填充脚本数据到 settings.json ---- (1ms)
2024-7-15 15:52:57-debug: run build task 填充脚本数据到 settings.json success in 1 ms√, progress: 13%
2024-7-15 15:52:57-debug: [Build Memory track]: 填充脚本数据到 settings.json start:170.77MB, end 170.79MB, increase: 22.07KB
2024-7-15 15:52:57-debug: 整理部分构建选项内数据到 settings.json start, progress: 13%
2024-7-15 15:52:57-debug: // ---- build task 整理部分构建选项内数据到 settings.json ----
2024-7-15 15:52:57-debug: // ---- build task 整理部分构建选项内数据到 settings.json ---- (4ms)
2024-7-15 15:52:57-debug: run build task 整理部分构建选项内数据到 settings.json success in 4 ms√, progress: 15%
2024-7-15 15:52:57-debug: [Build Memory track]: 整理部分构建选项内数据到 settings.json start:170.80MB, end 170.93MB, increase: 128.20KB
2024-7-15 15:53:16-debug: refresh db internal success
2024-7-15 15:53:16-debug: refresh db assets success
2024-7-15 15:53:16-debug: Run asset db hook engine-extends:afterRefresh ...
2024-7-15 15:53:16-debug: Run asset db hook engine-extends:afterRefresh success!
2024-7-15 15:53:16-debug: asset-db:refresh-all-database (164ms)
2024-7-15 15:53:16-debug: asset-db:worker-effect-data-processing (1ms)
2024-7-15 15:53:16-debug: asset-db-hook-engine-extends-afterRefresh (2ms)
2024-7-15 15:53:27-debug: start refresh asset from C:\Users\charon\Desktop\tankfightbackup\TK2\assets\map\alonemap2.scene...
2024-7-15 15:53:27-debug: %cImport%c: C:\Users\charon\Desktop\tankfightbackup\TK2\assets\map\alonemap2.scenebackground: #aaff85; color: #000;color: #000;
2024-7-15 15:53:27-debug: refresh asset C:\Users\charon\Desktop\tankfightbackup\TK2\assets\map success
2024-7-15 15:53:28-debug: Query all assets info in project
2024-7-15 15:53:28-debug: init custom config: keepNodeUuid: false, useCache: true
2024-7-15 15:53:28-debug: 查询 Asset Bundle start, progress: 0%
2024-7-15 15:53:28-debug: // ---- build task 查询 Asset Bundle ----
2024-7-15 15:53:28-debug: Query preload assets from cc.config.json: 60f7195c-ec2a-45eb-ba94-8955f60e81d0,1c02ae6f-4492-4915-b8f8-7492a3b1e4cd,810e96e4-e456-4468-9b59-f4e8f39732c0,efe8e2a3-eace-427b-b4f1-cb8a937ec77d,e9aa9a3e-5b2b-4ac7-a2c7-073de2b2b24f,8bbdbcdd-5cd4-4100-b6d5-b7c9625b6107,50f4348b-c883-4e2f-8f11-ce233b859fa1,fda095cb-831d-4601-ad94-846013963de8,f92806d7-1768-443f-afe8-12bcde84d0f0,dd3a144d-ab7f-41f0-82b8-2e43a090d496,f0416e68-0200-4b77-a926-4f9d16e494da,970b0598-bcb0-4714-91fb-2e81440dccd8,bcd64cc6-2dd9-43f6-abbe-66318d332032,d930590d-bb92-4cc8-8bd1-23cd027f9edf,a3cd009f-0ab0-420d-9278-b9fdab939bbc,c27215d8-6835-4b68-bfbb-bdeac6100c04,b5d6115f-0370-4d7c-aad3-c194cc71cf98,871c3b6c-7379-419d-bda3-794b239ab90d
2024-7-15 15:53:28-debug:   Number of all scenes: 13
2024-7-15 15:53:28-debug:   Number of all scripts: 63
2024-7-15 15:53:28-debug:   Number of other assets: 688
2024-7-15 15:53:28-debug: run build task 查询 Asset Bundle success in 9 ms√, progress: 5%
2024-7-15 15:53:28-debug: [Build Memory track]: 查询 Asset Bundle start:175.22MB, end 174.49MB, increase: -752.58KB
2024-7-15 15:53:28-debug: 查询 Asset Bundle start, progress: 5%
2024-7-15 15:53:28-debug: // ---- build task 查询 Asset Bundle ---- (9ms)
2024-7-15 15:53:28-debug: // ---- build task 查询 Asset Bundle ----
2024-7-15 15:53:28-debug: // ---- build task 查询 Asset Bundle ---- (3ms)
2024-7-15 15:53:28-debug: run build task 查询 Asset Bundle success in 3 ms√, progress: 10%
2024-7-15 15:53:28-debug: [Build Memory track]: 查询 Asset Bundle start:174.52MB, end 174.65MB, increase: 138.82KB
2024-7-15 15:53:28-debug: // ---- build task 整理部分构建选项内数据到 settings.json ----
2024-7-15 15:53:28-debug: run build task 整理部分构建选项内数据到 settings.json success in 1 ms√, progress: 12%
2024-7-15 15:53:28-debug: // ---- build task 整理部分构建选项内数据到 settings.json ---- (1ms)
2024-7-15 15:53:28-debug: [Build Memory track]: 整理部分构建选项内数据到 settings.json start:174.67MB, end 174.68MB, increase: 14.93KB
2024-7-15 15:53:28-debug: 整理部分构建选项内数据到 settings.json start, progress: 10%
2024-7-15 15:53:28-debug: // ---- build task 填充脚本数据到 settings.json ----
2024-7-15 15:53:28-debug: 填充脚本数据到 settings.json start, progress: 12%
2024-7-15 15:53:28-debug: run build task 填充脚本数据到 settings.json success in 1 ms√, progress: 13%
2024-7-15 15:53:28-debug: [Build Memory track]: 填充脚本数据到 settings.json start:174.70MB, end 174.97MB, increase: 284.20KB
2024-7-15 15:53:28-debug: 整理部分构建选项内数据到 settings.json start, progress: 13%
2024-7-15 15:53:28-debug: // ---- build task 整理部分构建选项内数据到 settings.json ----
2024-7-15 15:53:28-debug: // ---- build task 填充脚本数据到 settings.json ---- (1ms)
2024-7-15 15:53:28-debug: // ---- build task 整理部分构建选项内数据到 settings.json ---- (6ms)
2024-7-15 15:53:28-debug: run build task 整理部分构建选项内数据到 settings.json success in 6 ms√, progress: 15%
2024-7-15 15:53:28-debug: [Build Memory track]: 整理部分构建选项内数据到 settings.json start:174.99MB, end 174.25MB, increase: -756.01KB
2024-7-15 15:53:52-debug: refresh db internal success
2024-7-15 15:53:52-debug: Run asset db hook engine-extends:afterRefresh ...
2024-7-15 15:53:52-debug: refresh db assets success
2024-7-15 15:53:52-debug: Run asset db hook engine-extends:afterRefresh success!
2024-7-15 15:53:52-debug: asset-db:refresh-all-database (122ms)
2024-7-15 15:53:52-debug: asset-db:worker-effect-data-processing (2ms)
2024-7-15 15:53:52-debug: asset-db-hook-engine-extends-afterRefresh (2ms)
2024-7-15 15:54:02-debug: Query all assets info in project
2024-7-15 15:54:02-debug: init custom config: keepNodeUuid: false, useCache: true
2024-7-15 15:54:02-debug: 查询 Asset Bundle start, progress: 0%
2024-7-15 15:54:02-debug: // ---- build task 查询 Asset Bundle ----
2024-7-15 15:54:02-debug: Query preload assets from cc.config.json: 60f7195c-ec2a-45eb-ba94-8955f60e81d0,1c02ae6f-4492-4915-b8f8-7492a3b1e4cd,810e96e4-e456-4468-9b59-f4e8f39732c0,efe8e2a3-eace-427b-b4f1-cb8a937ec77d,e9aa9a3e-5b2b-4ac7-a2c7-073de2b2b24f,8bbdbcdd-5cd4-4100-b6d5-b7c9625b6107,50f4348b-c883-4e2f-8f11-ce233b859fa1,fda095cb-831d-4601-ad94-846013963de8,f92806d7-1768-443f-afe8-12bcde84d0f0,dd3a144d-ab7f-41f0-82b8-2e43a090d496,f0416e68-0200-4b77-a926-4f9d16e494da,970b0598-bcb0-4714-91fb-2e81440dccd8,bcd64cc6-2dd9-43f6-abbe-66318d332032,d930590d-bb92-4cc8-8bd1-23cd027f9edf,a3cd009f-0ab0-420d-9278-b9fdab939bbc,c27215d8-6835-4b68-bfbb-bdeac6100c04,b5d6115f-0370-4d7c-aad3-c194cc71cf98,871c3b6c-7379-419d-bda3-794b239ab90d
2024-7-15 15:54:02-debug:   Number of all scenes: 13
2024-7-15 15:54:02-debug:   Number of all scripts: 63
2024-7-15 15:54:02-debug:   Number of other assets: 688
2024-7-15 15:54:02-debug: // ---- build task 查询 Asset Bundle ---- (4ms)
2024-7-15 15:54:02-debug: [Build Memory track]: 查询 Asset Bundle start:176.17MB, end 175.39MB, increase: -802.52KB
2024-7-15 15:54:02-debug: run build task 查询 Asset Bundle success in 4 ms√, progress: 5%
2024-7-15 15:54:02-debug: 查询 Asset Bundle start, progress: 5%
2024-7-15 15:54:02-debug: // ---- build task 查询 Asset Bundle ----
2024-7-15 15:54:02-debug: // ---- build task 查询 Asset Bundle ---- (2ms)
2024-7-15 15:54:02-debug: run build task 查询 Asset Bundle success in 2 ms√, progress: 10%
2024-7-15 15:54:02-debug: 整理部分构建选项内数据到 settings.json start, progress: 10%
2024-7-15 15:54:02-debug: // ---- build task 整理部分构建选项内数据到 settings.json ----
2024-7-15 15:54:02-debug: [Build Memory track]: 查询 Asset Bundle start:175.40MB, end 175.54MB, increase: 138.71KB
2024-7-15 15:54:02-debug: // ---- build task 整理部分构建选项内数据到 settings.json ---- (1ms)
2024-7-15 15:54:02-debug: run build task 整理部分构建选项内数据到 settings.json success in 1 ms√, progress: 12%
2024-7-15 15:54:02-debug: [Build Memory track]: 整理部分构建选项内数据到 settings.json start:175.55MB, end 175.57MB, increase: 15.60KB
2024-7-15 15:54:02-debug: 填充脚本数据到 settings.json start, progress: 12%
2024-7-15 15:54:02-debug: // ---- build task 填充脚本数据到 settings.json ----
2024-7-15 15:54:02-debug: // ---- build task 填充脚本数据到 settings.json ---- (1ms)
2024-7-15 15:54:02-debug: run build task 填充脚本数据到 settings.json success in 1 ms√, progress: 13%
2024-7-15 15:54:02-debug: [Build Memory track]: 填充脚本数据到 settings.json start:175.58MB, end 175.60MB, increase: 15.01KB
2024-7-15 15:54:02-debug: // ---- build task 整理部分构建选项内数据到 settings.json ----
2024-7-15 15:54:02-debug: 整理部分构建选项内数据到 settings.json start, progress: 13%
2024-7-15 15:54:02-debug: // ---- build task 整理部分构建选项内数据到 settings.json ---- (3ms)
2024-7-15 15:54:02-debug: run build task 整理部分构建选项内数据到 settings.json success in 3 ms√, progress: 15%
2024-7-15 15:54:02-debug: [Build Memory track]: 整理部分构建选项内数据到 settings.json start:175.61MB, end 175.73MB, increase: 120.60KB
2024-7-15 15:54:51-debug: start refresh asset from C:\Users\charon\Desktop\tankfightbackup\TK2\assets\map\alonemap2.scene...
2024-7-15 15:54:51-debug: %cImport%c: C:\Users\charon\Desktop\tankfightbackup\TK2\assets\map\alonemap2.scenebackground: #aaff85; color: #000;color: #000;
2024-7-15 15:54:51-debug: refresh asset C:\Users\charon\Desktop\tankfightbackup\TK2\assets\map success
2024-7-15 15:56:28-debug: refresh db internal success
2024-7-15 15:56:28-debug: refresh db assets success
2024-7-15 15:56:28-debug: Run asset db hook engine-extends:afterRefresh ...
2024-7-15 15:56:28-debug: Run asset db hook engine-extends:afterRefresh success!
2024-7-15 15:56:28-debug: asset-db:refresh-all-database (160ms)
2024-7-15 15:56:28-debug: asset-db:worker-effect-data-processing (1ms)
2024-7-15 15:56:28-debug: asset-db-hook-engine-extends-afterRefresh (2ms)
2024-7-15 15:56:32-debug: start refresh asset from C:\Users\charon\Desktop\tankfightbackup\TK2\assets\map\alonemap2.scene...
2024-7-15 15:56:32-debug: %cImport%c: C:\Users\charon\Desktop\tankfightbackup\TK2\assets\map\alonemap2.scenebackground: #aaff85; color: #000;color: #000;
2024-7-15 15:56:32-debug: refresh asset C:\Users\charon\Desktop\tankfightbackup\TK2\assets\map success
2024-7-15 15:56:43-debug: Query all assets info in project
2024-7-15 15:56:43-debug: init custom config: keepNodeUuid: false, useCache: true
2024-7-15 15:56:43-debug: 查询 Asset Bundle start, progress: 0%
2024-7-15 15:56:43-debug: // ---- build task 查询 Asset Bundle ----
2024-7-15 15:56:43-debug: Query preload assets from cc.config.json: 60f7195c-ec2a-45eb-ba94-8955f60e81d0,1c02ae6f-4492-4915-b8f8-7492a3b1e4cd,810e96e4-e456-4468-9b59-f4e8f39732c0,efe8e2a3-eace-427b-b4f1-cb8a937ec77d,e9aa9a3e-5b2b-4ac7-a2c7-073de2b2b24f,8bbdbcdd-5cd4-4100-b6d5-b7c9625b6107,50f4348b-c883-4e2f-8f11-ce233b859fa1,fda095cb-831d-4601-ad94-846013963de8,f92806d7-1768-443f-afe8-12bcde84d0f0,dd3a144d-ab7f-41f0-82b8-2e43a090d496,f0416e68-0200-4b77-a926-4f9d16e494da,970b0598-bcb0-4714-91fb-2e81440dccd8,bcd64cc6-2dd9-43f6-abbe-66318d332032,d930590d-bb92-4cc8-8bd1-23cd027f9edf,a3cd009f-0ab0-420d-9278-b9fdab939bbc,c27215d8-6835-4b68-bfbb-bdeac6100c04,b5d6115f-0370-4d7c-aad3-c194cc71cf98,871c3b6c-7379-419d-bda3-794b239ab90d
2024-7-15 15:56:43-debug:   Number of other assets: 688
2024-7-15 15:56:43-debug:   Number of all scripts: 63
2024-7-15 15:56:43-debug:   Number of all scenes: 13
2024-7-15 15:56:43-debug: // ---- build task 查询 Asset Bundle ---- (6ms)
2024-7-15 15:56:43-debug: run build task 查询 Asset Bundle success in 6 ms√, progress: 5%
2024-7-15 15:56:43-debug: // ---- build task 查询 Asset Bundle ----
2024-7-15 15:56:43-debug: [Build Memory track]: 查询 Asset Bundle start:165.34MB, end 165.28MB, increase: -58.40KB
2024-7-15 15:56:43-debug: 查询 Asset Bundle start, progress: 5%
2024-7-15 15:56:43-debug: // ---- build task 查询 Asset Bundle ---- (2ms)
2024-7-15 15:56:43-debug: run build task 查询 Asset Bundle success in 2 ms√, progress: 10%
2024-7-15 15:56:43-debug: // ---- build task 整理部分构建选项内数据到 settings.json ----
2024-7-15 15:56:43-debug: [Build Memory track]: 查询 Asset Bundle start:165.29MB, end 165.43MB, increase: 137.08KB
2024-7-15 15:56:43-debug: 整理部分构建选项内数据到 settings.json start, progress: 10%
2024-7-15 15:56:43-debug: run build task 整理部分构建选项内数据到 settings.json success in √, progress: 12%
2024-7-15 15:56:43-debug: [Build Memory track]: 整理部分构建选项内数据到 settings.json start:165.44MB, end 165.45MB, increase: 12.98KB
2024-7-15 15:56:43-debug: 填充脚本数据到 settings.json start, progress: 12%
2024-7-15 15:56:43-debug: // ---- build task 填充脚本数据到 settings.json ----
2024-7-15 15:56:43-debug: run build task 填充脚本数据到 settings.json success in √, progress: 13%
2024-7-15 15:56:43-debug: [Build Memory track]: 填充脚本数据到 settings.json start:165.47MB, end 165.48MB, increase: 9.81KB
2024-7-15 15:56:43-debug: 整理部分构建选项内数据到 settings.json start, progress: 13%
2024-7-15 15:56:43-debug: // ---- build task 整理部分构建选项内数据到 settings.json ----
2024-7-15 15:56:43-debug: // ---- build task 整理部分构建选项内数据到 settings.json ---- (4ms)
2024-7-15 15:56:43-debug: run build task 整理部分构建选项内数据到 settings.json success in 4 ms√, progress: 15%
2024-7-15 15:56:43-debug: [Build Memory track]: 整理部分构建选项内数据到 settings.json start:165.49MB, end 165.61MB, increase: 121.01KB
2024-7-15 15:57:00-debug: Query all assets info in project
2024-7-15 15:57:00-debug: init custom config: keepNodeUuid: false, useCache: true
2024-7-15 15:57:00-debug: 查询 Asset Bundle start, progress: 0%
2024-7-15 15:57:00-debug: // ---- build task 查询 Asset Bundle ----
2024-7-15 15:57:00-debug: Query preload assets from cc.config.json: 60f7195c-ec2a-45eb-ba94-8955f60e81d0,1c02ae6f-4492-4915-b8f8-7492a3b1e4cd,810e96e4-e456-4468-9b59-f4e8f39732c0,efe8e2a3-eace-427b-b4f1-cb8a937ec77d,e9aa9a3e-5b2b-4ac7-a2c7-073de2b2b24f,8bbdbcdd-5cd4-4100-b6d5-b7c9625b6107,50f4348b-c883-4e2f-8f11-ce233b859fa1,fda095cb-831d-4601-ad94-846013963de8,f92806d7-1768-443f-afe8-12bcde84d0f0,dd3a144d-ab7f-41f0-82b8-2e43a090d496,f0416e68-0200-4b77-a926-4f9d16e494da,970b0598-bcb0-4714-91fb-2e81440dccd8,bcd64cc6-2dd9-43f6-abbe-66318d332032,d930590d-bb92-4cc8-8bd1-23cd027f9edf,a3cd009f-0ab0-420d-9278-b9fdab939bbc,c27215d8-6835-4b68-bfbb-bdeac6100c04,b5d6115f-0370-4d7c-aad3-c194cc71cf98,871c3b6c-7379-419d-bda3-794b239ab90d
2024-7-15 15:57:00-debug:   Number of all scenes: 13
2024-7-15 15:57:00-debug:   Number of all scripts: 63
2024-7-15 15:57:00-debug:   Number of other assets: 688
2024-7-15 15:57:00-debug: // ---- build task 查询 Asset Bundle ---- (9ms)
2024-7-15 15:57:00-debug: run build task 查询 Asset Bundle success in 9 ms√, progress: 5%
2024-7-15 15:57:00-debug: [Build Memory track]: 查询 Asset Bundle start:165.25MB, end 165.16MB, increase: -95.08KB
2024-7-15 15:57:00-debug: 查询 Asset Bundle start, progress: 5%
2024-7-15 15:57:00-debug: // ---- build task 查询 Asset Bundle ----
2024-7-15 15:57:00-debug: // ---- build task 查询 Asset Bundle ---- (4ms)
2024-7-15 15:57:00-debug: run build task 查询 Asset Bundle success in 4 ms√, progress: 10%
2024-7-15 15:57:00-debug: 整理部分构建选项内数据到 settings.json start, progress: 10%
2024-7-15 15:57:00-debug: [Build Memory track]: 查询 Asset Bundle start:165.17MB, end 165.31MB, increase: 139.34KB
2024-7-15 15:57:00-debug: // ---- build task 整理部分构建选项内数据到 settings.json ----
2024-7-15 15:57:00-debug: // ---- build task 整理部分构建选项内数据到 settings.json ---- (1ms)
2024-7-15 15:57:00-debug: run build task 整理部分构建选项内数据到 settings.json success in 1 ms√, progress: 12%
2024-7-15 15:57:00-debug: [Build Memory track]: 整理部分构建选项内数据到 settings.json start:165.32MB, end 165.34MB, increase: 16.21KB
2024-7-15 15:57:00-debug: 填充脚本数据到 settings.json start, progress: 12%
2024-7-15 15:57:00-debug: // ---- build task 填充脚本数据到 settings.json ----
2024-7-15 15:57:00-debug: run build task 填充脚本数据到 settings.json success in √, progress: 13%
2024-7-15 15:57:00-debug: [Build Memory track]: 填充脚本数据到 settings.json start:165.35MB, end 165.37MB, increase: 11.87KB
2024-7-15 15:57:00-debug: // ---- build task 整理部分构建选项内数据到 settings.json ----
2024-7-15 15:57:00-debug: 整理部分构建选项内数据到 settings.json start, progress: 13%
2024-7-15 15:57:00-debug: // ---- build task 整理部分构建选项内数据到 settings.json ---- (3ms)
2024-7-15 15:57:00-debug: run build task 整理部分构建选项内数据到 settings.json success in 3 ms√, progress: 15%
2024-7-15 15:57:00-debug: [Build Memory track]: 整理部分构建选项内数据到 settings.json start:165.38MB, end 165.70MB, increase: 332.02KB
2024-7-15 15:59:01-debug: Query all assets info in project
2024-7-15 15:59:01-debug: init custom config: keepNodeUuid: false, useCache: true
2024-7-15 15:59:01-debug: 查询 Asset Bundle start, progress: 0%
2024-7-15 15:59:01-debug: // ---- build task 查询 Asset Bundle ----
2024-7-15 15:59:01-debug: Query preload assets from cc.config.json: 60f7195c-ec2a-45eb-ba94-8955f60e81d0,1c02ae6f-4492-4915-b8f8-7492a3b1e4cd,810e96e4-e456-4468-9b59-f4e8f39732c0,efe8e2a3-eace-427b-b4f1-cb8a937ec77d,e9aa9a3e-5b2b-4ac7-a2c7-073de2b2b24f,8bbdbcdd-5cd4-4100-b6d5-b7c9625b6107,50f4348b-c883-4e2f-8f11-ce233b859fa1,fda095cb-831d-4601-ad94-846013963de8,f92806d7-1768-443f-afe8-12bcde84d0f0,dd3a144d-ab7f-41f0-82b8-2e43a090d496,f0416e68-0200-4b77-a926-4f9d16e494da,970b0598-bcb0-4714-91fb-2e81440dccd8,bcd64cc6-2dd9-43f6-abbe-66318d332032,d930590d-bb92-4cc8-8bd1-23cd027f9edf,a3cd009f-0ab0-420d-9278-b9fdab939bbc,c27215d8-6835-4b68-bfbb-bdeac6100c04,b5d6115f-0370-4d7c-aad3-c194cc71cf98,871c3b6c-7379-419d-bda3-794b239ab90d
2024-7-15 15:59:01-debug:   Number of all scenes: 13
2024-7-15 15:59:01-debug:   Number of other assets: 688
2024-7-15 15:59:01-debug:   Number of all scripts: 63
2024-7-15 15:59:01-debug: // ---- build task 查询 Asset Bundle ---- (5ms)
2024-7-15 15:59:01-debug: run build task 查询 Asset Bundle success in 5 ms√, progress: 5%
2024-7-15 15:59:01-debug: // ---- build task 查询 Asset Bundle ----
2024-7-15 15:59:01-debug: [Build Memory track]: 查询 Asset Bundle start:165.60MB, end 165.49MB, increase: -106.23KB
2024-7-15 15:59:01-debug: 查询 Asset Bundle start, progress: 5%
2024-7-15 15:59:01-debug: // ---- build task 查询 Asset Bundle ---- (1ms)
2024-7-15 15:59:01-debug: run build task 查询 Asset Bundle success in 1 ms√, progress: 10%
2024-7-15 15:59:01-debug: // ---- build task 整理部分构建选项内数据到 settings.json ----
2024-7-15 15:59:01-debug: [Build Memory track]: 查询 Asset Bundle start:165.51MB, end 165.64MB, increase: 137.86KB
2024-7-15 15:59:01-debug: 整理部分构建选项内数据到 settings.json start, progress: 10%
2024-7-15 15:59:01-debug: run build task 整理部分构建选项内数据到 settings.json success in √, progress: 12%
2024-7-15 15:59:01-debug: [Build Memory track]: 整理部分构建选项内数据到 settings.json start:165.65MB, end 165.67MB, increase: 16.43KB
2024-7-15 15:59:01-debug: 填充脚本数据到 settings.json start, progress: 12%
2024-7-15 15:59:01-debug: // ---- build task 填充脚本数据到 settings.json ----
2024-7-15 15:59:01-debug: run build task 填充脚本数据到 settings.json success in √, progress: 13%
2024-7-15 15:59:01-debug: [Build Memory track]: 填充脚本数据到 settings.json start:165.68MB, end 165.70MB, increase: 11.66KB
2024-7-15 15:59:01-debug: 整理部分构建选项内数据到 settings.json start, progress: 13%
2024-7-15 15:59:01-debug: // ---- build task 整理部分构建选项内数据到 settings.json ----
2024-7-15 15:59:01-debug: // ---- build task 整理部分构建选项内数据到 settings.json ---- (2ms)
2024-7-15 15:59:01-debug: run build task 整理部分构建选项内数据到 settings.json success in 2 ms√, progress: 15%
2024-7-15 15:59:01-debug: [Build Memory track]: 整理部分构建选项内数据到 settings.json start:165.71MB, end 165.84MB, increase: 134.88KB
2024-7-15 16:00:05-debug: refresh db internal success
2024-7-15 16:00:05-debug: refresh db assets success
2024-7-15 16:00:05-debug: Run asset db hook engine-extends:afterRefresh ...
2024-7-15 16:00:05-debug: Run asset db hook engine-extends:afterRefresh success!
2024-7-15 16:00:05-debug: asset-db:refresh-all-database (115ms)
