09:30:19 debug: 2024/7/10上午9:30:19
09:30:19 debug: Project: D:\TankFight\TK2
09:30:19 debug: Targets: editor,preview
09:30:19 debug: Incremental file seems great.
09:30:19 debug: Engine path: C:\ProgramData\cocos\editors\Creator\3.8.3\resources\resources\3d\engine
09:30:19 debug: Initializing target [Editor]
09:30:19 debug: Loading cache
09:30:19 debug: Loading cache costs 1.9382000043988228ms.
09:30:19 debug: Engine features shipped in editor: base,gfx-webgl,gfx-webgl2,gfx-empty,3d,animation,skeletal-animation,2d,ui,particle,particle-2d,physics-framework,physics-2d-framework,physics-2d-box2d-wasm,intersection-2d,primitive,profiler,occlusion-query,geometry-renderer,debug-renderer,audio,video,xr,light-probe,terrain,webview,tween,tiled-map,spine,dragon-bones,marionette,procedural-animation,custom-pipeline,websocket,websocket-server,meshopt
09:30:19 debug: Our import map(foo:/bar): {
  "imports": {
    "cc": "cce:/internal/x/cc"
  }
}
09:30:19 debug: Initializing target [Preview]
09:30:19 debug: Loading cache
09:30:19 debug: Loading cache costs 5.123799994587898ms.
09:30:19 debug: Our import map(foo:/bar): {
  "imports": {
    "cc": "cce:/internal/x/cc"
  }
}
09:30:19 debug: Sync engine features: 2d,animation,audio,base,dragon-bones,gfx-webgl,gfx-webgl2,intersection-2d,meshopt,particle-2d,physics-2d-box2d,profiler,spine,tiled-map,tween,ui,video,webview
09:30:19 debug: Reset databases. Enumerated domains: [
  {
    "root": "db://internal/",
    "physical": "C:\\ProgramData\\cocos\\editors\\Creator\\3.8.3\\resources\\resources\\3d\\engine\\editor\\assets"
  },
  {
    "root": "db://assets/",
    "physical": "D:\\TankFight\\TK2\\assets"
  }
]
09:30:19 debug: Our import map(foo:/bar): {
  "imports": {
    "cc": "cce:/internal/x/cc",
    "db://internal/": "file:///C:/ProgramData/cocos/editors/Creator/3.8.3/resources/resources/3d/engine/editor/assets/",
    "db://assets/": "file:///D:/TankFight/TK2/assets/"
  }
}
09:30:19 debug: Our import map(foo:/bar): {
  "imports": {
    "cc": "cce:/internal/x/cc",
    "db://internal/": "file:///C:/ProgramData/cocos/editors/Creator/3.8.3/resources/resources/3d/engine/editor/assets/",
    "db://assets/": "file:///D:/TankFight/TK2/assets/"
  }
}
09:30:19 debug: Pulling asset-db.
09:30:19 debug: Fetch asset-db cost: 9.419900000095367ms.
09:30:19 debug: Build iteration starts.
Number of accumulated asset changes: 38
Feature changed: false
09:30:19 debug: Target(editor) build started.
09:30:19 debug: Detected change: cce:/internal/x/cc. Last mtime: Thu Jan 01 1970 08:00:05 GMT+0800 (中国标准时间), Current mtime: Thu Jan 01 1970 08:00:15 GMT+0800 (中国标准时间)
09:30:19 debug: Inspect cce:/internal/x/cc
09:30:19 debug: Resolve cce:/internal/x/cc-fu/base from cce:/internal/x/cc as external dependency cce:/internal/x/cc-fu/base.
09:30:19 debug: Resolve cce:/internal/x/cc-fu/gfx-webgl from cce:/internal/x/cc as external dependency cce:/internal/x/cc-fu/gfx-webgl.
09:30:19 debug: Resolve cce:/internal/x/cc-fu/gfx-webgl2 from cce:/internal/x/cc as external dependency cce:/internal/x/cc-fu/gfx-webgl2.
09:30:19 debug: Resolve cce:/internal/x/cc-fu/gfx-empty from cce:/internal/x/cc as external dependency cce:/internal/x/cc-fu/gfx-empty.
09:30:19 debug: Resolve cce:/internal/x/cc-fu/3d from cce:/internal/x/cc as external dependency cce:/internal/x/cc-fu/3d.
09:30:19 debug: Resolve cce:/internal/x/cc-fu/animation from cce:/internal/x/cc as external dependency cce:/internal/x/cc-fu/animation.
09:30:19 debug: Resolve cce:/internal/x/cc-fu/skeletal-animation from cce:/internal/x/cc as external dependency cce:/internal/x/cc-fu/skeletal-animation.
09:30:19 debug: Resolve cce:/internal/x/cc-fu/2d from cce:/internal/x/cc as external dependency cce:/internal/x/cc-fu/2d.
09:30:19 debug: Resolve cce:/internal/x/cc-fu/sorting from cce:/internal/x/cc as external dependency cce:/internal/x/cc-fu/sorting.
09:30:19 debug: Resolve cce:/internal/x/cc-fu/ui from cce:/internal/x/cc as external dependency cce:/internal/x/cc-fu/ui.
09:30:19 debug: Resolve cce:/internal/x/cc-fu/particle from cce:/internal/x/cc as external dependency cce:/internal/x/cc-fu/particle.
09:30:19 debug: Resolve cce:/internal/x/cc-fu/particle-2d from cce:/internal/x/cc as external dependency cce:/internal/x/cc-fu/particle-2d.
09:30:19 debug: Resolve cce:/internal/x/cc-fu/physics-framework from cce:/internal/x/cc as external dependency cce:/internal/x/cc-fu/physics-framework.
09:30:19 debug: Resolve cce:/internal/x/cc-fu/physics-2d-framework from cce:/internal/x/cc as external dependency cce:/internal/x/cc-fu/physics-2d-framework.
09:30:19 debug: Resolve cce:/internal/x/cc-fu/physics-2d-box2d-wasm from cce:/internal/x/cc as external dependency cce:/internal/x/cc-fu/physics-2d-box2d-wasm.
09:30:19 debug: Resolve cce:/internal/x/cc-fu/intersection-2d from cce:/internal/x/cc as external dependency cce:/internal/x/cc-fu/intersection-2d.
09:30:19 debug: Resolve cce:/internal/x/cc-fu/primitive from cce:/internal/x/cc as external dependency cce:/internal/x/cc-fu/primitive.
09:30:19 debug: Resolve cce:/internal/x/cc-fu/profiler from cce:/internal/x/cc as external dependency cce:/internal/x/cc-fu/profiler.
09:30:19 debug: Resolve cce:/internal/x/cc-fu/geometry-renderer from cce:/internal/x/cc as external dependency cce:/internal/x/cc-fu/geometry-renderer.
09:30:19 debug: Resolve cce:/internal/x/cc-fu/audio from cce:/internal/x/cc as external dependency cce:/internal/x/cc-fu/audio.
09:30:19 debug: Resolve cce:/internal/x/cc-fu/video from cce:/internal/x/cc as external dependency cce:/internal/x/cc-fu/video.
09:30:19 debug: Resolve cce:/internal/x/cc-fu/xr from cce:/internal/x/cc as external dependency cce:/internal/x/cc-fu/xr.
09:30:19 debug: Resolve cce:/internal/x/cc-fu/light-probe from cce:/internal/x/cc as external dependency cce:/internal/x/cc-fu/light-probe.
09:30:19 debug: Resolve cce:/internal/x/cc-fu/terrain from cce:/internal/x/cc as external dependency cce:/internal/x/cc-fu/terrain.
09:30:19 debug: Resolve cce:/internal/x/cc-fu/webview from cce:/internal/x/cc as external dependency cce:/internal/x/cc-fu/webview.
09:30:19 debug: Resolve cce:/internal/x/cc-fu/tween from cce:/internal/x/cc as external dependency cce:/internal/x/cc-fu/tween.
09:30:19 debug: Resolve cce:/internal/x/cc-fu/tiled-map from cce:/internal/x/cc as external dependency cce:/internal/x/cc-fu/tiled-map.
09:30:19 debug: Resolve cce:/internal/x/cc-fu/spine from cce:/internal/x/cc as external dependency cce:/internal/x/cc-fu/spine.
09:30:19 debug: Resolve cce:/internal/x/cc-fu/dragon-bones from cce:/internal/x/cc as external dependency cce:/internal/x/cc-fu/dragon-bones.
09:30:19 debug: Resolve cce:/internal/x/cc-fu/custom-pipeline from cce:/internal/x/cc as external dependency cce:/internal/x/cc-fu/custom-pipeline.
09:30:19 debug: Detected change: cce:/internal/x/prerequisite-imports. Last mtime: Thu Jan 01 1970 08:00:06 GMT+0800 (中国标准时间), Current mtime: Thu Jan 01 1970 08:00:15 GMT+0800 (中国标准时间)
09:30:19 debug: Inspect cce:/internal/x/prerequisite-imports
09:30:19 debug: Resolve file:///C:/ProgramData/cocos/editors/Creator/3.8.3/resources/resources/3d/engine/editor/assets/tools/debug-view-runtime-control.ts from cce:/internal/x/prerequisite-imports as file:///C:/ProgramData/cocos/editors/Creator/3.8.3/resources/resources/3d/engine/editor/assets/tools/debug-view-runtime-control.ts.
09:30:19 debug: Resolve cc from file:///C:/ProgramData/cocos/editors/Creator/3.8.3/resources/resources/3d/engine/editor/assets/tools/debug-view-runtime-control.ts as cce:/internal/x/cc.
09:30:19 debug: Resolve cc from file:///C:/ProgramData/cocos/editors/Creator/3.8.3/resources/resources/3d/engine/editor/assets/tools/debug-view-runtime-control.ts as cce:/internal/x/cc.
09:30:19 debug: Resolve cc from file:///C:/ProgramData/cocos/editors/Creator/3.8.3/resources/resources/3d/engine/editor/assets/tools/debug-view-runtime-control.ts as cce:/internal/x/cc.
09:30:19 debug: Resolve file:///D:/TankFight/TK2/assets/Scripts/Loading.ts from cce:/internal/x/prerequisite-imports as file:///D:/TankFight/TK2/assets/Scripts/Loading.ts.
09:30:19 debug: Resolve cc from file:///D:/TankFight/TK2/assets/Scripts/Loading.ts as cce:/internal/x/cc.
09:30:19 debug: Resolve cc from file:///D:/TankFight/TK2/assets/Scripts/Loading.ts as cce:/internal/x/cc.
09:30:19 debug: Resolve cc from file:///D:/TankFight/TK2/assets/Scripts/Loading.ts as cce:/internal/x/cc.
09:30:19 debug: Resolve file:///D:/TankFight/TK2/assets/Scripts/double.ts from cce:/internal/x/prerequisite-imports as file:///D:/TankFight/TK2/assets/Scripts/double.ts.
09:30:19 debug: Resolve cc from file:///D:/TankFight/TK2/assets/Scripts/double.ts as cce:/internal/x/cc.
09:30:19 debug: Resolve cc from file:///D:/TankFight/TK2/assets/Scripts/double.ts as cce:/internal/x/cc.
09:30:19 debug: Resolve cc from file:///D:/TankFight/TK2/assets/Scripts/double.ts as cce:/internal/x/cc.
09:30:19 debug: Resolve file:///D:/TankFight/TK2/assets/Scripts/endgame.ts from cce:/internal/x/prerequisite-imports as file:///D:/TankFight/TK2/assets/Scripts/endgame.ts.
09:30:19 debug: Resolve cc from file:///D:/TankFight/TK2/assets/Scripts/endgame.ts as cce:/internal/x/cc.
09:30:19 debug: Resolve cc from file:///D:/TankFight/TK2/assets/Scripts/endgame.ts as cce:/internal/x/cc.
09:30:19 debug: Resolve cc from file:///D:/TankFight/TK2/assets/Scripts/endgame.ts as cce:/internal/x/cc.
09:30:19 debug: Resolve file:///D:/TankFight/TK2/assets/Scripts/esc.ts from cce:/internal/x/prerequisite-imports as file:///D:/TankFight/TK2/assets/Scripts/esc.ts.
09:30:19 debug: Resolve cc from file:///D:/TankFight/TK2/assets/Scripts/esc.ts as cce:/internal/x/cc.
09:30:19 debug: Resolve cc from file:///D:/TankFight/TK2/assets/Scripts/esc.ts as cce:/internal/x/cc.
09:30:19 debug: Resolve cc from file:///D:/TankFight/TK2/assets/Scripts/esc.ts as cce:/internal/x/cc.
09:30:19 debug: Resolve file:///D:/TankFight/TK2/assets/Scripts/log.ts from cce:/internal/x/prerequisite-imports as file:///D:/TankFight/TK2/assets/Scripts/log.ts.
09:30:19 debug: Resolve cc from file:///D:/TankFight/TK2/assets/Scripts/log.ts as cce:/internal/x/cc.
09:30:19 debug: Resolve cc from file:///D:/TankFight/TK2/assets/Scripts/log.ts as cce:/internal/x/cc.
09:30:19 debug: Resolve cc from file:///D:/TankFight/TK2/assets/Scripts/log.ts as cce:/internal/x/cc.
09:30:19 debug: Resolve file:///D:/TankFight/TK2/assets/Scripts/pause.ts from cce:/internal/x/prerequisite-imports as file:///D:/TankFight/TK2/assets/Scripts/pause.ts.
09:30:19 debug: Resolve cc from file:///D:/TankFight/TK2/assets/Scripts/pause.ts as cce:/internal/x/cc.
09:30:19 debug: Resolve cc from file:///D:/TankFight/TK2/assets/Scripts/pause.ts as cce:/internal/x/cc.
09:30:19 debug: Resolve cc from file:///D:/TankFight/TK2/assets/Scripts/pause.ts as cce:/internal/x/cc.
09:30:19 debug: Resolve file:///D:/TankFight/TK2/assets/Scripts/returnlog.ts from cce:/internal/x/prerequisite-imports as file:///D:/TankFight/TK2/assets/Scripts/returnlog.ts.
09:30:19 debug: Resolve cc from file:///D:/TankFight/TK2/assets/Scripts/returnlog.ts as cce:/internal/x/cc.
09:30:19 debug: Resolve cc from file:///D:/TankFight/TK2/assets/Scripts/returnlog.ts as cce:/internal/x/cc.
09:30:19 debug: Resolve cc from file:///D:/TankFight/TK2/assets/Scripts/returnlog.ts as cce:/internal/x/cc.
09:30:19 debug: Resolve file:///D:/TankFight/TK2/assets/Scripts/returnselect.ts from cce:/internal/x/prerequisite-imports as file:///D:/TankFight/TK2/assets/Scripts/returnselect.ts.
09:30:19 debug: Resolve cc from file:///D:/TankFight/TK2/assets/Scripts/returnselect.ts as cce:/internal/x/cc.
09:30:19 debug: Resolve cc from file:///D:/TankFight/TK2/assets/Scripts/returnselect.ts as cce:/internal/x/cc.
09:30:19 debug: Resolve cc from file:///D:/TankFight/TK2/assets/Scripts/returnselect.ts as cce:/internal/x/cc.
09:30:19 debug: Resolve file:///D:/TankFight/TK2/assets/Scripts/select.ts from cce:/internal/x/prerequisite-imports as file:///D:/TankFight/TK2/assets/Scripts/select.ts.
09:30:19 debug: Resolve cc from file:///D:/TankFight/TK2/assets/Scripts/select.ts as cce:/internal/x/cc.
09:30:19 debug: Resolve cc from file:///D:/TankFight/TK2/assets/Scripts/select.ts as cce:/internal/x/cc.
09:30:19 debug: Resolve cc from file:///D:/TankFight/TK2/assets/Scripts/select.ts as cce:/internal/x/cc.
09:30:19 debug: Resolve file:///D:/TankFight/TK2/assets/Scripts/welcome.ts from cce:/internal/x/prerequisite-imports as file:///D:/TankFight/TK2/assets/Scripts/welcome.ts.
09:30:19 debug: Resolve cc from file:///D:/TankFight/TK2/assets/Scripts/welcome.ts as cce:/internal/x/cc.
09:30:19 debug: Resolve cc from file:///D:/TankFight/TK2/assets/Scripts/welcome.ts as cce:/internal/x/cc.
09:30:19 debug: Resolve cc from file:///D:/TankFight/TK2/assets/Scripts/welcome.ts as cce:/internal/x/cc.
09:30:19 debug: Resolve file:///D:/TankFight/TK2/assets/text/background.ts from cce:/internal/x/prerequisite-imports as file:///D:/TankFight/TK2/assets/text/background.ts.
09:30:19 debug: Resolve cc from file:///D:/TankFight/TK2/assets/text/background.ts as cce:/internal/x/cc.
09:30:19 debug: Resolve cc from file:///D:/TankFight/TK2/assets/text/background.ts as cce:/internal/x/cc.
09:30:19 debug: Resolve cc from file:///D:/TankFight/TK2/assets/text/background.ts as cce:/internal/x/cc.
09:30:19 debug: Resolve file:///D:/TankFight/TK2/assets/text/bullet0.ts from cce:/internal/x/prerequisite-imports as file:///D:/TankFight/TK2/assets/text/bullet0.ts.
09:30:19 debug: Resolve cce:/internal/code-quality/cr.mjs from file:///D:/TankFight/TK2/assets/text/bullet0.ts as cce:/internal/code-quality/cr.mjs.
09:30:19 debug: Detected change: cce:/internal/code-quality/cr.mjs. Last mtime: Wed Jul 10 2024 08:51:51 GMT+0800 (中国标准时间), Current mtime: Wed Jul 10 2024 09:30:04 GMT+0800 (中国标准时间)
09:30:19 debug: Inspect cce:/internal/code-quality/cr.mjs
09:30:19 debug: Resolve cc from file:///D:/TankFight/TK2/assets/text/bullet0.ts as cce:/internal/x/cc.
09:30:19 debug: Resolve cc from file:///D:/TankFight/TK2/assets/text/bullet0.ts as cce:/internal/x/cc.
09:30:19 debug: Resolve cc from file:///D:/TankFight/TK2/assets/text/bullet0.ts as cce:/internal/x/cc.
09:30:19 debug: Resolve ./tank1 from file:///D:/TankFight/TK2/assets/text/bullet0.ts as file:///D:/TankFight/TK2/assets/text/tank1.ts.
09:30:19 debug: Resolve cce:/internal/code-quality/cr.mjs from file:///D:/TankFight/TK2/assets/text/tank1.ts as cce:/internal/code-quality/cr.mjs.
09:30:19 debug: Resolve cc from file:///D:/TankFight/TK2/assets/text/tank1.ts as cce:/internal/x/cc.
09:30:19 debug: Resolve cc from file:///D:/TankFight/TK2/assets/text/tank1.ts as cce:/internal/x/cc.
09:30:19 debug: Resolve cc from file:///D:/TankFight/TK2/assets/text/tank1.ts as cce:/internal/x/cc.
09:30:19 debug: Resolve ./firedirection1 from file:///D:/TankFight/TK2/assets/text/tank1.ts as file:///D:/TankFight/TK2/assets/text/firedirection1.ts.
09:30:19 debug: Resolve cce:/internal/code-quality/cr.mjs from file:///D:/TankFight/TK2/assets/text/firedirection1.ts as cce:/internal/code-quality/cr.mjs.
09:30:19 debug: Resolve cc from file:///D:/TankFight/TK2/assets/text/firedirection1.ts as cce:/internal/x/cc.
09:30:19 debug: Resolve cc from file:///D:/TankFight/TK2/assets/text/firedirection1.ts as cce:/internal/x/cc.
09:30:19 debug: Resolve cc from file:///D:/TankFight/TK2/assets/text/firedirection1.ts as cce:/internal/x/cc.
09:30:19 debug: Resolve cc from file:///D:/TankFight/TK2/assets/text/firedirection1.ts as cce:/internal/x/cc.
09:30:19 debug: Resolve ./tank1 from file:///D:/TankFight/TK2/assets/text/firedirection1.ts as file:///D:/TankFight/TK2/assets/text/tank1.ts.
09:30:19 debug: Resolve cc from file:///D:/TankFight/TK2/assets/text/tank1.ts as cce:/internal/x/cc.
09:30:19 debug: Resolve file:///D:/TankFight/TK2/assets/text/bullet1.ts from cce:/internal/x/prerequisite-imports as file:///D:/TankFight/TK2/assets/text/bullet1.ts.
09:30:19 debug: Resolve cce:/internal/code-quality/cr.mjs from file:///D:/TankFight/TK2/assets/text/bullet1.ts as cce:/internal/code-quality/cr.mjs.
09:30:19 debug: Resolve cc from file:///D:/TankFight/TK2/assets/text/bullet1.ts as cce:/internal/x/cc.
09:30:19 debug: Resolve cc from file:///D:/TankFight/TK2/assets/text/bullet1.ts as cce:/internal/x/cc.
09:30:19 debug: Resolve cc from file:///D:/TankFight/TK2/assets/text/bullet1.ts as cce:/internal/x/cc.
09:30:19 debug: Resolve ./tank0 from file:///D:/TankFight/TK2/assets/text/bullet1.ts as file:///D:/TankFight/TK2/assets/text/tank0.ts.
09:30:19 debug: Resolve cce:/internal/code-quality/cr.mjs from file:///D:/TankFight/TK2/assets/text/tank0.ts as cce:/internal/code-quality/cr.mjs.
09:30:19 debug: Resolve cc from file:///D:/TankFight/TK2/assets/text/tank0.ts as cce:/internal/x/cc.
09:30:19 debug: Resolve cc from file:///D:/TankFight/TK2/assets/text/tank0.ts as cce:/internal/x/cc.
09:30:19 debug: Resolve cc from file:///D:/TankFight/TK2/assets/text/tank0.ts as cce:/internal/x/cc.
09:30:19 debug: Resolve ./firedirection0 from file:///D:/TankFight/TK2/assets/text/tank0.ts as file:///D:/TankFight/TK2/assets/text/firedirection0.ts.
09:30:19 debug: Resolve cce:/internal/code-quality/cr.mjs from file:///D:/TankFight/TK2/assets/text/firedirection0.ts as cce:/internal/code-quality/cr.mjs.
09:30:19 debug: Resolve cc from file:///D:/TankFight/TK2/assets/text/firedirection0.ts as cce:/internal/x/cc.
09:30:19 debug: Resolve cc from file:///D:/TankFight/TK2/assets/text/firedirection0.ts as cce:/internal/x/cc.
09:30:19 debug: Resolve cc from file:///D:/TankFight/TK2/assets/text/firedirection0.ts as cce:/internal/x/cc.
09:30:19 debug: Resolve cc from file:///D:/TankFight/TK2/assets/text/firedirection0.ts as cce:/internal/x/cc.
09:30:19 debug: Resolve ./tank0 from file:///D:/TankFight/TK2/assets/text/firedirection0.ts as file:///D:/TankFight/TK2/assets/text/tank0.ts.
09:30:19 debug: Resolve cc from file:///D:/TankFight/TK2/assets/text/tank0.ts as cce:/internal/x/cc.
09:30:19 debug: Resolve file:///D:/TankFight/TK2/assets/text/cheat-test.ts from cce:/internal/x/prerequisite-imports as file:///D:/TankFight/TK2/assets/text/cheat-test.ts.
09:30:19 debug: Resolve cce:/internal/code-quality/cr.mjs from file:///D:/TankFight/TK2/assets/text/cheat-test.ts as cce:/internal/code-quality/cr.mjs.
09:30:19 debug: Resolve cc from file:///D:/TankFight/TK2/assets/text/cheat-test.ts as cce:/internal/x/cc.
09:30:19 debug: Resolve cc from file:///D:/TankFight/TK2/assets/text/cheat-test.ts as cce:/internal/x/cc.
09:30:19 debug: Resolve cc from file:///D:/TankFight/TK2/assets/text/cheat-test.ts as cce:/internal/x/cc.
09:30:19 debug: Resolve ./tank0 from file:///D:/TankFight/TK2/assets/text/cheat-test.ts as file:///D:/TankFight/TK2/assets/text/tank0.ts.
09:30:19 debug: Resolve file:///D:/TankFight/TK2/assets/text/enemybullet.ts from cce:/internal/x/prerequisite-imports as file:///D:/TankFight/TK2/assets/text/enemybullet.ts.
09:30:19 debug: Resolve cce:/internal/code-quality/cr.mjs from file:///D:/TankFight/TK2/assets/text/enemybullet.ts as cce:/internal/code-quality/cr.mjs.
09:30:19 debug: Resolve cc from file:///D:/TankFight/TK2/assets/text/enemybullet.ts as cce:/internal/x/cc.
09:30:19 debug: Resolve cc from file:///D:/TankFight/TK2/assets/text/enemybullet.ts as cce:/internal/x/cc.
09:30:19 debug: Resolve cc from file:///D:/TankFight/TK2/assets/text/enemybullet.ts as cce:/internal/x/cc.
09:30:19 debug: Resolve ./tank1 from file:///D:/TankFight/TK2/assets/text/enemybullet.ts as file:///D:/TankFight/TK2/assets/text/tank1.ts.
09:30:19 debug: Resolve ./tank0 from file:///D:/TankFight/TK2/assets/text/enemybullet.ts as file:///D:/TankFight/TK2/assets/text/tank0.ts.
09:30:19 debug: Resolve file:///D:/TankFight/TK2/assets/text/enemylandmine.ts from cce:/internal/x/prerequisite-imports as file:///D:/TankFight/TK2/assets/text/enemylandmine.ts.
09:30:19 debug: Resolve cce:/internal/code-quality/cr.mjs from file:///D:/TankFight/TK2/assets/text/enemylandmine.ts as cce:/internal/code-quality/cr.mjs.
09:30:19 debug: Resolve cc from file:///D:/TankFight/TK2/assets/text/enemylandmine.ts as cce:/internal/x/cc.
09:30:19 debug: Resolve cc from file:///D:/TankFight/TK2/assets/text/enemylandmine.ts as cce:/internal/x/cc.
09:30:19 debug: Resolve cc from file:///D:/TankFight/TK2/assets/text/enemylandmine.ts as cce:/internal/x/cc.
09:30:19 debug: Resolve ./tank0 from file:///D:/TankFight/TK2/assets/text/enemylandmine.ts as file:///D:/TankFight/TK2/assets/text/tank0.ts.
09:30:19 debug: Resolve ./tank1 from file:///D:/TankFight/TK2/assets/text/enemylandmine.ts as file:///D:/TankFight/TK2/assets/text/tank1.ts.
09:30:19 debug: Resolve file:///D:/TankFight/TK2/assets/text/enemytank/enemyfire.ts from cce:/internal/x/prerequisite-imports as file:///D:/TankFight/TK2/assets/text/enemytank/enemyfire.ts.
09:30:19 debug: Resolve cce:/internal/code-quality/cr.mjs from file:///D:/TankFight/TK2/assets/text/enemytank/enemyfire.ts as cce:/internal/code-quality/cr.mjs.
09:30:19 debug: Resolve cc from file:///D:/TankFight/TK2/assets/text/enemytank/enemyfire.ts as cce:/internal/x/cc.
09:30:19 debug: Resolve cc from file:///D:/TankFight/TK2/assets/text/enemytank/enemyfire.ts as cce:/internal/x/cc.
09:30:19 debug: Resolve cc from file:///D:/TankFight/TK2/assets/text/enemytank/enemyfire.ts as cce:/internal/x/cc.
09:30:19 debug: Resolve cc from file:///D:/TankFight/TK2/assets/text/enemytank/enemyfire.ts as cce:/internal/x/cc.
09:30:19 debug: Resolve ./enemytank from file:///D:/TankFight/TK2/assets/text/enemytank/enemyfire.ts as file:///D:/TankFight/TK2/assets/text/enemytank/enemytank.ts.
09:30:19 debug: Resolve cc from file:///D:/TankFight/TK2/assets/text/enemytank/enemytank.ts as cce:/internal/x/cc.
09:30:19 debug: Resolve cc from file:///D:/TankFight/TK2/assets/text/enemytank/enemytank.ts as cce:/internal/x/cc.
09:30:19 debug: Resolve cc from file:///D:/TankFight/TK2/assets/text/enemytank/enemytank.ts as cce:/internal/x/cc.
09:30:19 debug: Resolve cc from file:///D:/TankFight/TK2/assets/text/enemytank/enemytank.ts as cce:/internal/x/cc.
09:30:19 debug: Resolve file:///D:/TankFight/TK2/assets/text/enemytank/enemytank.ts from cce:/internal/x/prerequisite-imports as file:///D:/TankFight/TK2/assets/text/enemytank/enemytank.ts.
09:30:19 debug: Resolve file:///D:/TankFight/TK2/assets/text/fireaffect0.ts from cce:/internal/x/prerequisite-imports as file:///D:/TankFight/TK2/assets/text/fireaffect0.ts.
09:30:19 debug: Resolve cce:/internal/code-quality/cr.mjs from file:///D:/TankFight/TK2/assets/text/fireaffect0.ts as cce:/internal/code-quality/cr.mjs.
09:30:19 debug: Resolve cc from file:///D:/TankFight/TK2/assets/text/fireaffect0.ts as cce:/internal/x/cc.
09:30:19 debug: Resolve cc from file:///D:/TankFight/TK2/assets/text/fireaffect0.ts as cce:/internal/x/cc.
09:30:19 debug: Resolve cc from file:///D:/TankFight/TK2/assets/text/fireaffect0.ts as cce:/internal/x/cc.
09:30:19 debug: Resolve ./firedirection0 from file:///D:/TankFight/TK2/assets/text/fireaffect0.ts as file:///D:/TankFight/TK2/assets/text/firedirection0.ts.
09:30:19 debug: Resolve file:///D:/TankFight/TK2/assets/text/fireaffect1.ts from cce:/internal/x/prerequisite-imports as file:///D:/TankFight/TK2/assets/text/fireaffect1.ts.
09:30:19 debug: Resolve cce:/internal/code-quality/cr.mjs from file:///D:/TankFight/TK2/assets/text/fireaffect1.ts as cce:/internal/code-quality/cr.mjs.
09:30:19 debug: Resolve cc from file:///D:/TankFight/TK2/assets/text/fireaffect1.ts as cce:/internal/x/cc.
09:30:19 debug: Resolve cc from file:///D:/TankFight/TK2/assets/text/fireaffect1.ts as cce:/internal/x/cc.
09:30:19 debug: Resolve cc from file:///D:/TankFight/TK2/assets/text/fireaffect1.ts as cce:/internal/x/cc.
09:30:19 debug: Resolve ./firedirection1 from file:///D:/TankFight/TK2/assets/text/fireaffect1.ts as file:///D:/TankFight/TK2/assets/text/firedirection1.ts.
09:30:19 debug: Resolve file:///D:/TankFight/TK2/assets/text/firedirection0.ts from cce:/internal/x/prerequisite-imports as file:///D:/TankFight/TK2/assets/text/firedirection0.ts.
09:30:19 debug: Resolve file:///D:/TankFight/TK2/assets/text/firedirection1.ts from cce:/internal/x/prerequisite-imports as file:///D:/TankFight/TK2/assets/text/firedirection1.ts.
09:30:19 debug: Resolve file:///D:/TankFight/TK2/assets/text/hp0.ts from cce:/internal/x/prerequisite-imports as file:///D:/TankFight/TK2/assets/text/hp0.ts.
09:30:19 debug: Resolve cce:/internal/code-quality/cr.mjs from file:///D:/TankFight/TK2/assets/text/hp0.ts as cce:/internal/code-quality/cr.mjs.
09:30:19 debug: Resolve cc from file:///D:/TankFight/TK2/assets/text/hp0.ts as cce:/internal/x/cc.
09:30:19 debug: Resolve cc from file:///D:/TankFight/TK2/assets/text/hp0.ts as cce:/internal/x/cc.
09:30:19 debug: Resolve cc from file:///D:/TankFight/TK2/assets/text/hp0.ts as cce:/internal/x/cc.
09:30:19 debug: Resolve ./tank0 from file:///D:/TankFight/TK2/assets/text/hp0.ts as file:///D:/TankFight/TK2/assets/text/tank0.ts.
09:30:19 debug: Resolve file:///D:/TankFight/TK2/assets/text/hp1.ts from cce:/internal/x/prerequisite-imports as file:///D:/TankFight/TK2/assets/text/hp1.ts.
09:30:19 debug: Resolve cce:/internal/code-quality/cr.mjs from file:///D:/TankFight/TK2/assets/text/hp1.ts as cce:/internal/code-quality/cr.mjs.
09:30:19 debug: Resolve cc from file:///D:/TankFight/TK2/assets/text/hp1.ts as cce:/internal/x/cc.
09:30:19 debug: Resolve cc from file:///D:/TankFight/TK2/assets/text/hp1.ts as cce:/internal/x/cc.
09:30:19 debug: Resolve cc from file:///D:/TankFight/TK2/assets/text/hp1.ts as cce:/internal/x/cc.
09:30:19 debug: Resolve ./tank1 from file:///D:/TankFight/TK2/assets/text/hp1.ts as file:///D:/TankFight/TK2/assets/text/tank1.ts.
09:30:19 debug: Resolve file:///D:/TankFight/TK2/assets/text/landmine0%20copy.ts from cce:/internal/x/prerequisite-imports as file:///D:/TankFight/TK2/assets/text/landmine0%20copy.ts.
09:30:19 debug: Resolve cce:/internal/code-quality/cr.mjs from file:///D:/TankFight/TK2/assets/text/landmine0%20copy.ts as cce:/internal/code-quality/cr.mjs.
09:30:19 debug: Resolve cc from file:///D:/TankFight/TK2/assets/text/landmine0%20copy.ts as cce:/internal/x/cc.
09:30:19 debug: Resolve cc from file:///D:/TankFight/TK2/assets/text/landmine0%20copy.ts as cce:/internal/x/cc.
09:30:19 debug: Resolve cc from file:///D:/TankFight/TK2/assets/text/landmine0%20copy.ts as cce:/internal/x/cc.
09:30:19 debug: Resolve ./tank1 from file:///D:/TankFight/TK2/assets/text/landmine0%20copy.ts as file:///D:/TankFight/TK2/assets/text/tank1.ts.
09:30:19 debug: Resolve file:///D:/TankFight/TK2/assets/text/landmine0.ts from cce:/internal/x/prerequisite-imports as file:///D:/TankFight/TK2/assets/text/landmine0.ts.
09:30:19 debug: Resolve cce:/internal/code-quality/cr.mjs from file:///D:/TankFight/TK2/assets/text/landmine0.ts as cce:/internal/code-quality/cr.mjs.
09:30:19 debug: Resolve cc from file:///D:/TankFight/TK2/assets/text/landmine0.ts as cce:/internal/x/cc.
09:30:19 debug: Resolve cc from file:///D:/TankFight/TK2/assets/text/landmine0.ts as cce:/internal/x/cc.
09:30:19 debug: Resolve cc from file:///D:/TankFight/TK2/assets/text/landmine0.ts as cce:/internal/x/cc.
09:30:19 debug: Resolve ./tank1 from file:///D:/TankFight/TK2/assets/text/landmine0.ts as file:///D:/TankFight/TK2/assets/text/tank1.ts.
09:30:19 debug: Resolve file:///D:/TankFight/TK2/assets/text/landmine1.ts from cce:/internal/x/prerequisite-imports as file:///D:/TankFight/TK2/assets/text/landmine1.ts.
09:30:19 debug: Resolve cce:/internal/code-quality/cr.mjs from file:///D:/TankFight/TK2/assets/text/landmine1.ts as cce:/internal/code-quality/cr.mjs.
09:30:19 debug: Resolve cc from file:///D:/TankFight/TK2/assets/text/landmine1.ts as cce:/internal/x/cc.
09:30:19 debug: Resolve cc from file:///D:/TankFight/TK2/assets/text/landmine1.ts as cce:/internal/x/cc.
09:30:19 debug: Resolve cc from file:///D:/TankFight/TK2/assets/text/landmine1.ts as cce:/internal/x/cc.
09:30:19 debug: Resolve ./tank0 from file:///D:/TankFight/TK2/assets/text/landmine1.ts as file:///D:/TankFight/TK2/assets/text/tank0.ts.
09:30:19 debug: Resolve file:///D:/TankFight/TK2/assets/text/normalwall.ts from cce:/internal/x/prerequisite-imports as file:///D:/TankFight/TK2/assets/text/normalwall.ts.
09:30:19 debug: Resolve cc from file:///D:/TankFight/TK2/assets/text/normalwall.ts as cce:/internal/x/cc.
09:30:19 debug: Resolve cc from file:///D:/TankFight/TK2/assets/text/normalwall.ts as cce:/internal/x/cc.
09:30:19 debug: Resolve cc from file:///D:/TankFight/TK2/assets/text/normalwall.ts as cce:/internal/x/cc.
09:30:19 debug: Resolve file:///D:/TankFight/TK2/assets/text/obj-firefast.ts from cce:/internal/x/prerequisite-imports as file:///D:/TankFight/TK2/assets/text/obj-firefast.ts.
09:30:19 debug: Resolve cce:/internal/code-quality/cr.mjs from file:///D:/TankFight/TK2/assets/text/obj-firefast.ts as cce:/internal/code-quality/cr.mjs.
09:30:19 debug: Resolve cc from file:///D:/TankFight/TK2/assets/text/obj-firefast.ts as cce:/internal/x/cc.
09:30:19 debug: Resolve cc from file:///D:/TankFight/TK2/assets/text/obj-firefast.ts as cce:/internal/x/cc.
09:30:19 debug: Resolve cc from file:///D:/TankFight/TK2/assets/text/obj-firefast.ts as cce:/internal/x/cc.
09:30:19 debug: Resolve ./firedirection0 from file:///D:/TankFight/TK2/assets/text/obj-firefast.ts as file:///D:/TankFight/TK2/assets/text/firedirection0.ts.
09:30:19 debug: Resolve ./firedirection1 from file:///D:/TankFight/TK2/assets/text/obj-firefast.ts as file:///D:/TankFight/TK2/assets/text/firedirection1.ts.
09:30:19 debug: Resolve file:///D:/TankFight/TK2/assets/text/obj-movefast.ts from cce:/internal/x/prerequisite-imports as file:///D:/TankFight/TK2/assets/text/obj-movefast.ts.
09:30:19 debug: Resolve cce:/internal/code-quality/cr.mjs from file:///D:/TankFight/TK2/assets/text/obj-movefast.ts as cce:/internal/code-quality/cr.mjs.
09:30:19 debug: Resolve cc from file:///D:/TankFight/TK2/assets/text/obj-movefast.ts as cce:/internal/x/cc.
09:30:19 debug: Resolve cc from file:///D:/TankFight/TK2/assets/text/obj-movefast.ts as cce:/internal/x/cc.
09:30:19 debug: Resolve cc from file:///D:/TankFight/TK2/assets/text/obj-movefast.ts as cce:/internal/x/cc.
09:30:19 debug: Resolve ./tank0 from file:///D:/TankFight/TK2/assets/text/obj-movefast.ts as file:///D:/TankFight/TK2/assets/text/tank0.ts.
09:30:19 debug: Resolve ./tank1 from file:///D:/TankFight/TK2/assets/text/obj-movefast.ts as file:///D:/TankFight/TK2/assets/text/tank1.ts.
09:30:19 debug: Resolve file:///D:/TankFight/TK2/assets/text/specialwall.ts from cce:/internal/x/prerequisite-imports as file:///D:/TankFight/TK2/assets/text/specialwall.ts.
09:30:19 debug: Resolve cc from file:///D:/TankFight/TK2/assets/text/specialwall.ts as cce:/internal/x/cc.
09:30:19 debug: Resolve cc from file:///D:/TankFight/TK2/assets/text/specialwall.ts as cce:/internal/x/cc.
09:30:19 debug: Resolve cc from file:///D:/TankFight/TK2/assets/text/specialwall.ts as cce:/internal/x/cc.
09:30:19 debug: Resolve file:///D:/TankFight/TK2/assets/text/speedaffect0.ts from cce:/internal/x/prerequisite-imports as file:///D:/TankFight/TK2/assets/text/speedaffect0.ts.
09:30:19 debug: Resolve cce:/internal/code-quality/cr.mjs from file:///D:/TankFight/TK2/assets/text/speedaffect0.ts as cce:/internal/code-quality/cr.mjs.
09:30:19 debug: Resolve cc from file:///D:/TankFight/TK2/assets/text/speedaffect0.ts as cce:/internal/x/cc.
09:30:19 debug: Resolve cc from file:///D:/TankFight/TK2/assets/text/speedaffect0.ts as cce:/internal/x/cc.
09:30:19 debug: Resolve cc from file:///D:/TankFight/TK2/assets/text/speedaffect0.ts as cce:/internal/x/cc.
09:30:19 debug: Resolve ./tank0 from file:///D:/TankFight/TK2/assets/text/speedaffect0.ts as file:///D:/TankFight/TK2/assets/text/tank0.ts.
09:30:19 debug: Resolve file:///D:/TankFight/TK2/assets/text/speedaffect1.ts from cce:/internal/x/prerequisite-imports as file:///D:/TankFight/TK2/assets/text/speedaffect1.ts.
09:30:19 debug: Resolve cce:/internal/code-quality/cr.mjs from file:///D:/TankFight/TK2/assets/text/speedaffect1.ts as cce:/internal/code-quality/cr.mjs.
09:30:19 debug: Resolve cc from file:///D:/TankFight/TK2/assets/text/speedaffect1.ts as cce:/internal/x/cc.
09:30:19 debug: Resolve cc from file:///D:/TankFight/TK2/assets/text/speedaffect1.ts as cce:/internal/x/cc.
09:30:19 debug: Resolve cc from file:///D:/TankFight/TK2/assets/text/speedaffect1.ts as cce:/internal/x/cc.
09:30:19 debug: Resolve ./tank1 from file:///D:/TankFight/TK2/assets/text/speedaffect1.ts as file:///D:/TankFight/TK2/assets/text/tank1.ts.
09:30:19 debug: Resolve file:///D:/TankFight/TK2/assets/text/tank0.ts from cce:/internal/x/prerequisite-imports as file:///D:/TankFight/TK2/assets/text/tank0.ts.
09:30:19 debug: Resolve file:///D:/TankFight/TK2/assets/text/tank1.ts from cce:/internal/x/prerequisite-imports as file:///D:/TankFight/TK2/assets/text/tank1.ts.
09:30:19 debug: Resolve file:///D:/TankFight/TK2/assets/text/tankdestroy.ts from cce:/internal/x/prerequisite-imports as file:///D:/TankFight/TK2/assets/text/tankdestroy.ts.
09:30:19 debug: Resolve cce:/internal/code-quality/cr.mjs from file:///D:/TankFight/TK2/assets/text/tankdestroy.ts as cce:/internal/code-quality/cr.mjs.
09:30:19 debug: Resolve cc from file:///D:/TankFight/TK2/assets/text/tankdestroy.ts as cce:/internal/x/cc.
09:30:19 debug: Resolve cc from file:///D:/TankFight/TK2/assets/text/tankdestroy.ts as cce:/internal/x/cc.
09:30:19 debug: Resolve cc from file:///D:/TankFight/TK2/assets/text/tankdestroy.ts as cce:/internal/x/cc.
09:30:19 debug: Resolve ./tank0 from file:///D:/TankFight/TK2/assets/text/tankdestroy.ts as file:///D:/TankFight/TK2/assets/text/tank0.ts.
09:30:19 debug: Resolve ./tank1 from file:///D:/TankFight/TK2/assets/text/tankdestroy.ts as file:///D:/TankFight/TK2/assets/text/tank1.ts.
09:30:19 debug: Resolve file:///D:/TankFight/TK2/assets/text/victory.ts from cce:/internal/x/prerequisite-imports as file:///D:/TankFight/TK2/assets/text/victory.ts.
09:30:19 debug: Resolve cce:/internal/code-quality/cr.mjs from file:///D:/TankFight/TK2/assets/text/victory.ts as cce:/internal/code-quality/cr.mjs.
09:30:19 debug: Resolve cc from file:///D:/TankFight/TK2/assets/text/victory.ts as cce:/internal/x/cc.
09:30:19 debug: Resolve cc from file:///D:/TankFight/TK2/assets/text/victory.ts as cce:/internal/x/cc.
09:30:19 debug: Resolve cc from file:///D:/TankFight/TK2/assets/text/victory.ts as cce:/internal/x/cc.
09:30:19 debug: Resolve ./tank0 from file:///D:/TankFight/TK2/assets/text/victory.ts as file:///D:/TankFight/TK2/assets/text/tank0.ts.
09:30:19 debug: Resolve ./tank1 from file:///D:/TankFight/TK2/assets/text/victory.ts as file:///D:/TankFight/TK2/assets/text/tank1.ts.
09:30:19 debug: Target(editor) ends with cost 159.3830000013113ms.
09:30:19 debug: Target(preview) build started.
09:30:19 debug: Detected change: cce:/internal/x/cc. Last mtime: Thu Jan 01 1970 08:00:05 GMT+0800 (中国标准时间), Current mtime: Thu Jan 01 1970 08:00:15 GMT+0800 (中国标准时间)
09:30:19 debug: Inspect cce:/internal/x/cc
09:30:19 debug: Resolve cce:/internal/x/cc-fu/2d from cce:/internal/x/cc as external dependency cce:/internal/x/cc-fu/2d.
09:30:19 debug: Resolve cce:/internal/x/cc-fu/sorting from cce:/internal/x/cc as external dependency cce:/internal/x/cc-fu/sorting.
09:30:19 debug: Resolve cce:/internal/x/cc-fu/animation from cce:/internal/x/cc as external dependency cce:/internal/x/cc-fu/animation.
09:30:19 debug: Resolve cce:/internal/x/cc-fu/audio from cce:/internal/x/cc as external dependency cce:/internal/x/cc-fu/audio.
09:30:19 debug: Resolve cce:/internal/x/cc-fu/base from cce:/internal/x/cc as external dependency cce:/internal/x/cc-fu/base.
09:30:19 debug: Resolve cce:/internal/x/cc-fu/dragon-bones from cce:/internal/x/cc as external dependency cce:/internal/x/cc-fu/dragon-bones.
09:30:19 debug: Resolve cce:/internal/x/cc-fu/gfx-webgl from cce:/internal/x/cc as external dependency cce:/internal/x/cc-fu/gfx-webgl.
09:30:19 debug: Resolve cce:/internal/x/cc-fu/gfx-webgl2 from cce:/internal/x/cc as external dependency cce:/internal/x/cc-fu/gfx-webgl2.
09:30:19 debug: Resolve cce:/internal/x/cc-fu/intersection-2d from cce:/internal/x/cc as external dependency cce:/internal/x/cc-fu/intersection-2d.
09:30:19 debug: Resolve cce:/internal/x/cc-fu/particle-2d from cce:/internal/x/cc as external dependency cce:/internal/x/cc-fu/particle-2d.
09:30:19 debug: Resolve cce:/internal/x/cc-fu/physics-2d-box2d from cce:/internal/x/cc as external dependency cce:/internal/x/cc-fu/physics-2d-box2d.
09:30:19 debug: Resolve cce:/internal/x/cc-fu/physics-2d-framework from cce:/internal/x/cc as external dependency cce:/internal/x/cc-fu/physics-2d-framework.
09:30:19 debug: Resolve cce:/internal/x/cc-fu/profiler from cce:/internal/x/cc as external dependency cce:/internal/x/cc-fu/profiler.
09:30:19 debug: Resolve cce:/internal/x/cc-fu/spine from cce:/internal/x/cc as external dependency cce:/internal/x/cc-fu/spine.
09:30:19 debug: Resolve cce:/internal/x/cc-fu/tiled-map from cce:/internal/x/cc as external dependency cce:/internal/x/cc-fu/tiled-map.
09:30:19 debug: Resolve cce:/internal/x/cc-fu/tween from cce:/internal/x/cc as external dependency cce:/internal/x/cc-fu/tween.
09:30:19 debug: Resolve cce:/internal/x/cc-fu/ui from cce:/internal/x/cc as external dependency cce:/internal/x/cc-fu/ui.
09:30:19 debug: Resolve cce:/internal/x/cc-fu/video from cce:/internal/x/cc as external dependency cce:/internal/x/cc-fu/video.
09:30:19 debug: Resolve cce:/internal/x/cc-fu/webview from cce:/internal/x/cc as external dependency cce:/internal/x/cc-fu/webview.
09:30:19 debug: Detected change: cce:/internal/x/prerequisite-imports. Last mtime: Thu Jan 01 1970 08:00:07 GMT+0800 (中国标准时间), Current mtime: Thu Jan 01 1970 08:00:15 GMT+0800 (中国标准时间)
09:30:19 debug: Inspect cce:/internal/x/prerequisite-imports
09:30:19 debug: Resolve file:///C:/ProgramData/cocos/editors/Creator/3.8.3/resources/resources/3d/engine/editor/assets/tools/debug-view-runtime-control.ts from cce:/internal/x/prerequisite-imports as file:///C:/ProgramData/cocos/editors/Creator/3.8.3/resources/resources/3d/engine/editor/assets/tools/debug-view-runtime-control.ts.
09:30:19 debug: Resolve cc from file:///C:/ProgramData/cocos/editors/Creator/3.8.3/resources/resources/3d/engine/editor/assets/tools/debug-view-runtime-control.ts as cce:/internal/x/cc.
09:30:19 debug: Resolve cc from file:///C:/ProgramData/cocos/editors/Creator/3.8.3/resources/resources/3d/engine/editor/assets/tools/debug-view-runtime-control.ts as cce:/internal/x/cc.
09:30:19 debug: Resolve cc from file:///C:/ProgramData/cocos/editors/Creator/3.8.3/resources/resources/3d/engine/editor/assets/tools/debug-view-runtime-control.ts as cce:/internal/x/cc.
09:30:19 debug: Resolve file:///D:/TankFight/TK2/assets/Scripts/Loading.ts from cce:/internal/x/prerequisite-imports as file:///D:/TankFight/TK2/assets/Scripts/Loading.ts.
09:30:19 debug: Resolve cc from file:///D:/TankFight/TK2/assets/Scripts/Loading.ts as cce:/internal/x/cc.
09:30:19 debug: Resolve cc from file:///D:/TankFight/TK2/assets/Scripts/Loading.ts as cce:/internal/x/cc.
09:30:19 debug: Resolve cc from file:///D:/TankFight/TK2/assets/Scripts/Loading.ts as cce:/internal/x/cc.
09:30:19 debug: Resolve file:///D:/TankFight/TK2/assets/Scripts/double.ts from cce:/internal/x/prerequisite-imports as file:///D:/TankFight/TK2/assets/Scripts/double.ts.
09:30:19 debug: Resolve cc from file:///D:/TankFight/TK2/assets/Scripts/double.ts as cce:/internal/x/cc.
09:30:19 debug: Resolve cc from file:///D:/TankFight/TK2/assets/Scripts/double.ts as cce:/internal/x/cc.
09:30:19 debug: Resolve cc from file:///D:/TankFight/TK2/assets/Scripts/double.ts as cce:/internal/x/cc.
09:30:19 debug: Resolve file:///D:/TankFight/TK2/assets/Scripts/endgame.ts from cce:/internal/x/prerequisite-imports as file:///D:/TankFight/TK2/assets/Scripts/endgame.ts.
09:30:19 debug: Resolve cc from file:///D:/TankFight/TK2/assets/Scripts/endgame.ts as cce:/internal/x/cc.
09:30:19 debug: Resolve cc from file:///D:/TankFight/TK2/assets/Scripts/endgame.ts as cce:/internal/x/cc.
09:30:19 debug: Resolve cc from file:///D:/TankFight/TK2/assets/Scripts/endgame.ts as cce:/internal/x/cc.
09:30:19 debug: Resolve file:///D:/TankFight/TK2/assets/Scripts/esc.ts from cce:/internal/x/prerequisite-imports as file:///D:/TankFight/TK2/assets/Scripts/esc.ts.
09:30:19 debug: Resolve cc from file:///D:/TankFight/TK2/assets/Scripts/esc.ts as cce:/internal/x/cc.
09:30:19 debug: Resolve cc from file:///D:/TankFight/TK2/assets/Scripts/esc.ts as cce:/internal/x/cc.
09:30:19 debug: Resolve cc from file:///D:/TankFight/TK2/assets/Scripts/esc.ts as cce:/internal/x/cc.
09:30:19 debug: Resolve file:///D:/TankFight/TK2/assets/Scripts/log.ts from cce:/internal/x/prerequisite-imports as file:///D:/TankFight/TK2/assets/Scripts/log.ts.
09:30:19 debug: Resolve cc from file:///D:/TankFight/TK2/assets/Scripts/log.ts as cce:/internal/x/cc.
09:30:19 debug: Resolve cc from file:///D:/TankFight/TK2/assets/Scripts/log.ts as cce:/internal/x/cc.
09:30:19 debug: Resolve cc from file:///D:/TankFight/TK2/assets/Scripts/log.ts as cce:/internal/x/cc.
09:30:19 debug: Resolve file:///D:/TankFight/TK2/assets/Scripts/pause.ts from cce:/internal/x/prerequisite-imports as file:///D:/TankFight/TK2/assets/Scripts/pause.ts.
09:30:19 debug: Resolve cc from file:///D:/TankFight/TK2/assets/Scripts/pause.ts as cce:/internal/x/cc.
09:30:19 debug: Resolve cc from file:///D:/TankFight/TK2/assets/Scripts/pause.ts as cce:/internal/x/cc.
09:30:19 debug: Resolve cc from file:///D:/TankFight/TK2/assets/Scripts/pause.ts as cce:/internal/x/cc.
09:30:19 debug: Resolve file:///D:/TankFight/TK2/assets/Scripts/returnlog.ts from cce:/internal/x/prerequisite-imports as file:///D:/TankFight/TK2/assets/Scripts/returnlog.ts.
09:30:19 debug: Resolve cc from file:///D:/TankFight/TK2/assets/Scripts/returnlog.ts as cce:/internal/x/cc.
09:30:19 debug: Resolve cc from file:///D:/TankFight/TK2/assets/Scripts/returnlog.ts as cce:/internal/x/cc.
09:30:19 debug: Resolve cc from file:///D:/TankFight/TK2/assets/Scripts/returnlog.ts as cce:/internal/x/cc.
09:30:19 debug: Resolve file:///D:/TankFight/TK2/assets/Scripts/returnselect.ts from cce:/internal/x/prerequisite-imports as file:///D:/TankFight/TK2/assets/Scripts/returnselect.ts.
09:30:19 debug: Resolve cc from file:///D:/TankFight/TK2/assets/Scripts/returnselect.ts as cce:/internal/x/cc.
09:30:19 debug: Resolve cc from file:///D:/TankFight/TK2/assets/Scripts/returnselect.ts as cce:/internal/x/cc.
09:30:19 debug: Resolve cc from file:///D:/TankFight/TK2/assets/Scripts/returnselect.ts as cce:/internal/x/cc.
09:30:19 debug: Resolve file:///D:/TankFight/TK2/assets/Scripts/select.ts from cce:/internal/x/prerequisite-imports as file:///D:/TankFight/TK2/assets/Scripts/select.ts.
09:30:19 debug: Resolve cc from file:///D:/TankFight/TK2/assets/Scripts/select.ts as cce:/internal/x/cc.
09:30:19 debug: Resolve cc from file:///D:/TankFight/TK2/assets/Scripts/select.ts as cce:/internal/x/cc.
09:30:19 debug: Resolve cc from file:///D:/TankFight/TK2/assets/Scripts/select.ts as cce:/internal/x/cc.
09:30:19 debug: Resolve file:///D:/TankFight/TK2/assets/Scripts/welcome.ts from cce:/internal/x/prerequisite-imports as file:///D:/TankFight/TK2/assets/Scripts/welcome.ts.
09:30:19 debug: Resolve cc from file:///D:/TankFight/TK2/assets/Scripts/welcome.ts as cce:/internal/x/cc.
09:30:19 debug: Resolve cc from file:///D:/TankFight/TK2/assets/Scripts/welcome.ts as cce:/internal/x/cc.
09:30:19 debug: Resolve cc from file:///D:/TankFight/TK2/assets/Scripts/welcome.ts as cce:/internal/x/cc.
09:30:19 debug: Resolve file:///D:/TankFight/TK2/assets/text/background.ts from cce:/internal/x/prerequisite-imports as file:///D:/TankFight/TK2/assets/text/background.ts.
09:30:19 debug: Resolve cc from file:///D:/TankFight/TK2/assets/text/background.ts as cce:/internal/x/cc.
09:30:19 debug: Resolve cc from file:///D:/TankFight/TK2/assets/text/background.ts as cce:/internal/x/cc.
09:30:19 debug: Resolve cc from file:///D:/TankFight/TK2/assets/text/background.ts as cce:/internal/x/cc.
09:30:19 debug: Resolve file:///D:/TankFight/TK2/assets/text/bullet0.ts from cce:/internal/x/prerequisite-imports as file:///D:/TankFight/TK2/assets/text/bullet0.ts.
09:30:19 debug: Resolve cce:/internal/code-quality/cr.mjs from file:///D:/TankFight/TK2/assets/text/bullet0.ts as cce:/internal/code-quality/cr.mjs.
09:30:19 debug: Detected change: cce:/internal/code-quality/cr.mjs. Last mtime: Wed Jul 10 2024 08:51:51 GMT+0800 (中国标准时间), Current mtime: Wed Jul 10 2024 09:30:04 GMT+0800 (中国标准时间)
09:30:19 debug: Inspect cce:/internal/code-quality/cr.mjs
09:30:19 debug: Resolve cc from file:///D:/TankFight/TK2/assets/text/bullet0.ts as cce:/internal/x/cc.
09:30:19 debug: Resolve cc from file:///D:/TankFight/TK2/assets/text/bullet0.ts as cce:/internal/x/cc.
09:30:19 debug: Resolve cc from file:///D:/TankFight/TK2/assets/text/bullet0.ts as cce:/internal/x/cc.
09:30:19 debug: Resolve ./tank1 from file:///D:/TankFight/TK2/assets/text/bullet0.ts as file:///D:/TankFight/TK2/assets/text/tank1.ts.
09:30:19 debug: Resolve cce:/internal/code-quality/cr.mjs from file:///D:/TankFight/TK2/assets/text/tank1.ts as cce:/internal/code-quality/cr.mjs.
09:30:19 debug: Resolve cc from file:///D:/TankFight/TK2/assets/text/tank1.ts as cce:/internal/x/cc.
09:30:19 debug: Resolve cc from file:///D:/TankFight/TK2/assets/text/tank1.ts as cce:/internal/x/cc.
09:30:19 debug: Resolve cc from file:///D:/TankFight/TK2/assets/text/tank1.ts as cce:/internal/x/cc.
09:30:19 debug: Resolve ./firedirection1 from file:///D:/TankFight/TK2/assets/text/tank1.ts as file:///D:/TankFight/TK2/assets/text/firedirection1.ts.
09:30:19 debug: Resolve cce:/internal/code-quality/cr.mjs from file:///D:/TankFight/TK2/assets/text/firedirection1.ts as cce:/internal/code-quality/cr.mjs.
09:30:19 debug: Resolve cc from file:///D:/TankFight/TK2/assets/text/firedirection1.ts as cce:/internal/x/cc.
09:30:19 debug: Resolve cc from file:///D:/TankFight/TK2/assets/text/firedirection1.ts as cce:/internal/x/cc.
09:30:19 debug: Resolve cc from file:///D:/TankFight/TK2/assets/text/firedirection1.ts as cce:/internal/x/cc.
09:30:19 debug: Resolve cc from file:///D:/TankFight/TK2/assets/text/firedirection1.ts as cce:/internal/x/cc.
09:30:19 debug: Resolve ./tank1 from file:///D:/TankFight/TK2/assets/text/firedirection1.ts as file:///D:/TankFight/TK2/assets/text/tank1.ts.
09:30:19 debug: Resolve cc from file:///D:/TankFight/TK2/assets/text/tank1.ts as cce:/internal/x/cc.
09:30:19 debug: Resolve file:///D:/TankFight/TK2/assets/text/bullet1.ts from cce:/internal/x/prerequisite-imports as file:///D:/TankFight/TK2/assets/text/bullet1.ts.
09:30:19 debug: Resolve cce:/internal/code-quality/cr.mjs from file:///D:/TankFight/TK2/assets/text/bullet1.ts as cce:/internal/code-quality/cr.mjs.
09:30:19 debug: Resolve cc from file:///D:/TankFight/TK2/assets/text/bullet1.ts as cce:/internal/x/cc.
09:30:19 debug: Resolve cc from file:///D:/TankFight/TK2/assets/text/bullet1.ts as cce:/internal/x/cc.
09:30:19 debug: Resolve cc from file:///D:/TankFight/TK2/assets/text/bullet1.ts as cce:/internal/x/cc.
09:30:19 debug: Resolve ./tank0 from file:///D:/TankFight/TK2/assets/text/bullet1.ts as file:///D:/TankFight/TK2/assets/text/tank0.ts.
09:30:19 debug: Resolve cce:/internal/code-quality/cr.mjs from file:///D:/TankFight/TK2/assets/text/tank0.ts as cce:/internal/code-quality/cr.mjs.
09:30:19 debug: Resolve cc from file:///D:/TankFight/TK2/assets/text/tank0.ts as cce:/internal/x/cc.
09:30:19 debug: Resolve cc from file:///D:/TankFight/TK2/assets/text/tank0.ts as cce:/internal/x/cc.
09:30:19 debug: Resolve cc from file:///D:/TankFight/TK2/assets/text/tank0.ts as cce:/internal/x/cc.
09:30:19 debug: Resolve ./firedirection0 from file:///D:/TankFight/TK2/assets/text/tank0.ts as file:///D:/TankFight/TK2/assets/text/firedirection0.ts.
09:30:19 debug: Resolve cce:/internal/code-quality/cr.mjs from file:///D:/TankFight/TK2/assets/text/firedirection0.ts as cce:/internal/code-quality/cr.mjs.
09:30:19 debug: Resolve cc from file:///D:/TankFight/TK2/assets/text/firedirection0.ts as cce:/internal/x/cc.
09:30:19 debug: Resolve cc from file:///D:/TankFight/TK2/assets/text/firedirection0.ts as cce:/internal/x/cc.
09:30:19 debug: Resolve cc from file:///D:/TankFight/TK2/assets/text/firedirection0.ts as cce:/internal/x/cc.
09:30:19 debug: Resolve cc from file:///D:/TankFight/TK2/assets/text/firedirection0.ts as cce:/internal/x/cc.
09:30:19 debug: Resolve ./tank0 from file:///D:/TankFight/TK2/assets/text/firedirection0.ts as file:///D:/TankFight/TK2/assets/text/tank0.ts.
09:30:19 debug: Resolve cc from file:///D:/TankFight/TK2/assets/text/tank0.ts as cce:/internal/x/cc.
09:30:19 debug: Resolve file:///D:/TankFight/TK2/assets/text/cheat-test.ts from cce:/internal/x/prerequisite-imports as file:///D:/TankFight/TK2/assets/text/cheat-test.ts.
09:30:19 debug: Resolve cce:/internal/code-quality/cr.mjs from file:///D:/TankFight/TK2/assets/text/cheat-test.ts as cce:/internal/code-quality/cr.mjs.
09:30:19 debug: Resolve cc from file:///D:/TankFight/TK2/assets/text/cheat-test.ts as cce:/internal/x/cc.
09:30:19 debug: Resolve cc from file:///D:/TankFight/TK2/assets/text/cheat-test.ts as cce:/internal/x/cc.
09:30:19 debug: Resolve cc from file:///D:/TankFight/TK2/assets/text/cheat-test.ts as cce:/internal/x/cc.
09:30:19 debug: Resolve ./tank0 from file:///D:/TankFight/TK2/assets/text/cheat-test.ts as file:///D:/TankFight/TK2/assets/text/tank0.ts.
09:30:19 debug: Resolve file:///D:/TankFight/TK2/assets/text/enemybullet.ts from cce:/internal/x/prerequisite-imports as file:///D:/TankFight/TK2/assets/text/enemybullet.ts.
09:30:19 debug: Resolve cce:/internal/code-quality/cr.mjs from file:///D:/TankFight/TK2/assets/text/enemybullet.ts as cce:/internal/code-quality/cr.mjs.
09:30:19 debug: Resolve cc from file:///D:/TankFight/TK2/assets/text/enemybullet.ts as cce:/internal/x/cc.
09:30:19 debug: Resolve cc from file:///D:/TankFight/TK2/assets/text/enemybullet.ts as cce:/internal/x/cc.
09:30:19 debug: Resolve cc from file:///D:/TankFight/TK2/assets/text/enemybullet.ts as cce:/internal/x/cc.
09:30:19 debug: Resolve ./tank1 from file:///D:/TankFight/TK2/assets/text/enemybullet.ts as file:///D:/TankFight/TK2/assets/text/tank1.ts.
09:30:19 debug: Resolve ./tank0 from file:///D:/TankFight/TK2/assets/text/enemybullet.ts as file:///D:/TankFight/TK2/assets/text/tank0.ts.
09:30:19 debug: Resolve file:///D:/TankFight/TK2/assets/text/enemylandmine.ts from cce:/internal/x/prerequisite-imports as file:///D:/TankFight/TK2/assets/text/enemylandmine.ts.
09:30:19 debug: Resolve cce:/internal/code-quality/cr.mjs from file:///D:/TankFight/TK2/assets/text/enemylandmine.ts as cce:/internal/code-quality/cr.mjs.
09:30:19 debug: Resolve cc from file:///D:/TankFight/TK2/assets/text/enemylandmine.ts as cce:/internal/x/cc.
09:30:19 debug: Resolve cc from file:///D:/TankFight/TK2/assets/text/enemylandmine.ts as cce:/internal/x/cc.
09:30:19 debug: Resolve cc from file:///D:/TankFight/TK2/assets/text/enemylandmine.ts as cce:/internal/x/cc.
09:30:19 debug: Resolve ./tank0 from file:///D:/TankFight/TK2/assets/text/enemylandmine.ts as file:///D:/TankFight/TK2/assets/text/tank0.ts.
09:30:19 debug: Resolve ./tank1 from file:///D:/TankFight/TK2/assets/text/enemylandmine.ts as file:///D:/TankFight/TK2/assets/text/tank1.ts.
09:30:19 debug: Resolve file:///D:/TankFight/TK2/assets/text/enemytank/enemyfire.ts from cce:/internal/x/prerequisite-imports as file:///D:/TankFight/TK2/assets/text/enemytank/enemyfire.ts.
09:30:19 debug: Resolve cce:/internal/code-quality/cr.mjs from file:///D:/TankFight/TK2/assets/text/enemytank/enemyfire.ts as cce:/internal/code-quality/cr.mjs.
09:30:19 debug: Resolve cc from file:///D:/TankFight/TK2/assets/text/enemytank/enemyfire.ts as cce:/internal/x/cc.
09:30:19 debug: Resolve cc from file:///D:/TankFight/TK2/assets/text/enemytank/enemyfire.ts as cce:/internal/x/cc.
09:30:19 debug: Resolve cc from file:///D:/TankFight/TK2/assets/text/enemytank/enemyfire.ts as cce:/internal/x/cc.
09:30:19 debug: Resolve cc from file:///D:/TankFight/TK2/assets/text/enemytank/enemyfire.ts as cce:/internal/x/cc.
09:30:19 debug: Resolve ./enemytank from file:///D:/TankFight/TK2/assets/text/enemytank/enemyfire.ts as file:///D:/TankFight/TK2/assets/text/enemytank/enemytank.ts.
09:30:19 debug: Resolve cc from file:///D:/TankFight/TK2/assets/text/enemytank/enemytank.ts as cce:/internal/x/cc.
09:30:19 debug: Resolve cc from file:///D:/TankFight/TK2/assets/text/enemytank/enemytank.ts as cce:/internal/x/cc.
09:30:19 debug: Resolve cc from file:///D:/TankFight/TK2/assets/text/enemytank/enemytank.ts as cce:/internal/x/cc.
09:30:19 debug: Resolve cc from file:///D:/TankFight/TK2/assets/text/enemytank/enemytank.ts as cce:/internal/x/cc.
09:30:19 debug: Resolve file:///D:/TankFight/TK2/assets/text/enemytank/enemytank.ts from cce:/internal/x/prerequisite-imports as file:///D:/TankFight/TK2/assets/text/enemytank/enemytank.ts.
09:30:19 debug: Resolve file:///D:/TankFight/TK2/assets/text/fireaffect0.ts from cce:/internal/x/prerequisite-imports as file:///D:/TankFight/TK2/assets/text/fireaffect0.ts.
09:30:19 debug: Resolve cce:/internal/code-quality/cr.mjs from file:///D:/TankFight/TK2/assets/text/fireaffect0.ts as cce:/internal/code-quality/cr.mjs.
09:30:19 debug: Resolve cc from file:///D:/TankFight/TK2/assets/text/fireaffect0.ts as cce:/internal/x/cc.
09:30:19 debug: Resolve cc from file:///D:/TankFight/TK2/assets/text/fireaffect0.ts as cce:/internal/x/cc.
09:30:19 debug: Resolve cc from file:///D:/TankFight/TK2/assets/text/fireaffect0.ts as cce:/internal/x/cc.
09:30:19 debug: Resolve ./firedirection0 from file:///D:/TankFight/TK2/assets/text/fireaffect0.ts as file:///D:/TankFight/TK2/assets/text/firedirection0.ts.
09:30:19 debug: Resolve file:///D:/TankFight/TK2/assets/text/fireaffect1.ts from cce:/internal/x/prerequisite-imports as file:///D:/TankFight/TK2/assets/text/fireaffect1.ts.
09:30:19 debug: Resolve cce:/internal/code-quality/cr.mjs from file:///D:/TankFight/TK2/assets/text/fireaffect1.ts as cce:/internal/code-quality/cr.mjs.
09:30:19 debug: Resolve cc from file:///D:/TankFight/TK2/assets/text/fireaffect1.ts as cce:/internal/x/cc.
09:30:19 debug: Resolve cc from file:///D:/TankFight/TK2/assets/text/fireaffect1.ts as cce:/internal/x/cc.
09:30:19 debug: Resolve cc from file:///D:/TankFight/TK2/assets/text/fireaffect1.ts as cce:/internal/x/cc.
09:30:19 debug: Resolve ./firedirection1 from file:///D:/TankFight/TK2/assets/text/fireaffect1.ts as file:///D:/TankFight/TK2/assets/text/firedirection1.ts.
09:30:19 debug: Resolve file:///D:/TankFight/TK2/assets/text/firedirection0.ts from cce:/internal/x/prerequisite-imports as file:///D:/TankFight/TK2/assets/text/firedirection0.ts.
09:30:19 debug: Resolve file:///D:/TankFight/TK2/assets/text/firedirection1.ts from cce:/internal/x/prerequisite-imports as file:///D:/TankFight/TK2/assets/text/firedirection1.ts.
09:30:19 debug: Resolve file:///D:/TankFight/TK2/assets/text/hp0.ts from cce:/internal/x/prerequisite-imports as file:///D:/TankFight/TK2/assets/text/hp0.ts.
09:30:19 debug: Resolve cce:/internal/code-quality/cr.mjs from file:///D:/TankFight/TK2/assets/text/hp0.ts as cce:/internal/code-quality/cr.mjs.
09:30:19 debug: Resolve cc from file:///D:/TankFight/TK2/assets/text/hp0.ts as cce:/internal/x/cc.
09:30:19 debug: Resolve cc from file:///D:/TankFight/TK2/assets/text/hp0.ts as cce:/internal/x/cc.
09:30:19 debug: Resolve cc from file:///D:/TankFight/TK2/assets/text/hp0.ts as cce:/internal/x/cc.
09:30:19 debug: Resolve ./tank0 from file:///D:/TankFight/TK2/assets/text/hp0.ts as file:///D:/TankFight/TK2/assets/text/tank0.ts.
09:30:19 debug: Resolve file:///D:/TankFight/TK2/assets/text/hp1.ts from cce:/internal/x/prerequisite-imports as file:///D:/TankFight/TK2/assets/text/hp1.ts.
09:30:19 debug: Resolve cce:/internal/code-quality/cr.mjs from file:///D:/TankFight/TK2/assets/text/hp1.ts as cce:/internal/code-quality/cr.mjs.
09:30:19 debug: Resolve cc from file:///D:/TankFight/TK2/assets/text/hp1.ts as cce:/internal/x/cc.
09:30:19 debug: Resolve cc from file:///D:/TankFight/TK2/assets/text/hp1.ts as cce:/internal/x/cc.
09:30:19 debug: Resolve cc from file:///D:/TankFight/TK2/assets/text/hp1.ts as cce:/internal/x/cc.
09:30:19 debug: Resolve ./tank1 from file:///D:/TankFight/TK2/assets/text/hp1.ts as file:///D:/TankFight/TK2/assets/text/tank1.ts.
09:30:19 debug: Resolve file:///D:/TankFight/TK2/assets/text/landmine0%20copy.ts from cce:/internal/x/prerequisite-imports as file:///D:/TankFight/TK2/assets/text/landmine0%20copy.ts.
09:30:19 debug: Resolve cce:/internal/code-quality/cr.mjs from file:///D:/TankFight/TK2/assets/text/landmine0%20copy.ts as cce:/internal/code-quality/cr.mjs.
09:30:19 debug: Resolve cc from file:///D:/TankFight/TK2/assets/text/landmine0%20copy.ts as cce:/internal/x/cc.
09:30:19 debug: Resolve cc from file:///D:/TankFight/TK2/assets/text/landmine0%20copy.ts as cce:/internal/x/cc.
09:30:19 debug: Resolve cc from file:///D:/TankFight/TK2/assets/text/landmine0%20copy.ts as cce:/internal/x/cc.
09:30:19 debug: Resolve ./tank1 from file:///D:/TankFight/TK2/assets/text/landmine0%20copy.ts as file:///D:/TankFight/TK2/assets/text/tank1.ts.
09:30:19 debug: Resolve file:///D:/TankFight/TK2/assets/text/landmine0.ts from cce:/internal/x/prerequisite-imports as file:///D:/TankFight/TK2/assets/text/landmine0.ts.
09:30:19 debug: Resolve cce:/internal/code-quality/cr.mjs from file:///D:/TankFight/TK2/assets/text/landmine0.ts as cce:/internal/code-quality/cr.mjs.
09:30:19 debug: Resolve cc from file:///D:/TankFight/TK2/assets/text/landmine0.ts as cce:/internal/x/cc.
09:30:19 debug: Resolve cc from file:///D:/TankFight/TK2/assets/text/landmine0.ts as cce:/internal/x/cc.
09:30:19 debug: Resolve cc from file:///D:/TankFight/TK2/assets/text/landmine0.ts as cce:/internal/x/cc.
09:30:19 debug: Resolve ./tank1 from file:///D:/TankFight/TK2/assets/text/landmine0.ts as file:///D:/TankFight/TK2/assets/text/tank1.ts.
09:30:19 debug: Resolve file:///D:/TankFight/TK2/assets/text/landmine1.ts from cce:/internal/x/prerequisite-imports as file:///D:/TankFight/TK2/assets/text/landmine1.ts.
09:30:19 debug: Resolve cce:/internal/code-quality/cr.mjs from file:///D:/TankFight/TK2/assets/text/landmine1.ts as cce:/internal/code-quality/cr.mjs.
09:30:19 debug: Resolve cc from file:///D:/TankFight/TK2/assets/text/landmine1.ts as cce:/internal/x/cc.
09:30:19 debug: Resolve cc from file:///D:/TankFight/TK2/assets/text/landmine1.ts as cce:/internal/x/cc.
09:30:19 debug: Resolve cc from file:///D:/TankFight/TK2/assets/text/landmine1.ts as cce:/internal/x/cc.
09:30:19 debug: Resolve ./tank0 from file:///D:/TankFight/TK2/assets/text/landmine1.ts as file:///D:/TankFight/TK2/assets/text/tank0.ts.
09:30:19 debug: Resolve file:///D:/TankFight/TK2/assets/text/normalwall.ts from cce:/internal/x/prerequisite-imports as file:///D:/TankFight/TK2/assets/text/normalwall.ts.
09:30:19 debug: Resolve cc from file:///D:/TankFight/TK2/assets/text/normalwall.ts as cce:/internal/x/cc.
09:30:19 debug: Resolve cc from file:///D:/TankFight/TK2/assets/text/normalwall.ts as cce:/internal/x/cc.
09:30:19 debug: Resolve cc from file:///D:/TankFight/TK2/assets/text/normalwall.ts as cce:/internal/x/cc.
09:30:19 debug: Resolve file:///D:/TankFight/TK2/assets/text/obj-firefast.ts from cce:/internal/x/prerequisite-imports as file:///D:/TankFight/TK2/assets/text/obj-firefast.ts.
09:30:19 debug: Resolve cce:/internal/code-quality/cr.mjs from file:///D:/TankFight/TK2/assets/text/obj-firefast.ts as cce:/internal/code-quality/cr.mjs.
09:30:19 debug: Resolve cc from file:///D:/TankFight/TK2/assets/text/obj-firefast.ts as cce:/internal/x/cc.
09:30:19 debug: Resolve cc from file:///D:/TankFight/TK2/assets/text/obj-firefast.ts as cce:/internal/x/cc.
09:30:19 debug: Resolve cc from file:///D:/TankFight/TK2/assets/text/obj-firefast.ts as cce:/internal/x/cc.
09:30:19 debug: Resolve ./firedirection0 from file:///D:/TankFight/TK2/assets/text/obj-firefast.ts as file:///D:/TankFight/TK2/assets/text/firedirection0.ts.
09:30:19 debug: Resolve ./firedirection1 from file:///D:/TankFight/TK2/assets/text/obj-firefast.ts as file:///D:/TankFight/TK2/assets/text/firedirection1.ts.
09:30:19 debug: Resolve file:///D:/TankFight/TK2/assets/text/obj-movefast.ts from cce:/internal/x/prerequisite-imports as file:///D:/TankFight/TK2/assets/text/obj-movefast.ts.
09:30:19 debug: Resolve cce:/internal/code-quality/cr.mjs from file:///D:/TankFight/TK2/assets/text/obj-movefast.ts as cce:/internal/code-quality/cr.mjs.
09:30:19 debug: Resolve cc from file:///D:/TankFight/TK2/assets/text/obj-movefast.ts as cce:/internal/x/cc.
09:30:19 debug: Resolve cc from file:///D:/TankFight/TK2/assets/text/obj-movefast.ts as cce:/internal/x/cc.
09:30:19 debug: Resolve cc from file:///D:/TankFight/TK2/assets/text/obj-movefast.ts as cce:/internal/x/cc.
09:30:19 debug: Resolve ./tank0 from file:///D:/TankFight/TK2/assets/text/obj-movefast.ts as file:///D:/TankFight/TK2/assets/text/tank0.ts.
09:30:19 debug: Resolve ./tank1 from file:///D:/TankFight/TK2/assets/text/obj-movefast.ts as file:///D:/TankFight/TK2/assets/text/tank1.ts.
09:30:19 debug: Resolve file:///D:/TankFight/TK2/assets/text/specialwall.ts from cce:/internal/x/prerequisite-imports as file:///D:/TankFight/TK2/assets/text/specialwall.ts.
09:30:19 debug: Resolve cc from file:///D:/TankFight/TK2/assets/text/specialwall.ts as cce:/internal/x/cc.
09:30:19 debug: Resolve cc from file:///D:/TankFight/TK2/assets/text/specialwall.ts as cce:/internal/x/cc.
09:30:19 debug: Resolve cc from file:///D:/TankFight/TK2/assets/text/specialwall.ts as cce:/internal/x/cc.
09:30:19 debug: Resolve file:///D:/TankFight/TK2/assets/text/speedaffect0.ts from cce:/internal/x/prerequisite-imports as file:///D:/TankFight/TK2/assets/text/speedaffect0.ts.
09:30:19 debug: Resolve cce:/internal/code-quality/cr.mjs from file:///D:/TankFight/TK2/assets/text/speedaffect0.ts as cce:/internal/code-quality/cr.mjs.
09:30:19 debug: Resolve cc from file:///D:/TankFight/TK2/assets/text/speedaffect0.ts as cce:/internal/x/cc.
09:30:19 debug: Resolve cc from file:///D:/TankFight/TK2/assets/text/speedaffect0.ts as cce:/internal/x/cc.
09:30:19 debug: Resolve cc from file:///D:/TankFight/TK2/assets/text/speedaffect0.ts as cce:/internal/x/cc.
09:30:19 debug: Resolve ./tank0 from file:///D:/TankFight/TK2/assets/text/speedaffect0.ts as file:///D:/TankFight/TK2/assets/text/tank0.ts.
09:30:19 debug: Resolve file:///D:/TankFight/TK2/assets/text/speedaffect1.ts from cce:/internal/x/prerequisite-imports as file:///D:/TankFight/TK2/assets/text/speedaffect1.ts.
09:30:19 debug: Resolve cce:/internal/code-quality/cr.mjs from file:///D:/TankFight/TK2/assets/text/speedaffect1.ts as cce:/internal/code-quality/cr.mjs.
09:30:19 debug: Resolve cc from file:///D:/TankFight/TK2/assets/text/speedaffect1.ts as cce:/internal/x/cc.
09:30:19 debug: Resolve cc from file:///D:/TankFight/TK2/assets/text/speedaffect1.ts as cce:/internal/x/cc.
09:30:19 debug: Resolve cc from file:///D:/TankFight/TK2/assets/text/speedaffect1.ts as cce:/internal/x/cc.
09:30:19 debug: Resolve ./tank1 from file:///D:/TankFight/TK2/assets/text/speedaffect1.ts as file:///D:/TankFight/TK2/assets/text/tank1.ts.
09:30:19 debug: Resolve file:///D:/TankFight/TK2/assets/text/tank0.ts from cce:/internal/x/prerequisite-imports as file:///D:/TankFight/TK2/assets/text/tank0.ts.
09:30:19 debug: Resolve file:///D:/TankFight/TK2/assets/text/tank1.ts from cce:/internal/x/prerequisite-imports as file:///D:/TankFight/TK2/assets/text/tank1.ts.
09:30:19 debug: Resolve file:///D:/TankFight/TK2/assets/text/tankdestroy.ts from cce:/internal/x/prerequisite-imports as file:///D:/TankFight/TK2/assets/text/tankdestroy.ts.
09:30:19 debug: Resolve cce:/internal/code-quality/cr.mjs from file:///D:/TankFight/TK2/assets/text/tankdestroy.ts as cce:/internal/code-quality/cr.mjs.
09:30:19 debug: Resolve cc from file:///D:/TankFight/TK2/assets/text/tankdestroy.ts as cce:/internal/x/cc.
09:30:19 debug: Resolve cc from file:///D:/TankFight/TK2/assets/text/tankdestroy.ts as cce:/internal/x/cc.
09:30:19 debug: Resolve cc from file:///D:/TankFight/TK2/assets/text/tankdestroy.ts as cce:/internal/x/cc.
09:30:19 debug: Resolve ./tank0 from file:///D:/TankFight/TK2/assets/text/tankdestroy.ts as file:///D:/TankFight/TK2/assets/text/tank0.ts.
09:30:19 debug: Resolve ./tank1 from file:///D:/TankFight/TK2/assets/text/tankdestroy.ts as file:///D:/TankFight/TK2/assets/text/tank1.ts.
09:30:19 debug: Resolve file:///D:/TankFight/TK2/assets/text/victory.ts from cce:/internal/x/prerequisite-imports as file:///D:/TankFight/TK2/assets/text/victory.ts.
09:30:19 debug: Resolve cce:/internal/code-quality/cr.mjs from file:///D:/TankFight/TK2/assets/text/victory.ts as cce:/internal/code-quality/cr.mjs.
09:30:19 debug: Resolve cc from file:///D:/TankFight/TK2/assets/text/victory.ts as cce:/internal/x/cc.
09:30:19 debug: Resolve cc from file:///D:/TankFight/TK2/assets/text/victory.ts as cce:/internal/x/cc.
09:30:19 debug: Resolve cc from file:///D:/TankFight/TK2/assets/text/victory.ts as cce:/internal/x/cc.
09:30:19 debug: Resolve ./tank0 from file:///D:/TankFight/TK2/assets/text/victory.ts as file:///D:/TankFight/TK2/assets/text/tank0.ts.
09:30:19 debug: Resolve ./tank1 from file:///D:/TankFight/TK2/assets/text/victory.ts as file:///D:/TankFight/TK2/assets/text/tank1.ts.
09:30:19 debug: Target(preview) ends with cost 150.11550000309944ms.
09:30:20 debug: Pulling asset-db.
09:30:21 debug: Fetch asset-db cost: 1074.5886000022292ms.
09:30:21 debug: Build iteration starts.
Number of accumulated asset changes: 38
Feature changed: false
09:30:21 debug: Target(editor) build started.
09:30:21 debug: Detected change: cce:/internal/x/prerequisite-imports. Last mtime: Thu Jan 01 1970 08:00:15 GMT+0800 (中国标准时间), Current mtime: Thu Jan 01 1970 08:00:17 GMT+0800 (中国标准时间)
09:30:21 debug: Inspect cce:/internal/x/prerequisite-imports
09:30:21 debug: Resolve file:///C:/ProgramData/cocos/editors/Creator/3.8.3/resources/resources/3d/engine/editor/assets/tools/debug-view-runtime-control.ts from cce:/internal/x/prerequisite-imports as file:///C:/ProgramData/cocos/editors/Creator/3.8.3/resources/resources/3d/engine/editor/assets/tools/debug-view-runtime-control.ts.
09:30:21 debug: Resolve file:///D:/TankFight/TK2/assets/Scripts/Loading.ts from cce:/internal/x/prerequisite-imports as file:///D:/TankFight/TK2/assets/Scripts/Loading.ts.
09:30:21 debug: Resolve file:///D:/TankFight/TK2/assets/Scripts/double.ts from cce:/internal/x/prerequisite-imports as file:///D:/TankFight/TK2/assets/Scripts/double.ts.
09:30:21 debug: Resolve file:///D:/TankFight/TK2/assets/Scripts/endgame.ts from cce:/internal/x/prerequisite-imports as file:///D:/TankFight/TK2/assets/Scripts/endgame.ts.
09:30:21 debug: Resolve file:///D:/TankFight/TK2/assets/Scripts/esc.ts from cce:/internal/x/prerequisite-imports as file:///D:/TankFight/TK2/assets/Scripts/esc.ts.
09:30:21 debug: Resolve file:///D:/TankFight/TK2/assets/Scripts/log.ts from cce:/internal/x/prerequisite-imports as file:///D:/TankFight/TK2/assets/Scripts/log.ts.
09:30:21 debug: Resolve file:///D:/TankFight/TK2/assets/Scripts/pause.ts from cce:/internal/x/prerequisite-imports as file:///D:/TankFight/TK2/assets/Scripts/pause.ts.
09:30:21 debug: Resolve file:///D:/TankFight/TK2/assets/Scripts/returnlog.ts from cce:/internal/x/prerequisite-imports as file:///D:/TankFight/TK2/assets/Scripts/returnlog.ts.
09:30:21 debug: Resolve file:///D:/TankFight/TK2/assets/Scripts/returnselect.ts from cce:/internal/x/prerequisite-imports as file:///D:/TankFight/TK2/assets/Scripts/returnselect.ts.
09:30:21 debug: Resolve file:///D:/TankFight/TK2/assets/Scripts/select.ts from cce:/internal/x/prerequisite-imports as file:///D:/TankFight/TK2/assets/Scripts/select.ts.
09:30:21 debug: Resolve file:///D:/TankFight/TK2/assets/Scripts/welcome.ts from cce:/internal/x/prerequisite-imports as file:///D:/TankFight/TK2/assets/Scripts/welcome.ts.
09:30:21 debug: Resolve file:///D:/TankFight/TK2/assets/text/background.ts from cce:/internal/x/prerequisite-imports as file:///D:/TankFight/TK2/assets/text/background.ts.
09:30:21 debug: Resolve file:///D:/TankFight/TK2/assets/text/bullet0.ts from cce:/internal/x/prerequisite-imports as file:///D:/TankFight/TK2/assets/text/bullet0.ts.
09:30:21 debug: Resolve file:///D:/TankFight/TK2/assets/text/bullet1.ts from cce:/internal/x/prerequisite-imports as file:///D:/TankFight/TK2/assets/text/bullet1.ts.
09:30:21 debug: Resolve file:///D:/TankFight/TK2/assets/text/cheat-test.ts from cce:/internal/x/prerequisite-imports as file:///D:/TankFight/TK2/assets/text/cheat-test.ts.
09:30:21 debug: Resolve file:///D:/TankFight/TK2/assets/text/enemybullet.ts from cce:/internal/x/prerequisite-imports as file:///D:/TankFight/TK2/assets/text/enemybullet.ts.
09:30:21 debug: Resolve file:///D:/TankFight/TK2/assets/text/enemylandmine.ts from cce:/internal/x/prerequisite-imports as file:///D:/TankFight/TK2/assets/text/enemylandmine.ts.
09:30:21 debug: Resolve file:///D:/TankFight/TK2/assets/text/enemytank/enemyfire.ts from cce:/internal/x/prerequisite-imports as file:///D:/TankFight/TK2/assets/text/enemytank/enemyfire.ts.
09:30:21 debug: Resolve file:///D:/TankFight/TK2/assets/text/enemytank/enemytank.ts from cce:/internal/x/prerequisite-imports as file:///D:/TankFight/TK2/assets/text/enemytank/enemytank.ts.
09:30:21 debug: Resolve file:///D:/TankFight/TK2/assets/text/fireaffect0.ts from cce:/internal/x/prerequisite-imports as file:///D:/TankFight/TK2/assets/text/fireaffect0.ts.
09:30:21 debug: Resolve file:///D:/TankFight/TK2/assets/text/fireaffect1.ts from cce:/internal/x/prerequisite-imports as file:///D:/TankFight/TK2/assets/text/fireaffect1.ts.
09:30:21 debug: Resolve file:///D:/TankFight/TK2/assets/text/firedirection0.ts from cce:/internal/x/prerequisite-imports as file:///D:/TankFight/TK2/assets/text/firedirection0.ts.
09:30:21 debug: Resolve file:///D:/TankFight/TK2/assets/text/firedirection1.ts from cce:/internal/x/prerequisite-imports as file:///D:/TankFight/TK2/assets/text/firedirection1.ts.
09:30:21 debug: Resolve file:///D:/TankFight/TK2/assets/text/hp0.ts from cce:/internal/x/prerequisite-imports as file:///D:/TankFight/TK2/assets/text/hp0.ts.
09:30:21 debug: Resolve file:///D:/TankFight/TK2/assets/text/hp1.ts from cce:/internal/x/prerequisite-imports as file:///D:/TankFight/TK2/assets/text/hp1.ts.
09:30:22 debug: Resolve file:///D:/TankFight/TK2/assets/text/landmine0%20copy.ts from cce:/internal/x/prerequisite-imports as file:///D:/TankFight/TK2/assets/text/landmine0%20copy.ts.
09:30:22 debug: Resolve file:///D:/TankFight/TK2/assets/text/landmine0.ts from cce:/internal/x/prerequisite-imports as file:///D:/TankFight/TK2/assets/text/landmine0.ts.
09:30:22 debug: Resolve file:///D:/TankFight/TK2/assets/text/landmine1.ts from cce:/internal/x/prerequisite-imports as file:///D:/TankFight/TK2/assets/text/landmine1.ts.
09:30:22 debug: Resolve file:///D:/TankFight/TK2/assets/text/normalwall.ts from cce:/internal/x/prerequisite-imports as file:///D:/TankFight/TK2/assets/text/normalwall.ts.
09:30:22 debug: Resolve file:///D:/TankFight/TK2/assets/text/obj-firefast.ts from cce:/internal/x/prerequisite-imports as file:///D:/TankFight/TK2/assets/text/obj-firefast.ts.
09:30:22 debug: Resolve file:///D:/TankFight/TK2/assets/text/obj-movefast.ts from cce:/internal/x/prerequisite-imports as file:///D:/TankFight/TK2/assets/text/obj-movefast.ts.
09:30:22 debug: Resolve file:///D:/TankFight/TK2/assets/text/specialwall.ts from cce:/internal/x/prerequisite-imports as file:///D:/TankFight/TK2/assets/text/specialwall.ts.
09:30:22 debug: Resolve file:///D:/TankFight/TK2/assets/text/speedaffect0.ts from cce:/internal/x/prerequisite-imports as file:///D:/TankFight/TK2/assets/text/speedaffect0.ts.
09:30:22 debug: Resolve file:///D:/TankFight/TK2/assets/text/speedaffect1.ts from cce:/internal/x/prerequisite-imports as file:///D:/TankFight/TK2/assets/text/speedaffect1.ts.
09:30:22 debug: Resolve file:///D:/TankFight/TK2/assets/text/tank0.ts from cce:/internal/x/prerequisite-imports as file:///D:/TankFight/TK2/assets/text/tank0.ts.
09:30:22 debug: Resolve file:///D:/TankFight/TK2/assets/text/tank1.ts from cce:/internal/x/prerequisite-imports as file:///D:/TankFight/TK2/assets/text/tank1.ts.
09:30:22 debug: Resolve file:///D:/TankFight/TK2/assets/text/tankdestroy.ts from cce:/internal/x/prerequisite-imports as file:///D:/TankFight/TK2/assets/text/tankdestroy.ts.
09:30:22 debug: Resolve file:///D:/TankFight/TK2/assets/text/victory.ts from cce:/internal/x/prerequisite-imports as file:///D:/TankFight/TK2/assets/text/victory.ts.
09:30:22 debug: Target(editor) ends with cost 199.73009999841452ms.
09:30:22 debug: Target(preview) build started.
09:30:22 debug: Detected change: cce:/internal/x/prerequisite-imports. Last mtime: Thu Jan 01 1970 08:00:15 GMT+0800 (中国标准时间), Current mtime: Thu Jan 01 1970 08:00:17 GMT+0800 (中国标准时间)
09:30:22 debug: Inspect cce:/internal/x/prerequisite-imports
09:30:22 debug: Resolve file:///C:/ProgramData/cocos/editors/Creator/3.8.3/resources/resources/3d/engine/editor/assets/tools/debug-view-runtime-control.ts from cce:/internal/x/prerequisite-imports as file:///C:/ProgramData/cocos/editors/Creator/3.8.3/resources/resources/3d/engine/editor/assets/tools/debug-view-runtime-control.ts.
09:30:22 debug: Resolve file:///D:/TankFight/TK2/assets/Scripts/Loading.ts from cce:/internal/x/prerequisite-imports as file:///D:/TankFight/TK2/assets/Scripts/Loading.ts.
09:30:22 debug: Resolve file:///D:/TankFight/TK2/assets/Scripts/double.ts from cce:/internal/x/prerequisite-imports as file:///D:/TankFight/TK2/assets/Scripts/double.ts.
09:30:22 debug: Resolve file:///D:/TankFight/TK2/assets/Scripts/endgame.ts from cce:/internal/x/prerequisite-imports as file:///D:/TankFight/TK2/assets/Scripts/endgame.ts.
09:30:22 debug: Resolve file:///D:/TankFight/TK2/assets/Scripts/esc.ts from cce:/internal/x/prerequisite-imports as file:///D:/TankFight/TK2/assets/Scripts/esc.ts.
09:30:22 debug: Resolve file:///D:/TankFight/TK2/assets/Scripts/log.ts from cce:/internal/x/prerequisite-imports as file:///D:/TankFight/TK2/assets/Scripts/log.ts.
09:30:22 debug: Resolve file:///D:/TankFight/TK2/assets/Scripts/pause.ts from cce:/internal/x/prerequisite-imports as file:///D:/TankFight/TK2/assets/Scripts/pause.ts.
09:30:22 debug: Resolve file:///D:/TankFight/TK2/assets/Scripts/returnlog.ts from cce:/internal/x/prerequisite-imports as file:///D:/TankFight/TK2/assets/Scripts/returnlog.ts.
09:30:22 debug: Resolve file:///D:/TankFight/TK2/assets/Scripts/returnselect.ts from cce:/internal/x/prerequisite-imports as file:///D:/TankFight/TK2/assets/Scripts/returnselect.ts.
09:30:22 debug: Resolve file:///D:/TankFight/TK2/assets/Scripts/select.ts from cce:/internal/x/prerequisite-imports as file:///D:/TankFight/TK2/assets/Scripts/select.ts.
09:30:22 debug: Resolve file:///D:/TankFight/TK2/assets/Scripts/welcome.ts from cce:/internal/x/prerequisite-imports as file:///D:/TankFight/TK2/assets/Scripts/welcome.ts.
09:30:22 debug: Resolve file:///D:/TankFight/TK2/assets/text/background.ts from cce:/internal/x/prerequisite-imports as file:///D:/TankFight/TK2/assets/text/background.ts.
09:30:22 debug: Resolve file:///D:/TankFight/TK2/assets/text/bullet0.ts from cce:/internal/x/prerequisite-imports as file:///D:/TankFight/TK2/assets/text/bullet0.ts.
09:30:22 debug: Resolve file:///D:/TankFight/TK2/assets/text/bullet1.ts from cce:/internal/x/prerequisite-imports as file:///D:/TankFight/TK2/assets/text/bullet1.ts.
09:30:22 debug: Resolve file:///D:/TankFight/TK2/assets/text/cheat-test.ts from cce:/internal/x/prerequisite-imports as file:///D:/TankFight/TK2/assets/text/cheat-test.ts.
09:30:22 debug: Resolve file:///D:/TankFight/TK2/assets/text/enemybullet.ts from cce:/internal/x/prerequisite-imports as file:///D:/TankFight/TK2/assets/text/enemybullet.ts.
09:30:22 debug: Resolve file:///D:/TankFight/TK2/assets/text/enemylandmine.ts from cce:/internal/x/prerequisite-imports as file:///D:/TankFight/TK2/assets/text/enemylandmine.ts.
09:30:22 debug: Resolve file:///D:/TankFight/TK2/assets/text/enemytank/enemyfire.ts from cce:/internal/x/prerequisite-imports as file:///D:/TankFight/TK2/assets/text/enemytank/enemyfire.ts.
09:30:22 debug: Resolve file:///D:/TankFight/TK2/assets/text/enemytank/enemytank.ts from cce:/internal/x/prerequisite-imports as file:///D:/TankFight/TK2/assets/text/enemytank/enemytank.ts.
09:30:22 debug: Resolve file:///D:/TankFight/TK2/assets/text/fireaffect0.ts from cce:/internal/x/prerequisite-imports as file:///D:/TankFight/TK2/assets/text/fireaffect0.ts.
09:30:22 debug: Resolve file:///D:/TankFight/TK2/assets/text/fireaffect1.ts from cce:/internal/x/prerequisite-imports as file:///D:/TankFight/TK2/assets/text/fireaffect1.ts.
09:30:22 debug: Resolve file:///D:/TankFight/TK2/assets/text/firedirection0.ts from cce:/internal/x/prerequisite-imports as file:///D:/TankFight/TK2/assets/text/firedirection0.ts.
09:30:22 debug: Resolve file:///D:/TankFight/TK2/assets/text/firedirection1.ts from cce:/internal/x/prerequisite-imports as file:///D:/TankFight/TK2/assets/text/firedirection1.ts.
09:30:22 debug: Resolve file:///D:/TankFight/TK2/assets/text/hp0.ts from cce:/internal/x/prerequisite-imports as file:///D:/TankFight/TK2/assets/text/hp0.ts.
09:30:22 debug: Resolve file:///D:/TankFight/TK2/assets/text/hp1.ts from cce:/internal/x/prerequisite-imports as file:///D:/TankFight/TK2/assets/text/hp1.ts.
09:30:22 debug: Resolve file:///D:/TankFight/TK2/assets/text/landmine0%20copy.ts from cce:/internal/x/prerequisite-imports as file:///D:/TankFight/TK2/assets/text/landmine0%20copy.ts.
09:30:22 debug: Resolve file:///D:/TankFight/TK2/assets/text/landmine0.ts from cce:/internal/x/prerequisite-imports as file:///D:/TankFight/TK2/assets/text/landmine0.ts.
09:30:22 debug: Resolve file:///D:/TankFight/TK2/assets/text/landmine1.ts from cce:/internal/x/prerequisite-imports as file:///D:/TankFight/TK2/assets/text/landmine1.ts.
09:30:22 debug: Resolve file:///D:/TankFight/TK2/assets/text/normalwall.ts from cce:/internal/x/prerequisite-imports as file:///D:/TankFight/TK2/assets/text/normalwall.ts.
09:30:22 debug: Resolve file:///D:/TankFight/TK2/assets/text/obj-firefast.ts from cce:/internal/x/prerequisite-imports as file:///D:/TankFight/TK2/assets/text/obj-firefast.ts.
09:30:22 debug: Resolve file:///D:/TankFight/TK2/assets/text/obj-movefast.ts from cce:/internal/x/prerequisite-imports as file:///D:/TankFight/TK2/assets/text/obj-movefast.ts.
09:30:22 debug: Resolve file:///D:/TankFight/TK2/assets/text/specialwall.ts from cce:/internal/x/prerequisite-imports as file:///D:/TankFight/TK2/assets/text/specialwall.ts.
09:30:22 debug: Resolve file:///D:/TankFight/TK2/assets/text/speedaffect0.ts from cce:/internal/x/prerequisite-imports as file:///D:/TankFight/TK2/assets/text/speedaffect0.ts.
09:30:22 debug: Resolve file:///D:/TankFight/TK2/assets/text/speedaffect1.ts from cce:/internal/x/prerequisite-imports as file:///D:/TankFight/TK2/assets/text/speedaffect1.ts.
09:30:22 debug: Resolve file:///D:/TankFight/TK2/assets/text/tank0.ts from cce:/internal/x/prerequisite-imports as file:///D:/TankFight/TK2/assets/text/tank0.ts.
09:30:22 debug: Resolve file:///D:/TankFight/TK2/assets/text/tank1.ts from cce:/internal/x/prerequisite-imports as file:///D:/TankFight/TK2/assets/text/tank1.ts.
09:30:22 debug: Resolve file:///D:/TankFight/TK2/assets/text/tankdestroy.ts from cce:/internal/x/prerequisite-imports as file:///D:/TankFight/TK2/assets/text/tankdestroy.ts.
09:30:22 debug: Resolve file:///D:/TankFight/TK2/assets/text/victory.ts from cce:/internal/x/prerequisite-imports as file:///D:/TankFight/TK2/assets/text/victory.ts.
09:30:22 debug: Target(preview) ends with cost 129.0367999970913ms.
